Thu, 30 Jul 2020 08:48:50-run_all_case.py-run_all_case.py-[line:24]-INFO-[日志信息]: ==================================2020-07-30 08:48:50===================================
Thu, 30 Jul 2020 08:51:06-run_all_case.py-run_all_case.py-[line:24]-INFO-[日志信息]: ==================================2020-07-30 08:51:06===================================
Thu, 30 Jul 2020 08:53:43-run_all_case.py-run_all_case.py-[line:24]-INFO-[日志信息]: ==================================2020-07-30 08:53:43===================================
Thu, 30 Jul 2020 08:55:22-run_all_case.py-run_all_case.py-[line:24]-INFO-[日志信息]: ==================================2020-07-30 08:55:22===================================
Thu, 30 Jul 2020 08:56:22-run_all_case.py-run_all_case.py-[line:24]-INFO-[日志信息]: ==================================2020-07-30 08:56:22===================================
Thu, 30 Jul 2020 08:56:22-run_all_case.py-test_config_common.py-[line:35]-INFO-[日志信息]: 开始执行脚本test_config_common:

Thu, 30 Jul 2020 08:56:22-run_all_case.py-test_dream_categoryList.py-[line:35]-INFO-[日志信息]: 开始执行脚本test_dream_categoryList:

Thu, 30 Jul 2020 08:56:23-run_all_case.py-test_dream_dreamInfoContent.py-[line:35]-INFO-[日志信息]: 开始执行脚本test_dream_dreamInfoContent:

Thu, 30 Jul 2020 08:56:23-run_all_case.py-test_dream_dreamInfoList.py-[line:35]-INFO-[日志信息]: 开始执行脚本test_dream_dreamInfoList:

Thu, 30 Jul 2020 08:56:23-run_all_case.py-test_dream_hotDream.py-[line:35]-INFO-[日志信息]: 开始执行脚本test_dream_hotDream:

Thu, 30 Jul 2020 08:56:23-run_all_case.py-test_operation_list.py-[line:35]-INFO-[日志信息]: 开始执行脚本test_operation_list:

Thu, 30 Jul 2020 08:56:23-run_all_case.py-test_rl_add.py-[line:35]-INFO-[日志信息]: 开始执行脚本test_rl_add:

Thu, 30 Jul 2020 08:56:23-run_all_case.py-test_rl_common.py-[line:31]-INFO-[日志信息]: 开始执行脚本test_rl_common:

Thu, 30 Jul 2020 09:07:15-run_all_case.py-run_all_case.py-[line:24]-INFO-[日志信息]: ==================================2020-07-30 09:07:15===================================
Thu, 30 Jul 2020 09:07:33-run_all_case.py-test_config_common.py-[line:35]-INFO-[日志信息]: 开始执行脚本test_config_common:

Thu, 30 Jul 2020 09:07:42-run_all_case.py-test_dream_categoryList.py-[line:35]-INFO-[日志信息]: 开始执行脚本test_dream_categoryList:

Thu, 30 Jul 2020 09:07:45-run_all_case.py-test_dream_dreamInfoContent.py-[line:35]-INFO-[日志信息]: 开始执行脚本test_dream_dreamInfoContent:

Thu, 30 Jul 2020 09:07:46-run_all_case.py-test_dream_dreamInfoList.py-[line:35]-INFO-[日志信息]: 开始执行脚本test_dream_dreamInfoList:

Thu, 30 Jul 2020 09:07:47-run_all_case.py-test_dream_hotDream.py-[line:35]-INFO-[日志信息]: 开始执行脚本test_dream_hotDream:

Thu, 30 Jul 2020 09:07:47-run_all_case.py-test_operation_list.py-[line:35]-INFO-[日志信息]: 开始执行脚本test_operation_list:

Thu, 30 Jul 2020 09:07:48-run_all_case.py-test_rl_add.py-[line:35]-INFO-[日志信息]: 开始执行脚本test_rl_add:

Thu, 30 Jul 2020 09:07:49-run_all_case.py-test_rl_common.py-[line:31]-INFO-[日志信息]: 开始执行脚本test_rl_common:

Thu, 30 Jul 2020 09:11:07-run_all_case.py-run_all_case.py-[line:24]-INFO-[日志信息]: ==================================2020-07-30 09:11:07===================================
Thu, 30 Jul 2020 09:40:49-run_all_case.py-run_all_case.py-[line:24]-INFO-[日志信息]: ==================================2020-07-30 09:40:49===================================
Thu, 30 Jul 2020 09:40:49-run_all_case.py-test_config_common.py-[line:36]-INFO-[日志信息]: 开始执行脚本test_config_common:

Thu, 30 Jul 2020 09:40:50-run_all_case.py-test_dream_categoryList.py-[line:33]-INFO-[日志信息]: 开始执行脚本test_dream_categoryList:

Thu, 30 Jul 2020 09:40:50-run_all_case.py-test_dream_dreamInfoContent.py-[line:35]-INFO-[日志信息]: 开始执行脚本test_dream_dreamInfoContent:

Thu, 30 Jul 2020 09:40:50-run_all_case.py-test_dream_dreamInfoList.py-[line:35]-INFO-[日志信息]: 开始执行脚本test_dream_dreamInfoList:

Thu, 30 Jul 2020 09:40:50-run_all_case.py-test_dream_hotDream.py-[line:35]-INFO-[日志信息]: 开始执行脚本test_dream_hotDream:

Thu, 30 Jul 2020 09:40:50-run_all_case.py-test_operation_list.py-[line:35]-INFO-[日志信息]: 开始执行脚本test_operation_list:

Thu, 30 Jul 2020 09:40:50-run_all_case.py-test_rl_add.py-[line:35]-INFO-[日志信息]: 开始执行脚本test_rl_add:

Thu, 30 Jul 2020 09:40:50-run_all_case.py-test_rl_common.py-[line:31]-INFO-[日志信息]: 开始执行脚本test_rl_common:

Thu, 30 Jul 2020 09:41:09-run_all_case.py-run_all_case.py-[line:24]-INFO-[日志信息]: ==================================2020-07-30 09:41:09===================================
Thu, 30 Jul 2020 09:41:10-run_all_case.py-test_config_common.py-[line:36]-INFO-[日志信息]: 开始执行脚本test_config_common:

Thu, 30 Jul 2020 09:41:11-run_all_case.py-test_dream_categoryList.py-[line:33]-INFO-[日志信息]: 开始执行脚本test_dream_categoryList:

Thu, 30 Jul 2020 09:41:11-run_all_case.py-test_dream_dreamInfoContent.py-[line:35]-INFO-[日志信息]: 开始执行脚本test_dream_dreamInfoContent:

Thu, 30 Jul 2020 09:41:11-run_all_case.py-test_dream_dreamInfoList.py-[line:35]-INFO-[日志信息]: 开始执行脚本test_dream_dreamInfoList:

Thu, 30 Jul 2020 09:41:11-run_all_case.py-test_dream_hotDream.py-[line:35]-INFO-[日志信息]: 开始执行脚本test_dream_hotDream:

Thu, 30 Jul 2020 09:41:11-run_all_case.py-test_operation_list.py-[line:35]-INFO-[日志信息]: 开始执行脚本test_operation_list:

Thu, 30 Jul 2020 09:41:11-run_all_case.py-test_rl_add.py-[line:35]-INFO-[日志信息]: 开始执行脚本test_rl_add:

Thu, 30 Jul 2020 09:41:11-run_all_case.py-test_rl_common.py-[line:31]-INFO-[日志信息]: 开始执行脚本test_rl_common:

