Mon, 14 Sep 2020 08:32:16-run_all_uicase.py-run_all_uicase.py-[line:27]-INFO-[日志信息]: ==================================2020-09-14 08:32:16===================================
Mon, 14 Sep 2020 08:32:17-run_all_uicase.py-test_login.py-[line:53]-INFO-[日志信息]: 开始执行脚本test_companyRegister:

Mon, 14 Sep 2020 08:32:28-run_all_uicase.py-test_login.py-[line:60]-INFO-[日志信息]: 对已注册的账户进行删除操作
Mon, 14 Sep 2020 08:32:31-test_companyRegister-Assert.py-[line:123]-INFO-[日志信息]: except_result = actul_result, except_result is 中小微企业金融服务聚合平台, actul_result is 中小微企业金融服务聚合平台
Mon, 14 Sep 2020 08:32:31-run_all_uicase.py-test_login.py-[line:87]-INFO-[日志信息]: 注册成功，返回到登陆页面
Mon, 14 Sep 2020 08:32:33-run_all_uicase.py-test_personalInfoReg.py-[line:32]-INFO-[日志信息]: 开始执行脚本test_infoReg:

Mon, 14 Sep 2020 08:32:34-run_all_uicase.py-test_personalInfoReg.py-[line:36]-INFO-[日志信息]: 对个人信息企业信息进行删除操作
Mon, 14 Sep 2020 08:32:57-run_all_uicase.py-run_all_uicase.py-[line:27]-INFO-[日志信息]: ==================================2020-09-14 08:32:57===================================
Mon, 14 Sep 2020 08:32:57-run_all_uicase.py-test_login.py-[line:53]-INFO-[日志信息]: 开始执行脚本test_companyRegister:

Mon, 14 Sep 2020 08:33:07-run_all_uicase.py-test_login.py-[line:60]-INFO-[日志信息]: 对已注册的账户进行删除操作
Mon, 14 Sep 2020 08:33:11-test_companyRegister-Assert.py-[line:123]-INFO-[日志信息]: except_result = actul_result, except_result is 中小微企业金融服务聚合平台, actul_result is 中小微企业金融服务聚合平台
Mon, 14 Sep 2020 08:33:11-run_all_uicase.py-test_login.py-[line:87]-INFO-[日志信息]: 注册成功，返回到登陆页面
Mon, 14 Sep 2020 08:33:13-run_all_uicase.py-test_personalInfoReg.py-[line:32]-INFO-[日志信息]: 开始执行脚本test_infoReg:

Mon, 14 Sep 2020 08:33:13-run_all_uicase.py-test_personalInfoReg.py-[line:36]-INFO-[日志信息]: 对个人信息企业信息进行删除操作
Mon, 14 Sep 2020 08:33:24-test_infoReg-Assert.py-[line:123]-INFO-[日志信息]: except_result = actul_result, except_result is 首页, actul_result is 首页
Mon, 14 Sep 2020 08:33:24-run_all_uicase.py-test_personalInfoReg.py-[line:50]-INFO-[日志信息]: 进入登陆页面
Mon, 14 Sep 2020 08:33:26-test_infoReg-Assert.py-[line:123]-INFO-[日志信息]: except_result = actul_result, except_result is 实名认证, actul_result is 实名认证
Mon, 14 Sep 2020 08:33:26-run_all_uicase.py-test_personalInfoReg.py-[line:55]-INFO-[日志信息]: 实名认证画面成功显示
Mon, 14 Sep 2020 08:33:29-test_infoReg-Assert.py-[line:123]-INFO-[日志信息]: except_result = actul_result, except_result is 认证中, actul_result is 认证中
Mon, 14 Sep 2020 08:33:29-run_all_uicase.py-test_personalInfoReg.py-[line:91]-INFO-[日志信息]: 实名认证中画面显示
Mon, 14 Sep 2020 08:33:29-test_infoReg-Assert.py-[line:123]-INFO-[日志信息]: except_result = actul_result, except_result is 大佬, actul_result is 大佬
Mon, 14 Sep 2020 08:33:29-test_infoReg-Assert.py-[line:123]-INFO-[日志信息]: except_result = actul_result, except_result is 11010119900307475X, actul_result is 11010119900307475X
Mon, 14 Sep 2020 08:33:29-test_infoReg-Assert.py-[line:123]-INFO-[日志信息]: except_result = actul_result, except_result is 17621198937, actul_result is 17621198937
Mon, 14 Sep 2020 09:02:03-run_all_uicase.py-run_all_uicase.py-[line:27]-INFO-[日志信息]: ==================================2020-09-14 09:02:03===================================
Mon, 14 Sep 2020 09:02:03-run_all_uicase.py-test_login.py-[line:53]-INFO-[日志信息]: 开始执行脚本test_companyRegister:

Mon, 14 Sep 2020 09:02:13-run_all_uicase.py-test_login.py-[line:60]-INFO-[日志信息]: 对已注册的账户进行删除操作
Mon, 14 Sep 2020 09:02:16-run_all_uicase.py-test_personalInfoReg.py-[line:32]-INFO-[日志信息]: 开始执行脚本test_infoReg:

Mon, 14 Sep 2020 09:02:16-run_all_uicase.py-test_personalInfoReg.py-[line:36]-INFO-[日志信息]: 对个人信息企业信息进行删除操作
Mon, 14 Sep 2020 09:02:36-run_all_uicase.py-test_businessInfoReg.py-[line:31]-INFO-[日志信息]: 开始执行脚本test_businessInforReg:

Mon, 14 Sep 2020 09:02:51-run_all_uicase.py-run_all_uicase.py-[line:27]-INFO-[日志信息]: ==================================2020-09-14 09:02:51===================================
Mon, 14 Sep 2020 09:02:51-run_all_uicase.py-test_login.py-[line:53]-INFO-[日志信息]: 开始执行脚本test_companyRegister:

Mon, 14 Sep 2020 09:03:01-run_all_uicase.py-test_login.py-[line:60]-INFO-[日志信息]: 对已注册的账户进行删除操作
Mon, 14 Sep 2020 09:03:05-run_all_uicase.py-test_personalInfoReg.py-[line:32]-INFO-[日志信息]: 开始执行脚本test_infoReg:

Mon, 14 Sep 2020 09:03:05-run_all_uicase.py-test_personalInfoReg.py-[line:36]-INFO-[日志信息]: 对个人信息企业信息进行删除操作
Mon, 14 Sep 2020 09:03:39-run_all_uicase.py-run_all_uicase.py-[line:27]-INFO-[日志信息]: ==================================2020-09-14 09:03:39===================================
Mon, 14 Sep 2020 09:03:39-run_all_uicase.py-test_login.py-[line:53]-INFO-[日志信息]: 开始执行脚本test_companyRegister:

Mon, 14 Sep 2020 09:03:49-run_all_uicase.py-test_login.py-[line:60]-INFO-[日志信息]: 对已注册的账户进行删除操作
Mon, 14 Sep 2020 09:03:52-run_all_uicase.py-test_personalInfoReg.py-[line:32]-INFO-[日志信息]: 开始执行脚本test_infoReg:

Mon, 14 Sep 2020 09:03:52-run_all_uicase.py-test_personalInfoReg.py-[line:36]-INFO-[日志信息]: 对个人信息企业信息进行删除操作
Mon, 14 Sep 2020 09:04:04-test_infoReg-Assert.py-[line:123]-INFO-[日志信息]: except_result = actul_result, except_result is 首页, actul_result is 首页
Mon, 14 Sep 2020 09:04:04-run_all_uicase.py-test_personalInfoReg.py-[line:50]-INFO-[日志信息]: 进入登陆页面
Mon, 14 Sep 2020 09:04:40-run_all_uicase.py-test_businessInfoReg.py-[line:31]-INFO-[日志信息]: 开始执行脚本test_businessInforReg:

Mon, 14 Sep 2020 09:05:54-run_all_uicase.py-run_all_uicase.py-[line:27]-INFO-[日志信息]: ==================================2020-09-14 09:05:54===================================
Mon, 14 Sep 2020 09:05:55-run_all_uicase.py-test_login.py-[line:53]-INFO-[日志信息]: 开始执行脚本test_companyRegister:

Mon, 14 Sep 2020 09:06:05-run_all_uicase.py-test_login.py-[line:60]-INFO-[日志信息]: 对已注册的账户进行删除操作
Mon, 14 Sep 2020 09:06:08-test_companyRegister-Assert.py-[line:123]-INFO-[日志信息]: except_result = actul_result, except_result is 中小微企业金融服务聚合平台, actul_result is 中小微企业金融服务聚合平台
Mon, 14 Sep 2020 09:06:08-run_all_uicase.py-test_login.py-[line:87]-INFO-[日志信息]: 注册成功，返回到登陆页面
Mon, 14 Sep 2020 09:06:10-run_all_uicase.py-test_personalInfoReg.py-[line:32]-INFO-[日志信息]: 开始执行脚本test_infoReg:

Mon, 14 Sep 2020 09:06:10-run_all_uicase.py-test_personalInfoReg.py-[line:36]-INFO-[日志信息]: 对个人信息企业信息进行删除操作
Mon, 14 Sep 2020 09:06:22-test_infoReg-Assert.py-[line:123]-INFO-[日志信息]: except_result = actul_result, except_result is 首页, actul_result is 首页
Mon, 14 Sep 2020 09:06:22-run_all_uicase.py-test_personalInfoReg.py-[line:50]-INFO-[日志信息]: 进入登陆页面
Mon, 14 Sep 2020 09:06:22-test_infoReg-Assert.py-[line:123]-INFO-[日志信息]: except_result = actul_result, except_result is 实名认证, actul_result is 实名认证
Mon, 14 Sep 2020 09:06:22-run_all_uicase.py-test_personalInfoReg.py-[line:55]-INFO-[日志信息]: 实名认证画面成功显示
Mon, 14 Sep 2020 09:06:24-test_infoReg-Assert.py-[line:123]-INFO-[日志信息]: except_result = actul_result, except_result is 认证中, actul_result is 认证中
Mon, 14 Sep 2020 09:06:24-run_all_uicase.py-test_personalInfoReg.py-[line:91]-INFO-[日志信息]: 实名认证中画面显示
Mon, 14 Sep 2020 09:06:24-test_infoReg-Assert.py-[line:123]-INFO-[日志信息]: except_result = actul_result, except_result is 大佬, actul_result is 大佬
Mon, 14 Sep 2020 09:06:24-test_infoReg-Assert.py-[line:123]-INFO-[日志信息]: except_result = actul_result, except_result is 11010119900307475X, actul_result is 11010119900307475X
Mon, 14 Sep 2020 09:06:24-test_infoReg-Assert.py-[line:123]-INFO-[日志信息]: except_result = actul_result, except_result is 17621198939, actul_result is 17621198939
Mon, 14 Sep 2020 09:06:54-test_infoReg-Assert.py-[line:123]-INFO-[日志信息]: except_result = actul_result, except_result is 认证成功, actul_result is 认证成功
Mon, 14 Sep 2020 09:06:54-run_all_uicase.py-test_personalInfoReg.py-[line:105]-INFO-[日志信息]: 实名认证成功画面显示
Mon, 14 Sep 2020 09:06:54-test_infoReg-Assert.py-[line:123]-INFO-[日志信息]: except_result = actul_result, except_result is 实名认证, actul_result is 实名认证
Mon, 14 Sep 2020 09:06:54-run_all_uicase.py-test_personalInfoReg.py-[line:110]-INFO-[日志信息]: 点击查看认证信息按钮，跳转到实名认证画面
Mon, 14 Sep 2020 09:06:56-run_all_uicase.py-test_businessInfoReg.py-[line:31]-INFO-[日志信息]: 开始执行脚本test_businessInforReg:

Mon, 14 Sep 2020 09:07:07-test_businessInforReg-Assert.py-[line:123]-INFO-[日志信息]: except_result = actul_result, except_result is 企业基本资料, actul_result is 企业基本资料
Mon, 14 Sep 2020 09:07:07-run_all_uicase.py-test_businessInfoReg.py-[line:42]-INFO-[日志信息]: 企业基本资料画面正常显示
Mon, 14 Sep 2020 09:07:18-test_businessInforReg-Assert.py-[line:123]-INFO-[日志信息]: except_result = actul_result, except_result is 请确认协议内容, actul_result is 请确认协议内容
Mon, 14 Sep 2020 09:07:18-run_all_uicase.py-test_businessInfoReg.py-[line:104]-INFO-[日志信息]: 协议确认画面正常显示
Mon, 14 Sep 2020 09:07:20-test_businessInforReg-Assert.py-[line:123]-INFO-[日志信息]: except_result = actul_result, except_result is 认证中, actul_result is 认证中
Mon, 14 Sep 2020 09:07:20-run_all_uicase.py-test_businessInfoReg.py-[line:114]-INFO-[日志信息]: 企业信息认证中画面正常显示
Mon, 14 Sep 2020 09:07:43-test_businessInforReg-Assert.py-[line:123]-INFO-[日志信息]: except_result = actul_result, except_result is 审核中, actul_result is 审核中
Mon, 14 Sep 2020 09:07:43-run_all_uicase.py-test_businessInfoReg.py-[line:125]-INFO-[日志信息]: 企业信息审核中画面正常显示
Mon, 14 Sep 2020 09:07:44-test_businessInforReg-Assert.py-[line:123]-INFO-[日志信息]: except_result = actul_result, except_result is 企业基本资料, actul_result is 企业基本资料
Mon, 14 Sep 2020 09:07:44-run_all_uicase.py-test_businessInfoReg.py-[line:132]-INFO-[日志信息]: 企业基本资料画面正常显示
Mon, 14 Sep 2020 09:07:46-run_all_uicase.py-test_backStage_examine.py-[line:24]-INFO-[日志信息]: 开始执行脚本test_backstage_examine:

Mon, 14 Sep 2020 09:07:57-run_all_uicase.py-test_backStage_examine.py-[line:73]-INFO-[日志信息]: 成功登录后台系统
Mon, 14 Sep 2020 09:08:01-test_backstage_examine-Assert.py-[line:123]-INFO-[日志信息]: except_result = actul_result, except_result is 用户基本信息, actul_result is 用户基本信息
Mon, 14 Sep 2020 09:08:01-run_all_uicase.py-test_backStage_examine.py-[line:54]-INFO-[日志信息]: 成功进入企业信息审核画面
Mon, 14 Sep 2020 09:08:02-run_all_uicase.py-test_backStage_examine.py-[line:60]-INFO-[日志信息]: 企业认证通过
Mon, 14 Sep 2020 09:08:05-run_all_uicase.py-test_backStage_authentication.py-[line:155]-INFO-[日志信息]: 开始执行脚本test_backStageActCreate:

Mon, 14 Sep 2020 09:08:15-run_all_uicase.py-test_backStage_examine.py-[line:73]-INFO-[日志信息]: 成功登录后台系统
Mon, 14 Sep 2020 09:08:30-run_all_uicase.py-test_backStage_authentication.py-[line:307]-INFO-[日志信息]: 进入担保公司创建页面
Mon, 14 Sep 2020 09:08:32-run_all_uicase.py-test_backStage_authentication.py-[line:305]-INFO-[日志信息]: 进入银行账户创建页面
Mon, 14 Sep 2020 09:08:36-run_all_uicase.py-test_backStage_authentication.py-[line:251]-INFO-[日志信息]: 开始执行脚本test_backStage_authentication:

Mon, 14 Sep 2020 09:08:36-run_all_uicase.py-test_backStage_authentication.py-[line:254]-INFO-[日志信息]: 开始执行脚本test_backStage_authentication:

Mon, 14 Sep 2020 09:08:50-run_all_uicase.py-test_login.py-[line:123]-INFO-[日志信息]: 成功进入到密码重置页面
Mon, 14 Sep 2020 09:08:53-run_all_uicase.py-test_login.py-[line:130]-INFO-[日志信息]: 成功进入到密码修改完成页面
Mon, 14 Sep 2020 09:08:57-run_all_uicase.py-test_login.py-[line:123]-INFO-[日志信息]: 成功进入到密码重置页面
Mon, 14 Sep 2020 09:08:59-run_all_uicase.py-test_login.py-[line:130]-INFO-[日志信息]: 成功进入到密码修改完成页面
Mon, 14 Sep 2020 09:09:00-run_all_uicase.py-test_backStage_examine.py-[line:73]-INFO-[日志信息]: 成功登录后台系统
Mon, 14 Sep 2020 09:09:05-run_all_uicase.py-test_backStage_authentication.py-[line:214]-INFO-[日志信息]: 企业信息认证
Mon, 14 Sep 2020 09:09:08-run_all_uicase.py-test_backStage_authentication.py-[line:231]-INFO-[日志信息]: 协议内容确认页面
Mon, 14 Sep 2020 09:09:10-run_all_uicase.py-test_backStage_authentication.py-[line:238]-INFO-[日志信息]: 二维码认证页面
Mon, 14 Sep 2020 09:09:48-run_all_uicase.py-test_backStage_examine.py-[line:73]-INFO-[日志信息]: 成功登录后台系统
Mon, 14 Sep 2020 09:09:53-run_all_uicase.py-test_backStage_authentication.py-[line:214]-INFO-[日志信息]: 企业信息认证
Mon, 14 Sep 2020 09:09:56-run_all_uicase.py-test_backStage_authentication.py-[line:231]-INFO-[日志信息]: 协议内容确认页面
Mon, 14 Sep 2020 09:09:58-run_all_uicase.py-test_backStage_authentication.py-[line:238]-INFO-[日志信息]: 二维码认证页面
Mon, 14 Sep 2020 09:10:21-run_all_uicase.py-test_backStage_authentication.py-[line:41]-INFO-[日志信息]: 首页
Mon, 14 Sep 2020 09:10:23-run_all_uicase.py-test_backStage_authentication.py-[line:45]-INFO-[日志信息]: 产品基本信息
Mon, 14 Sep 2020 12:48:33-run_all_uicase.py-run_all_uicase.py-[line:27]-INFO-[日志信息]: ==================================2020-09-14 12:48:33===================================
Mon, 14 Sep 2020 12:48:34-run_all_uicase.py-test_login.py-[line:53]-INFO-[日志信息]: 开始执行脚本test_companyRegister:

Mon, 14 Sep 2020 12:48:44-run_all_uicase.py-test_login.py-[line:60]-INFO-[日志信息]: 对已注册的账户进行删除操作
Mon, 14 Sep 2020 12:48:48-test_companyRegister-Assert.py-[line:123]-INFO-[日志信息]: except_result = actul_result, except_result is 中小微企业金融服务聚合平台, actul_result is 中小微企业金融服务聚合平台
Mon, 14 Sep 2020 12:48:48-run_all_uicase.py-test_login.py-[line:87]-INFO-[日志信息]: 注册成功，返回到登陆页面
Mon, 14 Sep 2020 12:48:51-run_all_uicase.py-test_personalInfoReg.py-[line:32]-INFO-[日志信息]: 开始执行脚本test_infoReg:

Mon, 14 Sep 2020 12:48:51-run_all_uicase.py-test_personalInfoReg.py-[line:36]-INFO-[日志信息]: 对个人信息企业信息进行删除操作
Mon, 14 Sep 2020 12:49:02-test_infoReg-Assert.py-[line:123]-INFO-[日志信息]: except_result = actul_result, except_result is 首页, actul_result is 首页
Mon, 14 Sep 2020 12:49:02-run_all_uicase.py-test_personalInfoReg.py-[line:50]-INFO-[日志信息]: 进入登陆页面
Mon, 14 Sep 2020 12:49:04-test_infoReg-Assert.py-[line:123]-INFO-[日志信息]: except_result = actul_result, except_result is 实名认证, actul_result is 实名认证
Mon, 14 Sep 2020 12:49:04-run_all_uicase.py-test_personalInfoReg.py-[line:55]-INFO-[日志信息]: 实名认证画面成功显示
Mon, 14 Sep 2020 12:49:09-test_infoReg-Assert.py-[line:123]-INFO-[日志信息]: except_result = actul_result, except_result is 认证中, actul_result is 认证中
Mon, 14 Sep 2020 12:49:09-run_all_uicase.py-test_personalInfoReg.py-[line:91]-INFO-[日志信息]: 实名认证中画面显示
Mon, 14 Sep 2020 12:49:09-test_infoReg-Assert.py-[line:123]-INFO-[日志信息]: except_result = actul_result, except_result is 大佬, actul_result is 大佬
Mon, 14 Sep 2020 12:49:09-test_infoReg-Assert.py-[line:123]-INFO-[日志信息]: except_result = actul_result, except_result is 11010119900307475X, actul_result is 11010119900307475X
Mon, 14 Sep 2020 12:49:09-test_infoReg-Assert.py-[line:123]-INFO-[日志信息]: except_result = actul_result, except_result is 17621198940, actul_result is 17621198940
Mon, 14 Sep 2020 12:49:49-test_infoReg-Assert.py-[line:123]-INFO-[日志信息]: except_result = actul_result, except_result is 认证成功, actul_result is 认证成功
Mon, 14 Sep 2020 12:49:49-run_all_uicase.py-test_personalInfoReg.py-[line:105]-INFO-[日志信息]: 实名认证成功画面显示
Mon, 14 Sep 2020 12:49:49-test_infoReg-Assert.py-[line:123]-INFO-[日志信息]: except_result = actul_result, except_result is 实名认证, actul_result is 实名认证
Mon, 14 Sep 2020 12:49:49-run_all_uicase.py-test_personalInfoReg.py-[line:110]-INFO-[日志信息]: 点击查看认证信息按钮，跳转到实名认证画面
Mon, 14 Sep 2020 12:49:51-run_all_uicase.py-test_businessInfoReg.py-[line:31]-INFO-[日志信息]: 开始执行脚本test_businessInforReg:

Mon, 14 Sep 2020 12:50:02-test_businessInforReg-Assert.py-[line:123]-INFO-[日志信息]: except_result = actul_result, except_result is 企业基本资料, actul_result is 企业基本资料
Mon, 14 Sep 2020 12:50:02-run_all_uicase.py-test_businessInfoReg.py-[line:42]-INFO-[日志信息]: 企业基本资料画面正常显示
Mon, 14 Sep 2020 12:50:13-test_businessInforReg-Assert.py-[line:123]-INFO-[日志信息]: except_result = actul_result, except_result is 请确认协议内容, actul_result is 请确认协议内容
Mon, 14 Sep 2020 12:50:13-run_all_uicase.py-test_businessInfoReg.py-[line:104]-INFO-[日志信息]: 协议确认画面正常显示
Mon, 14 Sep 2020 12:50:23-test_businessInforReg-Assert.py-[line:123]-INFO-[日志信息]: except_result = actul_result, except_result is 认证中, actul_result is 认证中
Mon, 14 Sep 2020 12:50:23-run_all_uicase.py-test_businessInfoReg.py-[line:114]-INFO-[日志信息]: 企业信息认证中画面正常显示
Mon, 14 Sep 2020 12:51:16-test_businessInforReg-Assert.py-[line:123]-INFO-[日志信息]: except_result = actul_result, except_result is 审核中, actul_result is 审核中
Mon, 14 Sep 2020 12:51:16-run_all_uicase.py-test_businessInfoReg.py-[line:125]-INFO-[日志信息]: 企业信息审核中画面正常显示
Mon, 14 Sep 2020 12:51:16-test_businessInforReg-Assert.py-[line:123]-INFO-[日志信息]: except_result = actul_result, except_result is 企业基本资料, actul_result is 企业基本资料
Mon, 14 Sep 2020 12:51:16-run_all_uicase.py-test_businessInfoReg.py-[line:132]-INFO-[日志信息]: 企业基本资料画面正常显示
Mon, 14 Sep 2020 12:51:18-run_all_uicase.py-test_backStage_examine.py-[line:24]-INFO-[日志信息]: 开始执行脚本test_backstage_examine:

Mon, 14 Sep 2020 14:35:38-run_all_uicase.py-run_all_uicase.py-[line:27]-INFO-[日志信息]: ==================================2020-09-14 14:35:38===================================
Mon, 14 Sep 2020 14:35:59-run_all_uicase.py-run_all_uicase.py-[line:27]-INFO-[日志信息]: ==================================2020-09-14 14:35:59===================================
Mon, 14 Sep 2020 14:35:59-run_all_uicase.py-test_login.py-[line:53]-INFO-[日志信息]: 开始执行脚本test_companyRegister:

Mon, 14 Sep 2020 14:36:09-run_all_uicase.py-test_login.py-[line:60]-INFO-[日志信息]: 对已注册的账户进行删除操作
Mon, 14 Sep 2020 14:36:14-test_companyRegister-Assert.py-[line:123]-INFO-[日志信息]: except_result = actul_result, except_result is 中小微企业金融服务聚合平台, actul_result is 中小微企业金融服务聚合平台
Mon, 14 Sep 2020 14:36:14-run_all_uicase.py-test_login.py-[line:87]-INFO-[日志信息]: 注册成功，返回到登陆页面
Mon, 14 Sep 2020 14:36:16-run_all_uicase.py-test_personalInfoReg.py-[line:32]-INFO-[日志信息]: 开始执行脚本test_infoReg:

Mon, 14 Sep 2020 14:36:16-run_all_uicase.py-test_personalInfoReg.py-[line:36]-INFO-[日志信息]: 对个人信息企业信息进行删除操作
Mon, 14 Sep 2020 14:36:31-test_infoReg-Assert.py-[line:123]-INFO-[日志信息]: except_result = actul_result, except_result is 首页, actul_result is 首页
Mon, 14 Sep 2020 14:36:31-run_all_uicase.py-test_personalInfoReg.py-[line:50]-INFO-[日志信息]: 进入登陆页面
Mon, 14 Sep 2020 14:36:34-test_infoReg-Assert.py-[line:123]-INFO-[日志信息]: except_result = actul_result, except_result is 实名认证, actul_result is 实名认证
Mon, 14 Sep 2020 14:36:34-run_all_uicase.py-test_personalInfoReg.py-[line:55]-INFO-[日志信息]: 实名认证画面成功显示
Mon, 14 Sep 2020 14:36:37-test_infoReg-Assert.py-[line:123]-INFO-[日志信息]: except_result = actul_result, except_result is 认证中, actul_result is 认证中
Mon, 14 Sep 2020 14:36:37-run_all_uicase.py-test_personalInfoReg.py-[line:91]-INFO-[日志信息]: 实名认证中画面显示
Mon, 14 Sep 2020 14:36:37-test_infoReg-Assert.py-[line:123]-INFO-[日志信息]: except_result = actul_result, except_result is 大佬, actul_result is 大佬
Mon, 14 Sep 2020 14:36:37-test_infoReg-Assert.py-[line:123]-INFO-[日志信息]: except_result = actul_result, except_result is 11010119900307475X, actul_result is 11010119900307475X
Mon, 14 Sep 2020 14:36:37-test_infoReg-Assert.py-[line:123]-INFO-[日志信息]: except_result = actul_result, except_result is 17621198940, actul_result is 17621198940
Mon, 14 Sep 2020 14:37:16-test_infoReg-Assert.py-[line:123]-INFO-[日志信息]: except_result = actul_result, except_result is 认证成功, actul_result is 认证成功
Mon, 14 Sep 2020 14:37:16-run_all_uicase.py-test_personalInfoReg.py-[line:105]-INFO-[日志信息]: 实名认证成功画面显示
Mon, 14 Sep 2020 14:37:17-test_infoReg-Assert.py-[line:123]-INFO-[日志信息]: except_result = actul_result, except_result is 实名认证, actul_result is 实名认证
Mon, 14 Sep 2020 14:37:17-run_all_uicase.py-test_personalInfoReg.py-[line:110]-INFO-[日志信息]: 点击查看认证信息按钮，跳转到实名认证画面
Mon, 14 Sep 2020 14:37:19-run_all_uicase.py-test_businessInfoReg.py-[line:31]-INFO-[日志信息]: 开始执行脚本test_businessInforReg:

Mon, 14 Sep 2020 14:37:29-test_businessInforReg-Assert.py-[line:123]-INFO-[日志信息]: except_result = actul_result, except_result is 企业基本资料, actul_result is 企业基本资料
Mon, 14 Sep 2020 14:37:29-run_all_uicase.py-test_businessInfoReg.py-[line:42]-INFO-[日志信息]: 企业基本资料画面正常显示
Mon, 14 Sep 2020 14:38:58-run_all_uicase.py-run_all_uicase.py-[line:27]-INFO-[日志信息]: ==================================2020-09-14 14:38:58===================================
Mon, 14 Sep 2020 14:38:59-run_all_uicase.py-test_login.py-[line:53]-INFO-[日志信息]: 开始执行脚本test_companyRegister:

Mon, 14 Sep 2020 14:39:09-run_all_uicase.py-test_login.py-[line:60]-INFO-[日志信息]: 对已注册的账户进行删除操作
Mon, 14 Sep 2020 14:39:12-test_companyRegister-Assert.py-[line:123]-INFO-[日志信息]: except_result = actul_result, except_result is 中小微企业金融服务聚合平台, actul_result is 中小微企业金融服务聚合平台
Mon, 14 Sep 2020 14:39:12-run_all_uicase.py-test_login.py-[line:87]-INFO-[日志信息]: 注册成功，返回到登陆页面
Mon, 14 Sep 2020 14:39:14-run_all_uicase.py-test_personalInfoReg.py-[line:32]-INFO-[日志信息]: 开始执行脚本test_infoReg:

Mon, 14 Sep 2020 14:39:14-run_all_uicase.py-test_personalInfoReg.py-[line:36]-INFO-[日志信息]: 对个人信息企业信息进行删除操作
Mon, 14 Sep 2020 14:39:26-test_infoReg-Assert.py-[line:123]-INFO-[日志信息]: except_result = actul_result, except_result is 首页, actul_result is 首页
Mon, 14 Sep 2020 14:39:26-run_all_uicase.py-test_personalInfoReg.py-[line:50]-INFO-[日志信息]: 进入登陆页面
Mon, 14 Sep 2020 14:39:35-run_all_uicase.py-run_all_uicase.py-[line:27]-INFO-[日志信息]: ==================================2020-09-14 14:39:35===================================
Mon, 14 Sep 2020 14:39:36-run_all_uicase.py-test_login.py-[line:53]-INFO-[日志信息]: 开始执行脚本test_companyRegister:

Mon, 14 Sep 2020 14:39:49-run_all_uicase.py-run_all_uicase.py-[line:27]-INFO-[日志信息]: ==================================2020-09-14 14:39:49===================================
Mon, 14 Sep 2020 14:39:49-run_all_uicase.py-test_login.py-[line:53]-INFO-[日志信息]: 开始执行脚本test_companyRegister:

Mon, 14 Sep 2020 14:39:59-run_all_uicase.py-test_login.py-[line:60]-INFO-[日志信息]: 对已注册的账户进行删除操作
Mon, 14 Sep 2020 14:40:03-test_companyRegister-Assert.py-[line:123]-INFO-[日志信息]: except_result = actul_result, except_result is 中小微企业金融服务聚合平台, actul_result is 中小微企业金融服务聚合平台
Mon, 14 Sep 2020 14:40:03-run_all_uicase.py-test_login.py-[line:87]-INFO-[日志信息]: 注册成功，返回到登陆页面
Mon, 14 Sep 2020 14:40:06-run_all_uicase.py-test_personalInfoReg.py-[line:32]-INFO-[日志信息]: 开始执行脚本test_infoReg:

Mon, 14 Sep 2020 14:40:06-run_all_uicase.py-test_personalInfoReg.py-[line:36]-INFO-[日志信息]: 对个人信息企业信息进行删除操作
Mon, 14 Sep 2020 14:40:17-test_infoReg-Assert.py-[line:123]-INFO-[日志信息]: except_result = actul_result, except_result is 首页, actul_result is 首页
Mon, 14 Sep 2020 14:40:17-run_all_uicase.py-test_personalInfoReg.py-[line:50]-INFO-[日志信息]: 进入登陆页面
Mon, 14 Sep 2020 14:40:17-test_infoReg-Assert.py-[line:123]-INFO-[日志信息]: except_result = actul_result, except_result is 实名认证, actul_result is 实名认证
Mon, 14 Sep 2020 14:40:17-run_all_uicase.py-test_personalInfoReg.py-[line:55]-INFO-[日志信息]: 实名认证画面成功显示
Mon, 14 Sep 2020 14:40:20-test_infoReg-Assert.py-[line:123]-INFO-[日志信息]: except_result = actul_result, except_result is 认证中, actul_result is 认证中
Mon, 14 Sep 2020 14:40:20-run_all_uicase.py-test_personalInfoReg.py-[line:91]-INFO-[日志信息]: 实名认证中画面显示
Mon, 14 Sep 2020 14:40:20-test_infoReg-Assert.py-[line:123]-INFO-[日志信息]: except_result = actul_result, except_result is 大佬, actul_result is 大佬
Mon, 14 Sep 2020 14:40:20-test_infoReg-Assert.py-[line:123]-INFO-[日志信息]: except_result = actul_result, except_result is 11010119900307475X, actul_result is 11010119900307475X
Mon, 14 Sep 2020 14:40:20-test_infoReg-Assert.py-[line:123]-INFO-[日志信息]: except_result = actul_result, except_result is 17621198941, actul_result is 17621198941
Mon, 14 Sep 2020 14:41:00-test_infoReg-Assert.py-[line:123]-INFO-[日志信息]: except_result = actul_result, except_result is 认证成功, actul_result is 认证成功
Mon, 14 Sep 2020 14:41:00-run_all_uicase.py-test_personalInfoReg.py-[line:105]-INFO-[日志信息]: 实名认证成功画面显示
Mon, 14 Sep 2020 14:41:00-test_infoReg-Assert.py-[line:123]-INFO-[日志信息]: except_result = actul_result, except_result is 实名认证, actul_result is 实名认证
Mon, 14 Sep 2020 14:41:00-run_all_uicase.py-test_personalInfoReg.py-[line:110]-INFO-[日志信息]: 点击查看认证信息按钮，跳转到实名认证画面
Mon, 14 Sep 2020 14:41:02-run_all_uicase.py-test_businessInfoReg.py-[line:31]-INFO-[日志信息]: 开始执行脚本test_businessInforReg:

Mon, 14 Sep 2020 14:41:13-test_businessInforReg-Assert.py-[line:123]-INFO-[日志信息]: except_result = actul_result, except_result is 企业基本资料, actul_result is 企业基本资料
Mon, 14 Sep 2020 14:41:13-run_all_uicase.py-test_businessInfoReg.py-[line:42]-INFO-[日志信息]: 企业基本资料画面正常显示
Mon, 14 Sep 2020 14:46:37-run_all_uicase.py-run_all_uicase.py-[line:27]-INFO-[日志信息]: ==================================2020-09-14 14:46:37===================================
Mon, 14 Sep 2020 14:46:37-run_all_uicase.py-test_login.py-[line:53]-INFO-[日志信息]: 开始执行脚本test_companyRegister:

Mon, 14 Sep 2020 14:46:47-run_all_uicase.py-test_login.py-[line:60]-INFO-[日志信息]: 对已注册的账户进行删除操作
Mon, 14 Sep 2020 14:46:51-test_companyRegister-Assert.py-[line:123]-INFO-[日志信息]: except_result = actul_result, except_result is 中小微企业金融服务聚合平台, actul_result is 中小微企业金融服务聚合平台
Mon, 14 Sep 2020 14:46:51-run_all_uicase.py-test_login.py-[line:87]-INFO-[日志信息]: 注册成功，返回到登陆页面
Mon, 14 Sep 2020 14:46:53-run_all_uicase.py-test_personalInfoReg.py-[line:32]-INFO-[日志信息]: 开始执行脚本test_infoReg:

Mon, 14 Sep 2020 14:46:53-run_all_uicase.py-test_personalInfoReg.py-[line:36]-INFO-[日志信息]: 对个人信息企业信息进行删除操作
Mon, 14 Sep 2020 14:47:04-test_infoReg-Assert.py-[line:123]-INFO-[日志信息]: except_result = actul_result, except_result is 首页, actul_result is 首页
Mon, 14 Sep 2020 14:47:04-run_all_uicase.py-test_personalInfoReg.py-[line:50]-INFO-[日志信息]: 进入登陆页面
Mon, 14 Sep 2020 14:47:32-run_all_uicase.py-run_all_uicase.py-[line:27]-INFO-[日志信息]: ==================================2020-09-14 14:47:32===================================
Mon, 14 Sep 2020 14:47:32-run_all_uicase.py-test_login.py-[line:53]-INFO-[日志信息]: 开始执行脚本test_companyRegister:

Mon, 14 Sep 2020 14:47:42-run_all_uicase.py-test_login.py-[line:60]-INFO-[日志信息]: 对已注册的账户进行删除操作
Mon, 14 Sep 2020 14:47:46-test_companyRegister-Assert.py-[line:123]-INFO-[日志信息]: except_result = actul_result, except_result is 中小微企业金融服务聚合平台, actul_result is 中小微企业金融服务聚合平台
Mon, 14 Sep 2020 14:47:46-run_all_uicase.py-test_login.py-[line:87]-INFO-[日志信息]: 注册成功，返回到登陆页面
Mon, 14 Sep 2020 14:47:48-run_all_uicase.py-test_personalInfoReg.py-[line:32]-INFO-[日志信息]: 开始执行脚本test_infoReg:

Mon, 14 Sep 2020 14:47:48-run_all_uicase.py-test_personalInfoReg.py-[line:36]-INFO-[日志信息]: 对个人信息企业信息进行删除操作
Mon, 14 Sep 2020 14:48:00-test_infoReg-Assert.py-[line:123]-INFO-[日志信息]: except_result = actul_result, except_result is 首页, actul_result is 首页
Mon, 14 Sep 2020 14:48:00-run_all_uicase.py-test_personalInfoReg.py-[line:50]-INFO-[日志信息]: 进入登陆页面
Mon, 14 Sep 2020 14:48:00-test_infoReg-Assert.py-[line:123]-INFO-[日志信息]: except_result = actul_result, except_result is 实名认证, actul_result is 实名认证
Mon, 14 Sep 2020 14:48:00-run_all_uicase.py-test_personalInfoReg.py-[line:55]-INFO-[日志信息]: 实名认证画面成功显示
Mon, 14 Sep 2020 14:48:02-test_infoReg-Assert.py-[line:123]-INFO-[日志信息]: except_result = actul_result, except_result is 认证中, actul_result is 认证中
Mon, 14 Sep 2020 14:48:02-run_all_uicase.py-test_personalInfoReg.py-[line:91]-INFO-[日志信息]: 实名认证中画面显示
Mon, 14 Sep 2020 14:48:02-test_infoReg-Assert.py-[line:123]-INFO-[日志信息]: except_result = actul_result, except_result is 大佬, actul_result is 大佬
Mon, 14 Sep 2020 14:48:02-test_infoReg-Assert.py-[line:123]-INFO-[日志信息]: except_result = actul_result, except_result is 11010119900307475X, actul_result is 11010119900307475X
Mon, 14 Sep 2020 14:48:02-test_infoReg-Assert.py-[line:123]-INFO-[日志信息]: except_result = actul_result, except_result is 17621198942, actul_result is 17621198942
Mon, 14 Sep 2020 14:48:22-test_infoReg-Assert.py-[line:123]-INFO-[日志信息]: except_result = actul_result, except_result is 认证成功, actul_result is 认证成功
Mon, 14 Sep 2020 14:48:22-run_all_uicase.py-test_personalInfoReg.py-[line:105]-INFO-[日志信息]: 实名认证成功画面显示
Mon, 14 Sep 2020 14:48:22-test_infoReg-Assert.py-[line:123]-INFO-[日志信息]: except_result = actul_result, except_result is 实名认证, actul_result is 实名认证
Mon, 14 Sep 2020 14:48:22-run_all_uicase.py-test_personalInfoReg.py-[line:110]-INFO-[日志信息]: 点击查看认证信息按钮，跳转到实名认证画面
Mon, 14 Sep 2020 14:48:25-run_all_uicase.py-test_businessInfoReg.py-[line:31]-INFO-[日志信息]: 开始执行脚本test_businessInforReg:

Mon, 14 Sep 2020 14:48:35-test_businessInforReg-Assert.py-[line:123]-INFO-[日志信息]: except_result = actul_result, except_result is 企业基本资料, actul_result is 企业基本资料
Mon, 14 Sep 2020 14:48:35-run_all_uicase.py-test_businessInfoReg.py-[line:42]-INFO-[日志信息]: 企业基本资料画面正常显示
Mon, 14 Sep 2020 14:48:46-test_businessInforReg-Assert.py-[line:123]-INFO-[日志信息]: except_result = actul_result, except_result is 请确认协议内容, actul_result is 请确认协议内容
Mon, 14 Sep 2020 14:48:46-run_all_uicase.py-test_businessInfoReg.py-[line:104]-INFO-[日志信息]: 协议确认画面正常显示
Mon, 14 Sep 2020 14:48:49-test_businessInforReg-Assert.py-[line:123]-INFO-[日志信息]: except_result = actul_result, except_result is 认证中, actul_result is 认证中
Mon, 14 Sep 2020 14:48:49-run_all_uicase.py-test_businessInfoReg.py-[line:114]-INFO-[日志信息]: 企业信息认证中画面正常显示
Mon, 14 Sep 2020 14:49:12-test_businessInforReg-Assert.py-[line:123]-INFO-[日志信息]: except_result = actul_result, except_result is 审核中, actul_result is 审核中
Mon, 14 Sep 2020 14:49:12-run_all_uicase.py-test_businessInfoReg.py-[line:125]-INFO-[日志信息]: 企业信息审核中画面正常显示
Mon, 14 Sep 2020 14:49:12-test_businessInforReg-Assert.py-[line:123]-INFO-[日志信息]: except_result = actul_result, except_result is 企业基本资料, actul_result is 企业基本资料
Mon, 14 Sep 2020 14:49:12-run_all_uicase.py-test_businessInfoReg.py-[line:132]-INFO-[日志信息]: 企业基本资料画面正常显示
Mon, 14 Sep 2020 14:49:14-run_all_uicase.py-test_backStage_examine.py-[line:24]-INFO-[日志信息]: 开始执行脚本test_backstage_examine:

Mon, 14 Sep 2020 14:49:55-run_all_uicase.py-test_backStage_authentication.py-[line:155]-INFO-[日志信息]: 开始执行脚本test_backStageActCreate:

Mon, 14 Sep 2020 14:50:37-run_all_uicase.py-test_backStage_authentication.py-[line:254]-INFO-[日志信息]: 开始执行脚本test_backStage_authentication:

Mon, 14 Sep 2020 14:50:37-run_all_uicase.py-test_backStage_authentication.py-[line:257]-INFO-[日志信息]: 开始执行脚本test_backStage_authentication:

Mon, 14 Sep 2020 15:05:09-run_all_uicase.py-run_all_uicase.py-[line:27]-INFO-[日志信息]: ==================================2020-09-14 15:05:09===================================
Mon, 14 Sep 2020 15:05:10-run_all_uicase.py-test_login.py-[line:53]-INFO-[日志信息]: 开始执行脚本test_companyRegister:

Mon, 14 Sep 2020 15:07:06-run_all_uicase.py-run_all_uicase.py-[line:27]-INFO-[日志信息]: ==================================2020-09-14 15:07:06===================================
Mon, 14 Sep 2020 15:07:06-run_all_uicase.py-test_login.py-[line:53]-INFO-[日志信息]: 开始执行脚本test_companyRegister:

Mon, 14 Sep 2020 15:17:50-run_all_uicase.py-run_all_uicase.py-[line:27]-INFO-[日志信息]: ==================================2020-09-14 15:17:50===================================
Mon, 14 Sep 2020 15:17:50-run_all_uicase.py-test_login.py-[line:53]-INFO-[日志信息]: 开始执行脚本test_companyRegister:

Mon, 14 Sep 2020 15:26:44-run_all_uicase.py-run_all_uicase.py-[line:27]-INFO-[日志信息]: ==================================2020-09-14 15:26:44===================================
Mon, 14 Sep 2020 15:26:44-run_all_uicase.py-test_login.py-[line:53]-INFO-[日志信息]: 开始执行脚本test_companyRegister:

Mon, 14 Sep 2020 15:26:56-run_all_uicase.py-run_all_uicase.py-[line:27]-INFO-[日志信息]: ==================================2020-09-14 15:26:56===================================
Mon, 14 Sep 2020 15:26:56-run_all_uicase.py-test_login.py-[line:53]-INFO-[日志信息]: 开始执行脚本test_companyRegister:

Mon, 14 Sep 2020 15:43:29-run_all_uicase.py-run_all_uicase.py-[line:27]-INFO-[日志信息]: ==================================2020-09-14 15:43:29===================================
Mon, 14 Sep 2020 15:43:29-run_all_uicase.py-test_login.py-[line:53]-INFO-[日志信息]: 开始执行脚本test_companyRegister:

Mon, 14 Sep 2020 15:43:46-run_all_uicase.py-run_all_uicase.py-[line:27]-INFO-[日志信息]: ==================================2020-09-14 15:43:46===================================
Mon, 14 Sep 2020 15:43:46-run_all_uicase.py-test_login.py-[line:53]-INFO-[日志信息]: 开始执行脚本test_companyRegister:

Mon, 14 Sep 2020 15:43:56-run_all_uicase.py-test_login.py-[line:60]-INFO-[日志信息]: 对已注册的账户进行删除操作
Mon, 14 Sep 2020 15:44:00-test_companyRegister-Assert.py-[line:123]-INFO-[日志信息]: except_result = actul_result, except_result is 中小微企业金融服务聚合平台, actul_result is 中小微企业金融服务聚合平台
Mon, 14 Sep 2020 15:44:00-run_all_uicase.py-test_login.py-[line:87]-INFO-[日志信息]: 注册成功，返回到登陆页面
Mon, 14 Sep 2020 15:44:02-run_all_uicase.py-test_personalInfoReg.py-[line:32]-INFO-[日志信息]: 开始执行脚本test_infoReg:

Mon, 14 Sep 2020 15:44:02-run_all_uicase.py-test_personalInfoReg.py-[line:36]-INFO-[日志信息]: 对个人信息企业信息进行删除操作
Mon, 14 Sep 2020 15:44:13-test_infoReg-Assert.py-[line:123]-INFO-[日志信息]: except_result = actul_result, except_result is 首页, actul_result is 首页
Mon, 14 Sep 2020 15:44:13-run_all_uicase.py-test_personalInfoReg.py-[line:50]-INFO-[日志信息]: 进入登陆页面
Mon, 14 Sep 2020 15:44:17-test_infoReg-Assert.py-[line:123]-INFO-[日志信息]: except_result = actul_result, except_result is 实名认证, actul_result is 实名认证
Mon, 14 Sep 2020 15:44:17-run_all_uicase.py-test_personalInfoReg.py-[line:55]-INFO-[日志信息]: 实名认证画面成功显示
Mon, 14 Sep 2020 15:44:59-run_all_uicase.py-run_all_uicase.py-[line:27]-INFO-[日志信息]: ==================================2020-09-14 15:44:59===================================
Mon, 14 Sep 2020 15:44:59-run_all_uicase.py-test_login.py-[line:53]-INFO-[日志信息]: 开始执行脚本test_companyRegister:

Mon, 14 Sep 2020 15:45:09-run_all_uicase.py-test_login.py-[line:60]-INFO-[日志信息]: 对已注册的账户进行删除操作
Mon, 14 Sep 2020 15:45:12-test_companyRegister-Assert.py-[line:123]-INFO-[日志信息]: except_result = actul_result, except_result is 中小微企业金融服务聚合平台, actul_result is 中小微企业金融服务聚合平台
Mon, 14 Sep 2020 15:45:12-run_all_uicase.py-test_login.py-[line:87]-INFO-[日志信息]: 注册成功，返回到登陆页面
Mon, 14 Sep 2020 15:45:15-run_all_uicase.py-test_personalInfoReg.py-[line:32]-INFO-[日志信息]: 开始执行脚本test_infoReg:

Mon, 14 Sep 2020 15:45:15-run_all_uicase.py-test_personalInfoReg.py-[line:36]-INFO-[日志信息]: 对个人信息企业信息进行删除操作
Mon, 14 Sep 2020 15:45:26-test_infoReg-Assert.py-[line:123]-INFO-[日志信息]: except_result = actul_result, except_result is 首页, actul_result is 首页
Mon, 14 Sep 2020 15:45:26-run_all_uicase.py-test_personalInfoReg.py-[line:50]-INFO-[日志信息]: 进入登陆页面
Mon, 14 Sep 2020 15:45:26-test_infoReg-Assert.py-[line:123]-INFO-[日志信息]: except_result = actul_result, except_result is 实名认证, actul_result is 实名认证
Mon, 14 Sep 2020 15:45:26-run_all_uicase.py-test_personalInfoReg.py-[line:55]-INFO-[日志信息]: 实名认证画面成功显示
Mon, 14 Sep 2020 15:45:48-run_all_uicase.py-test_businessInfoReg.py-[line:31]-INFO-[日志信息]: 开始执行脚本test_businessInforReg:

Mon, 14 Sep 2020 15:45:59-run_all_uicase.py-run_all_uicase.py-[line:27]-INFO-[日志信息]: ==================================2020-09-14 15:45:59===================================
Mon, 14 Sep 2020 15:45:59-run_all_uicase.py-test_login.py-[line:53]-INFO-[日志信息]: 开始执行脚本test_companyRegister:

Mon, 14 Sep 2020 15:46:09-run_all_uicase.py-test_login.py-[line:60]-INFO-[日志信息]: 对已注册的账户进行删除操作
Mon, 14 Sep 2020 15:46:13-test_companyRegister-Assert.py-[line:123]-INFO-[日志信息]: except_result = actul_result, except_result is 中小微企业金融服务聚合平台, actul_result is 中小微企业金融服务聚合平台
Mon, 14 Sep 2020 15:46:13-run_all_uicase.py-test_login.py-[line:87]-INFO-[日志信息]: 注册成功，返回到登陆页面
Mon, 14 Sep 2020 15:46:15-run_all_uicase.py-test_personalInfoReg.py-[line:32]-INFO-[日志信息]: 开始执行脚本test_infoReg:

Mon, 14 Sep 2020 15:46:15-run_all_uicase.py-test_personalInfoReg.py-[line:36]-INFO-[日志信息]: 对个人信息企业信息进行删除操作
Mon, 14 Sep 2020 15:46:26-test_infoReg-Assert.py-[line:123]-INFO-[日志信息]: except_result = actul_result, except_result is 首页, actul_result is 首页
Mon, 14 Sep 2020 15:46:26-run_all_uicase.py-test_personalInfoReg.py-[line:50]-INFO-[日志信息]: 进入登陆页面
Mon, 14 Sep 2020 15:46:26-test_infoReg-Assert.py-[line:123]-INFO-[日志信息]: except_result = actul_result, except_result is 实名认证, actul_result is 实名认证
Mon, 14 Sep 2020 15:46:26-run_all_uicase.py-test_personalInfoReg.py-[line:55]-INFO-[日志信息]: 实名认证画面成功显示
Mon, 14 Sep 2020 15:46:53-run_all_uicase.py-run_all_uicase.py-[line:27]-INFO-[日志信息]: ==================================2020-09-14 15:46:53===================================
Mon, 14 Sep 2020 15:46:53-run_all_uicase.py-test_login.py-[line:53]-INFO-[日志信息]: 开始执行脚本test_companyRegister:

Mon, 14 Sep 2020 15:47:03-run_all_uicase.py-test_login.py-[line:60]-INFO-[日志信息]: 对已注册的账户进行删除操作
Mon, 14 Sep 2020 15:47:07-test_companyRegister-Assert.py-[line:123]-INFO-[日志信息]: except_result = actul_result, except_result is 中小微企业金融服务聚合平台, actul_result is 中小微企业金融服务聚合平台
Mon, 14 Sep 2020 15:47:07-run_all_uicase.py-test_login.py-[line:87]-INFO-[日志信息]: 注册成功，返回到登陆页面
Mon, 14 Sep 2020 15:47:09-run_all_uicase.py-test_personalInfoReg.py-[line:32]-INFO-[日志信息]: 开始执行脚本test_infoReg:

Mon, 14 Sep 2020 15:47:09-run_all_uicase.py-test_personalInfoReg.py-[line:36]-INFO-[日志信息]: 对个人信息企业信息进行删除操作
Mon, 14 Sep 2020 15:47:20-test_infoReg-Assert.py-[line:123]-INFO-[日志信息]: except_result = actul_result, except_result is 首页, actul_result is 首页
Mon, 14 Sep 2020 15:47:20-run_all_uicase.py-test_personalInfoReg.py-[line:50]-INFO-[日志信息]: 进入登陆页面
Mon, 14 Sep 2020 15:47:20-test_infoReg-Assert.py-[line:123]-INFO-[日志信息]: except_result = actul_result, except_result is 实名认证, actul_result is 实名认证
Mon, 14 Sep 2020 15:47:20-run_all_uicase.py-test_personalInfoReg.py-[line:55]-INFO-[日志信息]: 实名认证画面成功显示
Mon, 14 Sep 2020 15:47:38-run_all_uicase.py-run_all_uicase.py-[line:27]-INFO-[日志信息]: ==================================2020-09-14 15:47:38===================================
Mon, 14 Sep 2020 15:47:38-run_all_uicase.py-test_login.py-[line:53]-INFO-[日志信息]: 开始执行脚本test_companyRegister:

Mon, 14 Sep 2020 15:47:48-run_all_uicase.py-test_login.py-[line:60]-INFO-[日志信息]: 对已注册的账户进行删除操作
Mon, 14 Sep 2020 15:47:52-test_companyRegister-Assert.py-[line:123]-INFO-[日志信息]: except_result = actul_result, except_result is 中小微企业金融服务聚合平台, actul_result is 中小微企业金融服务聚合平台
Mon, 14 Sep 2020 15:47:52-run_all_uicase.py-test_login.py-[line:87]-INFO-[日志信息]: 注册成功，返回到登陆页面
Mon, 14 Sep 2020 15:47:55-run_all_uicase.py-test_personalInfoReg.py-[line:32]-INFO-[日志信息]: 开始执行脚本test_infoReg:

Mon, 14 Sep 2020 15:47:55-run_all_uicase.py-test_personalInfoReg.py-[line:36]-INFO-[日志信息]: 对个人信息企业信息进行删除操作
Mon, 14 Sep 2020 15:48:06-test_infoReg-Assert.py-[line:123]-INFO-[日志信息]: except_result = actul_result, except_result is 首页, actul_result is 首页
Mon, 14 Sep 2020 15:48:06-run_all_uicase.py-test_personalInfoReg.py-[line:50]-INFO-[日志信息]: 进入登陆页面
Mon, 14 Sep 2020 15:48:06-test_infoReg-Assert.py-[line:123]-INFO-[日志信息]: except_result = actul_result, except_result is 实名认证, actul_result is 实名认证
Mon, 14 Sep 2020 15:48:06-run_all_uicase.py-test_personalInfoReg.py-[line:55]-INFO-[日志信息]: 实名认证画面成功显示
Mon, 14 Sep 2020 15:55:36-run_all_uicase.py-run_all_uicase.py-[line:27]-INFO-[日志信息]: ==================================2020-09-14 15:55:36===================================
Mon, 14 Sep 2020 15:55:36-run_all_uicase.py-test_login.py-[line:53]-INFO-[日志信息]: 开始执行脚本test_companyRegister:

Mon, 14 Sep 2020 15:55:46-run_all_uicase.py-test_login.py-[line:60]-INFO-[日志信息]: 对已注册的账户进行删除操作
Mon, 14 Sep 2020 15:55:49-test_companyRegister-Assert.py-[line:123]-INFO-[日志信息]: except_result = actul_result, except_result is 中小微企业金融服务聚合平台, actul_result is 中小微企业金融服务聚合平台
Mon, 14 Sep 2020 15:55:49-run_all_uicase.py-test_login.py-[line:87]-INFO-[日志信息]: 注册成功，返回到登陆页面
Mon, 14 Sep 2020 15:55:52-run_all_uicase.py-test_personalInfoReg.py-[line:32]-INFO-[日志信息]: 开始执行脚本test_infoReg:

Mon, 14 Sep 2020 15:55:52-run_all_uicase.py-test_personalInfoReg.py-[line:36]-INFO-[日志信息]: 对个人信息企业信息进行删除操作
Mon, 14 Sep 2020 15:56:03-test_infoReg-Assert.py-[line:123]-INFO-[日志信息]: except_result = actul_result, except_result is 首页, actul_result is 首页
Mon, 14 Sep 2020 15:56:03-run_all_uicase.py-test_personalInfoReg.py-[line:50]-INFO-[日志信息]: 进入登陆页面
Mon, 14 Sep 2020 15:56:25-run_all_uicase.py-run_all_uicase.py-[line:27]-INFO-[日志信息]: ==================================2020-09-14 15:56:25===================================
Mon, 14 Sep 2020 15:56:25-run_all_uicase.py-test_login.py-[line:53]-INFO-[日志信息]: 开始执行脚本test_companyRegister:

Mon, 14 Sep 2020 15:56:35-run_all_uicase.py-test_login.py-[line:60]-INFO-[日志信息]: 对已注册的账户进行删除操作
Mon, 14 Sep 2020 15:56:39-test_companyRegister-Assert.py-[line:123]-INFO-[日志信息]: except_result = actul_result, except_result is 中小微企业金融服务聚合平台, actul_result is 中小微企业金融服务聚合平台
Mon, 14 Sep 2020 15:56:39-run_all_uicase.py-test_login.py-[line:87]-INFO-[日志信息]: 注册成功，返回到登陆页面
Mon, 14 Sep 2020 15:56:42-run_all_uicase.py-test_personalInfoReg.py-[line:32]-INFO-[日志信息]: 开始执行脚本test_infoReg:

Mon, 14 Sep 2020 15:56:42-run_all_uicase.py-test_personalInfoReg.py-[line:36]-INFO-[日志信息]: 对个人信息企业信息进行删除操作
Mon, 14 Sep 2020 15:56:53-test_infoReg-Assert.py-[line:123]-INFO-[日志信息]: except_result = actul_result, except_result is 首页, actul_result is 首页
Mon, 14 Sep 2020 15:56:53-run_all_uicase.py-test_personalInfoReg.py-[line:50]-INFO-[日志信息]: 进入登陆页面
Mon, 14 Sep 2020 15:56:53-test_infoReg-Assert.py-[line:123]-INFO-[日志信息]: except_result = actul_result, except_result is 实名认证, actul_result is 实名认证
Mon, 14 Sep 2020 15:56:53-run_all_uicase.py-test_personalInfoReg.py-[line:55]-INFO-[日志信息]: 实名认证画面成功显示
