Thu, 15 Oct 2020 08:22:10-run_all_case.py-run_all_case.py-[line:41]-INFO-[日志信息]: ==================================2020-10-15 08:22:10===================================
Thu, 15 Oct 2020 08:22:10-run_all_case.py-test_businessInfoReg.py-[line:144]-INFO-[日志信息]: 企业认证画面
Thu, 15 Oct 2020 08:22:55-run_all_case.py-run_all_case.py-[line:41]-INFO-[日志信息]: ==================================2020-10-15 08:22:55===================================
Thu, 15 Oct 2020 08:23:26-run_all_case.py-test_login.py-[line:107]-INFO-[日志信息]: PC 端进行密码修改
Thu, 15 Oct 2020 08:23:37-run_all_case.py-test_login.py-[line:188]-INFO-[日志信息]: 登录页面
Thu, 15 Oct 2020 08:23:38-run_all_case.py-test_login.py-[line:193]-INFO-[日志信息]: 安全验证页面
Thu, 15 Oct 2020 08:23:39-run_all_case.py-test_login.py-[line:209]-INFO-[日志信息]: 重置密码页面
Thu, 15 Oct 2020 08:23:43-run_all_case.py-test_login.py-[line:109]-INFO-[日志信息]: 小程序个人实名认证页面
Thu, 15 Oct 2020 08:25:14-run_all_case.py-test_businessInfoReg.py-[line:144]-INFO-[日志信息]: 企业认证画面
Thu, 15 Oct 2020 08:26:27-run_all_case.py-test_businessInfoReg.py-[line:181]-INFO-[日志信息]: 平台服务协议画面
Thu, 15 Oct 2020 08:26:41-run_all_case.py-test_backStage_examine.py-[line:24]-INFO-[日志信息]: 开始执行脚本test_backstage_examine:

Thu, 15 Oct 2020 08:26:52-run_all_case.py-test_backStage_examine.py-[line:73]-INFO-[日志信息]: 成功登录后台系统
Thu, 15 Oct 2020 08:27:27-run_all_case.py-test_backStage_authentication.py-[line:169]-INFO-[日志信息]: 开始执行脚本test_backStageActCreate:

Thu, 15 Oct 2020 08:27:37-run_all_case.py-test_backStage_examine.py-[line:73]-INFO-[日志信息]: 成功登录后台系统
Thu, 15 Oct 2020 08:27:38-run_all_case.py-test_backStage_authentication.py-[line:179]-INFO-[日志信息]: 机构信息DB删除
Thu, 15 Oct 2020 08:27:52-run_all_case.py-test_backStage_authentication.py-[line:274]-INFO-[日志信息]: 开始执行脚本test_backStage_authentication:

Thu, 15 Oct 2020 08:27:52-run_all_case.py-test_backStage_authentication.py-[line:277]-INFO-[日志信息]: 开始执行脚本test_backStage_authentication:

Thu, 15 Oct 2020 08:28:06-run_all_case.py-test_login.py-[line:173]-INFO-[日志信息]: 成功进入到密码重置页面
Thu, 15 Oct 2020 08:28:08-run_all_case.py-test_login.py-[line:180]-INFO-[日志信息]: 成功进入到密码修改完成页面
Thu, 15 Oct 2020 08:28:38-run_all_case.py-test_Tripartite_interaction.py-[line:137]-INFO-[日志信息]: 开始执行脚本test_Tripartite_interaction:

Thu, 15 Oct 2020 08:28:48-run_all_case.py-test_Tripartite_interaction.py-[line:144]-INFO-[日志信息]: 前端账户登录授信申请
Thu, 15 Oct 2020 08:28:50-run_all_case.py-test_Tripartite_interaction.py-[line:189]-INFO-[日志信息]: 进入到前端首页
Thu, 15 Oct 2020 08:28:50-run_all_case.py-test_Tripartite_interaction.py-[line:192]-INFO-[日志信息]: 进入到前端进入产品选择首页
Thu, 15 Oct 2020 08:28:52-run_all_case.py-test_Tripartite_interaction.py-[line:197]-INFO-[日志信息]: 进入到前端进入产品详情页
Thu, 15 Oct 2020 08:40:44-run_all_case.py-run_all_case.py-[line:41]-INFO-[日志信息]: ==================================2020-10-15 08:40:44===================================
Thu, 15 Oct 2020 08:41:15-run_all_case.py-test_login.py-[line:107]-INFO-[日志信息]: PC 端进行密码修改
Thu, 15 Oct 2020 08:41:25-run_all_case.py-test_login.py-[line:188]-INFO-[日志信息]: 登录页面
Thu, 15 Oct 2020 08:41:26-run_all_case.py-test_login.py-[line:193]-INFO-[日志信息]: 安全验证页面
Thu, 15 Oct 2020 08:42:48-run_all_case.py-test_login.py-[line:209]-INFO-[日志信息]: 重置密码页面
Thu, 15 Oct 2020 08:42:52-run_all_case.py-test_login.py-[line:109]-INFO-[日志信息]: 小程序个人实名认证页面
Thu, 15 Oct 2020 08:46:13-run_all_case.py-test_businessInfoReg.py-[line:144]-INFO-[日志信息]: 企业认证画面
Thu, 15 Oct 2020 08:46:17-run_all_case.py-test_backStage_examine.py-[line:24]-INFO-[日志信息]: 开始执行脚本test_backstage_examine:

Thu, 15 Oct 2020 08:46:28-run_all_case.py-test_backStage_examine.py-[line:73]-INFO-[日志信息]: 成功登录后台系统
Thu, 15 Oct 2020 08:46:33-test_backstage_examine-Assert.py-[line:124]-INFO-[日志信息]: except_result = actul_result, except_result is 用户基本信息, actul_result is 用户基本信息
Thu, 15 Oct 2020 08:46:33-run_all_case.py-test_backStage_examine.py-[line:54]-INFO-[日志信息]: 成功进入企业信息审核画面
Thu, 15 Oct 2020 08:46:33-run_all_case.py-test_backStage_authentication.py-[line:169]-INFO-[日志信息]: 开始执行脚本test_backStageActCreate:

Thu, 15 Oct 2020 08:46:43-run_all_case.py-test_backStage_examine.py-[line:73]-INFO-[日志信息]: 成功登录后台系统
Thu, 15 Oct 2020 08:46:44-run_all_case.py-test_backStage_authentication.py-[line:179]-INFO-[日志信息]: 机构信息DB删除
Thu, 15 Oct 2020 08:49:30-run_all_case.py-run_all_case.py-[line:41]-INFO-[日志信息]: ==================================2020-10-15 08:49:30===================================
Thu, 15 Oct 2020 08:50:13-run_all_case.py-test_login.py-[line:107]-INFO-[日志信息]: PC 端进行密码修改
Thu, 15 Oct 2020 08:50:23-run_all_case.py-test_login.py-[line:189]-INFO-[日志信息]: 登录页面
Thu, 15 Oct 2020 08:50:24-run_all_case.py-test_login.py-[line:194]-INFO-[日志信息]: 安全验证页面
Thu, 15 Oct 2020 08:50:25-run_all_case.py-test_login.py-[line:210]-INFO-[日志信息]: 重置密码页面
Thu, 15 Oct 2020 08:50:28-run_all_case.py-test_login.py-[line:109]-INFO-[日志信息]: 小程序个人实名认证页面
Thu, 15 Oct 2020 08:52:35-run_all_case.py-run_all_case.py-[line:41]-INFO-[日志信息]: ==================================2020-10-15 08:52:35===================================
Thu, 15 Oct 2020 08:53:05-run_all_case.py-test_login.py-[line:107]-INFO-[日志信息]: PC 端进行密码修改
Thu, 15 Oct 2020 08:53:15-run_all_case.py-test_login.py-[line:190]-INFO-[日志信息]: 登录页面
Thu, 15 Oct 2020 08:53:16-run_all_case.py-test_login.py-[line:195]-INFO-[日志信息]: 安全验证页面
Thu, 15 Oct 2020 08:53:17-run_all_case.py-test_login.py-[line:211]-INFO-[日志信息]: 重置密码页面
Thu, 15 Oct 2020 08:53:21-run_all_case.py-test_login.py-[line:109]-INFO-[日志信息]: 小程序个人实名认证页面
Thu, 15 Oct 2020 08:56:17-run_all_case.py-test_businessInfoReg.py-[line:144]-INFO-[日志信息]: 企业认证画面
Thu, 15 Oct 2020 08:57:31-run_all_case.py-test_businessInfoReg.py-[line:181]-INFO-[日志信息]: 平台服务协议画面
Thu, 15 Oct 2020 08:57:44-run_all_case.py-test_backStage_examine.py-[line:24]-INFO-[日志信息]: 开始执行脚本test_backstage_examine:

Thu, 15 Oct 2020 08:57:55-run_all_case.py-test_backStage_examine.py-[line:73]-INFO-[日志信息]: 成功登录后台系统
Thu, 15 Oct 2020 08:58:00-test_backstage_examine-Assert.py-[line:124]-INFO-[日志信息]: except_result = actul_result, except_result is 用户基本信息, actul_result is 用户基本信息
Thu, 15 Oct 2020 08:58:00-run_all_case.py-test_backStage_examine.py-[line:54]-INFO-[日志信息]: 成功进入企业信息审核画面
Thu, 15 Oct 2020 08:58:00-run_all_case.py-test_backStage_authentication.py-[line:169]-INFO-[日志信息]: 开始执行脚本test_backStageActCreate:

Thu, 15 Oct 2020 08:58:11-run_all_case.py-test_backStage_examine.py-[line:73]-INFO-[日志信息]: 成功登录后台系统
Thu, 15 Oct 2020 08:58:11-run_all_case.py-test_backStage_authentication.py-[line:179]-INFO-[日志信息]: 机构信息DB删除
Thu, 15 Oct 2020 08:58:27-run_all_case.py-test_backStage_authentication.py-[line:337]-INFO-[日志信息]: 进入担保公司创建页面
Thu, 15 Oct 2020 08:58:30-run_all_case.py-test_backStage_authentication.py-[line:335]-INFO-[日志信息]: 进入银行账户创建页面
Thu, 15 Oct 2020 08:58:35-run_all_case.py-test_backStage_authentication.py-[line:274]-INFO-[日志信息]: 开始执行脚本test_backStage_authentication:

Thu, 15 Oct 2020 08:58:35-run_all_case.py-test_backStage_authentication.py-[line:277]-INFO-[日志信息]: 开始执行脚本test_backStage_authentication:

Thu, 15 Oct 2020 08:58:49-run_all_case.py-test_login.py-[line:175]-INFO-[日志信息]: 成功进入到密码重置页面
Thu, 15 Oct 2020 08:58:51-run_all_case.py-test_login.py-[line:182]-INFO-[日志信息]: 成功进入到密码修改完成页面
Thu, 15 Oct 2020 08:58:55-run_all_case.py-test_login.py-[line:175]-INFO-[日志信息]: 成功进入到密码重置页面
Thu, 15 Oct 2020 08:58:58-run_all_case.py-test_login.py-[line:182]-INFO-[日志信息]: 成功进入到密码修改完成页面
Thu, 15 Oct 2020 08:59:02-run_all_case.py-test_backStage_examine.py-[line:73]-INFO-[日志信息]: 成功登录后台系统
Thu, 15 Oct 2020 08:59:08-run_all_case.py-test_backStage_authentication.py-[line:232]-INFO-[日志信息]: 企业信息认证
Thu, 15 Oct 2020 08:59:10-run_all_case.py-test_backStage_authentication.py-[line:249]-INFO-[日志信息]: 协议内容确认页面
Thu, 15 Oct 2020 08:59:28-run_all_case.py-test_backStage_authentication.py-[line:261]-INFO-[日志信息]: 二维码认证页面
Thu, 15 Oct 2020 08:59:41-run_all_case.py-test_backStage_examine.py-[line:73]-INFO-[日志信息]: 成功登录后台系统
Thu, 15 Oct 2020 08:59:46-run_all_case.py-test_backStage_authentication.py-[line:232]-INFO-[日志信息]: 企业信息认证
Thu, 15 Oct 2020 08:59:49-run_all_case.py-test_backStage_authentication.py-[line:249]-INFO-[日志信息]: 协议内容确认页面
Thu, 15 Oct 2020 09:00:03-run_all_case.py-test_backStage_authentication.py-[line:261]-INFO-[日志信息]: 二维码认证页面
Thu, 15 Oct 2020 09:00:10-run_all_case.py-test_backStage_authentication.py-[line:44]-INFO-[日志信息]: 首页
Thu, 15 Oct 2020 09:00:12-run_all_case.py-test_backStage_authentication.py-[line:48]-INFO-[日志信息]: 产品基本信息
Thu, 15 Oct 2020 09:04:33-run_all_case.py-run_all_case.py-[line:41]-INFO-[日志信息]: ==================================2020-10-15 09:04:33===================================
Thu, 15 Oct 2020 09:05:38-run_all_case.py-run_all_case.py-[line:41]-INFO-[日志信息]: ==================================2020-10-15 09:05:38===================================
Thu, 15 Oct 2020 09:07:08-run_all_case.py-run_all_case.py-[line:41]-INFO-[日志信息]: ==================================2020-10-15 09:07:08===================================
Thu, 15 Oct 2020 09:08:04-run_all_case.py-run_all_case.py-[line:41]-INFO-[日志信息]: ==================================2020-10-15 09:08:04===================================
Thu, 15 Oct 2020 09:08:23-run_all_case.py-test_login.py-[line:107]-INFO-[日志信息]: PC 端进行密码修改
Thu, 15 Oct 2020 09:08:33-run_all_case.py-test_login.py-[line:190]-INFO-[日志信息]: 登录页面
Thu, 15 Oct 2020 09:08:34-run_all_case.py-test_login.py-[line:195]-INFO-[日志信息]: 安全验证页面
Thu, 15 Oct 2020 09:08:35-run_all_case.py-test_login.py-[line:211]-INFO-[日志信息]: 重置密码页面
Thu, 15 Oct 2020 09:08:38-run_all_case.py-test_login.py-[line:109]-INFO-[日志信息]: 小程序个人实名认证页面
Thu, 15 Oct 2020 09:11:56-run_all_case.py-run_all_case.py-[line:41]-INFO-[日志信息]: ==================================2020-10-15 09:11:56===================================
Thu, 15 Oct 2020 09:13:11-run_all_case.py-run_all_case.py-[line:41]-INFO-[日志信息]: ==================================2020-10-15 09:13:11===================================
Thu, 15 Oct 2020 09:13:31-run_all_case.py-test_login.py-[line:108]-INFO-[日志信息]: PC 端进行密码修改
Thu, 15 Oct 2020 09:13:41-run_all_case.py-test_login.py-[line:190]-INFO-[日志信息]: 登录页面
Thu, 15 Oct 2020 09:13:42-run_all_case.py-test_login.py-[line:195]-INFO-[日志信息]: 安全验证页面
Thu, 15 Oct 2020 09:13:43-run_all_case.py-test_login.py-[line:211]-INFO-[日志信息]: 重置密码页面
Thu, 15 Oct 2020 09:13:46-run_all_case.py-test_login.py-[line:110]-INFO-[日志信息]: 小程序个人实名认证页面
Thu, 15 Oct 2020 09:17:53-run_all_case.py-run_all_case.py-[line:41]-INFO-[日志信息]: ==================================2020-10-15 09:17:53===================================
Thu, 15 Oct 2020 09:18:49-run_all_case.py-run_all_case.py-[line:41]-INFO-[日志信息]: ==================================2020-10-15 09:18:49===================================
Thu, 15 Oct 2020 09:19:09-run_all_case.py-test_login.py-[line:108]-INFO-[日志信息]: PC 端进行密码修改
Thu, 15 Oct 2020 09:19:19-run_all_case.py-test_login.py-[line:190]-INFO-[日志信息]: 登录页面
Thu, 15 Oct 2020 09:19:20-run_all_case.py-test_login.py-[line:195]-INFO-[日志信息]: 安全验证页面
Thu, 15 Oct 2020 09:20:23-run_all_case.py-test_login.py-[line:211]-INFO-[日志信息]: 重置密码页面
Thu, 15 Oct 2020 09:20:26-run_all_case.py-test_login.py-[line:110]-INFO-[日志信息]: 小程序个人实名认证页面
Thu, 15 Oct 2020 09:21:36-run_all_case.py-test_businessInfoReg.py-[line:144]-INFO-[日志信息]: 企业认证画面
Thu, 15 Oct 2020 09:22:50-run_all_case.py-test_businessInfoReg.py-[line:181]-INFO-[日志信息]: 平台服务协议画面
Thu, 15 Oct 2020 09:23:04-run_all_case.py-test_backStage_examine.py-[line:24]-INFO-[日志信息]: 开始执行脚本test_backstage_examine:

Thu, 15 Oct 2020 09:23:15-run_all_case.py-test_backStage_examine.py-[line:74]-INFO-[日志信息]: 成功登录后台系统
Thu, 15 Oct 2020 09:23:20-test_backstage_examine-Assert.py-[line:124]-INFO-[日志信息]: except_result = actul_result, except_result is 用户基本信息, actul_result is 用户基本信息
Thu, 15 Oct 2020 09:23:20-run_all_case.py-test_backStage_examine.py-[line:54]-INFO-[日志信息]: 成功进入企业信息审核画面
Thu, 15 Oct 2020 09:23:21-run_all_case.py-test_backStage_examine.py-[line:61]-INFO-[日志信息]: 企业认证通过
Thu, 15 Oct 2020 09:23:23-run_all_case.py-test_backStage_authentication.py-[line:169]-INFO-[日志信息]: 开始执行脚本test_backStageActCreate:

Thu, 15 Oct 2020 09:23:34-run_all_case.py-test_backStage_examine.py-[line:74]-INFO-[日志信息]: 成功登录后台系统
Thu, 15 Oct 2020 09:23:34-run_all_case.py-test_backStage_authentication.py-[line:179]-INFO-[日志信息]: 机构信息DB删除
Thu, 15 Oct 2020 09:23:50-run_all_case.py-test_backStage_authentication.py-[line:337]-INFO-[日志信息]: 进入担保公司创建页面
Thu, 15 Oct 2020 09:23:54-run_all_case.py-test_backStage_authentication.py-[line:335]-INFO-[日志信息]: 进入银行账户创建页面
Thu, 15 Oct 2020 09:23:58-run_all_case.py-test_backStage_authentication.py-[line:274]-INFO-[日志信息]: 开始执行脚本test_backStage_authentication:

Thu, 15 Oct 2020 09:23:58-run_all_case.py-test_backStage_authentication.py-[line:277]-INFO-[日志信息]: 开始执行脚本test_backStage_authentication:

Thu, 15 Oct 2020 09:24:12-run_all_case.py-test_login.py-[line:175]-INFO-[日志信息]: 成功进入到密码重置页面
Thu, 15 Oct 2020 09:24:15-run_all_case.py-test_login.py-[line:182]-INFO-[日志信息]: 成功进入到密码修改完成页面
Thu, 15 Oct 2020 09:24:19-run_all_case.py-test_login.py-[line:175]-INFO-[日志信息]: 成功进入到密码重置页面
Thu, 15 Oct 2020 09:24:21-run_all_case.py-test_login.py-[line:182]-INFO-[日志信息]: 成功进入到密码修改完成页面
Thu, 15 Oct 2020 09:24:22-run_all_case.py-test_backStage_examine.py-[line:74]-INFO-[日志信息]: 成功登录后台系统
Thu, 15 Oct 2020 09:24:27-run_all_case.py-test_backStage_authentication.py-[line:232]-INFO-[日志信息]: 企业信息认证
Thu, 15 Oct 2020 09:24:37-run_all_case.py-test_backStage_authentication.py-[line:249]-INFO-[日志信息]: 协议内容确认页面
Thu, 15 Oct 2020 09:24:47-run_all_case.py-test_backStage_authentication.py-[line:261]-INFO-[日志信息]: 二维码认证页面
Thu, 15 Oct 2020 09:25:03-run_all_case.py-test_backStage_examine.py-[line:74]-INFO-[日志信息]: 成功登录后台系统
Thu, 15 Oct 2020 09:25:08-run_all_case.py-test_backStage_authentication.py-[line:232]-INFO-[日志信息]: 企业信息认证
Thu, 15 Oct 2020 09:25:11-run_all_case.py-test_backStage_authentication.py-[line:249]-INFO-[日志信息]: 协议内容确认页面
Thu, 15 Oct 2020 09:25:25-run_all_case.py-test_backStage_authentication.py-[line:261]-INFO-[日志信息]: 二维码认证页面
Thu, 15 Oct 2020 09:25:31-run_all_case.py-test_backStage_authentication.py-[line:44]-INFO-[日志信息]: 首页
Thu, 15 Oct 2020 09:25:33-run_all_case.py-test_backStage_authentication.py-[line:48]-INFO-[日志信息]: 产品基本信息
Thu, 15 Oct 2020 09:29:05-run_all_case.py-run_all_case.py-[line:41]-INFO-[日志信息]: ==================================2020-10-15 09:29:05===================================
Thu, 15 Oct 2020 09:30:09-run_all_case.py-run_all_case.py-[line:41]-INFO-[日志信息]: ==================================2020-10-15 09:30:09===================================
Thu, 15 Oct 2020 09:30:30-run_all_case.py-test_login.py-[line:108]-INFO-[日志信息]: PC 端进行密码修改
Thu, 15 Oct 2020 09:30:40-run_all_case.py-test_login.py-[line:190]-INFO-[日志信息]: 登录页面
Thu, 15 Oct 2020 09:30:42-run_all_case.py-test_login.py-[line:195]-INFO-[日志信息]: 安全验证页面
Thu, 15 Oct 2020 09:31:47-run_all_case.py-test_login.py-[line:211]-INFO-[日志信息]: 重置密码页面
Thu, 15 Oct 2020 09:31:51-run_all_case.py-test_login.py-[line:110]-INFO-[日志信息]: 小程序个人实名认证页面
Thu, 15 Oct 2020 09:34:59-run_all_case.py-run_all_case.py-[line:41]-INFO-[日志信息]: ==================================2020-10-15 09:34:59===================================
Thu, 15 Oct 2020 09:36:35-run_all_case.py-run_all_case.py-[line:41]-INFO-[日志信息]: ==================================2020-10-15 09:36:35===================================
Thu, 15 Oct 2020 09:39:18-run_all_case.py-run_all_case.py-[line:41]-INFO-[日志信息]: ==================================2020-10-15 09:39:18===================================
Thu, 15 Oct 2020 09:40:56-run_all_case.py-run_all_case.py-[line:41]-INFO-[日志信息]: ==================================2020-10-15 09:40:56===================================
Thu, 15 Oct 2020 09:41:52-run_all_case.py-run_all_case.py-[line:41]-INFO-[日志信息]: ==================================2020-10-15 09:41:52===================================
Thu, 15 Oct 2020 09:42:13-run_all_case.py-test_login.py-[line:108]-INFO-[日志信息]: PC 端进行密码修改
Thu, 15 Oct 2020 09:42:23-run_all_case.py-test_login.py-[line:191]-INFO-[日志信息]: 登录页面
Thu, 15 Oct 2020 09:42:24-run_all_case.py-test_login.py-[line:196]-INFO-[日志信息]: 安全验证页面
Thu, 15 Oct 2020 09:42:26-run_all_case.py-test_login.py-[line:212]-INFO-[日志信息]: 重置密码页面
Thu, 15 Oct 2020 09:42:29-run_all_case.py-test_login.py-[line:110]-INFO-[日志信息]: 小程序个人实名认证页面
Thu, 15 Oct 2020 09:43:33-run_all_case.py-test_businessInfoReg.py-[line:144]-INFO-[日志信息]: 企业认证画面
Thu, 15 Oct 2020 09:44:53-run_all_case.py-test_businessInfoReg.py-[line:181]-INFO-[日志信息]: 平台服务协议画面
Thu, 15 Oct 2020 09:45:15-run_all_case.py-test_backStage_examine.py-[line:24]-INFO-[日志信息]: 开始执行脚本test_backstage_examine:

Thu, 15 Oct 2020 09:45:26-run_all_case.py-test_backStage_examine.py-[line:74]-INFO-[日志信息]: 成功登录后台系统
Thu, 15 Oct 2020 09:45:30-test_backstage_examine-Assert.py-[line:124]-INFO-[日志信息]: except_result = actul_result, except_result is 用户基本信息, actul_result is 用户基本信息
Thu, 15 Oct 2020 09:45:30-run_all_case.py-test_backStage_examine.py-[line:54]-INFO-[日志信息]: 成功进入企业信息审核画面
Thu, 15 Oct 2020 09:45:32-run_all_case.py-test_backStage_examine.py-[line:61]-INFO-[日志信息]: 企业认证通过
Thu, 15 Oct 2020 09:45:34-run_all_case.py-test_backStage_authentication.py-[line:169]-INFO-[日志信息]: 开始执行脚本test_backStageActCreate:

Thu, 15 Oct 2020 09:45:45-run_all_case.py-test_backStage_examine.py-[line:74]-INFO-[日志信息]: 成功登录后台系统
Thu, 15 Oct 2020 09:45:45-run_all_case.py-test_backStage_authentication.py-[line:179]-INFO-[日志信息]: 机构信息DB删除
Thu, 15 Oct 2020 09:46:01-run_all_case.py-test_backStage_authentication.py-[line:337]-INFO-[日志信息]: 进入担保公司创建页面
Thu, 15 Oct 2020 09:46:04-run_all_case.py-test_backStage_authentication.py-[line:335]-INFO-[日志信息]: 进入银行账户创建页面
Thu, 15 Oct 2020 09:46:09-run_all_case.py-test_backStage_authentication.py-[line:274]-INFO-[日志信息]: 开始执行脚本test_backStage_authentication:

Thu, 15 Oct 2020 09:46:09-run_all_case.py-test_backStage_authentication.py-[line:277]-INFO-[日志信息]: 开始执行脚本test_backStage_authentication:

Thu, 15 Oct 2020 09:46:23-run_all_case.py-test_login.py-[line:176]-INFO-[日志信息]: 成功进入到密码重置页面
Thu, 15 Oct 2020 09:46:25-run_all_case.py-test_login.py-[line:183]-INFO-[日志信息]: 成功进入到密码修改完成页面
Thu, 15 Oct 2020 09:46:29-run_all_case.py-test_login.py-[line:176]-INFO-[日志信息]: 成功进入到密码重置页面
Thu, 15 Oct 2020 09:46:32-run_all_case.py-test_login.py-[line:183]-INFO-[日志信息]: 成功进入到密码修改完成页面
Thu, 15 Oct 2020 09:46:33-run_all_case.py-test_backStage_examine.py-[line:74]-INFO-[日志信息]: 成功登录后台系统
Thu, 15 Oct 2020 09:46:38-run_all_case.py-test_backStage_authentication.py-[line:232]-INFO-[日志信息]: 企业信息认证
Thu, 15 Oct 2020 09:46:41-run_all_case.py-test_backStage_authentication.py-[line:249]-INFO-[日志信息]: 协议内容确认页面
Thu, 15 Oct 2020 09:46:50-run_all_case.py-test_backStage_authentication.py-[line:261]-INFO-[日志信息]: 二维码认证页面
Thu, 15 Oct 2020 09:47:07-run_all_case.py-test_backStage_examine.py-[line:74]-INFO-[日志信息]: 成功登录后台系统
Thu, 15 Oct 2020 09:47:12-run_all_case.py-test_backStage_authentication.py-[line:232]-INFO-[日志信息]: 企业信息认证
Thu, 15 Oct 2020 09:47:15-run_all_case.py-test_backStage_authentication.py-[line:249]-INFO-[日志信息]: 协议内容确认页面
Thu, 15 Oct 2020 09:47:24-run_all_case.py-test_backStage_authentication.py-[line:261]-INFO-[日志信息]: 二维码认证页面
Thu, 15 Oct 2020 09:47:30-run_all_case.py-test_backStage_authentication.py-[line:44]-INFO-[日志信息]: 首页
Thu, 15 Oct 2020 09:47:32-run_all_case.py-test_backStage_authentication.py-[line:48]-INFO-[日志信息]: 产品基本信息
Thu, 15 Oct 2020 10:09:26-run_all_case.py-run_all_case.py-[line:41]-INFO-[日志信息]: ==================================2020-10-15 10:09:26===================================
Thu, 15 Oct 2020 10:09:26-run_all_case.py-test_backStage_authentication.py-[line:173]-INFO-[日志信息]: 开始执行脚本test_backStageActCreate:

Thu, 15 Oct 2020 10:09:40-run_all_case.py-test_backStage_examine.py-[line:74]-INFO-[日志信息]: 成功登录后台系统
Thu, 15 Oct 2020 10:09:40-run_all_case.py-test_backStage_authentication.py-[line:183]-INFO-[日志信息]: 机构信息DB删除
Thu, 15 Oct 2020 10:09:56-run_all_case.py-test_backStage_authentication.py-[line:341]-INFO-[日志信息]: 进入担保公司创建页面
Thu, 15 Oct 2020 10:10:00-run_all_case.py-test_backStage_authentication.py-[line:339]-INFO-[日志信息]: 进入银行账户创建页面
Thu, 15 Oct 2020 10:10:05-run_all_case.py-test_backStage_authentication.py-[line:278]-INFO-[日志信息]: 开始执行脚本test_backStage_authentication:

Thu, 15 Oct 2020 10:10:05-run_all_case.py-test_backStage_authentication.py-[line:281]-INFO-[日志信息]: 开始执行脚本test_backStage_authentication:

Thu, 15 Oct 2020 10:10:18-run_all_case.py-test_login.py-[line:176]-INFO-[日志信息]: 成功进入到密码重置页面
Thu, 15 Oct 2020 10:10:21-run_all_case.py-test_login.py-[line:183]-INFO-[日志信息]: 成功进入到密码修改完成页面
Thu, 15 Oct 2020 10:10:25-run_all_case.py-test_login.py-[line:176]-INFO-[日志信息]: 成功进入到密码重置页面
Thu, 15 Oct 2020 10:10:28-run_all_case.py-test_login.py-[line:183]-INFO-[日志信息]: 成功进入到密码修改完成页面
Thu, 15 Oct 2020 10:10:29-run_all_case.py-test_backStage_examine.py-[line:74]-INFO-[日志信息]: 成功登录后台系统
Thu, 15 Oct 2020 10:10:34-run_all_case.py-test_backStage_authentication.py-[line:236]-INFO-[日志信息]: 企业信息认证
Thu, 15 Oct 2020 10:10:41-run_all_case.py-test_backStage_authentication.py-[line:253]-INFO-[日志信息]: 协议内容确认页面
Thu, 15 Oct 2020 10:10:51-run_all_case.py-test_backStage_authentication.py-[line:265]-INFO-[日志信息]: 二维码认证页面
Thu, 15 Oct 2020 10:11:07-run_all_case.py-test_backStage_examine.py-[line:74]-INFO-[日志信息]: 成功登录后台系统
Thu, 15 Oct 2020 10:11:12-run_all_case.py-test_backStage_authentication.py-[line:236]-INFO-[日志信息]: 企业信息认证
Thu, 15 Oct 2020 10:11:15-run_all_case.py-test_backStage_authentication.py-[line:253]-INFO-[日志信息]: 协议内容确认页面
Thu, 15 Oct 2020 10:11:24-run_all_case.py-test_backStage_authentication.py-[line:265]-INFO-[日志信息]: 二维码认证页面
Thu, 15 Oct 2020 10:11:30-run_all_case.py-test_backStage_authentication.py-[line:44]-INFO-[日志信息]: 首页
Thu, 15 Oct 2020 10:11:32-run_all_case.py-test_backStage_authentication.py-[line:48]-INFO-[日志信息]: 产品基本信息
Thu, 15 Oct 2020 10:14:55-run_all_case.py-run_all_case.py-[line:41]-INFO-[日志信息]: ==================================2020-10-15 10:14:55===================================
Thu, 15 Oct 2020 10:16:38-run_all_case.py-run_all_case.py-[line:41]-INFO-[日志信息]: ==================================2020-10-15 10:16:38===================================
Thu, 15 Oct 2020 10:17:02-run_all_case.py-test_login.py-[line:103]-INFO-[日志信息]: PC 端进行密码修改
Thu, 15 Oct 2020 10:17:11-run_all_case.py-test_login.py-[line:186]-INFO-[日志信息]: 登录页面
Thu, 15 Oct 2020 10:17:13-run_all_case.py-test_login.py-[line:191]-INFO-[日志信息]: 安全验证页面
Thu, 15 Oct 2020 10:17:14-run_all_case.py-test_login.py-[line:207]-INFO-[日志信息]: 重置密码页面
Thu, 15 Oct 2020 10:17:18-run_all_case.py-test_login.py-[line:105]-INFO-[日志信息]: 小程序个人实名认证页面
Thu, 15 Oct 2020 10:18:12-run_all_case.py-test_businessInfoReg.py-[line:144]-INFO-[日志信息]: 企业认证画面
Thu, 15 Oct 2020 10:19:31-run_all_case.py-test_businessInfoReg.py-[line:181]-INFO-[日志信息]: 平台服务协议画面
Thu, 15 Oct 2020 10:19:49-run_all_case.py-test_backStage_examine.py-[line:24]-INFO-[日志信息]: 开始执行脚本test_backstage_examine:

Thu, 15 Oct 2020 10:20:00-run_all_case.py-test_backStage_examine.py-[line:74]-INFO-[日志信息]: 成功登录后台系统
Thu, 15 Oct 2020 10:20:05-test_backstage_examine-Assert.py-[line:124]-INFO-[日志信息]: except_result = actul_result, except_result is 用户基本信息, actul_result is 用户基本信息
Thu, 15 Oct 2020 10:20:05-run_all_case.py-test_backStage_examine.py-[line:54]-INFO-[日志信息]: 成功进入企业信息审核画面
Thu, 15 Oct 2020 10:20:06-run_all_case.py-test_backStage_examine.py-[line:61]-INFO-[日志信息]: 企业认证通过
Thu, 15 Oct 2020 10:20:08-run_all_case.py-test_backStage_authentication.py-[line:173]-INFO-[日志信息]: 开始执行脚本test_backStageActCreate:

Thu, 15 Oct 2020 10:20:19-run_all_case.py-test_backStage_examine.py-[line:74]-INFO-[日志信息]: 成功登录后台系统
Thu, 15 Oct 2020 10:20:19-run_all_case.py-test_backStage_authentication.py-[line:183]-INFO-[日志信息]: 机构信息DB删除
Thu, 15 Oct 2020 10:20:36-run_all_case.py-test_backStage_authentication.py-[line:341]-INFO-[日志信息]: 进入担保公司创建页面
Thu, 15 Oct 2020 10:20:39-run_all_case.py-test_backStage_authentication.py-[line:339]-INFO-[日志信息]: 进入银行账户创建页面
Thu, 15 Oct 2020 10:20:44-run_all_case.py-test_backStage_authentication.py-[line:278]-INFO-[日志信息]: 开始执行脚本test_backStage_authentication:

Thu, 15 Oct 2020 10:20:44-run_all_case.py-test_backStage_authentication.py-[line:281]-INFO-[日志信息]: 开始执行脚本test_backStage_authentication:

Thu, 15 Oct 2020 10:20:57-run_all_case.py-test_login.py-[line:171]-INFO-[日志信息]: 成功进入到密码重置页面
Thu, 15 Oct 2020 10:21:00-run_all_case.py-test_login.py-[line:178]-INFO-[日志信息]: 成功进入到密码修改完成页面
Thu, 15 Oct 2020 10:21:04-run_all_case.py-test_login.py-[line:171]-INFO-[日志信息]: 成功进入到密码重置页面
Thu, 15 Oct 2020 10:21:07-run_all_case.py-test_login.py-[line:178]-INFO-[日志信息]: 成功进入到密码修改完成页面
Thu, 15 Oct 2020 10:21:08-run_all_case.py-test_backStage_examine.py-[line:74]-INFO-[日志信息]: 成功登录后台系统
Thu, 15 Oct 2020 10:21:13-run_all_case.py-test_backStage_authentication.py-[line:236]-INFO-[日志信息]: 企业信息认证
Thu, 15 Oct 2020 10:21:16-run_all_case.py-test_backStage_authentication.py-[line:253]-INFO-[日志信息]: 协议内容确认页面
Thu, 15 Oct 2020 10:21:25-run_all_case.py-test_backStage_authentication.py-[line:265]-INFO-[日志信息]: 二维码认证页面
Thu, 15 Oct 2020 10:21:42-run_all_case.py-test_backStage_examine.py-[line:74]-INFO-[日志信息]: 成功登录后台系统
Thu, 15 Oct 2020 10:21:47-run_all_case.py-test_backStage_authentication.py-[line:236]-INFO-[日志信息]: 企业信息认证
Thu, 15 Oct 2020 10:21:50-run_all_case.py-test_backStage_authentication.py-[line:253]-INFO-[日志信息]: 协议内容确认页面
Thu, 15 Oct 2020 10:22:02-run_all_case.py-test_backStage_authentication.py-[line:265]-INFO-[日志信息]: 二维码认证页面
Thu, 15 Oct 2020 10:22:05-run_all_case.py-test_backStage_authentication.py-[line:44]-INFO-[日志信息]: 首页
Thu, 15 Oct 2020 10:22:07-run_all_case.py-test_backStage_authentication.py-[line:48]-INFO-[日志信息]: 产品基本信息
Thu, 15 Oct 2020 10:22:14-run_all_case.py-test_backStage_authentication.py-[line:139]-INFO-[日志信息]: 产品特性
Thu, 15 Oct 2020 10:22:16-run_all_case.py-test_backStage_authentication.py-[line:154]-INFO-[日志信息]: 计分卡
Thu, 15 Oct 2020 10:22:18-run_all_case.py-test_backStage_authentication.py-[line:161]-INFO-[日志信息]: 进件信息
Thu, 15 Oct 2020 10:22:21-run_all_case.py-test_Tripartite_interaction.py-[line:137]-INFO-[日志信息]: 开始执行脚本test_Tripartite_interaction:

Thu, 15 Oct 2020 11:07:07-run_all_case.py-run_all_case.py-[line:41]-INFO-[日志信息]: ==================================2020-10-15 11:07:07===================================
Thu, 15 Oct 2020 11:07:45-run_all_case.py-run_all_case.py-[line:41]-INFO-[日志信息]: ==================================2020-10-15 11:07:45===================================
Thu, 15 Oct 2020 11:08:02-run_all_case.py-test_businessInfoReg.py-[line:144]-INFO-[日志信息]: 企业认证画面
Thu, 15 Oct 2020 11:08:07-run_all_case.py-test_backStage_examine.py-[line:24]-INFO-[日志信息]: 开始执行脚本test_backstage_examine:

Thu, 15 Oct 2020 11:08:39-run_all_case.py-run_all_case.py-[line:41]-INFO-[日志信息]: ==================================2020-10-15 11:08:39===================================
Thu, 15 Oct 2020 11:09:25-run_all_case.py-run_all_case.py-[line:41]-INFO-[日志信息]: ==================================2020-10-15 11:09:25===================================
Thu, 15 Oct 2020 11:09:25-run_all_case.py-test_Tripartite_interaction.py-[line:137]-INFO-[日志信息]: 开始执行脚本test_Tripartite_interaction:

Thu, 15 Oct 2020 11:09:36-run_all_case.py-test_Tripartite_interaction.py-[line:144]-INFO-[日志信息]: 前端账户登录授信申请
Thu, 15 Oct 2020 11:09:37-run_all_case.py-test_Tripartite_interaction.py-[line:190]-INFO-[日志信息]: 进入到前端首页
Thu, 15 Oct 2020 11:09:37-run_all_case.py-test_Tripartite_interaction.py-[line:193]-INFO-[日志信息]: 进入到前端进入产品选择首页
Thu, 15 Oct 2020 11:09:39-run_all_case.py-test_Tripartite_interaction.py-[line:198]-INFO-[日志信息]: 进入到前端进入产品详情页
Thu, 15 Oct 2020 11:09:39-run_all_case.py-test_Tripartite_interaction.py-[line:202]-INFO-[日志信息]: 进入到前端进入产品借款页
Thu, 15 Oct 2020 11:11:04-run_all_case.py-run_all_case.py-[line:41]-INFO-[日志信息]: ==================================2020-10-15 11:11:04===================================
Thu, 15 Oct 2020 11:11:24-run_all_case.py-test_businessInfoReg.py-[line:144]-INFO-[日志信息]: 企业认证画面
Thu, 15 Oct 2020 11:11:48-run_all_case.py-run_all_case.py-[line:41]-INFO-[日志信息]: ==================================2020-10-15 11:11:48===================================
Thu, 15 Oct 2020 11:12:12-run_all_case.py-test_login.py-[line:103]-INFO-[日志信息]: PC 端进行密码修改
Thu, 15 Oct 2020 11:12:21-run_all_case.py-test_login.py-[line:186]-INFO-[日志信息]: 登录页面
Thu, 15 Oct 2020 11:12:23-run_all_case.py-test_login.py-[line:191]-INFO-[日志信息]: 安全验证页面
Thu, 15 Oct 2020 11:12:24-run_all_case.py-test_login.py-[line:207]-INFO-[日志信息]: 重置密码页面
Thu, 15 Oct 2020 11:12:28-run_all_case.py-test_login.py-[line:105]-INFO-[日志信息]: 小程序个人实名认证页面
Thu, 15 Oct 2020 11:13:23-run_all_case.py-test_businessInfoReg.py-[line:144]-INFO-[日志信息]: 企业认证画面
Thu, 15 Oct 2020 11:13:28-run_all_case.py-test_backStage_examine.py-[line:24]-INFO-[日志信息]: 开始执行脚本test_backstage_examine:

Thu, 15 Oct 2020 11:13:39-run_all_case.py-test_backStage_examine.py-[line:74]-INFO-[日志信息]: 成功登录后台系统
Thu, 15 Oct 2020 11:13:44-test_backstage_examine-Assert.py-[line:124]-INFO-[日志信息]: except_result = actul_result, except_result is 用户基本信息, actul_result is 用户基本信息
Thu, 15 Oct 2020 11:13:44-run_all_case.py-test_backStage_examine.py-[line:54]-INFO-[日志信息]: 成功进入企业信息审核画面
Thu, 15 Oct 2020 11:13:44-run_all_case.py-test_backStage_authentication.py-[line:173]-INFO-[日志信息]: 开始执行脚本test_backStageActCreate:

Thu, 15 Oct 2020 11:13:55-run_all_case.py-test_backStage_examine.py-[line:74]-INFO-[日志信息]: 成功登录后台系统
Thu, 15 Oct 2020 11:13:55-run_all_case.py-test_backStage_authentication.py-[line:183]-INFO-[日志信息]: 机构信息DB删除
Thu, 15 Oct 2020 11:14:11-run_all_case.py-test_backStage_authentication.py-[line:341]-INFO-[日志信息]: 进入担保公司创建页面
Thu, 15 Oct 2020 11:14:14-run_all_case.py-test_backStage_authentication.py-[line:339]-INFO-[日志信息]: 进入银行账户创建页面
Thu, 15 Oct 2020 11:14:19-run_all_case.py-test_backStage_authentication.py-[line:278]-INFO-[日志信息]: 开始执行脚本test_backStage_authentication:

Thu, 15 Oct 2020 11:14:19-run_all_case.py-test_backStage_authentication.py-[line:281]-INFO-[日志信息]: 开始执行脚本test_backStage_authentication:

Thu, 15 Oct 2020 11:14:33-run_all_case.py-test_login.py-[line:171]-INFO-[日志信息]: 成功进入到密码重置页面
Thu, 15 Oct 2020 11:14:35-run_all_case.py-test_login.py-[line:178]-INFO-[日志信息]: 成功进入到密码修改完成页面
Thu, 15 Oct 2020 11:14:39-run_all_case.py-test_login.py-[line:171]-INFO-[日志信息]: 成功进入到密码重置页面
Thu, 15 Oct 2020 11:14:42-run_all_case.py-test_login.py-[line:178]-INFO-[日志信息]: 成功进入到密码修改完成页面
Thu, 15 Oct 2020 11:14:43-run_all_case.py-test_backStage_examine.py-[line:74]-INFO-[日志信息]: 成功登录后台系统
Thu, 15 Oct 2020 11:14:48-run_all_case.py-test_backStage_authentication.py-[line:236]-INFO-[日志信息]: 企业信息认证
Thu, 15 Oct 2020 11:15:18-run_all_case.py-test_Tripartite_interaction.py-[line:137]-INFO-[日志信息]: 开始执行脚本test_Tripartite_interaction:

Thu, 15 Oct 2020 11:15:28-run_all_case.py-test_Tripartite_interaction.py-[line:144]-INFO-[日志信息]: 前端账户登录授信申请
Thu, 15 Oct 2020 11:15:30-run_all_case.py-test_Tripartite_interaction.py-[line:190]-INFO-[日志信息]: 进入到前端首页
Thu, 15 Oct 2020 11:15:30-run_all_case.py-test_Tripartite_interaction.py-[line:193]-INFO-[日志信息]: 进入到前端进入产品选择首页
Thu, 15 Oct 2020 11:15:32-run_all_case.py-test_Tripartite_interaction.py-[line:198]-INFO-[日志信息]: 进入到前端进入产品详情页
Thu, 15 Oct 2020 12:49:37-run_all_case.py-run_all_case.py-[line:41]-INFO-[日志信息]: ==================================2020-10-15 12:49:37===================================
Thu, 15 Oct 2020 12:49:57-run_all_case.py-test_businessInfoReg.py-[line:144]-INFO-[日志信息]: 企业认证画面
Thu, 15 Oct 2020 12:50:23-run_all_case.py-run_all_case.py-[line:41]-INFO-[日志信息]: ==================================2020-10-15 12:50:23===================================
Thu, 15 Oct 2020 12:50:47-run_all_case.py-test_login.py-[line:103]-INFO-[日志信息]: PC 端进行密码修改
Thu, 15 Oct 2020 12:50:57-run_all_case.py-test_login.py-[line:186]-INFO-[日志信息]: 登录页面
Thu, 15 Oct 2020 12:50:58-run_all_case.py-test_login.py-[line:191]-INFO-[日志信息]: 安全验证页面
Thu, 15 Oct 2020 12:51:00-run_all_case.py-test_login.py-[line:207]-INFO-[日志信息]: 重置密码页面
Thu, 15 Oct 2020 12:51:03-run_all_case.py-test_login.py-[line:105]-INFO-[日志信息]: 小程序个人实名认证页面
Thu, 15 Oct 2020 12:51:58-run_all_case.py-test_businessInfoReg.py-[line:144]-INFO-[日志信息]: 企业认证画面
Thu, 15 Oct 2020 12:52:03-run_all_case.py-test_backStage_examine.py-[line:24]-INFO-[日志信息]: 开始执行脚本test_backstage_examine:

Thu, 15 Oct 2020 12:52:14-run_all_case.py-test_backStage_examine.py-[line:74]-INFO-[日志信息]: 成功登录后台系统
Thu, 15 Oct 2020 12:52:19-test_backstage_examine-Assert.py-[line:124]-INFO-[日志信息]: except_result = actul_result, except_result is 用户基本信息, actul_result is 用户基本信息
Thu, 15 Oct 2020 12:52:19-run_all_case.py-test_backStage_examine.py-[line:54]-INFO-[日志信息]: 成功进入企业信息审核画面
Thu, 15 Oct 2020 12:52:19-run_all_case.py-test_backStage_authentication.py-[line:173]-INFO-[日志信息]: 开始执行脚本test_backStageActCreate:

Thu, 15 Oct 2020 12:52:37-run_all_case.py-test_backStage_authentication.py-[line:278]-INFO-[日志信息]: 开始执行脚本test_backStage_authentication:

Thu, 15 Oct 2020 12:52:37-run_all_case.py-test_backStage_authentication.py-[line:281]-INFO-[日志信息]: 开始执行脚本test_backStage_authentication:

Thu, 15 Oct 2020 12:55:20-run_all_case.py-run_all_case.py-[line:41]-INFO-[日志信息]: ==================================2020-10-15 12:55:20===================================
Thu, 15 Oct 2020 12:55:45-run_all_case.py-test_businessInfoReg.py-[line:144]-INFO-[日志信息]: 企业认证画面
Thu, 15 Oct 2020 12:56:34-run_all_case.py-run_all_case.py-[line:41]-INFO-[日志信息]: ==================================2020-10-15 12:56:34===================================
Thu, 15 Oct 2020 12:56:56-run_all_case.py-test_login.py-[line:102]-INFO-[日志信息]: PC 端进行密码修改
Thu, 15 Oct 2020 12:57:06-run_all_case.py-test_login.py-[line:185]-INFO-[日志信息]: 登录页面
Thu, 15 Oct 2020 12:57:07-run_all_case.py-test_login.py-[line:190]-INFO-[日志信息]: 安全验证页面
Thu, 15 Oct 2020 12:57:08-run_all_case.py-test_login.py-[line:206]-INFO-[日志信息]: 重置密码页面
Thu, 15 Oct 2020 12:57:11-run_all_case.py-test_login.py-[line:104]-INFO-[日志信息]: 小程序个人实名认证页面
Thu, 15 Oct 2020 12:58:06-run_all_case.py-test_businessInfoReg.py-[line:144]-INFO-[日志信息]: 企业认证画面
Thu, 15 Oct 2020 12:59:28-run_all_case.py-test_businessInfoReg.py-[line:182]-INFO-[日志信息]: 平台服务协议画面
Thu, 15 Oct 2020 12:59:46-run_all_case.py-test_backStage_examine.py-[line:24]-INFO-[日志信息]: 开始执行脚本test_backstage_examine:

Thu, 15 Oct 2020 12:59:57-run_all_case.py-test_backStage_examine.py-[line:74]-INFO-[日志信息]: 成功登录后台系统
Thu, 15 Oct 2020 13:00:02-test_backstage_examine-Assert.py-[line:124]-INFO-[日志信息]: except_result = actul_result, except_result is 用户基本信息, actul_result is 用户基本信息
Thu, 15 Oct 2020 13:00:02-run_all_case.py-test_backStage_examine.py-[line:54]-INFO-[日志信息]: 成功进入企业信息审核画面
Thu, 15 Oct 2020 13:00:02-run_all_case.py-test_backStage_authentication.py-[line:173]-INFO-[日志信息]: 开始执行脚本test_backStageActCreate:

Thu, 15 Oct 2020 13:01:48-run_all_case.py-run_all_case.py-[line:41]-INFO-[日志信息]: ==================================2020-10-15 13:01:48===================================
Thu, 15 Oct 2020 13:02:10-run_all_case.py-test_login.py-[line:102]-INFO-[日志信息]: PC 端进行密码修改
Thu, 15 Oct 2020 13:02:20-run_all_case.py-test_login.py-[line:185]-INFO-[日志信息]: 登录页面
Thu, 15 Oct 2020 13:02:21-run_all_case.py-test_login.py-[line:190]-INFO-[日志信息]: 安全验证页面
Thu, 15 Oct 2020 13:02:21-run_all_case.py-test_login.py-[line:206]-INFO-[日志信息]: 重置密码页面
Thu, 15 Oct 2020 13:02:25-run_all_case.py-test_login.py-[line:104]-INFO-[日志信息]: 小程序个人实名认证页面
Thu, 15 Oct 2020 13:03:20-run_all_case.py-test_businessInfoReg.py-[line:144]-INFO-[日志信息]: 企业认证画面
Thu, 15 Oct 2020 13:04:26-run_all_case.py-test_backStage_examine.py-[line:24]-INFO-[日志信息]: 开始执行脚本test_backstage_examine:

Thu, 15 Oct 2020 13:04:37-run_all_case.py-test_backStage_examine.py-[line:74]-INFO-[日志信息]: 成功登录后台系统
Thu, 15 Oct 2020 13:08:00-run_all_case.py-run_all_case.py-[line:41]-INFO-[日志信息]: ==================================2020-10-15 13:08:00===================================
Thu, 15 Oct 2020 13:08:23-run_all_case.py-test_login.py-[line:102]-INFO-[日志信息]: PC 端进行密码修改
Thu, 15 Oct 2020 13:08:33-run_all_case.py-test_login.py-[line:185]-INFO-[日志信息]: 登录页面
Thu, 15 Oct 2020 13:08:34-run_all_case.py-test_login.py-[line:190]-INFO-[日志信息]: 安全验证页面
Thu, 15 Oct 2020 13:08:35-run_all_case.py-test_login.py-[line:206]-INFO-[日志信息]: 重置密码页面
Thu, 15 Oct 2020 13:08:39-run_all_case.py-test_login.py-[line:104]-INFO-[日志信息]: 小程序个人实名认证页面
Thu, 15 Oct 2020 13:09:33-run_all_case.py-test_businessInfoReg.py-[line:144]-INFO-[日志信息]: 企业认证画面
Thu, 15 Oct 2020 13:10:53-run_all_case.py-test_businessInfoReg.py-[line:183]-INFO-[日志信息]: 平台服务协议画面
Thu, 15 Oct 2020 13:11:12-run_all_case.py-test_backStage_examine.py-[line:24]-INFO-[日志信息]: 开始执行脚本test_backstage_examine:

Thu, 15 Oct 2020 13:11:22-run_all_case.py-test_backStage_examine.py-[line:74]-INFO-[日志信息]: 成功登录后台系统
Thu, 15 Oct 2020 13:11:27-test_backstage_examine-Assert.py-[line:124]-INFO-[日志信息]: except_result = actul_result, except_result is 用户基本信息, actul_result is 用户基本信息
Thu, 15 Oct 2020 13:11:27-run_all_case.py-test_backStage_examine.py-[line:54]-INFO-[日志信息]: 成功进入企业信息审核画面
Thu, 15 Oct 2020 13:11:28-run_all_case.py-test_backStage_examine.py-[line:61]-INFO-[日志信息]: 企业认证通过
Thu, 15 Oct 2020 13:11:31-run_all_case.py-test_backStage_authentication.py-[line:173]-INFO-[日志信息]: 开始执行脚本test_backStageActCreate:

Thu, 15 Oct 2020 13:11:41-run_all_case.py-test_backStage_examine.py-[line:74]-INFO-[日志信息]: 成功登录后台系统
Thu, 15 Oct 2020 13:11:41-run_all_case.py-test_backStage_authentication.py-[line:183]-INFO-[日志信息]: 机构信息DB删除
Thu, 15 Oct 2020 13:11:57-run_all_case.py-test_backStage_authentication.py-[line:341]-INFO-[日志信息]: 进入担保公司创建页面
Thu, 15 Oct 2020 13:12:01-run_all_case.py-test_backStage_authentication.py-[line:339]-INFO-[日志信息]: 进入银行账户创建页面
Thu, 15 Oct 2020 13:12:05-run_all_case.py-test_backStage_authentication.py-[line:278]-INFO-[日志信息]: 开始执行脚本test_backStage_authentication:

Thu, 15 Oct 2020 13:12:05-run_all_case.py-test_backStage_authentication.py-[line:281]-INFO-[日志信息]: 开始执行脚本test_backStage_authentication:

Thu, 15 Oct 2020 13:12:19-run_all_case.py-test_login.py-[line:170]-INFO-[日志信息]: 成功进入到密码重置页面
Thu, 15 Oct 2020 13:12:22-run_all_case.py-test_login.py-[line:177]-INFO-[日志信息]: 成功进入到密码修改完成页面
Thu, 15 Oct 2020 13:12:26-run_all_case.py-test_login.py-[line:170]-INFO-[日志信息]: 成功进入到密码重置页面
Thu, 15 Oct 2020 13:12:28-run_all_case.py-test_login.py-[line:177]-INFO-[日志信息]: 成功进入到密码修改完成页面
Thu, 15 Oct 2020 13:12:29-run_all_case.py-test_backStage_examine.py-[line:74]-INFO-[日志信息]: 成功登录后台系统
Thu, 15 Oct 2020 13:12:35-run_all_case.py-test_backStage_authentication.py-[line:236]-INFO-[日志信息]: 企业信息认证
Thu, 15 Oct 2020 13:12:37-run_all_case.py-test_backStage_authentication.py-[line:253]-INFO-[日志信息]: 协议内容确认页面
Thu, 15 Oct 2020 13:12:47-run_all_case.py-test_backStage_authentication.py-[line:265]-INFO-[日志信息]: 二维码认证页面
Thu, 15 Oct 2020 13:13:03-run_all_case.py-test_backStage_examine.py-[line:74]-INFO-[日志信息]: 成功登录后台系统
Thu, 15 Oct 2020 13:13:09-run_all_case.py-test_backStage_authentication.py-[line:236]-INFO-[日志信息]: 企业信息认证
Thu, 15 Oct 2020 13:13:11-run_all_case.py-test_backStage_authentication.py-[line:253]-INFO-[日志信息]: 协议内容确认页面
Thu, 15 Oct 2020 13:13:24-run_all_case.py-test_backStage_authentication.py-[line:265]-INFO-[日志信息]: 二维码认证页面
Thu, 15 Oct 2020 13:13:26-run_all_case.py-test_backStage_authentication.py-[line:44]-INFO-[日志信息]: 首页
Thu, 15 Oct 2020 13:13:28-run_all_case.py-test_backStage_authentication.py-[line:48]-INFO-[日志信息]: 产品基本信息
Thu, 15 Oct 2020 13:13:35-run_all_case.py-test_backStage_authentication.py-[line:139]-INFO-[日志信息]: 产品特性
Thu, 15 Oct 2020 13:13:37-run_all_case.py-test_backStage_authentication.py-[line:154]-INFO-[日志信息]: 计分卡
Thu, 15 Oct 2020 13:13:39-run_all_case.py-test_backStage_authentication.py-[line:161]-INFO-[日志信息]: 进件信息
Thu, 15 Oct 2020 13:13:42-run_all_case.py-test_Tripartite_interaction.py-[line:137]-INFO-[日志信息]: 开始执行脚本test_Tripartite_interaction:

Thu, 15 Oct 2020 13:13:52-run_all_case.py-test_Tripartite_interaction.py-[line:144]-INFO-[日志信息]: 前端账户登录授信申请
Thu, 15 Oct 2020 13:13:54-run_all_case.py-test_Tripartite_interaction.py-[line:190]-INFO-[日志信息]: 进入到前端首页
Thu, 15 Oct 2020 13:13:54-run_all_case.py-test_Tripartite_interaction.py-[line:193]-INFO-[日志信息]: 进入到前端进入产品选择首页
Thu, 15 Oct 2020 13:13:56-run_all_case.py-test_Tripartite_interaction.py-[line:198]-INFO-[日志信息]: 进入到前端进入产品详情页
Thu, 15 Oct 2020 13:13:56-run_all_case.py-test_Tripartite_interaction.py-[line:202]-INFO-[日志信息]: 进入到前端进入产品借款页
Thu, 15 Oct 2020 13:14:07-run_all_case.py-test_Tripartite_interaction.py-[line:208]-INFO-[日志信息]: 进入授信采购信息页面
Thu, 15 Oct 2020 13:17:44-run_all_case.py-run_all_case.py-[line:41]-INFO-[日志信息]: ==================================2020-10-15 13:17:44===================================
Thu, 15 Oct 2020 13:17:53-run_all_case.py-test_Tripartite_interaction.py-[line:137]-INFO-[日志信息]: 开始执行脚本test_Tripartite_interaction:

Thu, 15 Oct 2020 13:18:42-run_all_case.py-run_all_case.py-[line:41]-INFO-[日志信息]: ==================================2020-10-15 13:18:42===================================
Thu, 15 Oct 2020 13:18:43-run_all_case.py-test_Tripartite_interaction.py-[line:137]-INFO-[日志信息]: 开始执行脚本test_Tripartite_interaction:

Thu, 15 Oct 2020 13:21:59-run_all_case.py-run_all_case.py-[line:41]-INFO-[日志信息]: ==================================2020-10-15 13:21:59===================================
Thu, 15 Oct 2020 13:21:59-run_all_case.py-test_Tripartite_interaction.py-[line:137]-INFO-[日志信息]: 开始执行脚本test_Tripartite_interaction:

Thu, 15 Oct 2020 13:22:49-run_all_case.py-run_all_case.py-[line:41]-INFO-[日志信息]: ==================================2020-10-15 13:22:49===================================
Thu, 15 Oct 2020 13:22:49-run_all_case.py-test_Tripartite_interaction.py-[line:137]-INFO-[日志信息]: 开始执行脚本test_Tripartite_interaction:

Thu, 15 Oct 2020 13:23:32-run_all_case.py-run_all_case.py-[line:41]-INFO-[日志信息]: ==================================2020-10-15 13:23:32===================================
Thu, 15 Oct 2020 13:23:32-run_all_case.py-test_Tripartite_interaction.py-[line:137]-INFO-[日志信息]: 开始执行脚本test_Tripartite_interaction:

Thu, 15 Oct 2020 13:24:13-run_all_case.py-run_all_case.py-[line:41]-INFO-[日志信息]: ==================================2020-10-15 13:24:13===================================
Thu, 15 Oct 2020 13:24:14-run_all_case.py-test_Tripartite_interaction.py-[line:137]-INFO-[日志信息]: 开始执行脚本test_Tripartite_interaction:

Thu, 15 Oct 2020 13:25:29-run_all_case.py-run_all_case.py-[line:41]-INFO-[日志信息]: ==================================2020-10-15 13:25:29===================================
Thu, 15 Oct 2020 13:25:30-run_all_case.py-test_Tripartite_interaction.py-[line:137]-INFO-[日志信息]: 开始执行脚本test_Tripartite_interaction:

Thu, 15 Oct 2020 13:26:36-run_all_case.py-run_all_case.py-[line:41]-INFO-[日志信息]: ==================================2020-10-15 13:26:36===================================
Thu, 15 Oct 2020 13:26:36-run_all_case.py-test_Tripartite_interaction.py-[line:137]-INFO-[日志信息]: 开始执行脚本test_Tripartite_interaction:

Thu, 15 Oct 2020 13:28:19-run_all_case.py-run_all_case.py-[line:41]-INFO-[日志信息]: ==================================2020-10-15 13:28:19===================================
Thu, 15 Oct 2020 13:28:19-run_all_case.py-test_Tripartite_interaction.py-[line:137]-INFO-[日志信息]: 开始执行脚本test_Tripartite_interaction:

Thu, 15 Oct 2020 13:28:51-run_all_case.py-run_all_case.py-[line:41]-INFO-[日志信息]: ==================================2020-10-15 13:28:51===================================
Thu, 15 Oct 2020 13:28:52-run_all_case.py-test_Tripartite_interaction.py-[line:137]-INFO-[日志信息]: 开始执行脚本test_Tripartite_interaction:

Thu, 15 Oct 2020 13:29:40-run_all_case.py-run_all_case.py-[line:41]-INFO-[日志信息]: ==================================2020-10-15 13:29:40===================================
Thu, 15 Oct 2020 13:29:41-run_all_case.py-test_Tripartite_interaction.py-[line:137]-INFO-[日志信息]: 开始执行脚本test_Tripartite_interaction:

Thu, 15 Oct 2020 13:31:27-run_all_case.py-run_all_case.py-[line:41]-INFO-[日志信息]: ==================================2020-10-15 13:31:27===================================
Thu, 15 Oct 2020 13:31:27-run_all_case.py-test_Tripartite_interaction.py-[line:137]-INFO-[日志信息]: 开始执行脚本test_Tripartite_interaction:

Thu, 15 Oct 2020 13:32:37-run_all_case.py-run_all_case.py-[line:41]-INFO-[日志信息]: ==================================2020-10-15 13:32:37===================================
Thu, 15 Oct 2020 13:32:38-run_all_case.py-test_Tripartite_interaction.py-[line:137]-INFO-[日志信息]: 开始执行脚本test_Tripartite_interaction:

Thu, 15 Oct 2020 13:34:57-run_all_case.py-run_all_case.py-[line:41]-INFO-[日志信息]: ==================================2020-10-15 13:34:57===================================
Thu, 15 Oct 2020 13:34:58-run_all_case.py-test_Tripartite_interaction.py-[line:137]-INFO-[日志信息]: 开始执行脚本test_Tripartite_interaction:

Thu, 15 Oct 2020 13:35:36-run_all_case.py-run_all_case.py-[line:41]-INFO-[日志信息]: ==================================2020-10-15 13:35:36===================================
Thu, 15 Oct 2020 13:35:37-run_all_case.py-test_Tripartite_interaction.py-[line:137]-INFO-[日志信息]: 开始执行脚本test_Tripartite_interaction:

Thu, 15 Oct 2020 13:36:31-run_all_case.py-run_all_case.py-[line:41]-INFO-[日志信息]: ==================================2020-10-15 13:36:31===================================
Thu, 15 Oct 2020 13:36:31-run_all_case.py-test_Tripartite_interaction.py-[line:137]-INFO-[日志信息]: 开始执行脚本test_Tripartite_interaction:

Thu, 15 Oct 2020 13:37:26-run_all_case.py-run_all_case.py-[line:41]-INFO-[日志信息]: ==================================2020-10-15 13:37:26===================================
Thu, 15 Oct 2020 13:37:27-run_all_case.py-test_Tripartite_interaction.py-[line:137]-INFO-[日志信息]: 开始执行脚本test_Tripartite_interaction:

Thu, 15 Oct 2020 13:38:12-run_all_case.py-run_all_case.py-[line:41]-INFO-[日志信息]: ==================================2020-10-15 13:38:12===================================
Thu, 15 Oct 2020 13:38:12-run_all_case.py-test_Tripartite_interaction.py-[line:137]-INFO-[日志信息]: 开始执行脚本test_Tripartite_interaction:

Thu, 15 Oct 2020 13:42:43-run_all_case.py-run_all_case.py-[line:41]-INFO-[日志信息]: ==================================2020-10-15 13:42:43===================================
Thu, 15 Oct 2020 13:42:43-run_all_case.py-test_Tripartite_interaction.py-[line:137]-INFO-[日志信息]: 开始执行脚本test_Tripartite_interaction:

Thu, 15 Oct 2020 13:43:13-run_all_case.py-run_all_case.py-[line:41]-INFO-[日志信息]: ==================================2020-10-15 13:43:13===================================
Thu, 15 Oct 2020 13:43:14-run_all_case.py-test_Tripartite_interaction.py-[line:137]-INFO-[日志信息]: 开始执行脚本test_Tripartite_interaction:

Thu, 15 Oct 2020 13:44:35-run_all_case.py-run_all_case.py-[line:41]-INFO-[日志信息]: ==================================2020-10-15 13:44:35===================================
Thu, 15 Oct 2020 13:44:35-run_all_case.py-test_Tripartite_interaction.py-[line:137]-INFO-[日志信息]: 开始执行脚本test_Tripartite_interaction:

Thu, 15 Oct 2020 13:45:10-run_all_case.py-run_all_case.py-[line:41]-INFO-[日志信息]: ==================================2020-10-15 13:45:10===================================
Thu, 15 Oct 2020 13:45:11-run_all_case.py-test_Tripartite_interaction.py-[line:137]-INFO-[日志信息]: 开始执行脚本test_Tripartite_interaction:

Thu, 15 Oct 2020 13:46:15-run_all_case.py-run_all_case.py-[line:41]-INFO-[日志信息]: ==================================2020-10-15 13:46:15===================================
Thu, 15 Oct 2020 13:46:15-run_all_case.py-test_Tripartite_interaction.py-[line:137]-INFO-[日志信息]: 开始执行脚本test_Tripartite_interaction:

Thu, 15 Oct 2020 14:01:57-run_all_case.py-run_all_case.py-[line:41]-INFO-[日志信息]: ==================================2020-10-15 14:01:57===================================
Thu, 15 Oct 2020 14:01:57-run_all_case.py-test_Tripartite_interaction.py-[line:138]-INFO-[日志信息]: 开始执行脚本test_Tripartite_interaction:

Thu, 15 Oct 2020 14:01:57-run_all_case.py-test_Tripartite_interaction.py-[line:154]-INFO-[日志信息]: 授信采购信息画面
Thu, 15 Oct 2020 14:02:43-run_all_case.py-run_all_case.py-[line:41]-INFO-[日志信息]: ==================================2020-10-15 14:02:43===================================
Thu, 15 Oct 2020 14:02:43-run_all_case.py-test_Tripartite_interaction.py-[line:138]-INFO-[日志信息]: 开始执行脚本test_Tripartite_interaction:

Thu, 15 Oct 2020 14:02:43-run_all_case.py-test_Tripartite_interaction.py-[line:154]-INFO-[日志信息]: 授信采购信息画面
Thu, 15 Oct 2020 14:05:38-run_all_case.py-run_all_case.py-[line:41]-INFO-[日志信息]: ==================================2020-10-15 14:05:38===================================
Thu, 15 Oct 2020 14:05:39-run_all_case.py-test_Tripartite_interaction.py-[line:138]-INFO-[日志信息]: 开始执行脚本test_Tripartite_interaction:

Thu, 15 Oct 2020 14:06:09-run_all_case.py-run_all_case.py-[line:41]-INFO-[日志信息]: ==================================2020-10-15 14:06:09===================================
Thu, 15 Oct 2020 14:06:09-run_all_case.py-test_Tripartite_interaction.py-[line:138]-INFO-[日志信息]: 开始执行脚本test_Tripartite_interaction:

Thu, 15 Oct 2020 14:06:53-run_all_case.py-run_all_case.py-[line:41]-INFO-[日志信息]: ==================================2020-10-15 14:06:53===================================
Thu, 15 Oct 2020 14:06:54-run_all_case.py-test_Tripartite_interaction.py-[line:138]-INFO-[日志信息]: 开始执行脚本test_Tripartite_interaction:

Thu, 15 Oct 2020 14:07:35-run_all_case.py-run_all_case.py-[line:41]-INFO-[日志信息]: ==================================2020-10-15 14:07:35===================================
Thu, 15 Oct 2020 14:07:36-run_all_case.py-test_Tripartite_interaction.py-[line:138]-INFO-[日志信息]: 开始执行脚本test_Tripartite_interaction:

Thu, 15 Oct 2020 14:12:02-run_all_case.py-run_all_case.py-[line:41]-INFO-[日志信息]: ==================================2020-10-15 14:12:02===================================
Thu, 15 Oct 2020 14:12:03-run_all_case.py-test_Tripartite_interaction.py-[line:138]-INFO-[日志信息]: 开始执行脚本test_Tripartite_interaction:

Thu, 15 Oct 2020 14:12:47-run_all_case.py-run_all_case.py-[line:41]-INFO-[日志信息]: ==================================2020-10-15 14:12:47===================================
Thu, 15 Oct 2020 14:12:47-run_all_case.py-test_Tripartite_interaction.py-[line:138]-INFO-[日志信息]: 开始执行脚本test_Tripartite_interaction:

Thu, 15 Oct 2020 14:13:19-run_all_case.py-run_all_case.py-[line:41]-INFO-[日志信息]: ==================================2020-10-15 14:13:19===================================
Thu, 15 Oct 2020 14:13:19-run_all_case.py-test_Tripartite_interaction.py-[line:138]-INFO-[日志信息]: 开始执行脚本test_Tripartite_interaction:

Thu, 15 Oct 2020 14:13:49-run_all_case.py-run_all_case.py-[line:41]-INFO-[日志信息]: ==================================2020-10-15 14:13:49===================================
Thu, 15 Oct 2020 14:13:49-run_all_case.py-test_Tripartite_interaction.py-[line:138]-INFO-[日志信息]: 开始执行脚本test_Tripartite_interaction:

Thu, 15 Oct 2020 14:16:14-run_all_case.py-run_all_case.py-[line:41]-INFO-[日志信息]: ==================================2020-10-15 14:16:14===================================
Thu, 15 Oct 2020 14:16:14-run_all_case.py-test_Tripartite_interaction.py-[line:138]-INFO-[日志信息]: 开始执行脚本test_Tripartite_interaction:

Thu, 15 Oct 2020 14:16:34-run_all_case.py-test_Tripartite_interaction.py-[line:154]-INFO-[日志信息]: 授信采购信息画面
Thu, 15 Oct 2020 14:19:10-run_all_case.py-run_all_case.py-[line:41]-INFO-[日志信息]: ==================================2020-10-15 14:19:10===================================
Thu, 15 Oct 2020 14:19:11-run_all_case.py-test_Tripartite_interaction.py-[line:138]-INFO-[日志信息]: 开始执行脚本test_Tripartite_interaction:

Thu, 15 Oct 2020 14:19:57-run_all_case.py-test_Tripartite_interaction.py-[line:155]-INFO-[日志信息]: 授信采购信息画面
Thu, 15 Oct 2020 14:20:59-run_all_case.py-run_all_case.py-[line:41]-INFO-[日志信息]: ==================================2020-10-15 14:20:59===================================
Thu, 15 Oct 2020 14:21:00-run_all_case.py-test_Tripartite_interaction.py-[line:138]-INFO-[日志信息]: 开始执行脚本test_Tripartite_interaction:

Thu, 15 Oct 2020 14:21:16-run_all_case.py-test_Tripartite_interaction.py-[line:155]-INFO-[日志信息]: 授信采购信息画面
Thu, 15 Oct 2020 14:21:42-run_all_case.py-test_Tripartite_interaction.py-[line:164]-INFO-[日志信息]: 授信基本资料页面
Thu, 15 Oct 2020 14:22:22-run_all_case.py-run_all_case.py-[line:41]-INFO-[日志信息]: ==================================2020-10-15 14:22:22===================================
Thu, 15 Oct 2020 14:22:23-run_all_case.py-test_Tripartite_interaction.py-[line:138]-INFO-[日志信息]: 开始执行脚本test_Tripartite_interaction:

Thu, 15 Oct 2020 14:23:21-run_all_case.py-run_all_case.py-[line:41]-INFO-[日志信息]: ==================================2020-10-15 14:23:21===================================
Thu, 15 Oct 2020 14:23:22-run_all_case.py-test_Tripartite_interaction.py-[line:138]-INFO-[日志信息]: 开始执行脚本test_Tripartite_interaction:

Thu, 15 Oct 2020 14:24:14-run_all_case.py-run_all_case.py-[line:41]-INFO-[日志信息]: ==================================2020-10-15 14:24:14===================================
Thu, 15 Oct 2020 14:24:15-run_all_case.py-test_Tripartite_interaction.py-[line:138]-INFO-[日志信息]: 开始执行脚本test_Tripartite_interaction:

Thu, 15 Oct 2020 14:25:04-run_all_case.py-run_all_case.py-[line:41]-INFO-[日志信息]: ==================================2020-10-15 14:25:04===================================
Thu, 15 Oct 2020 14:25:05-run_all_case.py-test_Tripartite_interaction.py-[line:138]-INFO-[日志信息]: 开始执行脚本test_Tripartite_interaction:

Thu, 15 Oct 2020 14:29:33-run_all_case.py-run_all_case.py-[line:41]-INFO-[日志信息]: ==================================2020-10-15 14:29:33===================================
Thu, 15 Oct 2020 14:29:33-run_all_case.py-test_Tripartite_interaction.py-[line:138]-INFO-[日志信息]: 开始执行脚本test_Tripartite_interaction:

Thu, 15 Oct 2020 14:30:20-run_all_case.py-run_all_case.py-[line:41]-INFO-[日志信息]: ==================================2020-10-15 14:30:20===================================
Thu, 15 Oct 2020 14:30:20-run_all_case.py-test_Tripartite_interaction.py-[line:138]-INFO-[日志信息]: 开始执行脚本test_Tripartite_interaction:

Thu, 15 Oct 2020 14:31:41-run_all_case.py-run_all_case.py-[line:41]-INFO-[日志信息]: ==================================2020-10-15 14:31:41===================================
Thu, 15 Oct 2020 14:31:41-run_all_case.py-test_Tripartite_interaction.py-[line:138]-INFO-[日志信息]: 开始执行脚本test_Tripartite_interaction:

Thu, 15 Oct 2020 14:33:43-run_all_case.py-run_all_case.py-[line:41]-INFO-[日志信息]: ==================================2020-10-15 14:33:43===================================
Thu, 15 Oct 2020 14:33:43-run_all_case.py-test_Tripartite_interaction.py-[line:138]-INFO-[日志信息]: 开始执行脚本test_Tripartite_interaction:

Thu, 15 Oct 2020 14:34:44-run_all_case.py-test_Tripartite_interaction.py-[line:156]-INFO-[日志信息]: 授信采购信息画面
Thu, 15 Oct 2020 14:35:10-run_all_case.py-test_Tripartite_interaction.py-[line:164]-INFO-[日志信息]: 授信基本资料页面
Thu, 15 Oct 2020 14:35:14-run_all_case.py-test_Tripartite_interaction.py-[line:167]-INFO-[日志信息]: 授信页面
Thu, 15 Oct 2020 14:35:57-run_all_case.py-run_all_case.py-[line:41]-INFO-[日志信息]: ==================================2020-10-15 14:35:57===================================
Thu, 15 Oct 2020 14:35:58-run_all_case.py-test_Tripartite_interaction.py-[line:138]-INFO-[日志信息]: 开始执行脚本test_Tripartite_interaction:

Thu, 15 Oct 2020 14:36:21-run_all_case.py-test_Tripartite_interaction.py-[line:156]-INFO-[日志信息]: 授信采购信息画面
Thu, 15 Oct 2020 14:36:56-run_all_case.py-test_Tripartite_interaction.py-[line:164]-INFO-[日志信息]: 授信基本资料页面
Thu, 15 Oct 2020 14:36:59-run_all_case.py-test_Tripartite_interaction.py-[line:167]-INFO-[日志信息]: 授信页面
Thu, 15 Oct 2020 14:37:58-run_all_case.py-run_all_case.py-[line:41]-INFO-[日志信息]: ==================================2020-10-15 14:37:58===================================
Thu, 15 Oct 2020 14:37:58-run_all_case.py-test_Tripartite_interaction.py-[line:138]-INFO-[日志信息]: 开始执行脚本test_Tripartite_interaction:

Thu, 15 Oct 2020 14:37:58-run_all_case.py-test_Tripartite_interaction.py-[line:156]-INFO-[日志信息]: 授信采购信息画面
Thu, 15 Oct 2020 14:39:21-run_all_case.py-run_all_case.py-[line:41]-INFO-[日志信息]: ==================================2020-10-15 14:39:21===================================
Thu, 15 Oct 2020 14:39:21-run_all_case.py-test_Tripartite_interaction.py-[line:138]-INFO-[日志信息]: 开始执行脚本test_Tripartite_interaction:

Thu, 15 Oct 2020 14:39:21-run_all_case.py-test_Tripartite_interaction.py-[line:156]-INFO-[日志信息]: 授信采购信息画面
Thu, 15 Oct 2020 14:39:44-run_all_case.py-test_Tripartite_interaction.py-[line:164]-INFO-[日志信息]: 授信基本资料页面
Thu, 15 Oct 2020 14:39:47-run_all_case.py-test_Tripartite_interaction.py-[line:167]-INFO-[日志信息]: 授信页面
Thu, 15 Oct 2020 14:48:52-run_all_case.py-run_all_case.py-[line:41]-INFO-[日志信息]: ==================================2020-10-15 14:48:52===================================
Thu, 15 Oct 2020 14:48:53-run_all_case.py-test_Tripartite_interaction.py-[line:138]-INFO-[日志信息]: 开始执行脚本test_Tripartite_interaction:

Thu, 15 Oct 2020 14:49:12-run_all_case.py-run_all_case.py-[line:41]-INFO-[日志信息]: ==================================2020-10-15 14:49:12===================================
Thu, 15 Oct 2020 14:49:13-run_all_case.py-test_Tripartite_interaction.py-[line:138]-INFO-[日志信息]: 开始执行脚本test_Tripartite_interaction:

Thu, 15 Oct 2020 14:49:59-run_all_case.py-run_all_case.py-[line:41]-INFO-[日志信息]: ==================================2020-10-15 14:49:59===================================
Thu, 15 Oct 2020 14:50:00-run_all_case.py-test_Tripartite_interaction.py-[line:138]-INFO-[日志信息]: 开始执行脚本test_Tripartite_interaction:

Thu, 15 Oct 2020 14:50:35-run_all_case.py-run_all_case.py-[line:41]-INFO-[日志信息]: ==================================2020-10-15 14:50:35===================================
Thu, 15 Oct 2020 14:50:36-run_all_case.py-test_Tripartite_interaction.py-[line:138]-INFO-[日志信息]: 开始执行脚本test_Tripartite_interaction:

Thu, 15 Oct 2020 14:52:01-run_all_case.py-run_all_case.py-[line:41]-INFO-[日志信息]: ==================================2020-10-15 14:52:01===================================
Thu, 15 Oct 2020 14:52:01-run_all_case.py-test_Tripartite_interaction.py-[line:138]-INFO-[日志信息]: 开始执行脚本test_Tripartite_interaction:

Thu, 15 Oct 2020 14:53:06-run_all_case.py-run_all_case.py-[line:41]-INFO-[日志信息]: ==================================2020-10-15 14:53:06===================================
Thu, 15 Oct 2020 14:53:06-run_all_case.py-test_Tripartite_interaction.py-[line:138]-INFO-[日志信息]: 开始执行脚本test_Tripartite_interaction:

Thu, 15 Oct 2020 14:54:08-run_all_case.py-run_all_case.py-[line:41]-INFO-[日志信息]: ==================================2020-10-15 14:54:08===================================
Thu, 15 Oct 2020 14:54:09-run_all_case.py-test_Tripartite_interaction.py-[line:138]-INFO-[日志信息]: 开始执行脚本test_Tripartite_interaction:

Thu, 15 Oct 2020 14:54:33-run_all_case.py-run_all_case.py-[line:41]-INFO-[日志信息]: ==================================2020-10-15 14:54:33===================================
Thu, 15 Oct 2020 14:54:34-run_all_case.py-test_Tripartite_interaction.py-[line:138]-INFO-[日志信息]: 开始执行脚本test_Tripartite_interaction:

Thu, 15 Oct 2020 14:55:47-run_all_case.py-run_all_case.py-[line:41]-INFO-[日志信息]: ==================================2020-10-15 14:55:47===================================
Thu, 15 Oct 2020 14:55:47-run_all_case.py-test_Tripartite_interaction.py-[line:138]-INFO-[日志信息]: 开始执行脚本test_Tripartite_interaction:

Thu, 15 Oct 2020 14:56:44-run_all_case.py-run_all_case.py-[line:41]-INFO-[日志信息]: ==================================2020-10-15 14:56:44===================================
Thu, 15 Oct 2020 14:56:45-run_all_case.py-test_Tripartite_interaction.py-[line:138]-INFO-[日志信息]: 开始执行脚本test_Tripartite_interaction:

Thu, 15 Oct 2020 15:00:46-run_all_case.py-run_all_case.py-[line:41]-INFO-[日志信息]: ==================================2020-10-15 15:00:46===================================
Thu, 15 Oct 2020 15:00:47-run_all_case.py-test_Tripartite_interaction.py-[line:138]-INFO-[日志信息]: 开始执行脚本test_Tripartite_interaction:

Thu, 15 Oct 2020 15:01:27-run_all_case.py-run_all_case.py-[line:41]-INFO-[日志信息]: ==================================2020-10-15 15:01:27===================================
Thu, 15 Oct 2020 15:01:27-run_all_case.py-test_Tripartite_interaction.py-[line:138]-INFO-[日志信息]: 开始执行脚本test_Tripartite_interaction:

Thu, 15 Oct 2020 15:04:21-run_all_case.py-run_all_case.py-[line:41]-INFO-[日志信息]: ==================================2020-10-15 15:04:21===================================
Thu, 15 Oct 2020 15:04:21-run_all_case.py-test_Tripartite_interaction.py-[line:138]-INFO-[日志信息]: 开始执行脚本test_Tripartite_interaction:

Thu, 15 Oct 2020 15:04:52-run_all_case.py-run_all_case.py-[line:41]-INFO-[日志信息]: ==================================2020-10-15 15:04:52===================================
Thu, 15 Oct 2020 15:04:52-run_all_case.py-test_Tripartite_interaction.py-[line:138]-INFO-[日志信息]: 开始执行脚本test_Tripartite_interaction:

Thu, 15 Oct 2020 15:06:01-run_all_case.py-run_all_case.py-[line:41]-INFO-[日志信息]: ==================================2020-10-15 15:06:01===================================
Thu, 15 Oct 2020 15:06:01-run_all_case.py-test_Tripartite_interaction.py-[line:138]-INFO-[日志信息]: 开始执行脚本test_Tripartite_interaction:

Thu, 15 Oct 2020 15:07:07-run_all_case.py-run_all_case.py-[line:41]-INFO-[日志信息]: ==================================2020-10-15 15:07:07===================================
Thu, 15 Oct 2020 15:07:08-run_all_case.py-test_Tripartite_interaction.py-[line:138]-INFO-[日志信息]: 开始执行脚本test_Tripartite_interaction:

Thu, 15 Oct 2020 15:11:07-run_all_case.py-run_all_case.py-[line:41]-INFO-[日志信息]: ==================================2020-10-15 15:11:07===================================
Thu, 15 Oct 2020 15:11:07-run_all_case.py-test_Tripartite_interaction.py-[line:138]-INFO-[日志信息]: 开始执行脚本test_Tripartite_interaction:

Thu, 15 Oct 2020 15:12:27-run_all_case.py-run_all_case.py-[line:41]-INFO-[日志信息]: ==================================2020-10-15 15:12:27===================================
Thu, 15 Oct 2020 15:12:28-run_all_case.py-test_Tripartite_interaction.py-[line:138]-INFO-[日志信息]: 开始执行脚本test_Tripartite_interaction:

Thu, 15 Oct 2020 15:36:31-run_all_case.py-run_all_case.py-[line:41]-INFO-[日志信息]: ==================================2020-10-15 15:36:31===================================
Thu, 15 Oct 2020 15:36:53-run_all_case.py-test_login.py-[line:102]-INFO-[日志信息]: PC 端进行密码修改
Thu, 15 Oct 2020 15:37:03-run_all_case.py-test_login.py-[line:185]-INFO-[日志信息]: 登录页面
Thu, 15 Oct 2020 15:37:04-run_all_case.py-test_login.py-[line:190]-INFO-[日志信息]: 安全验证页面
Thu, 15 Oct 2020 15:37:06-run_all_case.py-test_login.py-[line:206]-INFO-[日志信息]: 重置密码页面
Thu, 15 Oct 2020 15:37:10-run_all_case.py-test_login.py-[line:104]-INFO-[日志信息]: 小程序个人实名认证页面
Thu, 15 Oct 2020 15:38:07-run_all_case.py-test_businessInfoReg.py-[line:144]-INFO-[日志信息]: 企业认证画面
Thu, 15 Oct 2020 15:39:27-run_all_case.py-test_businessInfoReg.py-[line:183]-INFO-[日志信息]: 平台服务协议画面
Thu, 15 Oct 2020 15:40:19-run_all_case.py-run_all_case.py-[line:41]-INFO-[日志信息]: ==================================2020-10-15 15:40:19===================================
Thu, 15 Oct 2020 15:40:28-run_all_case.py-test_businessInfoReg.py-[line:144]-INFO-[日志信息]: 企业认证画面
Thu, 15 Oct 2020 15:41:55-run_all_case.py-run_all_case.py-[line:41]-INFO-[日志信息]: ==================================2020-10-15 15:41:55===================================
Thu, 15 Oct 2020 15:42:17-run_all_case.py-test_login.py-[line:102]-INFO-[日志信息]: PC 端进行密码修改
Thu, 15 Oct 2020 15:42:27-run_all_case.py-test_login.py-[line:185]-INFO-[日志信息]: 登录页面
Thu, 15 Oct 2020 15:42:28-run_all_case.py-test_login.py-[line:190]-INFO-[日志信息]: 安全验证页面
Thu, 15 Oct 2020 15:42:29-run_all_case.py-test_login.py-[line:206]-INFO-[日志信息]: 重置密码页面
Thu, 15 Oct 2020 15:42:32-run_all_case.py-test_login.py-[line:104]-INFO-[日志信息]: 小程序个人实名认证页面
Thu, 15 Oct 2020 15:43:27-run_all_case.py-test_businessInfoReg.py-[line:144]-INFO-[日志信息]: 企业认证画面
Thu, 15 Oct 2020 15:44:50-run_all_case.py-test_businessInfoReg.py-[line:183]-INFO-[日志信息]: 平台服务协议画面
Thu, 15 Oct 2020 15:47:28-run_all_case.py-run_all_case.py-[line:41]-INFO-[日志信息]: ==================================2020-10-15 15:47:28===================================
Thu, 15 Oct 2020 15:47:51-run_all_case.py-test_login.py-[line:102]-INFO-[日志信息]: PC 端进行密码修改
Thu, 15 Oct 2020 15:48:01-run_all_case.py-test_login.py-[line:185]-INFO-[日志信息]: 登录页面
Thu, 15 Oct 2020 15:48:02-run_all_case.py-test_login.py-[line:190]-INFO-[日志信息]: 安全验证页面
Thu, 15 Oct 2020 15:48:04-run_all_case.py-test_login.py-[line:206]-INFO-[日志信息]: 重置密码页面
Thu, 15 Oct 2020 15:48:07-run_all_case.py-test_login.py-[line:104]-INFO-[日志信息]: 小程序个人实名认证页面
Thu, 15 Oct 2020 15:49:03-run_all_case.py-test_businessInfoReg.py-[line:144]-INFO-[日志信息]: 企业认证画面
Thu, 15 Oct 2020 15:51:37-run_all_case.py-run_all_case.py-[line:41]-INFO-[日志信息]: ==================================2020-10-15 15:51:37===================================
Thu, 15 Oct 2020 15:51:58-run_all_case.py-test_login.py-[line:102]-INFO-[日志信息]: PC 端进行密码修改
Thu, 15 Oct 2020 15:52:08-run_all_case.py-test_login.py-[line:185]-INFO-[日志信息]: 登录页面
Thu, 15 Oct 2020 15:52:09-run_all_case.py-test_login.py-[line:190]-INFO-[日志信息]: 安全验证页面
Thu, 15 Oct 2020 15:53:32-run_all_case.py-test_login.py-[line:206]-INFO-[日志信息]: 重置密码页面
Thu, 15 Oct 2020 15:53:36-run_all_case.py-test_login.py-[line:104]-INFO-[日志信息]: 小程序个人实名认证页面
Thu, 15 Oct 2020 15:54:31-run_all_case.py-test_businessInfoReg.py-[line:144]-INFO-[日志信息]: 企业认证画面
Thu, 15 Oct 2020 15:56:49-run_all_case.py-run_all_case.py-[line:41]-INFO-[日志信息]: ==================================2020-10-15 15:56:49===================================
Thu, 15 Oct 2020 15:57:16-run_all_case.py-test_login.py-[line:102]-INFO-[日志信息]: PC 端进行密码修改
Thu, 15 Oct 2020 15:57:26-run_all_case.py-test_login.py-[line:185]-INFO-[日志信息]: 登录页面
Thu, 15 Oct 2020 15:57:27-run_all_case.py-test_login.py-[line:190]-INFO-[日志信息]: 安全验证页面
Thu, 15 Oct 2020 15:58:43-run_all_case.py-test_login.py-[line:207]-INFO-[日志信息]: 重置密码页面
Thu, 15 Oct 2020 15:58:46-run_all_case.py-test_login.py-[line:104]-INFO-[日志信息]: 小程序个人实名认证页面
Thu, 15 Oct 2020 15:59:41-run_all_case.py-test_businessInfoReg.py-[line:144]-INFO-[日志信息]: 企业认证画面
Thu, 15 Oct 2020 16:01:01-run_all_case.py-test_businessInfoReg.py-[line:183]-INFO-[日志信息]: 平台服务协议画面
Thu, 15 Oct 2020 16:01:19-run_all_case.py-test_backStage_examine.py-[line:24]-INFO-[日志信息]: 开始执行脚本test_backstage_examine:

Thu, 15 Oct 2020 16:01:31-run_all_case.py-test_backStage_examine.py-[line:74]-INFO-[日志信息]: 成功登录后台系统
Thu, 15 Oct 2020 16:01:36-test_backstage_examine-Assert.py-[line:124]-INFO-[日志信息]: except_result = actul_result, except_result is 用户基本信息, actul_result is 用户基本信息
Thu, 15 Oct 2020 16:01:36-run_all_case.py-test_backStage_examine.py-[line:54]-INFO-[日志信息]: 成功进入企业信息审核画面
Thu, 15 Oct 2020 16:01:37-run_all_case.py-test_backStage_examine.py-[line:61]-INFO-[日志信息]: 企业认证通过
Thu, 15 Oct 2020 16:01:39-run_all_case.py-test_backStage_authentication.py-[line:173]-INFO-[日志信息]: 开始执行脚本test_backStageActCreate:

Thu, 15 Oct 2020 16:01:50-run_all_case.py-test_backStage_examine.py-[line:74]-INFO-[日志信息]: 成功登录后台系统
Thu, 15 Oct 2020 16:01:50-run_all_case.py-test_backStage_authentication.py-[line:183]-INFO-[日志信息]: 机构信息DB删除
Thu, 15 Oct 2020 16:02:06-run_all_case.py-test_backStage_authentication.py-[line:341]-INFO-[日志信息]: 进入担保公司创建页面
Thu, 15 Oct 2020 16:02:10-run_all_case.py-test_backStage_authentication.py-[line:339]-INFO-[日志信息]: 进入银行账户创建页面
Thu, 15 Oct 2020 16:02:14-run_all_case.py-test_backStage_authentication.py-[line:278]-INFO-[日志信息]: 开始执行脚本test_backStage_authentication:

Thu, 15 Oct 2020 16:02:14-run_all_case.py-test_backStage_authentication.py-[line:281]-INFO-[日志信息]: 开始执行脚本test_backStage_authentication:

Thu, 15 Oct 2020 16:02:28-run_all_case.py-test_login.py-[line:170]-INFO-[日志信息]: 成功进入到密码重置页面
Thu, 15 Oct 2020 16:02:31-run_all_case.py-test_login.py-[line:177]-INFO-[日志信息]: 成功进入到密码修改完成页面
Thu, 15 Oct 2020 16:02:35-run_all_case.py-test_login.py-[line:170]-INFO-[日志信息]: 成功进入到密码重置页面
Thu, 15 Oct 2020 16:02:37-run_all_case.py-test_login.py-[line:177]-INFO-[日志信息]: 成功进入到密码修改完成页面
Thu, 15 Oct 2020 16:02:38-run_all_case.py-test_backStage_examine.py-[line:74]-INFO-[日志信息]: 成功登录后台系统
Thu, 15 Oct 2020 16:02:44-run_all_case.py-test_backStage_authentication.py-[line:236]-INFO-[日志信息]: 企业信息认证
Thu, 15 Oct 2020 16:02:46-run_all_case.py-test_backStage_authentication.py-[line:253]-INFO-[日志信息]: 协议内容确认页面
Thu, 15 Oct 2020 16:03:03-run_all_case.py-test_backStage_authentication.py-[line:265]-INFO-[日志信息]: 二维码认证页面
Thu, 15 Oct 2020 16:03:18-run_all_case.py-test_backStage_examine.py-[line:74]-INFO-[日志信息]: 成功登录后台系统
Thu, 15 Oct 2020 16:03:23-run_all_case.py-test_backStage_authentication.py-[line:236]-INFO-[日志信息]: 企业信息认证
Thu, 15 Oct 2020 16:03:25-run_all_case.py-test_backStage_authentication.py-[line:253]-INFO-[日志信息]: 协议内容确认页面
Thu, 15 Oct 2020 16:03:35-run_all_case.py-test_backStage_authentication.py-[line:265]-INFO-[日志信息]: 二维码认证页面
Thu, 15 Oct 2020 16:03:41-run_all_case.py-test_backStage_authentication.py-[line:44]-INFO-[日志信息]: 首页
Thu, 15 Oct 2020 16:03:43-run_all_case.py-test_backStage_authentication.py-[line:48]-INFO-[日志信息]: 产品基本信息
Thu, 15 Oct 2020 16:03:50-run_all_case.py-test_backStage_authentication.py-[line:139]-INFO-[日志信息]: 产品特性
Thu, 15 Oct 2020 16:03:52-run_all_case.py-test_backStage_authentication.py-[line:154]-INFO-[日志信息]: 计分卡
Thu, 15 Oct 2020 16:03:53-run_all_case.py-test_backStage_authentication.py-[line:161]-INFO-[日志信息]: 进件信息
Thu, 15 Oct 2020 16:03:57-run_all_case.py-test_Tripartite_interaction.py-[line:138]-INFO-[日志信息]: 开始执行脚本test_Tripartite_interaction:

Thu, 15 Oct 2020 16:05:37-run_all_case.py-test_Tripartite_interaction.py-[line:156]-INFO-[日志信息]: 授信采购信息画面
Thu, 15 Oct 2020 16:05:59-run_all_case.py-test_Tripartite_interaction.py-[line:164]-INFO-[日志信息]: 授信基本资料页面
Thu, 15 Oct 2020 16:06:04-run_all_case.py-test_Tripartite_interaction.py-[line:167]-INFO-[日志信息]: 授信页面
Thu, 15 Oct 2020 16:08:13-run_all_case.py-run_all_case.py-[line:41]-INFO-[日志信息]: ==================================2020-10-15 16:08:13===================================
Thu, 15 Oct 2020 16:10:18-run_all_case.py-run_all_case.py-[line:41]-INFO-[日志信息]: ==================================2020-10-15 16:10:18===================================
Thu, 15 Oct 2020 16:11:52-run_all_case.py-run_all_case.py-[line:41]-INFO-[日志信息]: ==================================2020-10-15 16:11:52===================================
Thu, 15 Oct 2020 16:23:15-run_all_case.py-run_all_case.py-[line:41]-INFO-[日志信息]: ==================================2020-10-15 16:23:15===================================
Thu, 15 Oct 2020 16:52:34-run_all_case.py-run_all_case.py-[line:41]-INFO-[日志信息]: ==================================2020-10-15 16:52:34===================================
Thu, 15 Oct 2020 16:52:49-run_all_case.py-test_businessInfoReg.py-[line:144]-INFO-[日志信息]: 企业认证画面
Thu, 15 Oct 2020 16:54:29-run_all_case.py-run_all_case.py-[line:41]-INFO-[日志信息]: ==================================2020-10-15 16:54:29===================================
Thu, 15 Oct 2020 16:54:49-run_all_case.py-test_businessInfoReg.py-[line:144]-INFO-[日志信息]: 企业认证画面
Thu, 15 Oct 2020 16:57:18-run_all_case.py-run_all_case.py-[line:41]-INFO-[日志信息]: ==================================2020-10-15 16:57:18===================================
