Thu, 30 Jul 2020 09:22:26-run_all_case.py-run_all_case.py-[line:24]-INFO-[日志信息]: ==================================2020-07-30 09:22:26===================================
Thu, 30 Jul 2020 09:25:23-run_all_case.py-run_all_case.py-[line:24]-INFO-[日志信息]: ==================================2020-07-30 09:25:23===================================
Thu, 30 Jul 2020 09:27:15-run_all_case.py-run_all_case.py-[line:24]-INFO-[日志信息]: ==================================2020-07-30 09:27:15===================================
Thu, 30 Jul 2020 09:27:16-run_all_case.py-test_config_common.py-[line:36]-INFO-[日志信息]: 开始执行脚本test_config_common:

Thu, 30 Jul 2020 09:27:16-run_all_case.py-test_dream_categoryList.py-[line:35]-INFO-[日志信息]: 开始执行脚本test_dream_categoryList:

Thu, 30 Jul 2020 09:27:16-run_all_case.py-test_dream_dreamInfoContent.py-[line:35]-INFO-[日志信息]: 开始执行脚本test_dream_dreamInfoContent:

Thu, 30 Jul 2020 09:27:16-run_all_case.py-test_dream_dreamInfoList.py-[line:35]-INFO-[日志信息]: 开始执行脚本test_dream_dreamInfoList:

Thu, 30 Jul 2020 09:27:16-run_all_case.py-test_dream_hotDream.py-[line:35]-INFO-[日志信息]: 开始执行脚本test_dream_hotDream:

Thu, 30 Jul 2020 09:27:16-run_all_case.py-test_operation_list.py-[line:35]-INFO-[日志信息]: 开始执行脚本test_operation_list:

Thu, 30 Jul 2020 09:27:16-run_all_case.py-test_rl_add.py-[line:35]-INFO-[日志信息]: 开始执行脚本test_rl_add:

Thu, 30 Jul 2020 09:27:16-run_all_case.py-test_rl_common.py-[line:31]-INFO-[日志信息]: 开始执行脚本test_rl_common:

Thu, 30 Jul 2020 09:27:31-run_all_case.py-run_all_case.py-[line:24]-INFO-[日志信息]: ==================================2020-07-30 09:27:31===================================
Thu, 30 Jul 2020 09:27:32-run_all_case.py-test_config_common.py-[line:36]-INFO-[日志信息]: 开始执行脚本test_config_common:

Thu, 30 Jul 2020 09:27:32-run_all_case.py-test_dream_categoryList.py-[line:35]-INFO-[日志信息]: 开始执行脚本test_dream_categoryList:

Thu, 30 Jul 2020 09:27:32-run_all_case.py-test_dream_dreamInfoContent.py-[line:35]-INFO-[日志信息]: 开始执行脚本test_dream_dreamInfoContent:

Thu, 30 Jul 2020 09:27:32-run_all_case.py-test_dream_dreamInfoList.py-[line:35]-INFO-[日志信息]: 开始执行脚本test_dream_dreamInfoList:

Thu, 30 Jul 2020 09:27:32-run_all_case.py-test_dream_hotDream.py-[line:35]-INFO-[日志信息]: 开始执行脚本test_dream_hotDream:

Thu, 30 Jul 2020 09:27:32-run_all_case.py-test_operation_list.py-[line:35]-INFO-[日志信息]: 开始执行脚本test_operation_list:

Thu, 30 Jul 2020 09:27:32-run_all_case.py-test_rl_add.py-[line:35]-INFO-[日志信息]: 开始执行脚本test_rl_add:

Thu, 30 Jul 2020 09:27:32-run_all_case.py-test_rl_common.py-[line:31]-INFO-[日志信息]: 开始执行脚本test_rl_common:

Thu, 30 Jul 2020 09:30:14-run_all_case.py-run_all_case.py-[line:24]-INFO-[日志信息]: ==================================2020-07-30 09:30:14===================================
Thu, 30 Jul 2020 09:31:22-run_all_case.py-run_all_case.py-[line:24]-INFO-[日志信息]: ==================================2020-07-30 09:31:22===================================
Thu, 30 Jul 2020 09:32:14-run_all_case.py-run_all_case.py-[line:24]-INFO-[日志信息]: ==================================2020-07-30 09:32:14===================================
Thu, 30 Jul 2020 09:32:32-run_all_case.py-run_all_case.py-[line:24]-INFO-[日志信息]: ==================================2020-07-30 09:32:32===================================
Thu, 30 Jul 2020 09:34:15-run_all_case.py-run_all_case.py-[line:24]-INFO-[日志信息]: ==================================2020-07-30 09:34:15===================================
Thu, 30 Jul 2020 09:34:41-run_all_case.py-run_all_case.py-[line:24]-INFO-[日志信息]: ==================================2020-07-30 09:34:41===================================
Thu, 30 Jul 2020 09:38:03-run_all_case.py-run_all_case.py-[line:24]-INFO-[日志信息]: ==================================2020-07-30 09:38:03===================================
Thu, 30 Jul 2020 09:42:36-run_all_case.py-run_all_case.py-[line:24]-INFO-[日志信息]: ==================================2020-07-30 09:42:36===================================
Thu, 30 Jul 2020 09:43:06-run_all_case.py-run_all_case.py-[line:24]-INFO-[日志信息]: ==================================2020-07-30 09:43:06===================================
Thu, 30 Jul 2020 09:45:37-run_all_case.py-run_all_case.py-[line:24]-INFO-[日志信息]: ==================================2020-07-30 09:45:37===================================
Thu, 30 Jul 2020 09:46:42-run_all_case.py-run_all_case.py-[line:24]-INFO-[日志信息]: ==================================2020-07-30 09:46:42===================================
Thu, 30 Jul 2020 09:48:31-run_all_case.py-run_all_case.py-[line:24]-INFO-[日志信息]: ==================================2020-07-30 09:48:31===================================
Thu, 30 Jul 2020 09:48:31-run_all_case.py-test_config_common.py-[line:36]-INFO-[日志信息]: 开始执行脚本test_config_common:

Thu, 30 Jul 2020 09:48:31-run_all_case.py-test_dream_categoryList.py-[line:33]-INFO-[日志信息]: 开始执行脚本test_dream_categoryList:

Thu, 30 Jul 2020 09:48:31-run_all_case.py-test_dream_dreamInfoContent.py-[line:35]-INFO-[日志信息]: 开始执行脚本test_dream_dreamInfoContent:

Thu, 30 Jul 2020 09:48:31-run_all_case.py-test_dream_dreamInfoList.py-[line:35]-INFO-[日志信息]: 开始执行脚本test_dream_dreamInfoList:

Thu, 30 Jul 2020 09:48:31-run_all_case.py-test_dream_hotDream.py-[line:35]-INFO-[日志信息]: 开始执行脚本test_dream_hotDream:

Thu, 30 Jul 2020 09:48:31-run_all_case.py-test_operation_list.py-[line:35]-INFO-[日志信息]: 开始执行脚本test_operation_list:

Thu, 30 Jul 2020 09:48:32-run_all_case.py-test_rl_add.py-[line:35]-INFO-[日志信息]: 开始执行脚本test_rl_add:

Thu, 30 Jul 2020 09:48:32-run_all_case.py-test_rl_common.py-[line:31]-INFO-[日志信息]: 开始执行脚本test_rl_common:

Thu, 30 Jul 2020 09:49:05-run_all_case.py-run_all_case.py-[line:24]-INFO-[日志信息]: ==================================2020-07-30 09:49:05===================================
Thu, 30 Jul 2020 09:50:01-run_all_case.py-run_all_case.py-[line:24]-INFO-[日志信息]: ==================================2020-07-30 09:50:01===================================
Thu, 30 Jul 2020 09:52:56-run_all_case.py-run_all_case.py-[line:24]-INFO-[日志信息]: ==================================2020-07-30 09:52:56===================================
Thu, 30 Jul 2020 09:53:19-run_all_case.py-run_all_case.py-[line:24]-INFO-[日志信息]: ==================================2020-07-30 09:53:19===================================
Thu, 30 Jul 2020 09:53:52-run_all_case.py-run_all_case.py-[line:24]-INFO-[日志信息]: ==================================2020-07-30 09:53:52===================================
Thu, 30 Jul 2020 09:55:40-run_all_case.py-run_all_case.py-[line:24]-INFO-[日志信息]: ==================================2020-07-30 09:55:40===================================
Thu, 30 Jul 2020 09:55:41-run_all_case.py-test_config_common.py-[line:35]-INFO-[日志信息]: 开始执行脚本test_config_common:

Thu, 30 Jul 2020 09:55:41-run_all_case.py-test_dream_categoryList.py-[line:33]-INFO-[日志信息]: 开始执行脚本test_dream_categoryList:

Thu, 30 Jul 2020 09:55:41-run_all_case.py-test_dream_dreamInfoContent.py-[line:35]-INFO-[日志信息]: 开始执行脚本test_dream_dreamInfoContent:

Thu, 30 Jul 2020 09:55:41-run_all_case.py-test_dream_dreamInfoList.py-[line:35]-INFO-[日志信息]: 开始执行脚本test_dream_dreamInfoList:

Thu, 30 Jul 2020 09:55:41-run_all_case.py-test_dream_hotDream.py-[line:35]-INFO-[日志信息]: 开始执行脚本test_dream_hotDream:

Thu, 30 Jul 2020 09:55:41-run_all_case.py-test_operation_list.py-[line:35]-INFO-[日志信息]: 开始执行脚本test_operation_list:

Thu, 30 Jul 2020 09:55:41-run_all_case.py-test_rl_add.py-[line:35]-INFO-[日志信息]: 开始执行脚本test_rl_add:

Thu, 30 Jul 2020 09:55:41-run_all_case.py-test_rl_common.py-[line:31]-INFO-[日志信息]: 开始执行脚本test_rl_common:

Thu, 30 Jul 2020 09:56:13-run_all_case.py-run_all_case.py-[line:24]-INFO-[日志信息]: ==================================2020-07-30 09:56:13===================================
Thu, 30 Jul 2020 09:56:57-run_all_case.py-test_config_common.py-[line:35]-INFO-[日志信息]: 开始执行脚本test_config_common:

Thu, 30 Jul 2020 09:57:25-run_all_case.py-run_all_case.py-[line:24]-INFO-[日志信息]: ==================================2020-07-30 09:57:25===================================
Thu, 30 Jul 2020 09:57:40-run_all_case.py-test_config_common.py-[line:35]-INFO-[日志信息]: 开始执行脚本test_config_common:

Thu, 30 Jul 2020 09:58:19-run_all_case.py-test_dream_categoryList.py-[line:33]-INFO-[日志信息]: 开始执行脚本test_dream_categoryList:

Thu, 30 Jul 2020 09:58:19-run_all_case.py-test_dream_dreamInfoContent.py-[line:35]-INFO-[日志信息]: 开始执行脚本test_dream_dreamInfoContent:

Thu, 30 Jul 2020 09:58:19-run_all_case.py-test_dream_dreamInfoList.py-[line:35]-INFO-[日志信息]: 开始执行脚本test_dream_dreamInfoList:

Thu, 30 Jul 2020 09:58:19-run_all_case.py-test_dream_hotDream.py-[line:35]-INFO-[日志信息]: 开始执行脚本test_dream_hotDream:

Thu, 30 Jul 2020 09:58:19-run_all_case.py-test_operation_list.py-[line:35]-INFO-[日志信息]: 开始执行脚本test_operation_list:

Thu, 30 Jul 2020 09:58:20-run_all_case.py-test_rl_add.py-[line:35]-INFO-[日志信息]: 开始执行脚本test_rl_add:

Thu, 30 Jul 2020 09:58:20-run_all_case.py-test_rl_common.py-[line:31]-INFO-[日志信息]: 开始执行脚本test_rl_common:

Thu, 30 Jul 2020 09:59:16-run_all_case.py-run_all_case.py-[line:24]-INFO-[日志信息]: ==================================2020-07-30 09:59:16===================================
Thu, 30 Jul 2020 09:59:20-run_all_case.py-test_config_common.py-[line:35]-INFO-[日志信息]: 开始执行脚本test_config_common:

Thu, 30 Jul 2020 10:00:18-run_all_case.py-test_dream_categoryList.py-[line:33]-INFO-[日志信息]: 开始执行脚本test_dream_categoryList:

Thu, 30 Jul 2020 10:00:23-run_all_case.py-test_dream_dreamInfoContent.py-[line:35]-INFO-[日志信息]: 开始执行脚本test_dream_dreamInfoContent:

Thu, 30 Jul 2020 10:00:24-run_all_case.py-test_dream_dreamInfoList.py-[line:35]-INFO-[日志信息]: 开始执行脚本test_dream_dreamInfoList:

Thu, 30 Jul 2020 10:00:25-run_all_case.py-test_dream_hotDream.py-[line:35]-INFO-[日志信息]: 开始执行脚本test_dream_hotDream:

Thu, 30 Jul 2020 10:00:25-run_all_case.py-test_operation_list.py-[line:35]-INFO-[日志信息]: 开始执行脚本test_operation_list:

Thu, 30 Jul 2020 10:00:26-run_all_case.py-test_rl_add.py-[line:35]-INFO-[日志信息]: 开始执行脚本test_rl_add:

Thu, 30 Jul 2020 10:00:26-run_all_case.py-test_rl_common.py-[line:31]-INFO-[日志信息]: 开始执行脚本test_rl_common:

Thu, 30 Jul 2020 10:01:00-run_all_case.py-run_all_case.py-[line:24]-INFO-[日志信息]: ==================================2020-07-30 10:01:00===================================
Thu, 30 Jul 2020 10:01:01-run_all_case.py-test_config_common.py-[line:35]-INFO-[日志信息]: 开始执行脚本test_config_common:

Thu, 30 Jul 2020 10:01:01-run_all_case.py-test_dream_categoryList.py-[line:33]-INFO-[日志信息]: 开始执行脚本test_dream_categoryList:

Thu, 30 Jul 2020 10:01:01-run_all_case.py-test_dream_dreamInfoContent.py-[line:35]-INFO-[日志信息]: 开始执行脚本test_dream_dreamInfoContent:

Thu, 30 Jul 2020 10:01:01-run_all_case.py-test_dream_dreamInfoList.py-[line:35]-INFO-[日志信息]: 开始执行脚本test_dream_dreamInfoList:

Thu, 30 Jul 2020 10:01:01-run_all_case.py-test_dream_hotDream.py-[line:35]-INFO-[日志信息]: 开始执行脚本test_dream_hotDream:

Thu, 30 Jul 2020 10:01:01-run_all_case.py-test_operation_list.py-[line:35]-INFO-[日志信息]: 开始执行脚本test_operation_list:

Thu, 30 Jul 2020 10:01:01-run_all_case.py-test_rl_add.py-[line:35]-INFO-[日志信息]: 开始执行脚本test_rl_add:

Thu, 30 Jul 2020 10:01:01-run_all_case.py-test_rl_common.py-[line:31]-INFO-[日志信息]: 开始执行脚本test_rl_common:

Thu, 30 Jul 2020 10:01:56-run_all_case.py-run_all_case.py-[line:24]-INFO-[日志信息]: ==================================2020-07-30 10:01:56===================================
Thu, 30 Jul 2020 10:01:56-run_all_case.py-test_config_common.py-[line:35]-INFO-[日志信息]: 开始执行脚本test_config_common:

Thu, 30 Jul 2020 10:01:57-run_all_case.py-test_dream_categoryList.py-[line:33]-INFO-[日志信息]: 开始执行脚本test_dream_categoryList:

Thu, 30 Jul 2020 10:01:57-run_all_case.py-test_dream_dreamInfoContent.py-[line:35]-INFO-[日志信息]: 开始执行脚本test_dream_dreamInfoContent:

Thu, 30 Jul 2020 10:01:57-run_all_case.py-test_dream_dreamInfoList.py-[line:35]-INFO-[日志信息]: 开始执行脚本test_dream_dreamInfoList:

Thu, 30 Jul 2020 10:01:57-run_all_case.py-test_dream_hotDream.py-[line:35]-INFO-[日志信息]: 开始执行脚本test_dream_hotDream:

Thu, 30 Jul 2020 10:01:57-run_all_case.py-test_operation_list.py-[line:35]-INFO-[日志信息]: 开始执行脚本test_operation_list:

Thu, 30 Jul 2020 10:01:57-run_all_case.py-test_rl_add.py-[line:35]-INFO-[日志信息]: 开始执行脚本test_rl_add:

Thu, 30 Jul 2020 10:01:57-run_all_case.py-test_rl_common.py-[line:31]-INFO-[日志信息]: 开始执行脚本test_rl_common:

Thu, 30 Jul 2020 10:05:35-run_all_case.py-run_all_case.py-[line:24]-INFO-[日志信息]: ==================================2020-07-30 10:05:35===================================
Thu, 30 Jul 2020 10:06:16-run_all_case.py-run_all_case.py-[line:24]-INFO-[日志信息]: ==================================2020-07-30 10:06:16===================================
Thu, 30 Jul 2020 10:06:17-run_all_case.py-test_config_common.py-[line:35]-INFO-[日志信息]: 开始执行脚本test_config_common:

Thu, 30 Jul 2020 10:06:17-run_all_case.py-test_dream_categoryList.py-[line:33]-INFO-[日志信息]: 开始执行脚本test_dream_categoryList:

Thu, 30 Jul 2020 10:06:17-run_all_case.py-test_dream_dreamInfoContent.py-[line:35]-INFO-[日志信息]: 开始执行脚本test_dream_dreamInfoContent:

Thu, 30 Jul 2020 10:06:17-run_all_case.py-test_dream_dreamInfoList.py-[line:35]-INFO-[日志信息]: 开始执行脚本test_dream_dreamInfoList:

Thu, 30 Jul 2020 10:06:17-run_all_case.py-test_dream_hotDream.py-[line:35]-INFO-[日志信息]: 开始执行脚本test_dream_hotDream:

Thu, 30 Jul 2020 10:06:17-run_all_case.py-test_operation_list.py-[line:35]-INFO-[日志信息]: 开始执行脚本test_operation_list:

Thu, 30 Jul 2020 10:06:17-run_all_case.py-test_rl_add.py-[line:35]-INFO-[日志信息]: 开始执行脚本test_rl_add:

Thu, 30 Jul 2020 10:06:17-run_all_case.py-test_rl_common.py-[line:31]-INFO-[日志信息]: 开始执行脚本test_rl_common:

Thu, 30 Jul 2020 10:07:28-run_all_case.py-run_all_case.py-[line:24]-INFO-[日志信息]: ==================================2020-07-30 10:07:28===================================
Thu, 30 Jul 2020 10:07:29-run_all_case.py-test_config_common.py-[line:35]-INFO-[日志信息]: 开始执行脚本test_config_common:

Thu, 30 Jul 2020 10:08:31-run_all_case.py-run_all_case.py-[line:24]-INFO-[日志信息]: ==================================2020-07-30 10:08:31===================================
Thu, 30 Jul 2020 10:08:31-run_all_case.py-test_config_common.py-[line:35]-INFO-[日志信息]: 开始执行脚本test_config_common:

Thu, 30 Jul 2020 10:09:49-run_all_case.py-run_all_case.py-[line:24]-INFO-[日志信息]: ==================================2020-07-30 10:09:49===================================
Thu, 30 Jul 2020 10:09:49-run_all_case.py-test_config_common.py-[line:35]-INFO-[日志信息]: 开始执行脚本test_config_common:

Thu, 30 Jul 2020 10:09:49-run_all_case.py-test_dream_categoryList.py-[line:33]-INFO-[日志信息]: 开始执行脚本test_dream_categoryList:

Thu, 30 Jul 2020 10:09:49-run_all_case.py-test_dream_dreamInfoContent.py-[line:35]-INFO-[日志信息]: 开始执行脚本test_dream_dreamInfoContent:

Thu, 30 Jul 2020 10:09:49-run_all_case.py-test_dream_dreamInfoList.py-[line:35]-INFO-[日志信息]: 开始执行脚本test_dream_dreamInfoList:

Thu, 30 Jul 2020 10:09:49-run_all_case.py-test_dream_hotDream.py-[line:35]-INFO-[日志信息]: 开始执行脚本test_dream_hotDream:

Thu, 30 Jul 2020 10:09:49-run_all_case.py-test_operation_list.py-[line:35]-INFO-[日志信息]: 开始执行脚本test_operation_list:

Thu, 30 Jul 2020 10:09:50-run_all_case.py-test_rl_add.py-[line:35]-INFO-[日志信息]: 开始执行脚本test_rl_add:

Thu, 30 Jul 2020 10:09:50-run_all_case.py-test_rl_common.py-[line:31]-INFO-[日志信息]: 开始执行脚本test_rl_common:

Thu, 30 Jul 2020 10:14:58-run_all_case.py-run_all_case.py-[line:24]-INFO-[日志信息]: ==================================2020-07-30 10:14:58===================================
Thu, 30 Jul 2020 10:14:58-run_all_case.py-test_config_common.py-[line:35]-INFO-[日志信息]: 开始执行脚本test_config_common:

Thu, 30 Jul 2020 10:14:58-run_all_case.py-test_dream_categoryList.py-[line:33]-INFO-[日志信息]: 开始执行脚本test_dream_categoryList:

Thu, 30 Jul 2020 10:14:58-run_all_case.py-test_dream_dreamInfoContent.py-[line:35]-INFO-[日志信息]: 开始执行脚本test_dream_dreamInfoContent:

Thu, 30 Jul 2020 10:14:58-run_all_case.py-test_dream_dreamInfoList.py-[line:35]-INFO-[日志信息]: 开始执行脚本test_dream_dreamInfoList:

Thu, 30 Jul 2020 10:14:58-run_all_case.py-test_dream_hotDream.py-[line:35]-INFO-[日志信息]: 开始执行脚本test_dream_hotDream:

Thu, 30 Jul 2020 10:14:58-run_all_case.py-test_operation_list.py-[line:35]-INFO-[日志信息]: 开始执行脚本test_operation_list:

Thu, 30 Jul 2020 10:14:59-run_all_case.py-test_rl_add.py-[line:35]-INFO-[日志信息]: 开始执行脚本test_rl_add:

Thu, 30 Jul 2020 10:14:59-run_all_case.py-test_rl_common.py-[line:31]-INFO-[日志信息]: 开始执行脚本test_rl_common:

Thu, 30 Jul 2020 12:48:10-run_all_case.py-run_all_case.py-[line:24]-INFO-[日志信息]: ==================================2020-07-30 12:48:10===================================
Thu, 30 Jul 2020 12:48:11-run_all_case.py-test_demo.py-[line:32]-INFO-[日志信息]: 开始执行脚本test_config_common:

Thu, 30 Jul 2020 12:48:54-run_all_case.py-run_all_case.py-[line:24]-INFO-[日志信息]: ==================================2020-07-30 12:48:54===================================
Thu, 30 Jul 2020 12:48:55-run_all_case.py-test_demo.py-[line:32]-INFO-[日志信息]: 开始执行脚本test_config_common:

Thu, 30 Jul 2020 12:49:28-run_all_case.py-run_all_case.py-[line:24]-INFO-[日志信息]: ==================================2020-07-30 12:49:28===================================
Thu, 30 Jul 2020 12:49:28-run_all_case.py-test_demo.py-[line:32]-INFO-[日志信息]: 开始执行脚本test_config_common:

Thu, 30 Jul 2020 12:49:28-test_config_common-Assert.py-[line:32]-INFO-[日志信息]: statusCode true, expected_code is 10006, statusCode is 10006 
Thu, 30 Jul 2020 12:49:28-test_config_common-Assert.py-[line:55]-ERROR-[日志信息]: Response body msg != expected_msg, expected_msg is 执行成功, body_msg is 签名校验失败
Thu, 30 Jul 2020 12:49:51-run_all_case.py-run_all_case.py-[line:24]-INFO-[日志信息]: ==================================2020-07-30 12:49:51===================================
Thu, 30 Jul 2020 12:49:52-run_all_case.py-test_demo.py-[line:32]-INFO-[日志信息]: 开始执行脚本test_config_common:

Thu, 30 Jul 2020 12:53:13-run_all_case.py-run_all_case.py-[line:24]-INFO-[日志信息]: ==================================2020-07-30 12:53:13===================================
Thu, 30 Jul 2020 12:53:13-run_all_case.py-test_demo.py-[line:32]-INFO-[日志信息]: 开始执行脚本test_config_common:

Thu, 30 Jul 2020 12:53:48-run_all_case.py-run_all_case.py-[line:24]-INFO-[日志信息]: ==================================2020-07-30 12:53:48===================================
Thu, 30 Jul 2020 12:53:48-run_all_case.py-test_demo.py-[line:32]-INFO-[日志信息]: 开始执行脚本test_config_common:

Thu, 30 Jul 2020 12:55:16-run_all_case.py-run_all_case.py-[line:24]-INFO-[日志信息]: ==================================2020-07-30 12:55:16===================================
Thu, 30 Jul 2020 12:55:16-run_all_case.py-test_demo.py-[line:32]-INFO-[日志信息]: 开始执行脚本test_config_common:

Thu, 30 Jul 2020 12:55:16-test_config_common-Assert.py-[line:32]-INFO-[日志信息]: statusCode true, expected_code is 10006, statusCode is 10006 
Thu, 30 Jul 2020 12:55:16-test_config_common-Assert.py-[line:55]-ERROR-[日志信息]: Response body msg != expected_msg, expected_msg is 执行成功, body_msg is 签名校验失败
Thu, 30 Jul 2020 12:55:32-run_all_case.py-run_all_case.py-[line:24]-INFO-[日志信息]: ==================================2020-07-30 12:55:32===================================
Thu, 30 Jul 2020 12:55:32-run_all_case.py-test_demo.py-[line:32]-INFO-[日志信息]: 开始执行脚本test_config_common:

Thu, 30 Jul 2020 12:55:33-test_config_common-Assert.py-[line:32]-INFO-[日志信息]: statusCode true, expected_code is 10006, statusCode is 10006 
Thu, 30 Jul 2020 12:56:23-run_all_case.py-run_all_case.py-[line:24]-INFO-[日志信息]: ==================================2020-07-30 12:56:23===================================
Thu, 30 Jul 2020 12:56:23-run_all_case.py-test_demo.py-[line:32]-INFO-[日志信息]: 开始执行脚本test_config_common:

Thu, 30 Jul 2020 12:56:23-test_config_common-Assert.py-[line:32]-INFO-[日志信息]: statusCode true, expected_code is 10006, statusCode is 10006 
Thu, 30 Jul 2020 12:56:23-test_config_common-Assert.py-[line:50]-INFO-[日志信息]: Response body msg == expected_msg, expected_msg is 签名校验失败, body_msg is 签名校验失败
Thu, 30 Jul 2020 16:56:32-run_all_case.py-run_all_case.py-[line:24]-INFO-[日志信息]: ==================================2020-07-30 16:56:32===================================
Thu, 30 Jul 2020 16:56:32-run_all_case.py-test_demo.py-[line:32]-INFO-[日志信息]: 开始执行脚本test_config_common:

Thu, 30 Jul 2020 16:56:32-test_config_common-Assert.py-[line:32]-INFO-[日志信息]: statusCode true, expected_code is 10006, statusCode is 10006 
Thu, 30 Jul 2020 16:56:32-test_config_common-Assert.py-[line:50]-INFO-[日志信息]: Response body msg == expected_msg, expected_msg is 签名校验失败, body_msg is 签名校验失败
