Tue, 08 Sep 2020 08:40:01-run_all_uicase.py-run_all_uicase.py-[line:27]-INFO-[日志信息]: ==================================2020-09-08 08:40:01===================================
Tue, 08 Sep 2020 08:40:02-run_all_uicase.py-test_backStage_authentication.py-[line:121]-INFO-[日志信息]: 开始执行脚本test_backStage_authentication:

Tue, 08 Sep 2020 08:40:02-run_all_uicase.py-test_backStage_authentication.py-[line:124]-INFO-[日志信息]: 开始执行脚本test_backStage_authentication:

Tue, 08 Sep 2020 08:40:16-run_all_uicase.py-test_login.py-[line:123]-INFO-[日志信息]: 成功进入到密码重置页面
Tue, 08 Sep 2020 08:40:19-run_all_uicase.py-test_login.py-[line:130]-INFO-[日志信息]: 成功进入到密码修改完成页面
Tue, 08 Sep 2020 08:40:47-run_all_uicase.py-run_all_uicase.py-[line:27]-INFO-[日志信息]: ==================================2020-09-08 08:40:47===================================
Tue, 08 Sep 2020 08:40:48-run_all_uicase.py-test_login.py-[line:53]-INFO-[日志信息]: 开始执行脚本test_companyRegister:

Tue, 08 Sep 2020 08:40:58-run_all_uicase.py-test_login.py-[line:60]-INFO-[日志信息]: 对已注册的账户进行删除操作
Tue, 08 Sep 2020 08:41:02-test_companyRegister-Assert.py-[line:123]-INFO-[日志信息]: except_result = actul_result, except_result is 中小微企业金融服务聚合平台, actul_result is 中小微企业金融服务聚合平台
Tue, 08 Sep 2020 08:41:02-run_all_uicase.py-test_login.py-[line:87]-INFO-[日志信息]: 注册成功，返回到登陆页面
Tue, 08 Sep 2020 08:41:04-run_all_uicase.py-test_backStage_authentication.py-[line:121]-INFO-[日志信息]: 开始执行脚本test_backStage_authentication:

Tue, 08 Sep 2020 08:41:04-run_all_uicase.py-test_backStage_authentication.py-[line:124]-INFO-[日志信息]: 开始执行脚本test_backStage_authentication:

Tue, 08 Sep 2020 08:41:17-run_all_uicase.py-test_login.py-[line:123]-INFO-[日志信息]: 成功进入到密码重置页面
Tue, 08 Sep 2020 08:41:18-run_all_uicase.py-test_personalInfoReg.py-[line:32]-INFO-[日志信息]: 开始执行脚本test_infoReg:

Tue, 08 Sep 2020 08:41:18-run_all_uicase.py-test_businessInfoReg.py-[line:30]-INFO-[日志信息]: 开始执行脚本test_businessInforReg:

Tue, 08 Sep 2020 08:41:36-run_all_uicase.py-test_backStage_examine.py-[line:24]-INFO-[日志信息]: 开始执行脚本test_backstage_examine:

Tue, 08 Sep 2020 08:41:46-run_all_uicase.py-test_Tripartite_interaction.py-[line:132]-INFO-[日志信息]: 开始执行脚本test_Tripartite_interaction:

Tue, 08 Sep 2020 08:42:38-run_all_uicase.py-run_all_uicase.py-[line:27]-INFO-[日志信息]: ==================================2020-09-08 08:42:38===================================
Tue, 08 Sep 2020 08:42:38-run_all_uicase.py-test_login.py-[line:53]-INFO-[日志信息]: 开始执行脚本test_companyRegister:

Tue, 08 Sep 2020 08:42:49-run_all_uicase.py-test_login.py-[line:60]-INFO-[日志信息]: 对已注册的账户进行删除操作
Tue, 08 Sep 2020 08:42:52-test_companyRegister-Assert.py-[line:123]-INFO-[日志信息]: except_result = actul_result, except_result is 中小微企业金融服务聚合平台, actul_result is 中小微企业金融服务聚合平台
Tue, 08 Sep 2020 08:42:52-run_all_uicase.py-test_login.py-[line:87]-INFO-[日志信息]: 注册成功，返回到登陆页面
Tue, 08 Sep 2020 08:42:54-run_all_uicase.py-test_backStage_authentication.py-[line:121]-INFO-[日志信息]: 开始执行脚本test_backStage_authentication:

Tue, 08 Sep 2020 08:42:54-run_all_uicase.py-test_backStage_authentication.py-[line:124]-INFO-[日志信息]: 开始执行脚本test_backStage_authentication:

Tue, 08 Sep 2020 08:43:07-run_all_uicase.py-test_login.py-[line:123]-INFO-[日志信息]: 成功进入到密码重置页面
Tue, 08 Sep 2020 08:43:08-run_all_uicase.py-test_personalInfoReg.py-[line:32]-INFO-[日志信息]: 开始执行脚本test_infoReg:

Tue, 08 Sep 2020 08:43:10-run_all_uicase.py-test_businessInfoReg.py-[line:30]-INFO-[日志信息]: 开始执行脚本test_businessInforReg:

Tue, 08 Sep 2020 08:43:50-run_all_uicase.py-test_backStage_examine.py-[line:24]-INFO-[日志信息]: 开始执行脚本test_backstage_examine:

Tue, 08 Sep 2020 08:43:58-run_all_uicase.py-run_all_uicase.py-[line:27]-INFO-[日志信息]: ==================================2020-09-08 08:43:58===================================
Tue, 08 Sep 2020 08:43:58-run_all_uicase.py-test_login.py-[line:53]-INFO-[日志信息]: 开始执行脚本test_companyRegister:

Tue, 08 Sep 2020 08:44:08-run_all_uicase.py-test_login.py-[line:60]-INFO-[日志信息]: 对已注册的账户进行删除操作
Tue, 08 Sep 2020 08:44:12-test_companyRegister-Assert.py-[line:123]-INFO-[日志信息]: except_result = actul_result, except_result is 中小微企业金融服务聚合平台, actul_result is 中小微企业金融服务聚合平台
Tue, 08 Sep 2020 08:44:12-run_all_uicase.py-test_login.py-[line:87]-INFO-[日志信息]: 注册成功，返回到登陆页面
Tue, 08 Sep 2020 08:44:14-run_all_uicase.py-test_backStage_authentication.py-[line:121]-INFO-[日志信息]: 开始执行脚本test_backStage_authentication:

Tue, 08 Sep 2020 08:44:14-run_all_uicase.py-test_backStage_authentication.py-[line:124]-INFO-[日志信息]: 开始执行脚本test_backStage_authentication:

Tue, 08 Sep 2020 08:44:27-run_all_uicase.py-test_login.py-[line:123]-INFO-[日志信息]: 成功进入到密码重置页面
Tue, 08 Sep 2020 08:44:27-run_all_uicase.py-test_personalInfoReg.py-[line:32]-INFO-[日志信息]: 开始执行脚本test_infoReg:

Tue, 08 Sep 2020 08:44:29-run_all_uicase.py-test_businessInfoReg.py-[line:30]-INFO-[日志信息]: 开始执行脚本test_businessInforReg:

Tue, 08 Sep 2020 08:44:47-run_all_uicase.py-test_backStage_examine.py-[line:24]-INFO-[日志信息]: 开始执行脚本test_backstage_examine:

Tue, 08 Sep 2020 08:45:14-run_all_uicase.py-run_all_uicase.py-[line:27]-INFO-[日志信息]: ==================================2020-09-08 08:45:14===================================
Tue, 08 Sep 2020 08:45:14-run_all_uicase.py-test_login.py-[line:53]-INFO-[日志信息]: 开始执行脚本test_companyRegister:

Tue, 08 Sep 2020 08:45:24-run_all_uicase.py-test_login.py-[line:60]-INFO-[日志信息]: 对已注册的账户进行删除操作
Tue, 08 Sep 2020 08:45:28-test_companyRegister-Assert.py-[line:123]-INFO-[日志信息]: except_result = actul_result, except_result is 中小微企业金融服务聚合平台, actul_result is 中小微企业金融服务聚合平台
Tue, 08 Sep 2020 08:45:28-run_all_uicase.py-test_login.py-[line:87]-INFO-[日志信息]: 注册成功，返回到登陆页面
Tue, 08 Sep 2020 08:45:30-run_all_uicase.py-test_backStage_authentication.py-[line:121]-INFO-[日志信息]: 开始执行脚本test_backStage_authentication:

Tue, 08 Sep 2020 08:45:30-run_all_uicase.py-test_backStage_authentication.py-[line:124]-INFO-[日志信息]: 开始执行脚本test_backStage_authentication:

Tue, 08 Sep 2020 08:45:43-run_all_uicase.py-test_login.py-[line:123]-INFO-[日志信息]: 成功进入到密码重置页面
Tue, 08 Sep 2020 08:45:43-run_all_uicase.py-test_personalInfoReg.py-[line:32]-INFO-[日志信息]: 开始执行脚本test_infoReg:

Tue, 08 Sep 2020 08:45:46-run_all_uicase.py-test_businessInfoReg.py-[line:30]-INFO-[日志信息]: 开始执行脚本test_businessInforReg:

Tue, 08 Sep 2020 08:46:42-run_all_uicase.py-run_all_uicase.py-[line:27]-INFO-[日志信息]: ==================================2020-09-08 08:46:42===================================
Tue, 08 Sep 2020 08:46:42-run_all_uicase.py-test_login.py-[line:53]-INFO-[日志信息]: 开始执行脚本test_companyRegister:

Tue, 08 Sep 2020 08:46:52-run_all_uicase.py-test_login.py-[line:60]-INFO-[日志信息]: 对已注册的账户进行删除操作
Tue, 08 Sep 2020 08:46:56-test_companyRegister-Assert.py-[line:123]-INFO-[日志信息]: except_result = actul_result, except_result is 中小微企业金融服务聚合平台, actul_result is 中小微企业金融服务聚合平台
Tue, 08 Sep 2020 08:46:56-run_all_uicase.py-test_login.py-[line:87]-INFO-[日志信息]: 注册成功，返回到登陆页面
Tue, 08 Sep 2020 08:46:58-run_all_uicase.py-test_personalInfoReg.py-[line:32]-INFO-[日志信息]: 开始执行脚本test_infoReg:

Tue, 08 Sep 2020 08:46:58-run_all_uicase.py-test_businessInfoReg.py-[line:30]-INFO-[日志信息]: 开始执行脚本test_businessInforReg:

Tue, 08 Sep 2020 08:47:39-run_all_uicase.py-test_backStage_examine.py-[line:24]-INFO-[日志信息]: 开始执行脚本test_backstage_examine:

Tue, 08 Sep 2020 08:47:51-run_all_uicase.py-test_Tripartite_interaction.py-[line:132]-INFO-[日志信息]: 开始执行脚本test_Tripartite_interaction:

Tue, 08 Sep 2020 08:50:07-run_all_uicase.py-run_all_uicase.py-[line:27]-INFO-[日志信息]: ==================================2020-09-08 08:50:07===================================
Tue, 08 Sep 2020 08:50:08-run_all_uicase.py-test_login.py-[line:53]-INFO-[日志信息]: 开始执行脚本test_companyRegister:

Tue, 08 Sep 2020 08:50:18-run_all_uicase.py-test_login.py-[line:60]-INFO-[日志信息]: 对已注册的账户进行删除操作
Tue, 08 Sep 2020 08:50:21-test_companyRegister-Assert.py-[line:123]-INFO-[日志信息]: except_result = actul_result, except_result is 中小微企业金融服务聚合平台, actul_result is 中小微企业金融服务聚合平台
Tue, 08 Sep 2020 08:50:21-run_all_uicase.py-test_login.py-[line:87]-INFO-[日志信息]: 注册成功，返回到登陆页面
Tue, 08 Sep 2020 08:50:23-run_all_uicase.py-test_backStage_authentication.py-[line:121]-INFO-[日志信息]: 开始执行脚本test_backStage_authentication:

Tue, 08 Sep 2020 08:50:23-run_all_uicase.py-test_backStage_authentication.py-[line:124]-INFO-[日志信息]: 开始执行脚本test_backStage_authentication:

Tue, 08 Sep 2020 08:50:36-run_all_uicase.py-test_login.py-[line:123]-INFO-[日志信息]: 成功进入到密码重置页面
Tue, 08 Sep 2020 08:50:37-run_all_uicase.py-test_personalInfoReg.py-[line:32]-INFO-[日志信息]: 开始执行脚本test_infoReg:

Tue, 08 Sep 2020 08:50:39-run_all_uicase.py-test_businessInfoReg.py-[line:30]-INFO-[日志信息]: 开始执行脚本test_businessInforReg:

Tue, 08 Sep 2020 08:51:06-run_all_uicase.py-run_all_uicase.py-[line:27]-INFO-[日志信息]: ==================================2020-09-08 08:51:06===================================
Tue, 08 Sep 2020 08:51:06-run_all_uicase.py-test_login.py-[line:53]-INFO-[日志信息]: 开始执行脚本test_companyRegister:

Tue, 08 Sep 2020 08:51:16-run_all_uicase.py-test_login.py-[line:60]-INFO-[日志信息]: 对已注册的账户进行删除操作
Tue, 08 Sep 2020 08:51:20-test_companyRegister-Assert.py-[line:123]-INFO-[日志信息]: except_result = actul_result, except_result is 中小微企业金融服务聚合平台, actul_result is 中小微企业金融服务聚合平台
Tue, 08 Sep 2020 08:51:20-run_all_uicase.py-test_login.py-[line:87]-INFO-[日志信息]: 注册成功，返回到登陆页面
Tue, 08 Sep 2020 08:51:22-run_all_uicase.py-test_backStage_authentication.py-[line:121]-INFO-[日志信息]: 开始执行脚本test_backStage_authentication:

Tue, 08 Sep 2020 08:51:22-run_all_uicase.py-test_backStage_authentication.py-[line:124]-INFO-[日志信息]: 开始执行脚本test_backStage_authentication:

Tue, 08 Sep 2020 08:51:35-run_all_uicase.py-test_login.py-[line:123]-INFO-[日志信息]: 成功进入到密码重置页面
Tue, 08 Sep 2020 08:51:36-run_all_uicase.py-test_personalInfoReg.py-[line:32]-INFO-[日志信息]: 开始执行脚本test_infoReg:

Tue, 08 Sep 2020 08:52:25-run_all_uicase.py-run_all_uicase.py-[line:27]-INFO-[日志信息]: ==================================2020-09-08 08:52:25===================================
Tue, 08 Sep 2020 08:52:25-run_all_uicase.py-test_login.py-[line:53]-INFO-[日志信息]: 开始执行脚本test_companyRegister:

Tue, 08 Sep 2020 08:52:35-run_all_uicase.py-test_login.py-[line:60]-INFO-[日志信息]: 对已注册的账户进行删除操作
Tue, 08 Sep 2020 08:52:39-test_companyRegister-Assert.py-[line:123]-INFO-[日志信息]: except_result = actul_result, except_result is 中小微企业金融服务聚合平台, actul_result is 中小微企业金融服务聚合平台
Tue, 08 Sep 2020 08:52:39-run_all_uicase.py-test_login.py-[line:87]-INFO-[日志信息]: 注册成功，返回到登陆页面
Tue, 08 Sep 2020 08:52:41-run_all_uicase.py-test_backStage_authentication.py-[line:121]-INFO-[日志信息]: 开始执行脚本test_backStage_authentication:

Tue, 08 Sep 2020 08:52:41-run_all_uicase.py-test_backStage_authentication.py-[line:124]-INFO-[日志信息]: 开始执行脚本test_backStage_authentication:

Tue, 08 Sep 2020 08:52:54-run_all_uicase.py-test_login.py-[line:123]-INFO-[日志信息]: 成功进入到密码重置页面
Tue, 08 Sep 2020 08:52:55-run_all_uicase.py-test_personalInfoReg.py-[line:32]-INFO-[日志信息]: 开始执行脚本test_infoReg:

Tue, 08 Sep 2020 08:52:57-run_all_uicase.py-test_businessInfoReg.py-[line:30]-INFO-[日志信息]: 开始执行脚本test_businessInforReg:

Tue, 08 Sep 2020 08:54:48-run_all_uicase.py-run_all_uicase.py-[line:27]-INFO-[日志信息]: ==================================2020-09-08 08:54:48===================================
Tue, 08 Sep 2020 08:54:49-run_all_uicase.py-test_login.py-[line:53]-INFO-[日志信息]: 开始执行脚本test_companyRegister:

Tue, 08 Sep 2020 08:54:59-run_all_uicase.py-test_login.py-[line:60]-INFO-[日志信息]: 对已注册的账户进行删除操作
Tue, 08 Sep 2020 08:55:02-test_companyRegister-Assert.py-[line:123]-INFO-[日志信息]: except_result = actul_result, except_result is 中小微企业金融服务聚合平台, actul_result is 中小微企业金融服务聚合平台
Tue, 08 Sep 2020 08:55:02-run_all_uicase.py-test_login.py-[line:87]-INFO-[日志信息]: 注册成功，返回到登陆页面
Tue, 08 Sep 2020 08:55:05-run_all_uicase.py-test_personalInfoReg.py-[line:32]-INFO-[日志信息]: 开始执行脚本test_infoReg:

Tue, 08 Sep 2020 08:55:05-run_all_uicase.py-test_businessInfoReg.py-[line:30]-INFO-[日志信息]: 开始执行脚本test_businessInforReg:

Tue, 08 Sep 2020 08:55:45-run_all_uicase.py-test_backStage_examine.py-[line:24]-INFO-[日志信息]: 开始执行脚本test_backstage_examine:

Tue, 08 Sep 2020 08:55:55-run_all_uicase.py-test_backStage_authentication.py-[line:37]-INFO-[日志信息]: 开始执行脚本test_backStageActCreate:

Tue, 08 Sep 2020 08:56:06-run_all_uicase.py-test_backStage_examine.py-[line:73]-INFO-[日志信息]: 成功登录后台系统
Tue, 08 Sep 2020 08:56:20-run_all_uicase.py-test_backStage_authentication.py-[line:165]-INFO-[日志信息]: 进入银行账户创建页面
Tue, 08 Sep 2020 08:56:20-run_all_uicase.py-test_backStage_authentication.py-[line:121]-INFO-[日志信息]: 开始执行脚本test_backStage_authentication:

Tue, 08 Sep 2020 08:56:20-run_all_uicase.py-test_backStage_authentication.py-[line:124]-INFO-[日志信息]: 开始执行脚本test_backStage_authentication:

Tue, 08 Sep 2020 08:56:33-run_all_uicase.py-test_login.py-[line:123]-INFO-[日志信息]: 成功进入到密码重置页面
Tue, 08 Sep 2020 08:59:29-run_all_uicase.py-run_all_uicase.py-[line:27]-INFO-[日志信息]: ==================================2020-09-08 08:59:29===================================
Tue, 08 Sep 2020 08:59:30-run_all_uicase.py-test_login.py-[line:53]-INFO-[日志信息]: 开始执行脚本test_companyRegister:

Tue, 08 Sep 2020 08:59:40-run_all_uicase.py-test_login.py-[line:60]-INFO-[日志信息]: 对已注册的账户进行删除操作
Tue, 08 Sep 2020 08:59:44-test_companyRegister-Assert.py-[line:123]-INFO-[日志信息]: except_result = actul_result, except_result is 中小微企业金融服务聚合平台, actul_result is 中小微企业金融服务聚合平台
Tue, 08 Sep 2020 08:59:44-run_all_uicase.py-test_login.py-[line:87]-INFO-[日志信息]: 注册成功，返回到登陆页面
Tue, 08 Sep 2020 08:59:46-run_all_uicase.py-test_personalInfoReg.py-[line:32]-INFO-[日志信息]: 开始执行脚本test_infoReg:

Tue, 08 Sep 2020 08:59:56-test_infoReg-Assert.py-[line:123]-INFO-[日志信息]: except_result = actul_result, except_result is 首页, actul_result is 首页
Tue, 08 Sep 2020 08:59:56-run_all_uicase.py-test_personalInfoReg.py-[line:49]-INFO-[日志信息]: 进入登陆页面
Tue, 08 Sep 2020 08:59:57-test_infoReg-Assert.py-[line:123]-INFO-[日志信息]: except_result = actul_result, except_result is 实名认证, actul_result is 实名认证
Tue, 08 Sep 2020 08:59:57-run_all_uicase.py-test_personalInfoReg.py-[line:54]-INFO-[日志信息]: 实名认证画面成功显示
Tue, 08 Sep 2020 09:00:01-test_infoReg-Assert.py-[line:123]-INFO-[日志信息]: except_result = actul_result, except_result is 认证中, actul_result is 认证中
Tue, 08 Sep 2020 09:00:01-run_all_uicase.py-test_personalInfoReg.py-[line:90]-INFO-[日志信息]: 实名认证中画面显示
Tue, 08 Sep 2020 09:00:01-test_infoReg-Assert.py-[line:123]-INFO-[日志信息]: except_result = actul_result, except_result is 测试用户, actul_result is 测试用户
Tue, 08 Sep 2020 09:00:01-test_infoReg-Assert.py-[line:123]-INFO-[日志信息]: except_result = actul_result, except_result is 11010119900307475X, actul_result is 11010119900307475X
Tue, 08 Sep 2020 09:00:01-test_infoReg-Assert.py-[line:123]-INFO-[日志信息]: except_result = actul_result, except_result is 17621198964, actul_result is 17621198964
Tue, 08 Sep 2020 09:00:41-test_infoReg-Assert.py-[line:123]-INFO-[日志信息]: except_result = actul_result, except_result is 认证成功, actul_result is 认证成功
Tue, 08 Sep 2020 09:00:41-run_all_uicase.py-test_personalInfoReg.py-[line:104]-INFO-[日志信息]: 实名认证成功画面显示
Tue, 08 Sep 2020 09:00:41-test_infoReg-Assert.py-[line:123]-INFO-[日志信息]: except_result = actul_result, except_result is 实名认证, actul_result is 实名认证
Tue, 08 Sep 2020 09:00:41-run_all_uicase.py-test_personalInfoReg.py-[line:109]-INFO-[日志信息]: 点击查看认证信息按钮，跳转到实名认证画面
Tue, 08 Sep 2020 09:00:43-run_all_uicase.py-test_businessInfoReg.py-[line:30]-INFO-[日志信息]: 开始执行脚本test_businessInforReg:

Tue, 08 Sep 2020 09:00:54-test_businessInforReg-Assert.py-[line:123]-INFO-[日志信息]: except_result = actul_result, except_result is 企业基本资料, actul_result is 企业基本资料
Tue, 08 Sep 2020 09:00:54-run_all_uicase.py-test_businessInfoReg.py-[line:41]-INFO-[日志信息]: 企业基本资料画面正常显示
Tue, 08 Sep 2020 09:00:54-run_all_uicase.py-test_backStage_examine.py-[line:24]-INFO-[日志信息]: 开始执行脚本test_backstage_examine:

Tue, 08 Sep 2020 09:01:06-run_all_uicase.py-test_backStage_authentication.py-[line:37]-INFO-[日志信息]: 开始执行脚本test_backStageActCreate:

Tue, 08 Sep 2020 09:01:50-run_all_uicase.py-test_backStage_authentication.py-[line:121]-INFO-[日志信息]: 开始执行脚本test_backStage_authentication:

Tue, 08 Sep 2020 09:01:50-run_all_uicase.py-test_backStage_authentication.py-[line:124]-INFO-[日志信息]: 开始执行脚本test_backStage_authentication:

Tue, 08 Sep 2020 09:03:03-run_all_uicase.py-run_all_uicase.py-[line:27]-INFO-[日志信息]: ==================================2020-09-08 09:03:03===================================
Tue, 08 Sep 2020 09:03:04-run_all_uicase.py-test_login.py-[line:53]-INFO-[日志信息]: 开始执行脚本test_companyRegister:

Tue, 08 Sep 2020 09:03:14-run_all_uicase.py-test_login.py-[line:60]-INFO-[日志信息]: 对已注册的账户进行删除操作
Tue, 08 Sep 2020 09:03:17-test_companyRegister-Assert.py-[line:123]-INFO-[日志信息]: except_result = actul_result, except_result is 中小微企业金融服务聚合平台, actul_result is 中小微企业金融服务聚合平台
Tue, 08 Sep 2020 09:03:17-run_all_uicase.py-test_login.py-[line:87]-INFO-[日志信息]: 注册成功，返回到登陆页面
Tue, 08 Sep 2020 09:03:20-run_all_uicase.py-test_personalInfoReg.py-[line:32]-INFO-[日志信息]: 开始执行脚本test_infoReg:

Tue, 08 Sep 2020 09:03:30-test_infoReg-Assert.py-[line:123]-INFO-[日志信息]: except_result = actul_result, except_result is 首页, actul_result is 首页
Tue, 08 Sep 2020 09:03:30-run_all_uicase.py-test_personalInfoReg.py-[line:49]-INFO-[日志信息]: 进入登陆页面
Tue, 08 Sep 2020 09:03:33-test_infoReg-Assert.py-[line:123]-INFO-[日志信息]: except_result = actul_result, except_result is 实名认证, actul_result is 实名认证
Tue, 08 Sep 2020 09:03:33-run_all_uicase.py-test_personalInfoReg.py-[line:54]-INFO-[日志信息]: 实名认证画面成功显示
Tue, 08 Sep 2020 09:03:35-test_infoReg-Assert.py-[line:123]-INFO-[日志信息]: except_result = actul_result, except_result is 认证中, actul_result is 认证中
Tue, 08 Sep 2020 09:03:35-run_all_uicase.py-test_personalInfoReg.py-[line:90]-INFO-[日志信息]: 实名认证中画面显示
Tue, 08 Sep 2020 09:03:36-test_infoReg-Assert.py-[line:123]-INFO-[日志信息]: except_result = actul_result, except_result is 测试用户, actul_result is 测试用户
Tue, 08 Sep 2020 09:03:36-test_infoReg-Assert.py-[line:123]-INFO-[日志信息]: except_result = actul_result, except_result is 11010119900307475X, actul_result is 11010119900307475X
Tue, 08 Sep 2020 09:03:36-test_infoReg-Assert.py-[line:123]-INFO-[日志信息]: except_result = actul_result, except_result is 17621198964, actul_result is 17621198964
Tue, 08 Sep 2020 09:04:06-test_infoReg-Assert.py-[line:123]-INFO-[日志信息]: except_result = actul_result, except_result is 认证成功, actul_result is 认证成功
Tue, 08 Sep 2020 09:04:06-run_all_uicase.py-test_personalInfoReg.py-[line:104]-INFO-[日志信息]: 实名认证成功画面显示
Tue, 08 Sep 2020 09:04:06-test_infoReg-Assert.py-[line:123]-INFO-[日志信息]: except_result = actul_result, except_result is 实名认证, actul_result is 实名认证
Tue, 08 Sep 2020 09:04:06-run_all_uicase.py-test_personalInfoReg.py-[line:109]-INFO-[日志信息]: 点击查看认证信息按钮，跳转到实名认证画面
Tue, 08 Sep 2020 09:04:08-run_all_uicase.py-test_businessInfoReg.py-[line:30]-INFO-[日志信息]: 开始执行脚本test_businessInforReg:

Tue, 08 Sep 2020 09:04:19-test_businessInforReg-Assert.py-[line:123]-INFO-[日志信息]: except_result = actul_result, except_result is 企业基本资料, actul_result is 企业基本资料
Tue, 08 Sep 2020 09:04:19-run_all_uicase.py-test_businessInfoReg.py-[line:41]-INFO-[日志信息]: 企业基本资料画面正常显示
Tue, 08 Sep 2020 09:10:49-run_all_uicase.py-run_all_uicase.py-[line:27]-INFO-[日志信息]: ==================================2020-09-08 09:10:49===================================
Tue, 08 Sep 2020 09:10:50-run_all_uicase.py-test_login.py-[line:53]-INFO-[日志信息]: 开始执行脚本test_companyRegister:

Tue, 08 Sep 2020 09:11:00-run_all_uicase.py-test_login.py-[line:60]-INFO-[日志信息]: 对已注册的账户进行删除操作
Tue, 08 Sep 2020 09:11:04-test_companyRegister-Assert.py-[line:123]-INFO-[日志信息]: except_result = actul_result, except_result is 中小微企业金融服务聚合平台, actul_result is 中小微企业金融服务聚合平台
Tue, 08 Sep 2020 09:11:04-run_all_uicase.py-test_login.py-[line:87]-INFO-[日志信息]: 注册成功，返回到登陆页面
Tue, 08 Sep 2020 09:11:06-run_all_uicase.py-test_personalInfoReg.py-[line:32]-INFO-[日志信息]: 开始执行脚本test_infoReg:

Tue, 08 Sep 2020 09:11:16-test_infoReg-Assert.py-[line:123]-INFO-[日志信息]: except_result = actul_result, except_result is 首页, actul_result is 首页
Tue, 08 Sep 2020 09:11:16-run_all_uicase.py-test_personalInfoReg.py-[line:49]-INFO-[日志信息]: 进入登陆页面
Tue, 08 Sep 2020 09:11:17-test_infoReg-Assert.py-[line:123]-INFO-[日志信息]: except_result = actul_result, except_result is 实名认证, actul_result is 实名认证
Tue, 08 Sep 2020 09:11:17-run_all_uicase.py-test_personalInfoReg.py-[line:54]-INFO-[日志信息]: 实名认证画面成功显示
Tue, 08 Sep 2020 09:11:19-test_infoReg-Assert.py-[line:123]-INFO-[日志信息]: except_result = actul_result, except_result is 认证中, actul_result is 认证中
Tue, 08 Sep 2020 09:11:19-run_all_uicase.py-test_personalInfoReg.py-[line:90]-INFO-[日志信息]: 实名认证中画面显示
Tue, 08 Sep 2020 09:11:19-test_infoReg-Assert.py-[line:123]-INFO-[日志信息]: except_result = actul_result, except_result is 测试用户, actul_result is 测试用户
Tue, 08 Sep 2020 09:11:19-test_infoReg-Assert.py-[line:123]-INFO-[日志信息]: except_result = actul_result, except_result is 11010119900307475X, actul_result is 11010119900307475X
Tue, 08 Sep 2020 09:11:19-test_infoReg-Assert.py-[line:123]-INFO-[日志信息]: except_result = actul_result, except_result is 17621198964, actul_result is 17621198964
Tue, 08 Sep 2020 09:12:09-test_infoReg-Assert.py-[line:123]-INFO-[日志信息]: except_result = actul_result, except_result is 认证成功, actul_result is 认证成功
Tue, 08 Sep 2020 09:12:09-run_all_uicase.py-test_personalInfoReg.py-[line:104]-INFO-[日志信息]: 实名认证成功画面显示
Tue, 08 Sep 2020 09:12:10-test_infoReg-Assert.py-[line:123]-INFO-[日志信息]: except_result = actul_result, except_result is 实名认证, actul_result is 实名认证
Tue, 08 Sep 2020 09:12:10-run_all_uicase.py-test_personalInfoReg.py-[line:109]-INFO-[日志信息]: 点击查看认证信息按钮，跳转到实名认证画面
Tue, 08 Sep 2020 09:12:12-run_all_uicase.py-test_businessInfoReg.py-[line:31]-INFO-[日志信息]: 开始执行脚本test_businessInforReg:

Tue, 08 Sep 2020 09:12:22-test_businessInforReg-Assert.py-[line:123]-INFO-[日志信息]: except_result = actul_result, except_result is 企业基本资料, actul_result is 企业基本资料
Tue, 08 Sep 2020 09:12:22-run_all_uicase.py-test_businessInfoReg.py-[line:42]-INFO-[日志信息]: 企业基本资料画面正常显示
Tue, 08 Sep 2020 09:12:45-run_all_uicase.py-test_backStage_examine.py-[line:24]-INFO-[日志信息]: 开始执行脚本test_backstage_examine:

Tue, 08 Sep 2020 09:13:02-run_all_uicase.py-test_backStage_authentication.py-[line:37]-INFO-[日志信息]: 开始执行脚本test_backStageActCreate:

Tue, 08 Sep 2020 09:13:20-run_all_uicase.py-test_backStage_authentication.py-[line:121]-INFO-[日志信息]: 开始执行脚本test_backStage_authentication:

Tue, 08 Sep 2020 09:13:20-run_all_uicase.py-test_backStage_authentication.py-[line:124]-INFO-[日志信息]: 开始执行脚本test_backStage_authentication:

Tue, 08 Sep 2020 09:13:54-run_all_uicase.py-run_all_uicase.py-[line:27]-INFO-[日志信息]: ==================================2020-09-08 09:13:54===================================
Tue, 08 Sep 2020 09:13:55-run_all_uicase.py-test_login.py-[line:53]-INFO-[日志信息]: 开始执行脚本test_companyRegister:

Tue, 08 Sep 2020 09:14:05-run_all_uicase.py-test_login.py-[line:60]-INFO-[日志信息]: 对已注册的账户进行删除操作
Tue, 08 Sep 2020 09:14:08-test_companyRegister-Assert.py-[line:123]-INFO-[日志信息]: except_result = actul_result, except_result is 中小微企业金融服务聚合平台, actul_result is 中小微企业金融服务聚合平台
Tue, 08 Sep 2020 09:14:08-run_all_uicase.py-test_login.py-[line:87]-INFO-[日志信息]: 注册成功，返回到登陆页面
Tue, 08 Sep 2020 09:14:10-run_all_uicase.py-test_personalInfoReg.py-[line:32]-INFO-[日志信息]: 开始执行脚本test_infoReg:

Tue, 08 Sep 2020 09:14:21-test_infoReg-Assert.py-[line:123]-INFO-[日志信息]: except_result = actul_result, except_result is 首页, actul_result is 首页
Tue, 08 Sep 2020 09:14:21-run_all_uicase.py-test_personalInfoReg.py-[line:49]-INFO-[日志信息]: 进入登陆页面
Tue, 08 Sep 2020 09:14:21-test_infoReg-Assert.py-[line:123]-INFO-[日志信息]: except_result = actul_result, except_result is 实名认证, actul_result is 实名认证
Tue, 08 Sep 2020 09:14:21-run_all_uicase.py-test_personalInfoReg.py-[line:54]-INFO-[日志信息]: 实名认证画面成功显示
Tue, 08 Sep 2020 09:14:24-test_infoReg-Assert.py-[line:123]-INFO-[日志信息]: except_result = actul_result, except_result is 认证中, actul_result is 认证中
Tue, 08 Sep 2020 09:14:24-run_all_uicase.py-test_personalInfoReg.py-[line:90]-INFO-[日志信息]: 实名认证中画面显示
Tue, 08 Sep 2020 09:14:24-test_infoReg-Assert.py-[line:123]-INFO-[日志信息]: except_result = actul_result, except_result is 测试用户, actul_result is 测试用户
Tue, 08 Sep 2020 09:14:24-test_infoReg-Assert.py-[line:123]-INFO-[日志信息]: except_result = actul_result, except_result is 11010119900307475X, actul_result is 11010119900307475X
Tue, 08 Sep 2020 09:14:24-test_infoReg-Assert.py-[line:123]-INFO-[日志信息]: except_result = actul_result, except_result is 17621198964, actul_result is 17621198964
Tue, 08 Sep 2020 09:15:14-test_infoReg-Assert.py-[line:123]-INFO-[日志信息]: except_result = actul_result, except_result is 认证成功, actul_result is 认证成功
Tue, 08 Sep 2020 09:15:14-run_all_uicase.py-test_personalInfoReg.py-[line:104]-INFO-[日志信息]: 实名认证成功画面显示
Tue, 08 Sep 2020 09:15:14-test_infoReg-Assert.py-[line:123]-INFO-[日志信息]: except_result = actul_result, except_result is 实名认证, actul_result is 实名认证
Tue, 08 Sep 2020 09:15:14-run_all_uicase.py-test_personalInfoReg.py-[line:109]-INFO-[日志信息]: 点击查看认证信息按钮，跳转到实名认证画面
Tue, 08 Sep 2020 09:15:16-run_all_uicase.py-test_businessInfoReg.py-[line:31]-INFO-[日志信息]: 开始执行脚本test_businessInforReg:

Tue, 08 Sep 2020 09:15:27-test_businessInforReg-Assert.py-[line:123]-INFO-[日志信息]: except_result = actul_result, except_result is 企业基本资料, actul_result is 企业基本资料
Tue, 08 Sep 2020 09:15:27-run_all_uicase.py-test_businessInfoReg.py-[line:42]-INFO-[日志信息]: 企业基本资料画面正常显示
Tue, 08 Sep 2020 09:15:50-run_all_uicase.py-run_all_uicase.py-[line:27]-INFO-[日志信息]: ==================================2020-09-08 09:15:50===================================
Tue, 08 Sep 2020 09:15:50-run_all_uicase.py-test_login.py-[line:53]-INFO-[日志信息]: 开始执行脚本test_companyRegister:

Tue, 08 Sep 2020 09:16:00-run_all_uicase.py-test_login.py-[line:60]-INFO-[日志信息]: 对已注册的账户进行删除操作
Tue, 08 Sep 2020 09:16:04-test_companyRegister-Assert.py-[line:123]-INFO-[日志信息]: except_result = actul_result, except_result is 中小微企业金融服务聚合平台, actul_result is 中小微企业金融服务聚合平台
Tue, 08 Sep 2020 09:16:04-run_all_uicase.py-test_login.py-[line:87]-INFO-[日志信息]: 注册成功，返回到登陆页面
Tue, 08 Sep 2020 09:16:06-run_all_uicase.py-test_personalInfoReg.py-[line:32]-INFO-[日志信息]: 开始执行脚本test_infoReg:

Tue, 08 Sep 2020 09:16:16-test_infoReg-Assert.py-[line:123]-INFO-[日志信息]: except_result = actul_result, except_result is 首页, actul_result is 首页
Tue, 08 Sep 2020 09:16:16-run_all_uicase.py-test_personalInfoReg.py-[line:49]-INFO-[日志信息]: 进入登陆页面
Tue, 08 Sep 2020 09:16:17-test_infoReg-Assert.py-[line:123]-INFO-[日志信息]: except_result = actul_result, except_result is 实名认证, actul_result is 实名认证
Tue, 08 Sep 2020 09:16:17-run_all_uicase.py-test_personalInfoReg.py-[line:54]-INFO-[日志信息]: 实名认证画面成功显示
Tue, 08 Sep 2020 09:16:19-test_infoReg-Assert.py-[line:123]-INFO-[日志信息]: except_result = actul_result, except_result is 认证中, actul_result is 认证中
Tue, 08 Sep 2020 09:16:19-run_all_uicase.py-test_personalInfoReg.py-[line:90]-INFO-[日志信息]: 实名认证中画面显示
Tue, 08 Sep 2020 09:16:20-test_infoReg-Assert.py-[line:123]-INFO-[日志信息]: except_result = actul_result, except_result is 测试用户, actul_result is 测试用户
Tue, 08 Sep 2020 09:16:20-test_infoReg-Assert.py-[line:123]-INFO-[日志信息]: except_result = actul_result, except_result is 11010119900307475X, actul_result is 11010119900307475X
Tue, 08 Sep 2020 09:16:20-test_infoReg-Assert.py-[line:123]-INFO-[日志信息]: except_result = actul_result, except_result is 17621198964, actul_result is 17621198964
Tue, 08 Sep 2020 09:16:50-test_infoReg-Assert.py-[line:123]-INFO-[日志信息]: except_result = actul_result, except_result is 认证成功, actul_result is 认证成功
Tue, 08 Sep 2020 09:16:50-run_all_uicase.py-test_personalInfoReg.py-[line:104]-INFO-[日志信息]: 实名认证成功画面显示
Tue, 08 Sep 2020 09:16:50-test_infoReg-Assert.py-[line:123]-INFO-[日志信息]: except_result = actul_result, except_result is 实名认证, actul_result is 实名认证
Tue, 08 Sep 2020 09:16:50-run_all_uicase.py-test_personalInfoReg.py-[line:109]-INFO-[日志信息]: 点击查看认证信息按钮，跳转到实名认证画面
Tue, 08 Sep 2020 09:16:52-run_all_uicase.py-test_businessInfoReg.py-[line:31]-INFO-[日志信息]: 开始执行脚本test_businessInforReg:

Tue, 08 Sep 2020 09:17:03-test_businessInforReg-Assert.py-[line:123]-INFO-[日志信息]: except_result = actul_result, except_result is 企业基本资料, actul_result is 企业基本资料
Tue, 08 Sep 2020 09:17:03-run_all_uicase.py-test_businessInfoReg.py-[line:42]-INFO-[日志信息]: 企业基本资料画面正常显示
Tue, 08 Sep 2020 09:17:36-run_all_uicase.py-test_backStage_examine.py-[line:24]-INFO-[日志信息]: 开始执行脚本test_backstage_examine:

Tue, 08 Sep 2020 09:22:53-run_all_uicase.py-run_all_uicase.py-[line:27]-INFO-[日志信息]: ==================================2020-09-08 09:22:53===================================
Tue, 08 Sep 2020 09:22:53-run_all_uicase.py-test_login.py-[line:53]-INFO-[日志信息]: 开始执行脚本test_companyRegister:

Tue, 08 Sep 2020 09:23:03-run_all_uicase.py-test_login.py-[line:60]-INFO-[日志信息]: 对已注册的账户进行删除操作
Tue, 08 Sep 2020 09:23:07-test_companyRegister-Assert.py-[line:123]-INFO-[日志信息]: except_result = actul_result, except_result is 中小微企业金融服务聚合平台, actul_result is 中小微企业金融服务聚合平台
Tue, 08 Sep 2020 09:23:07-run_all_uicase.py-test_login.py-[line:87]-INFO-[日志信息]: 注册成功，返回到登陆页面
Tue, 08 Sep 2020 09:23:09-run_all_uicase.py-test_personalInfoReg.py-[line:32]-INFO-[日志信息]: 开始执行脚本test_infoReg:

Tue, 08 Sep 2020 09:23:19-test_infoReg-Assert.py-[line:123]-INFO-[日志信息]: except_result = actul_result, except_result is 首页, actul_result is 首页
Tue, 08 Sep 2020 09:23:19-run_all_uicase.py-test_personalInfoReg.py-[line:49]-INFO-[日志信息]: 进入登陆页面
Tue, 08 Sep 2020 09:23:23-test_infoReg-Assert.py-[line:123]-INFO-[日志信息]: except_result = actul_result, except_result is 实名认证, actul_result is 实名认证
Tue, 08 Sep 2020 09:23:23-run_all_uicase.py-test_personalInfoReg.py-[line:54]-INFO-[日志信息]: 实名认证画面成功显示
Tue, 08 Sep 2020 09:23:25-test_infoReg-Assert.py-[line:123]-INFO-[日志信息]: except_result = actul_result, except_result is 认证中, actul_result is 认证中
Tue, 08 Sep 2020 09:23:25-run_all_uicase.py-test_personalInfoReg.py-[line:90]-INFO-[日志信息]: 实名认证中画面显示
Tue, 08 Sep 2020 09:23:25-test_infoReg-Assert.py-[line:123]-INFO-[日志信息]: except_result = actul_result, except_result is 测试用户, actul_result is 测试用户
Tue, 08 Sep 2020 09:23:25-test_infoReg-Assert.py-[line:123]-INFO-[日志信息]: except_result = actul_result, except_result is 11010119900307475X, actul_result is 11010119900307475X
Tue, 08 Sep 2020 09:23:25-test_infoReg-Assert.py-[line:123]-INFO-[日志信息]: except_result = actul_result, except_result is 17621198964, actul_result is 17621198964
Tue, 08 Sep 2020 09:23:55-test_infoReg-Assert.py-[line:123]-INFO-[日志信息]: except_result = actul_result, except_result is 认证成功, actul_result is 认证成功
Tue, 08 Sep 2020 09:23:55-run_all_uicase.py-test_personalInfoReg.py-[line:104]-INFO-[日志信息]: 实名认证成功画面显示
Tue, 08 Sep 2020 09:23:55-test_infoReg-Assert.py-[line:123]-INFO-[日志信息]: except_result = actul_result, except_result is 实名认证, actul_result is 实名认证
Tue, 08 Sep 2020 09:23:55-run_all_uicase.py-test_personalInfoReg.py-[line:109]-INFO-[日志信息]: 点击查看认证信息按钮，跳转到实名认证画面
Tue, 08 Sep 2020 09:23:57-run_all_uicase.py-test_businessInfoReg.py-[line:31]-INFO-[日志信息]: 开始执行脚本test_businessInforReg:

Tue, 08 Sep 2020 09:24:08-test_businessInforReg-Assert.py-[line:123]-INFO-[日志信息]: except_result = actul_result, except_result is 企业基本资料, actul_result is 企业基本资料
Tue, 08 Sep 2020 09:24:08-run_all_uicase.py-test_businessInfoReg.py-[line:42]-INFO-[日志信息]: 企业基本资料画面正常显示
Tue, 08 Sep 2020 09:24:25-run_all_uicase.py-run_all_uicase.py-[line:27]-INFO-[日志信息]: ==================================2020-09-08 09:24:25===================================
Tue, 08 Sep 2020 09:24:25-run_all_uicase.py-test_login.py-[line:53]-INFO-[日志信息]: 开始执行脚本test_companyRegister:

Tue, 08 Sep 2020 09:24:35-run_all_uicase.py-test_login.py-[line:60]-INFO-[日志信息]: 对已注册的账户进行删除操作
Tue, 08 Sep 2020 09:24:39-test_companyRegister-Assert.py-[line:123]-INFO-[日志信息]: except_result = actul_result, except_result is 中小微企业金融服务聚合平台, actul_result is 中小微企业金融服务聚合平台
Tue, 08 Sep 2020 09:24:39-run_all_uicase.py-test_login.py-[line:87]-INFO-[日志信息]: 注册成功，返回到登陆页面
Tue, 08 Sep 2020 09:24:41-run_all_uicase.py-test_personalInfoReg.py-[line:32]-INFO-[日志信息]: 开始执行脚本test_infoReg:

Tue, 08 Sep 2020 09:24:51-test_infoReg-Assert.py-[line:123]-INFO-[日志信息]: except_result = actul_result, except_result is 首页, actul_result is 首页
Tue, 08 Sep 2020 09:24:51-run_all_uicase.py-test_personalInfoReg.py-[line:49]-INFO-[日志信息]: 进入登陆页面
Tue, 08 Sep 2020 09:24:52-test_infoReg-Assert.py-[line:123]-INFO-[日志信息]: except_result = actul_result, except_result is 实名认证, actul_result is 实名认证
Tue, 08 Sep 2020 09:24:52-run_all_uicase.py-test_personalInfoReg.py-[line:54]-INFO-[日志信息]: 实名认证画面成功显示
Tue, 08 Sep 2020 09:24:54-test_infoReg-Assert.py-[line:123]-INFO-[日志信息]: except_result = actul_result, except_result is 认证中, actul_result is 认证中
Tue, 08 Sep 2020 09:24:54-run_all_uicase.py-test_personalInfoReg.py-[line:90]-INFO-[日志信息]: 实名认证中画面显示
Tue, 08 Sep 2020 09:24:54-test_infoReg-Assert.py-[line:123]-INFO-[日志信息]: except_result = actul_result, except_result is 测试用户, actul_result is 测试用户
Tue, 08 Sep 2020 09:24:54-test_infoReg-Assert.py-[line:123]-INFO-[日志信息]: except_result = actul_result, except_result is 11010119900307475X, actul_result is 11010119900307475X
Tue, 08 Sep 2020 09:24:54-test_infoReg-Assert.py-[line:123]-INFO-[日志信息]: except_result = actul_result, except_result is 17621198964, actul_result is 17621198964
Tue, 08 Sep 2020 09:25:24-test_infoReg-Assert.py-[line:123]-INFO-[日志信息]: except_result = actul_result, except_result is 认证成功, actul_result is 认证成功
Tue, 08 Sep 2020 09:25:24-run_all_uicase.py-test_personalInfoReg.py-[line:104]-INFO-[日志信息]: 实名认证成功画面显示
Tue, 08 Sep 2020 09:25:24-test_infoReg-Assert.py-[line:123]-INFO-[日志信息]: except_result = actul_result, except_result is 实名认证, actul_result is 实名认证
Tue, 08 Sep 2020 09:25:24-run_all_uicase.py-test_personalInfoReg.py-[line:109]-INFO-[日志信息]: 点击查看认证信息按钮，跳转到实名认证画面
Tue, 08 Sep 2020 09:25:26-run_all_uicase.py-test_businessInfoReg.py-[line:31]-INFO-[日志信息]: 开始执行脚本test_businessInforReg:

Tue, 08 Sep 2020 09:25:37-test_businessInforReg-Assert.py-[line:123]-INFO-[日志信息]: except_result = actul_result, except_result is 企业基本资料, actul_result is 企业基本资料
Tue, 08 Sep 2020 09:25:37-run_all_uicase.py-test_businessInfoReg.py-[line:42]-INFO-[日志信息]: 企业基本资料画面正常显示
Tue, 08 Sep 2020 09:25:37-run_all_uicase.py-test_backStage_examine.py-[line:24]-INFO-[日志信息]: 开始执行脚本test_backstage_examine:

Tue, 08 Sep 2020 09:25:47-run_all_uicase.py-test_backStage_authentication.py-[line:37]-INFO-[日志信息]: 开始执行脚本test_backStageActCreate:

Tue, 08 Sep 2020 09:26:07-run_all_uicase.py-test_backStage_authentication.py-[line:121]-INFO-[日志信息]: 开始执行脚本test_backStage_authentication:

Tue, 08 Sep 2020 09:26:07-run_all_uicase.py-test_backStage_authentication.py-[line:124]-INFO-[日志信息]: 开始执行脚本test_backStage_authentication:

Tue, 08 Sep 2020 09:26:21-run_all_uicase.py-test_login.py-[line:123]-INFO-[日志信息]: 成功进入到密码重置页面
Tue, 08 Sep 2020 09:26:24-run_all_uicase.py-test_login.py-[line:130]-INFO-[日志信息]: 成功进入到密码修改完成页面
Tue, 08 Sep 2020 09:29:33-run_all_uicase.py-run_all_uicase.py-[line:27]-INFO-[日志信息]: ==================================2020-09-08 09:29:33===================================
Tue, 08 Sep 2020 09:29:33-run_all_uicase.py-test_login.py-[line:53]-INFO-[日志信息]: 开始执行脚本test_companyRegister:

Tue, 08 Sep 2020 09:29:43-run_all_uicase.py-test_login.py-[line:60]-INFO-[日志信息]: 对已注册的账户进行删除操作
Tue, 08 Sep 2020 09:29:47-test_companyRegister-Assert.py-[line:123]-INFO-[日志信息]: except_result = actul_result, except_result is 中小微企业金融服务聚合平台, actul_result is 中小微企业金融服务聚合平台
Tue, 08 Sep 2020 09:29:47-run_all_uicase.py-test_login.py-[line:87]-INFO-[日志信息]: 注册成功，返回到登陆页面
Tue, 08 Sep 2020 09:29:49-run_all_uicase.py-test_personalInfoReg.py-[line:32]-INFO-[日志信息]: 开始执行脚本test_infoReg:

Tue, 08 Sep 2020 09:29:59-test_infoReg-Assert.py-[line:123]-INFO-[日志信息]: except_result = actul_result, except_result is 首页, actul_result is 首页
Tue, 08 Sep 2020 09:29:59-run_all_uicase.py-test_personalInfoReg.py-[line:49]-INFO-[日志信息]: 进入登陆页面
Tue, 08 Sep 2020 09:30:00-test_infoReg-Assert.py-[line:123]-INFO-[日志信息]: except_result = actul_result, except_result is 实名认证, actul_result is 实名认证
Tue, 08 Sep 2020 09:30:00-run_all_uicase.py-test_personalInfoReg.py-[line:54]-INFO-[日志信息]: 实名认证画面成功显示
Tue, 08 Sep 2020 09:30:02-test_infoReg-Assert.py-[line:123]-INFO-[日志信息]: except_result = actul_result, except_result is 认证中, actul_result is 认证中
Tue, 08 Sep 2020 09:30:02-run_all_uicase.py-test_personalInfoReg.py-[line:90]-INFO-[日志信息]: 实名认证中画面显示
Tue, 08 Sep 2020 09:30:02-test_infoReg-Assert.py-[line:123]-INFO-[日志信息]: except_result = actul_result, except_result is 测试用户, actul_result is 测试用户
Tue, 08 Sep 2020 09:30:02-test_infoReg-Assert.py-[line:123]-INFO-[日志信息]: except_result = actul_result, except_result is 11010119900307475X, actul_result is 11010119900307475X
Tue, 08 Sep 2020 09:30:02-test_infoReg-Assert.py-[line:123]-INFO-[日志信息]: except_result = actul_result, except_result is 17621198964, actul_result is 17621198964
Tue, 08 Sep 2020 09:30:22-test_infoReg-Assert.py-[line:123]-INFO-[日志信息]: except_result = actul_result, except_result is 认证成功, actul_result is 认证成功
Tue, 08 Sep 2020 09:30:22-run_all_uicase.py-test_personalInfoReg.py-[line:104]-INFO-[日志信息]: 实名认证成功画面显示
Tue, 08 Sep 2020 09:30:22-test_infoReg-Assert.py-[line:123]-INFO-[日志信息]: except_result = actul_result, except_result is 实名认证, actul_result is 实名认证
Tue, 08 Sep 2020 09:30:22-run_all_uicase.py-test_personalInfoReg.py-[line:109]-INFO-[日志信息]: 点击查看认证信息按钮，跳转到实名认证画面
Tue, 08 Sep 2020 09:30:24-run_all_uicase.py-test_businessInfoReg.py-[line:31]-INFO-[日志信息]: 开始执行脚本test_businessInforReg:

Tue, 08 Sep 2020 09:30:35-test_businessInforReg-Assert.py-[line:123]-INFO-[日志信息]: except_result = actul_result, except_result is 企业基本资料, actul_result is 企业基本资料
Tue, 08 Sep 2020 09:30:35-run_all_uicase.py-test_businessInfoReg.py-[line:42]-INFO-[日志信息]: 企业基本资料画面正常显示
Tue, 08 Sep 2020 09:31:52-run_all_uicase.py-run_all_uicase.py-[line:27]-INFO-[日志信息]: ==================================2020-09-08 09:31:52===================================
Tue, 08 Sep 2020 09:31:53-run_all_uicase.py-test_login.py-[line:53]-INFO-[日志信息]: 开始执行脚本test_companyRegister:

Tue, 08 Sep 2020 09:32:03-run_all_uicase.py-test_login.py-[line:60]-INFO-[日志信息]: 对已注册的账户进行删除操作
Tue, 08 Sep 2020 09:32:06-test_companyRegister-Assert.py-[line:123]-INFO-[日志信息]: except_result = actul_result, except_result is 中小微企业金融服务聚合平台, actul_result is 中小微企业金融服务聚合平台
Tue, 08 Sep 2020 09:32:06-run_all_uicase.py-test_login.py-[line:87]-INFO-[日志信息]: 注册成功，返回到登陆页面
Tue, 08 Sep 2020 09:32:09-run_all_uicase.py-test_personalInfoReg.py-[line:32]-INFO-[日志信息]: 开始执行脚本test_infoReg:

Tue, 08 Sep 2020 09:32:19-test_infoReg-Assert.py-[line:123]-INFO-[日志信息]: except_result = actul_result, except_result is 首页, actul_result is 首页
Tue, 08 Sep 2020 09:32:19-run_all_uicase.py-test_personalInfoReg.py-[line:49]-INFO-[日志信息]: 进入登陆页面
Tue, 08 Sep 2020 09:32:19-test_infoReg-Assert.py-[line:123]-INFO-[日志信息]: except_result = actul_result, except_result is 实名认证, actul_result is 实名认证
Tue, 08 Sep 2020 09:32:19-run_all_uicase.py-test_personalInfoReg.py-[line:54]-INFO-[日志信息]: 实名认证画面成功显示
Tue, 08 Sep 2020 09:32:22-test_infoReg-Assert.py-[line:123]-INFO-[日志信息]: except_result = actul_result, except_result is 认证中, actul_result is 认证中
Tue, 08 Sep 2020 09:32:22-run_all_uicase.py-test_personalInfoReg.py-[line:90]-INFO-[日志信息]: 实名认证中画面显示
Tue, 08 Sep 2020 09:32:22-test_infoReg-Assert.py-[line:123]-INFO-[日志信息]: except_result = actul_result, except_result is 测试用户, actul_result is 测试用户
Tue, 08 Sep 2020 09:32:22-test_infoReg-Assert.py-[line:123]-INFO-[日志信息]: except_result = actul_result, except_result is 11010119900307475X, actul_result is 11010119900307475X
Tue, 08 Sep 2020 09:32:22-test_infoReg-Assert.py-[line:123]-INFO-[日志信息]: except_result = actul_result, except_result is 17621198964, actul_result is 17621198964
Tue, 08 Sep 2020 09:32:42-test_infoReg-Assert.py-[line:123]-INFO-[日志信息]: except_result = actul_result, except_result is 认证成功, actul_result is 认证成功
Tue, 08 Sep 2020 09:32:42-run_all_uicase.py-test_personalInfoReg.py-[line:104]-INFO-[日志信息]: 实名认证成功画面显示
Tue, 08 Sep 2020 09:32:42-test_infoReg-Assert.py-[line:123]-INFO-[日志信息]: except_result = actul_result, except_result is 实名认证, actul_result is 实名认证
Tue, 08 Sep 2020 09:32:42-run_all_uicase.py-test_personalInfoReg.py-[line:109]-INFO-[日志信息]: 点击查看认证信息按钮，跳转到实名认证画面
Tue, 08 Sep 2020 09:32:44-run_all_uicase.py-test_businessInfoReg.py-[line:31]-INFO-[日志信息]: 开始执行脚本test_businessInforReg:

Tue, 08 Sep 2020 09:32:55-test_businessInforReg-Assert.py-[line:123]-INFO-[日志信息]: except_result = actul_result, except_result is 企业基本资料, actul_result is 企业基本资料
Tue, 08 Sep 2020 09:32:55-run_all_uicase.py-test_businessInfoReg.py-[line:42]-INFO-[日志信息]: 企业基本资料画面正常显示
Tue, 08 Sep 2020 09:32:55-run_all_uicase.py-test_backStage_examine.py-[line:24]-INFO-[日志信息]: 开始执行脚本test_backstage_examine:

Tue, 08 Sep 2020 09:33:05-run_all_uicase.py-test_backStage_authentication.py-[line:37]-INFO-[日志信息]: 开始执行脚本test_backStageActCreate:

Tue, 08 Sep 2020 09:33:16-run_all_uicase.py-test_backStage_examine.py-[line:73]-INFO-[日志信息]: 成功登录后台系统
Tue, 08 Sep 2020 09:33:26-run_all_uicase.py-test_backStage_authentication.py-[line:121]-INFO-[日志信息]: 开始执行脚本test_backStage_authentication:

Tue, 08 Sep 2020 09:33:26-run_all_uicase.py-test_backStage_authentication.py-[line:124]-INFO-[日志信息]: 开始执行脚本test_backStage_authentication:

Tue, 08 Sep 2020 09:33:38-run_all_uicase.py-run_all_uicase.py-[line:27]-INFO-[日志信息]: ==================================2020-09-08 09:33:38===================================
Tue, 08 Sep 2020 09:33:38-run_all_uicase.py-test_login.py-[line:53]-INFO-[日志信息]: 开始执行脚本test_companyRegister:

Tue, 08 Sep 2020 09:33:59-run_all_uicase.py-run_all_uicase.py-[line:27]-INFO-[日志信息]: ==================================2020-09-08 09:33:59===================================
Tue, 08 Sep 2020 09:34:00-run_all_uicase.py-test_login.py-[line:53]-INFO-[日志信息]: 开始执行脚本test_companyRegister:

Tue, 08 Sep 2020 09:34:10-run_all_uicase.py-test_login.py-[line:60]-INFO-[日志信息]: 对已注册的账户进行删除操作
Tue, 08 Sep 2020 09:34:13-test_companyRegister-Assert.py-[line:123]-INFO-[日志信息]: except_result = actul_result, except_result is 中小微企业金融服务聚合平台, actul_result is 中小微企业金融服务聚合平台
Tue, 08 Sep 2020 09:34:13-run_all_uicase.py-test_login.py-[line:87]-INFO-[日志信息]: 注册成功，返回到登陆页面
Tue, 08 Sep 2020 09:34:16-run_all_uicase.py-test_personalInfoReg.py-[line:32]-INFO-[日志信息]: 开始执行脚本test_infoReg:

Tue, 08 Sep 2020 09:34:26-test_infoReg-Assert.py-[line:123]-INFO-[日志信息]: except_result = actul_result, except_result is 首页, actul_result is 首页
Tue, 08 Sep 2020 09:34:26-run_all_uicase.py-test_personalInfoReg.py-[line:49]-INFO-[日志信息]: 进入登陆页面
Tue, 08 Sep 2020 09:34:26-test_infoReg-Assert.py-[line:123]-INFO-[日志信息]: except_result = actul_result, except_result is 实名认证, actul_result is 实名认证
Tue, 08 Sep 2020 09:34:26-run_all_uicase.py-test_personalInfoReg.py-[line:54]-INFO-[日志信息]: 实名认证画面成功显示
Tue, 08 Sep 2020 09:34:28-test_infoReg-Assert.py-[line:123]-INFO-[日志信息]: except_result = actul_result, except_result is 认证中, actul_result is 认证中
Tue, 08 Sep 2020 09:34:28-run_all_uicase.py-test_personalInfoReg.py-[line:90]-INFO-[日志信息]: 实名认证中画面显示
Tue, 08 Sep 2020 09:34:28-test_infoReg-Assert.py-[line:123]-INFO-[日志信息]: except_result = actul_result, except_result is 测试用户, actul_result is 测试用户
Tue, 08 Sep 2020 09:34:28-test_infoReg-Assert.py-[line:123]-INFO-[日志信息]: except_result = actul_result, except_result is 11010119900307475X, actul_result is 11010119900307475X
Tue, 08 Sep 2020 09:34:28-test_infoReg-Assert.py-[line:123]-INFO-[日志信息]: except_result = actul_result, except_result is 17621198964, actul_result is 17621198964
Tue, 08 Sep 2020 09:35:08-test_infoReg-Assert.py-[line:123]-INFO-[日志信息]: except_result = actul_result, except_result is 认证成功, actul_result is 认证成功
Tue, 08 Sep 2020 09:35:08-run_all_uicase.py-test_personalInfoReg.py-[line:104]-INFO-[日志信息]: 实名认证成功画面显示
Tue, 08 Sep 2020 09:35:08-test_infoReg-Assert.py-[line:123]-INFO-[日志信息]: except_result = actul_result, except_result is 实名认证, actul_result is 实名认证
Tue, 08 Sep 2020 09:35:08-run_all_uicase.py-test_personalInfoReg.py-[line:109]-INFO-[日志信息]: 点击查看认证信息按钮，跳转到实名认证画面
Tue, 08 Sep 2020 09:35:10-run_all_uicase.py-test_businessInfoReg.py-[line:31]-INFO-[日志信息]: 开始执行脚本test_businessInforReg:

Tue, 08 Sep 2020 09:35:21-test_businessInforReg-Assert.py-[line:123]-INFO-[日志信息]: except_result = actul_result, except_result is 企业基本资料, actul_result is 企业基本资料
Tue, 08 Sep 2020 09:35:21-run_all_uicase.py-test_businessInfoReg.py-[line:42]-INFO-[日志信息]: 企业基本资料画面正常显示
Tue, 08 Sep 2020 09:40:39-run_all_uicase.py-run_all_uicase.py-[line:27]-INFO-[日志信息]: ==================================2020-09-08 09:40:39===================================
Tue, 08 Sep 2020 09:40:40-run_all_uicase.py-test_login.py-[line:53]-INFO-[日志信息]: 开始执行脚本test_companyRegister:

Tue, 08 Sep 2020 09:40:50-run_all_uicase.py-test_login.py-[line:60]-INFO-[日志信息]: 对已注册的账户进行删除操作
Tue, 08 Sep 2020 09:40:53-test_companyRegister-Assert.py-[line:123]-INFO-[日志信息]: except_result = actul_result, except_result is 中小微企业金融服务聚合平台, actul_result is 中小微企业金融服务聚合平台
Tue, 08 Sep 2020 09:40:53-run_all_uicase.py-test_login.py-[line:87]-INFO-[日志信息]: 注册成功，返回到登陆页面
Tue, 08 Sep 2020 09:40:55-run_all_uicase.py-test_personalInfoReg.py-[line:32]-INFO-[日志信息]: 开始执行脚本test_infoReg:

Tue, 08 Sep 2020 09:41:06-test_infoReg-Assert.py-[line:123]-INFO-[日志信息]: except_result = actul_result, except_result is 首页, actul_result is 首页
Tue, 08 Sep 2020 09:41:06-run_all_uicase.py-test_personalInfoReg.py-[line:49]-INFO-[日志信息]: 进入登陆页面
Tue, 08 Sep 2020 09:41:10-test_infoReg-Assert.py-[line:123]-INFO-[日志信息]: except_result = actul_result, except_result is 实名认证, actul_result is 实名认证
Tue, 08 Sep 2020 09:41:10-run_all_uicase.py-test_personalInfoReg.py-[line:54]-INFO-[日志信息]: 实名认证画面成功显示
Tue, 08 Sep 2020 09:41:12-test_infoReg-Assert.py-[line:123]-INFO-[日志信息]: except_result = actul_result, except_result is 认证中, actul_result is 认证中
Tue, 08 Sep 2020 09:41:12-run_all_uicase.py-test_personalInfoReg.py-[line:90]-INFO-[日志信息]: 实名认证中画面显示
Tue, 08 Sep 2020 09:41:12-test_infoReg-Assert.py-[line:123]-INFO-[日志信息]: except_result = actul_result, except_result is 测试用户, actul_result is 测试用户
Tue, 08 Sep 2020 09:41:12-test_infoReg-Assert.py-[line:123]-INFO-[日志信息]: except_result = actul_result, except_result is 11010119900307475X, actul_result is 11010119900307475X
Tue, 08 Sep 2020 09:41:12-test_infoReg-Assert.py-[line:123]-INFO-[日志信息]: except_result = actul_result, except_result is 17621198964, actul_result is 17621198964
Tue, 08 Sep 2020 09:41:42-test_infoReg-Assert.py-[line:123]-INFO-[日志信息]: except_result = actul_result, except_result is 认证成功, actul_result is 认证成功
Tue, 08 Sep 2020 09:41:42-run_all_uicase.py-test_personalInfoReg.py-[line:104]-INFO-[日志信息]: 实名认证成功画面显示
Tue, 08 Sep 2020 09:41:42-test_infoReg-Assert.py-[line:123]-INFO-[日志信息]: except_result = actul_result, except_result is 实名认证, actul_result is 实名认证
Tue, 08 Sep 2020 09:41:42-run_all_uicase.py-test_personalInfoReg.py-[line:109]-INFO-[日志信息]: 点击查看认证信息按钮，跳转到实名认证画面
Tue, 08 Sep 2020 09:41:44-run_all_uicase.py-test_businessInfoReg.py-[line:31]-INFO-[日志信息]: 开始执行脚本test_businessInforReg:

Tue, 08 Sep 2020 09:41:55-test_businessInforReg-Assert.py-[line:123]-INFO-[日志信息]: except_result = actul_result, except_result is 企业基本资料, actul_result is 企业基本资料
Tue, 08 Sep 2020 09:41:55-run_all_uicase.py-test_businessInfoReg.py-[line:42]-INFO-[日志信息]: 企业基本资料画面正常显示
Tue, 08 Sep 2020 09:41:57-run_all_uicase.py-test_backStage_examine.py-[line:24]-INFO-[日志信息]: 开始执行脚本test_backstage_examine:

Tue, 08 Sep 2020 09:42:15-run_all_uicase.py-test_backStage_authentication.py-[line:37]-INFO-[日志信息]: 开始执行脚本test_backStageActCreate:

Tue, 08 Sep 2020 09:42:51-run_all_uicase.py-run_all_uicase.py-[line:27]-INFO-[日志信息]: ==================================2020-09-08 09:42:51===================================
Tue, 08 Sep 2020 09:42:51-run_all_uicase.py-test_login.py-[line:53]-INFO-[日志信息]: 开始执行脚本test_companyRegister:

Tue, 08 Sep 2020 09:43:01-run_all_uicase.py-test_login.py-[line:60]-INFO-[日志信息]: 对已注册的账户进行删除操作
Tue, 08 Sep 2020 09:43:05-test_companyRegister-Assert.py-[line:123]-INFO-[日志信息]: except_result = actul_result, except_result is 中小微企业金融服务聚合平台, actul_result is 中小微企业金融服务聚合平台
Tue, 08 Sep 2020 09:43:05-run_all_uicase.py-test_login.py-[line:87]-INFO-[日志信息]: 注册成功，返回到登陆页面
Tue, 08 Sep 2020 09:43:07-run_all_uicase.py-test_personalInfoReg.py-[line:32]-INFO-[日志信息]: 开始执行脚本test_infoReg:

Tue, 08 Sep 2020 09:43:17-test_infoReg-Assert.py-[line:123]-INFO-[日志信息]: except_result = actul_result, except_result is 首页, actul_result is 首页
Tue, 08 Sep 2020 09:43:17-run_all_uicase.py-test_personalInfoReg.py-[line:49]-INFO-[日志信息]: 进入登陆页面
Tue, 08 Sep 2020 09:43:18-test_infoReg-Assert.py-[line:123]-INFO-[日志信息]: except_result = actul_result, except_result is 实名认证, actul_result is 实名认证
Tue, 08 Sep 2020 09:43:18-run_all_uicase.py-test_personalInfoReg.py-[line:54]-INFO-[日志信息]: 实名认证画面成功显示
Tue, 08 Sep 2020 09:43:20-test_infoReg-Assert.py-[line:123]-INFO-[日志信息]: except_result = actul_result, except_result is 认证中, actul_result is 认证中
Tue, 08 Sep 2020 09:43:20-run_all_uicase.py-test_personalInfoReg.py-[line:90]-INFO-[日志信息]: 实名认证中画面显示
Tue, 08 Sep 2020 09:43:20-test_infoReg-Assert.py-[line:123]-INFO-[日志信息]: except_result = actul_result, except_result is 测试用户, actul_result is 测试用户
Tue, 08 Sep 2020 09:43:20-test_infoReg-Assert.py-[line:123]-INFO-[日志信息]: except_result = actul_result, except_result is 11010119900307475X, actul_result is 11010119900307475X
Tue, 08 Sep 2020 09:43:20-test_infoReg-Assert.py-[line:123]-INFO-[日志信息]: except_result = actul_result, except_result is 17621198964, actul_result is 17621198964
Tue, 08 Sep 2020 09:43:50-test_infoReg-Assert.py-[line:123]-INFO-[日志信息]: except_result = actul_result, except_result is 认证成功, actul_result is 认证成功
Tue, 08 Sep 2020 09:43:50-run_all_uicase.py-test_personalInfoReg.py-[line:104]-INFO-[日志信息]: 实名认证成功画面显示
Tue, 08 Sep 2020 09:43:50-test_infoReg-Assert.py-[line:123]-INFO-[日志信息]: except_result = actul_result, except_result is 实名认证, actul_result is 实名认证
Tue, 08 Sep 2020 09:43:50-run_all_uicase.py-test_personalInfoReg.py-[line:109]-INFO-[日志信息]: 点击查看认证信息按钮，跳转到实名认证画面
Tue, 08 Sep 2020 09:43:52-run_all_uicase.py-test_businessInfoReg.py-[line:31]-INFO-[日志信息]: 开始执行脚本test_businessInforReg:

Tue, 08 Sep 2020 09:44:03-test_businessInforReg-Assert.py-[line:123]-INFO-[日志信息]: except_result = actul_result, except_result is 企业基本资料, actul_result is 企业基本资料
Tue, 08 Sep 2020 09:44:03-run_all_uicase.py-test_businessInfoReg.py-[line:42]-INFO-[日志信息]: 企业基本资料画面正常显示
Tue, 08 Sep 2020 09:44:19-test_businessInforReg-Assert.py-[line:123]-INFO-[日志信息]: except_result = actul_result, except_result is 请确认协议内容, actul_result is 请确认协议内容
Tue, 08 Sep 2020 09:44:19-run_all_uicase.py-test_businessInfoReg.py-[line:104]-INFO-[日志信息]: 协议确认画面正常显示
Tue, 08 Sep 2020 09:44:22-test_businessInforReg-Assert.py-[line:123]-INFO-[日志信息]: except_result = actul_result, except_result is 认证中, actul_result is 认证中
Tue, 08 Sep 2020 09:44:22-run_all_uicase.py-test_businessInfoReg.py-[line:114]-INFO-[日志信息]: 企业信息认证中画面正常显示
Tue, 08 Sep 2020 09:45:06-test_businessInforReg-Assert.py-[line:123]-INFO-[日志信息]: except_result = actul_result, except_result is 审核中, actul_result is 审核中
Tue, 08 Sep 2020 09:45:06-run_all_uicase.py-test_businessInfoReg.py-[line:125]-INFO-[日志信息]: 企业信息审核中画面正常显示
Tue, 08 Sep 2020 09:45:06-test_businessInforReg-Assert.py-[line:123]-INFO-[日志信息]: except_result = actul_result, except_result is 企业基本资料, actul_result is 企业基本资料
Tue, 08 Sep 2020 09:45:06-run_all_uicase.py-test_businessInfoReg.py-[line:132]-INFO-[日志信息]: 企业基本资料画面正常显示
Tue, 08 Sep 2020 09:45:08-run_all_uicase.py-test_backStage_examine.py-[line:24]-INFO-[日志信息]: 开始执行脚本test_backstage_examine:

Tue, 08 Sep 2020 09:45:18-run_all_uicase.py-test_backStage_authentication.py-[line:37]-INFO-[日志信息]: 开始执行脚本test_backStageActCreate:

Tue, 08 Sep 2020 09:45:29-run_all_uicase.py-test_backStage_examine.py-[line:73]-INFO-[日志信息]: 成功登录后台系统
Tue, 08 Sep 2020 09:45:37-run_all_uicase.py-test_backStage_authentication.py-[line:121]-INFO-[日志信息]: 开始执行脚本test_backStage_authentication:

Tue, 08 Sep 2020 09:45:37-run_all_uicase.py-test_backStage_authentication.py-[line:124]-INFO-[日志信息]: 开始执行脚本test_backStage_authentication:

Tue, 08 Sep 2020 13:24:00-run_all_uicase.py-run_all_uicase.py-[line:27]-INFO-[日志信息]: ==================================2020-09-08 13:24:00===================================
Tue, 08 Sep 2020 13:24:01-run_all_uicase.py-test_login.py-[line:53]-INFO-[日志信息]: 开始执行脚本test_companyRegister:

Tue, 08 Sep 2020 13:24:13-run_all_uicase.py-run_all_uicase.py-[line:27]-INFO-[日志信息]: ==================================2020-09-08 13:24:13===================================
Tue, 08 Sep 2020 13:24:13-run_all_uicase.py-test_login.py-[line:53]-INFO-[日志信息]: 开始执行脚本test_companyRegister:

Tue, 08 Sep 2020 13:24:23-run_all_uicase.py-test_login.py-[line:60]-INFO-[日志信息]: 对已注册的账户进行删除操作
Tue, 08 Sep 2020 13:24:27-test_companyRegister-Assert.py-[line:123]-INFO-[日志信息]: except_result = actul_result, except_result is 中小微企业金融服务聚合平台, actul_result is 中小微企业金融服务聚合平台
Tue, 08 Sep 2020 13:24:27-run_all_uicase.py-test_login.py-[line:87]-INFO-[日志信息]: 注册成功，返回到登陆页面
Tue, 08 Sep 2020 13:24:29-run_all_uicase.py-test_personalInfoReg.py-[line:32]-INFO-[日志信息]: 开始执行脚本test_infoReg:

Tue, 08 Sep 2020 13:24:39-test_infoReg-Assert.py-[line:123]-INFO-[日志信息]: except_result = actul_result, except_result is 首页, actul_result is 首页
Tue, 08 Sep 2020 13:24:39-run_all_uicase.py-test_personalInfoReg.py-[line:49]-INFO-[日志信息]: 进入登陆页面
Tue, 08 Sep 2020 13:24:40-test_infoReg-Assert.py-[line:123]-INFO-[日志信息]: except_result = actul_result, except_result is 实名认证, actul_result is 实名认证
Tue, 08 Sep 2020 13:24:40-run_all_uicase.py-test_personalInfoReg.py-[line:54]-INFO-[日志信息]: 实名认证画面成功显示
Tue, 08 Sep 2020 13:24:43-test_infoReg-Assert.py-[line:123]-INFO-[日志信息]: except_result = actul_result, except_result is 认证中, actul_result is 认证中
Tue, 08 Sep 2020 13:24:43-run_all_uicase.py-test_personalInfoReg.py-[line:90]-INFO-[日志信息]: 实名认证中画面显示
Tue, 08 Sep 2020 13:24:43-test_infoReg-Assert.py-[line:123]-INFO-[日志信息]: except_result = actul_result, except_result is 测试用户, actul_result is 测试用户
Tue, 08 Sep 2020 13:24:43-test_infoReg-Assert.py-[line:123]-INFO-[日志信息]: except_result = actul_result, except_result is 11010119900307475X, actul_result is 11010119900307475X
Tue, 08 Sep 2020 13:24:43-test_infoReg-Assert.py-[line:123]-INFO-[日志信息]: except_result = actul_result, except_result is 17621198965, actul_result is 17621198965
Tue, 08 Sep 2020 13:25:36-run_all_uicase.py-run_all_uicase.py-[line:27]-INFO-[日志信息]: ==================================2020-09-08 13:25:36===================================
Tue, 08 Sep 2020 13:25:36-run_all_uicase.py-test_login.py-[line:53]-INFO-[日志信息]: 开始执行脚本test_companyRegister:

Tue, 08 Sep 2020 13:25:46-run_all_uicase.py-test_login.py-[line:60]-INFO-[日志信息]: 对已注册的账户进行删除操作
Tue, 08 Sep 2020 13:25:50-test_companyRegister-Assert.py-[line:123]-INFO-[日志信息]: except_result = actul_result, except_result is 中小微企业金融服务聚合平台, actul_result is 中小微企业金融服务聚合平台
Tue, 08 Sep 2020 13:25:50-run_all_uicase.py-test_login.py-[line:87]-INFO-[日志信息]: 注册成功，返回到登陆页面
Tue, 08 Sep 2020 13:25:52-run_all_uicase.py-test_personalInfoReg.py-[line:32]-INFO-[日志信息]: 开始执行脚本test_infoReg:

Tue, 08 Sep 2020 13:26:02-test_infoReg-Assert.py-[line:123]-INFO-[日志信息]: except_result = actul_result, except_result is 首页, actul_result is 首页
Tue, 08 Sep 2020 13:26:02-run_all_uicase.py-test_personalInfoReg.py-[line:49]-INFO-[日志信息]: 进入登陆页面
Tue, 08 Sep 2020 13:26:09-run_all_uicase.py-run_all_uicase.py-[line:27]-INFO-[日志信息]: ==================================2020-09-08 13:26:09===================================
Tue, 08 Sep 2020 13:26:09-run_all_uicase.py-test_login.py-[line:53]-INFO-[日志信息]: 开始执行脚本test_companyRegister:

Tue, 08 Sep 2020 13:26:19-run_all_uicase.py-test_login.py-[line:60]-INFO-[日志信息]: 对已注册的账户进行删除操作
Tue, 08 Sep 2020 13:26:22-test_companyRegister-Assert.py-[line:123]-INFO-[日志信息]: except_result = actul_result, except_result is 中小微企业金融服务聚合平台, actul_result is 中小微企业金融服务聚合平台
Tue, 08 Sep 2020 13:26:22-run_all_uicase.py-test_login.py-[line:87]-INFO-[日志信息]: 注册成功，返回到登陆页面
Tue, 08 Sep 2020 13:26:25-run_all_uicase.py-test_personalInfoReg.py-[line:32]-INFO-[日志信息]: 开始执行脚本test_infoReg:

Tue, 08 Sep 2020 13:26:35-test_infoReg-Assert.py-[line:123]-INFO-[日志信息]: except_result = actul_result, except_result is 首页, actul_result is 首页
Tue, 08 Sep 2020 13:26:35-run_all_uicase.py-test_personalInfoReg.py-[line:49]-INFO-[日志信息]: 进入登陆页面
Tue, 08 Sep 2020 13:26:36-test_infoReg-Assert.py-[line:123]-INFO-[日志信息]: except_result = actul_result, except_result is 实名认证, actul_result is 实名认证
Tue, 08 Sep 2020 13:26:36-run_all_uicase.py-test_personalInfoReg.py-[line:54]-INFO-[日志信息]: 实名认证画面成功显示
Tue, 08 Sep 2020 13:26:38-test_infoReg-Assert.py-[line:123]-INFO-[日志信息]: except_result = actul_result, except_result is 认证中, actul_result is 认证中
Tue, 08 Sep 2020 13:26:38-run_all_uicase.py-test_personalInfoReg.py-[line:90]-INFO-[日志信息]: 实名认证中画面显示
Tue, 08 Sep 2020 13:26:38-test_infoReg-Assert.py-[line:123]-INFO-[日志信息]: except_result = actul_result, except_result is 测试用户, actul_result is 测试用户
Tue, 08 Sep 2020 13:26:38-test_infoReg-Assert.py-[line:123]-INFO-[日志信息]: except_result = actul_result, except_result is 11010119900307475X, actul_result is 11010119900307475X
Tue, 08 Sep 2020 13:26:38-test_infoReg-Assert.py-[line:123]-INFO-[日志信息]: except_result = actul_result, except_result is 17621198965, actul_result is 17621198965
Tue, 08 Sep 2020 13:27:08-test_infoReg-Assert.py-[line:123]-INFO-[日志信息]: except_result = actul_result, except_result is 认证成功, actul_result is 认证成功
Tue, 08 Sep 2020 13:27:08-run_all_uicase.py-test_personalInfoReg.py-[line:104]-INFO-[日志信息]: 实名认证成功画面显示
Tue, 08 Sep 2020 13:27:08-test_infoReg-Assert.py-[line:123]-INFO-[日志信息]: except_result = actul_result, except_result is 实名认证, actul_result is 实名认证
Tue, 08 Sep 2020 13:27:08-run_all_uicase.py-test_personalInfoReg.py-[line:109]-INFO-[日志信息]: 点击查看认证信息按钮，跳转到实名认证画面
Tue, 08 Sep 2020 13:27:10-run_all_uicase.py-test_businessInfoReg.py-[line:31]-INFO-[日志信息]: 开始执行脚本test_businessInforReg:

Tue, 08 Sep 2020 13:27:41-run_all_uicase.py-run_all_uicase.py-[line:27]-INFO-[日志信息]: ==================================2020-09-08 13:27:41===================================
Tue, 08 Sep 2020 13:27:41-run_all_uicase.py-test_login.py-[line:53]-INFO-[日志信息]: 开始执行脚本test_companyRegister:

Tue, 08 Sep 2020 13:27:51-run_all_uicase.py-test_login.py-[line:60]-INFO-[日志信息]: 对已注册的账户进行删除操作
Tue, 08 Sep 2020 13:27:55-test_companyRegister-Assert.py-[line:123]-INFO-[日志信息]: except_result = actul_result, except_result is 中小微企业金融服务聚合平台, actul_result is 中小微企业金融服务聚合平台
Tue, 08 Sep 2020 13:27:55-run_all_uicase.py-test_login.py-[line:87]-INFO-[日志信息]: 注册成功，返回到登陆页面
Tue, 08 Sep 2020 13:27:57-run_all_uicase.py-test_personalInfoReg.py-[line:32]-INFO-[日志信息]: 开始执行脚本test_infoReg:

Tue, 08 Sep 2020 13:28:07-test_infoReg-Assert.py-[line:123]-INFO-[日志信息]: except_result = actul_result, except_result is 首页, actul_result is 首页
Tue, 08 Sep 2020 13:28:07-run_all_uicase.py-test_personalInfoReg.py-[line:49]-INFO-[日志信息]: 进入登陆页面
Tue, 08 Sep 2020 13:28:13-test_infoReg-Assert.py-[line:123]-INFO-[日志信息]: except_result = actul_result, except_result is 实名认证, actul_result is 实名认证
Tue, 08 Sep 2020 13:28:13-run_all_uicase.py-test_personalInfoReg.py-[line:54]-INFO-[日志信息]: 实名认证画面成功显示
Tue, 08 Sep 2020 13:28:31-run_all_uicase.py-run_all_uicase.py-[line:27]-INFO-[日志信息]: ==================================2020-09-08 13:28:31===================================
Tue, 08 Sep 2020 13:28:31-run_all_uicase.py-test_login.py-[line:53]-INFO-[日志信息]: 开始执行脚本test_companyRegister:

Tue, 08 Sep 2020 13:28:41-run_all_uicase.py-test_login.py-[line:60]-INFO-[日志信息]: 对已注册的账户进行删除操作
Tue, 08 Sep 2020 13:28:45-test_companyRegister-Assert.py-[line:123]-INFO-[日志信息]: except_result = actul_result, except_result is 中小微企业金融服务聚合平台, actul_result is 中小微企业金融服务聚合平台
Tue, 08 Sep 2020 13:28:45-run_all_uicase.py-test_login.py-[line:87]-INFO-[日志信息]: 注册成功，返回到登陆页面
Tue, 08 Sep 2020 13:28:47-run_all_uicase.py-test_personalInfoReg.py-[line:32]-INFO-[日志信息]: 开始执行脚本test_infoReg:

Tue, 08 Sep 2020 13:28:58-test_infoReg-Assert.py-[line:123]-INFO-[日志信息]: except_result = actul_result, except_result is 首页, actul_result is 首页
Tue, 08 Sep 2020 13:28:58-run_all_uicase.py-test_personalInfoReg.py-[line:49]-INFO-[日志信息]: 进入登陆页面
Tue, 08 Sep 2020 13:28:58-test_infoReg-Assert.py-[line:123]-INFO-[日志信息]: except_result = actul_result, except_result is 实名认证, actul_result is 实名认证
Tue, 08 Sep 2020 13:28:58-run_all_uicase.py-test_personalInfoReg.py-[line:54]-INFO-[日志信息]: 实名认证画面成功显示
Tue, 08 Sep 2020 13:29:02-test_infoReg-Assert.py-[line:123]-INFO-[日志信息]: except_result = actul_result, except_result is 认证中, actul_result is 认证中
Tue, 08 Sep 2020 13:29:02-run_all_uicase.py-test_personalInfoReg.py-[line:90]-INFO-[日志信息]: 实名认证中画面显示
Tue, 08 Sep 2020 13:29:02-test_infoReg-Assert.py-[line:123]-INFO-[日志信息]: except_result = actul_result, except_result is 测试用户, actul_result is 测试用户
Tue, 08 Sep 2020 13:29:02-test_infoReg-Assert.py-[line:123]-INFO-[日志信息]: except_result = actul_result, except_result is 11010119900307475X, actul_result is 11010119900307475X
Tue, 08 Sep 2020 13:29:02-test_infoReg-Assert.py-[line:123]-INFO-[日志信息]: except_result = actul_result, except_result is 17621198969, actul_result is 17621198969
Tue, 08 Sep 2020 13:29:32-test_infoReg-Assert.py-[line:123]-INFO-[日志信息]: except_result = actul_result, except_result is 认证成功, actul_result is 认证成功
Tue, 08 Sep 2020 13:29:32-run_all_uicase.py-test_personalInfoReg.py-[line:104]-INFO-[日志信息]: 实名认证成功画面显示
Tue, 08 Sep 2020 13:29:32-test_infoReg-Assert.py-[line:123]-INFO-[日志信息]: except_result = actul_result, except_result is 实名认证, actul_result is 实名认证
Tue, 08 Sep 2020 13:29:32-run_all_uicase.py-test_personalInfoReg.py-[line:109]-INFO-[日志信息]: 点击查看认证信息按钮，跳转到实名认证画面
Tue, 08 Sep 2020 13:29:35-run_all_uicase.py-test_businessInfoReg.py-[line:31]-INFO-[日志信息]: 开始执行脚本test_businessInforReg:

Tue, 08 Sep 2020 13:29:45-test_businessInforReg-Assert.py-[line:123]-INFO-[日志信息]: except_result = actul_result, except_result is 企业基本资料, actul_result is 企业基本资料
Tue, 08 Sep 2020 13:29:45-run_all_uicase.py-test_businessInfoReg.py-[line:42]-INFO-[日志信息]: 企业基本资料画面正常显示
Tue, 08 Sep 2020 13:29:53-run_all_uicase.py-test_backStage_examine.py-[line:24]-INFO-[日志信息]: 开始执行脚本test_backstage_examine:

Tue, 08 Sep 2020 13:30:11-run_all_uicase.py-run_all_uicase.py-[line:27]-INFO-[日志信息]: ==================================2020-09-08 13:30:11===================================
Tue, 08 Sep 2020 13:30:11-run_all_uicase.py-test_login.py-[line:53]-INFO-[日志信息]: 开始执行脚本test_companyRegister:

Tue, 08 Sep 2020 13:30:21-run_all_uicase.py-test_login.py-[line:60]-INFO-[日志信息]: 对已注册的账户进行删除操作
Tue, 08 Sep 2020 13:30:25-test_companyRegister-Assert.py-[line:123]-INFO-[日志信息]: except_result = actul_result, except_result is 中小微企业金融服务聚合平台, actul_result is 中小微企业金融服务聚合平台
Tue, 08 Sep 2020 13:30:25-run_all_uicase.py-test_login.py-[line:87]-INFO-[日志信息]: 注册成功，返回到登陆页面
Tue, 08 Sep 2020 13:30:27-run_all_uicase.py-test_personalInfoReg.py-[line:32]-INFO-[日志信息]: 开始执行脚本test_infoReg:

Tue, 08 Sep 2020 13:30:37-test_infoReg-Assert.py-[line:123]-INFO-[日志信息]: except_result = actul_result, except_result is 首页, actul_result is 首页
Tue, 08 Sep 2020 13:30:37-run_all_uicase.py-test_personalInfoReg.py-[line:49]-INFO-[日志信息]: 进入登陆页面
Tue, 08 Sep 2020 13:30:38-test_infoReg-Assert.py-[line:123]-INFO-[日志信息]: except_result = actul_result, except_result is 实名认证, actul_result is 实名认证
Tue, 08 Sep 2020 13:30:38-run_all_uicase.py-test_personalInfoReg.py-[line:54]-INFO-[日志信息]: 实名认证画面成功显示
Tue, 08 Sep 2020 13:30:53-run_all_uicase.py-run_all_uicase.py-[line:27]-INFO-[日志信息]: ==================================2020-09-08 13:30:53===================================
Tue, 08 Sep 2020 13:30:53-run_all_uicase.py-test_login.py-[line:53]-INFO-[日志信息]: 开始执行脚本test_companyRegister:

Tue, 08 Sep 2020 13:31:03-run_all_uicase.py-test_login.py-[line:60]-INFO-[日志信息]: 对已注册的账户进行删除操作
Tue, 08 Sep 2020 13:31:07-test_companyRegister-Assert.py-[line:123]-INFO-[日志信息]: except_result = actul_result, except_result is 中小微企业金融服务聚合平台, actul_result is 中小微企业金融服务聚合平台
Tue, 08 Sep 2020 13:31:07-run_all_uicase.py-test_login.py-[line:87]-INFO-[日志信息]: 注册成功，返回到登陆页面
Tue, 08 Sep 2020 13:31:09-run_all_uicase.py-test_personalInfoReg.py-[line:32]-INFO-[日志信息]: 开始执行脚本test_infoReg:

Tue, 08 Sep 2020 13:31:19-test_infoReg-Assert.py-[line:123]-INFO-[日志信息]: except_result = actul_result, except_result is 首页, actul_result is 首页
Tue, 08 Sep 2020 13:31:19-run_all_uicase.py-test_personalInfoReg.py-[line:49]-INFO-[日志信息]: 进入登陆页面
Tue, 08 Sep 2020 13:31:20-test_infoReg-Assert.py-[line:123]-INFO-[日志信息]: except_result = actul_result, except_result is 实名认证, actul_result is 实名认证
Tue, 08 Sep 2020 13:31:20-run_all_uicase.py-test_personalInfoReg.py-[line:54]-INFO-[日志信息]: 实名认证画面成功显示
Tue, 08 Sep 2020 13:31:22-test_infoReg-Assert.py-[line:123]-INFO-[日志信息]: except_result = actul_result, except_result is 认证中, actul_result is 认证中
Tue, 08 Sep 2020 13:31:22-run_all_uicase.py-test_personalInfoReg.py-[line:90]-INFO-[日志信息]: 实名认证中画面显示
Tue, 08 Sep 2020 13:31:22-test_infoReg-Assert.py-[line:123]-INFO-[日志信息]: except_result = actul_result, except_result is 测试用户, actul_result is 测试用户
Tue, 08 Sep 2020 13:31:22-test_infoReg-Assert.py-[line:123]-INFO-[日志信息]: except_result = actul_result, except_result is 11010119900307475X, actul_result is 11010119900307475X
Tue, 08 Sep 2020 13:31:22-test_infoReg-Assert.py-[line:123]-INFO-[日志信息]: except_result = actul_result, except_result is 17621198970, actul_result is 17621198970
Tue, 08 Sep 2020 13:31:42-test_infoReg-Assert.py-[line:123]-INFO-[日志信息]: except_result = actul_result, except_result is 认证成功, actul_result is 认证成功
Tue, 08 Sep 2020 13:31:42-run_all_uicase.py-test_personalInfoReg.py-[line:104]-INFO-[日志信息]: 实名认证成功画面显示
Tue, 08 Sep 2020 13:31:43-test_infoReg-Assert.py-[line:123]-INFO-[日志信息]: except_result = actul_result, except_result is 实名认证, actul_result is 实名认证
Tue, 08 Sep 2020 13:31:43-run_all_uicase.py-test_personalInfoReg.py-[line:109]-INFO-[日志信息]: 点击查看认证信息按钮，跳转到实名认证画面
Tue, 08 Sep 2020 13:31:45-run_all_uicase.py-test_businessInfoReg.py-[line:31]-INFO-[日志信息]: 开始执行脚本test_businessInforReg:

Tue, 08 Sep 2020 13:31:56-test_businessInforReg-Assert.py-[line:123]-INFO-[日志信息]: except_result = actul_result, except_result is 企业基本资料, actul_result is 企业基本资料
Tue, 08 Sep 2020 13:31:56-run_all_uicase.py-test_businessInfoReg.py-[line:42]-INFO-[日志信息]: 企业基本资料画面正常显示
Tue, 08 Sep 2020 13:32:06-test_businessInforReg-Assert.py-[line:123]-INFO-[日志信息]: except_result = actul_result, except_result is 请确认协议内容, actul_result is 请确认协议内容
Tue, 08 Sep 2020 13:32:06-run_all_uicase.py-test_businessInfoReg.py-[line:104]-INFO-[日志信息]: 协议确认画面正常显示
Tue, 08 Sep 2020 13:32:16-test_businessInforReg-Assert.py-[line:123]-INFO-[日志信息]: except_result = actul_result, except_result is 认证中, actul_result is 认证中
Tue, 08 Sep 2020 13:32:16-run_all_uicase.py-test_businessInfoReg.py-[line:114]-INFO-[日志信息]: 企业信息认证中画面正常显示
Tue, 08 Sep 2020 13:32:39-test_businessInforReg-Assert.py-[line:123]-INFO-[日志信息]: except_result = actul_result, except_result is 审核中, actul_result is 审核中
Tue, 08 Sep 2020 13:32:39-run_all_uicase.py-test_businessInfoReg.py-[line:125]-INFO-[日志信息]: 企业信息审核中画面正常显示
Tue, 08 Sep 2020 13:32:40-test_businessInforReg-Assert.py-[line:123]-INFO-[日志信息]: except_result = actul_result, except_result is 企业基本资料, actul_result is 企业基本资料
Tue, 08 Sep 2020 13:32:40-run_all_uicase.py-test_businessInfoReg.py-[line:132]-INFO-[日志信息]: 企业基本资料画面正常显示
Tue, 08 Sep 2020 13:32:42-run_all_uicase.py-test_backStage_examine.py-[line:24]-INFO-[日志信息]: 开始执行脚本test_backstage_examine:

Tue, 08 Sep 2020 13:32:52-run_all_uicase.py-test_backStage_authentication.py-[line:37]-INFO-[日志信息]: 开始执行脚本test_backStageActCreate:

Tue, 08 Sep 2020 14:18:14-run_all_uicase.py-run_all_uicase.py-[line:27]-INFO-[日志信息]: ==================================2020-09-08 14:18:14===================================
Tue, 08 Sep 2020 14:18:14-run_all_uicase.py-test_login.py-[line:53]-INFO-[日志信息]: 开始执行脚本test_companyRegister:

Tue, 08 Sep 2020 14:18:24-run_all_uicase.py-test_login.py-[line:60]-INFO-[日志信息]: 对已注册的账户进行删除操作
Tue, 08 Sep 2020 14:18:28-test_companyRegister-Assert.py-[line:123]-INFO-[日志信息]: except_result = actul_result, except_result is 中小微企业金融服务聚合平台, actul_result is 中小微企业金融服务聚合平台
Tue, 08 Sep 2020 14:18:28-run_all_uicase.py-test_login.py-[line:87]-INFO-[日志信息]: 注册成功，返回到登陆页面
Tue, 08 Sep 2020 14:18:30-run_all_uicase.py-test_personalInfoReg.py-[line:32]-INFO-[日志信息]: 开始执行脚本test_infoReg:

Tue, 08 Sep 2020 14:18:41-test_infoReg-Assert.py-[line:123]-INFO-[日志信息]: except_result = actul_result, except_result is 首页, actul_result is 首页
Tue, 08 Sep 2020 14:18:41-run_all_uicase.py-test_personalInfoReg.py-[line:49]-INFO-[日志信息]: 进入登陆页面
Tue, 08 Sep 2020 14:18:41-test_infoReg-Assert.py-[line:123]-INFO-[日志信息]: except_result = actul_result, except_result is 实名认证, actul_result is 实名认证
Tue, 08 Sep 2020 14:18:41-run_all_uicase.py-test_personalInfoReg.py-[line:54]-INFO-[日志信息]: 实名认证画面成功显示
Tue, 08 Sep 2020 14:18:45-test_infoReg-Assert.py-[line:123]-INFO-[日志信息]: except_result = actul_result, except_result is 认证中, actul_result is 认证中
Tue, 08 Sep 2020 14:18:45-run_all_uicase.py-test_personalInfoReg.py-[line:90]-INFO-[日志信息]: 实名认证中画面显示
Tue, 08 Sep 2020 14:18:45-test_infoReg-Assert.py-[line:123]-INFO-[日志信息]: except_result = actul_result, except_result is 测试用户, actul_result is 测试用户
Tue, 08 Sep 2020 14:18:45-test_infoReg-Assert.py-[line:123]-INFO-[日志信息]: except_result = actul_result, except_result is 11010119900307475X, actul_result is 11010119900307475X
Tue, 08 Sep 2020 14:18:45-test_infoReg-Assert.py-[line:123]-INFO-[日志信息]: except_result = actul_result, except_result is 17621198970, actul_result is 17621198970
Tue, 08 Sep 2020 14:19:24-test_infoReg-Assert.py-[line:123]-INFO-[日志信息]: except_result = actul_result, except_result is 认证成功, actul_result is 认证成功
Tue, 08 Sep 2020 14:19:24-run_all_uicase.py-test_personalInfoReg.py-[line:104]-INFO-[日志信息]: 实名认证成功画面显示
Tue, 08 Sep 2020 14:19:25-test_infoReg-Assert.py-[line:123]-INFO-[日志信息]: except_result = actul_result, except_result is 实名认证, actul_result is 实名认证
Tue, 08 Sep 2020 14:19:25-run_all_uicase.py-test_personalInfoReg.py-[line:109]-INFO-[日志信息]: 点击查看认证信息按钮，跳转到实名认证画面
Tue, 08 Sep 2020 14:19:27-run_all_uicase.py-test_businessInfoReg.py-[line:31]-INFO-[日志信息]: 开始执行脚本test_businessInforReg:

Tue, 08 Sep 2020 14:19:38-test_businessInforReg-Assert.py-[line:123]-INFO-[日志信息]: except_result = actul_result, except_result is 企业基本资料, actul_result is 企业基本资料
Tue, 08 Sep 2020 14:19:38-run_all_uicase.py-test_businessInfoReg.py-[line:42]-INFO-[日志信息]: 企业基本资料画面正常显示
Tue, 08 Sep 2020 14:19:48-test_businessInforReg-Assert.py-[line:123]-INFO-[日志信息]: except_result = actul_result, except_result is 请确认协议内容, actul_result is 请确认协议内容
Tue, 08 Sep 2020 14:19:48-run_all_uicase.py-test_businessInfoReg.py-[line:104]-INFO-[日志信息]: 协议确认画面正常显示
Tue, 08 Sep 2020 14:19:56-test_businessInforReg-Assert.py-[line:123]-INFO-[日志信息]: except_result = actul_result, except_result is 认证中, actul_result is 认证中
Tue, 08 Sep 2020 14:19:56-run_all_uicase.py-test_businessInfoReg.py-[line:114]-INFO-[日志信息]: 企业信息认证中画面正常显示
Tue, 08 Sep 2020 14:20:29-test_businessInforReg-Assert.py-[line:123]-INFO-[日志信息]: except_result = actul_result, except_result is 审核中, actul_result is 审核中
Tue, 08 Sep 2020 14:20:29-run_all_uicase.py-test_businessInfoReg.py-[line:125]-INFO-[日志信息]: 企业信息审核中画面正常显示
Tue, 08 Sep 2020 14:20:30-test_businessInforReg-Assert.py-[line:123]-INFO-[日志信息]: except_result = actul_result, except_result is 企业基本资料, actul_result is 企业基本资料
Tue, 08 Sep 2020 14:20:30-run_all_uicase.py-test_businessInfoReg.py-[line:132]-INFO-[日志信息]: 企业基本资料画面正常显示
Tue, 08 Sep 2020 14:20:32-run_all_uicase.py-test_backStage_examine.py-[line:24]-INFO-[日志信息]: 开始执行脚本test_backstage_examine:

Tue, 08 Sep 2020 15:02:44-run_all_uicase.py-run_all_uicase.py-[line:27]-INFO-[日志信息]: ==================================2020-09-08 15:02:44===================================
Tue, 08 Sep 2020 15:02:44-run_all_uicase.py-test_login.py-[line:53]-INFO-[日志信息]: 开始执行脚本test_companyRegister:

Tue, 08 Sep 2020 15:02:54-run_all_uicase.py-test_login.py-[line:60]-INFO-[日志信息]: 对已注册的账户进行删除操作
Tue, 08 Sep 2020 15:02:58-test_companyRegister-Assert.py-[line:123]-INFO-[日志信息]: except_result = actul_result, except_result is 中小微企业金融服务聚合平台, actul_result is 中小微企业金融服务聚合平台
Tue, 08 Sep 2020 15:02:58-run_all_uicase.py-test_login.py-[line:87]-INFO-[日志信息]: 注册成功，返回到登陆页面
Tue, 08 Sep 2020 15:03:00-run_all_uicase.py-test_personalInfoReg.py-[line:32]-INFO-[日志信息]: 开始执行脚本test_infoReg:

Tue, 08 Sep 2020 15:03:11-test_infoReg-Assert.py-[line:123]-INFO-[日志信息]: except_result = actul_result, except_result is 首页, actul_result is 首页
Tue, 08 Sep 2020 15:03:11-run_all_uicase.py-test_personalInfoReg.py-[line:49]-INFO-[日志信息]: 进入登陆页面
Tue, 08 Sep 2020 15:03:11-test_infoReg-Assert.py-[line:123]-INFO-[日志信息]: except_result = actul_result, except_result is 实名认证, actul_result is 实名认证
Tue, 08 Sep 2020 15:03:11-run_all_uicase.py-test_personalInfoReg.py-[line:54]-INFO-[日志信息]: 实名认证画面成功显示
Tue, 08 Sep 2020 15:03:14-test_infoReg-Assert.py-[line:123]-INFO-[日志信息]: except_result = actul_result, except_result is 认证中, actul_result is 认证中
Tue, 08 Sep 2020 15:03:14-run_all_uicase.py-test_personalInfoReg.py-[line:90]-INFO-[日志信息]: 实名认证中画面显示
Tue, 08 Sep 2020 15:03:14-test_infoReg-Assert.py-[line:123]-INFO-[日志信息]: except_result = actul_result, except_result is 测试用户, actul_result is 测试用户
Tue, 08 Sep 2020 15:03:14-test_infoReg-Assert.py-[line:123]-INFO-[日志信息]: except_result = actul_result, except_result is 11010119900307475X, actul_result is 11010119900307475X
Tue, 08 Sep 2020 15:03:14-test_infoReg-Assert.py-[line:123]-INFO-[日志信息]: except_result = actul_result, except_result is 17621198971, actul_result is 17621198971
Tue, 08 Sep 2020 15:04:14-test_infoReg-Assert.py-[line:123]-INFO-[日志信息]: except_result = actul_result, except_result is 认证成功, actul_result is 认证成功
Tue, 08 Sep 2020 15:04:14-run_all_uicase.py-test_personalInfoReg.py-[line:104]-INFO-[日志信息]: 实名认证成功画面显示
Tue, 08 Sep 2020 15:04:14-test_infoReg-Assert.py-[line:123]-INFO-[日志信息]: except_result = actul_result, except_result is 实名认证, actul_result is 实名认证
Tue, 08 Sep 2020 15:04:14-run_all_uicase.py-test_personalInfoReg.py-[line:109]-INFO-[日志信息]: 点击查看认证信息按钮，跳转到实名认证画面
Tue, 08 Sep 2020 15:04:17-run_all_uicase.py-test_businessInfoReg.py-[line:31]-INFO-[日志信息]: 开始执行脚本test_businessInforReg:

Tue, 08 Sep 2020 15:04:27-test_businessInforReg-Assert.py-[line:123]-INFO-[日志信息]: except_result = actul_result, except_result is 企业基本资料, actul_result is 企业基本资料
Tue, 08 Sep 2020 15:04:27-run_all_uicase.py-test_businessInfoReg.py-[line:42]-INFO-[日志信息]: 企业基本资料画面正常显示
Tue, 08 Sep 2020 15:04:38-test_businessInforReg-Assert.py-[line:123]-INFO-[日志信息]: except_result = actul_result, except_result is 请确认协议内容, actul_result is 请确认协议内容
Tue, 08 Sep 2020 15:04:38-run_all_uicase.py-test_businessInfoReg.py-[line:104]-INFO-[日志信息]: 协议确认画面正常显示
Tue, 08 Sep 2020 15:04:41-test_businessInforReg-Assert.py-[line:123]-INFO-[日志信息]: except_result = actul_result, except_result is 认证中, actul_result is 认证中
Tue, 08 Sep 2020 15:04:41-run_all_uicase.py-test_businessInfoReg.py-[line:114]-INFO-[日志信息]: 企业信息认证中画面正常显示
Tue, 08 Sep 2020 15:05:06-test_businessInforReg-Assert.py-[line:123]-INFO-[日志信息]: except_result = actul_result, except_result is 审核中, actul_result is 审核中
Tue, 08 Sep 2020 15:05:06-run_all_uicase.py-test_businessInfoReg.py-[line:125]-INFO-[日志信息]: 企业信息审核中画面正常显示
Tue, 08 Sep 2020 15:05:06-test_businessInforReg-Assert.py-[line:123]-INFO-[日志信息]: except_result = actul_result, except_result is 企业基本资料, actul_result is 企业基本资料
Tue, 08 Sep 2020 15:05:06-run_all_uicase.py-test_businessInfoReg.py-[line:132]-INFO-[日志信息]: 企业基本资料画面正常显示
Tue, 08 Sep 2020 15:50:41-run_all_uicase.py-run_all_uicase.py-[line:27]-INFO-[日志信息]: ==================================2020-09-08 15:50:41===================================
Tue, 08 Sep 2020 15:50:41-run_all_uicase.py-test_login.py-[line:53]-INFO-[日志信息]: 开始执行脚本test_companyRegister:

Tue, 08 Sep 2020 15:50:51-run_all_uicase.py-test_login.py-[line:60]-INFO-[日志信息]: 对已注册的账户进行删除操作
Tue, 08 Sep 2020 15:50:55-test_companyRegister-Assert.py-[line:123]-INFO-[日志信息]: except_result = actul_result, except_result is 中小微企业金融服务聚合平台, actul_result is 中小微企业金融服务聚合平台
Tue, 08 Sep 2020 15:50:55-run_all_uicase.py-test_login.py-[line:87]-INFO-[日志信息]: 注册成功，返回到登陆页面
Tue, 08 Sep 2020 15:50:58-run_all_uicase.py-test_personalInfoReg.py-[line:32]-INFO-[日志信息]: 开始执行脚本test_infoReg:

Tue, 08 Sep 2020 15:51:08-test_infoReg-Assert.py-[line:123]-INFO-[日志信息]: except_result = actul_result, except_result is 首页, actul_result is 首页
Tue, 08 Sep 2020 15:51:08-run_all_uicase.py-test_personalInfoReg.py-[line:49]-INFO-[日志信息]: 进入登陆页面
Tue, 08 Sep 2020 15:51:12-test_infoReg-Assert.py-[line:123]-INFO-[日志信息]: except_result = actul_result, except_result is 实名认证, actul_result is 实名认证
Tue, 08 Sep 2020 15:51:12-run_all_uicase.py-test_personalInfoReg.py-[line:54]-INFO-[日志信息]: 实名认证画面成功显示
Tue, 08 Sep 2020 15:51:15-test_infoReg-Assert.py-[line:123]-INFO-[日志信息]: except_result = actul_result, except_result is 认证中, actul_result is 认证中
Tue, 08 Sep 2020 15:51:15-run_all_uicase.py-test_personalInfoReg.py-[line:90]-INFO-[日志信息]: 实名认证中画面显示
Tue, 08 Sep 2020 15:51:15-test_infoReg-Assert.py-[line:123]-INFO-[日志信息]: except_result = actul_result, except_result is 测试用户, actul_result is 测试用户
Tue, 08 Sep 2020 15:51:15-test_infoReg-Assert.py-[line:123]-INFO-[日志信息]: except_result = actul_result, except_result is 11010119900307475X, actul_result is 11010119900307475X
Tue, 08 Sep 2020 15:51:15-test_infoReg-Assert.py-[line:123]-INFO-[日志信息]: except_result = actul_result, except_result is 17621198971, actul_result is 17621198971
Tue, 08 Sep 2020 15:52:05-test_infoReg-Assert.py-[line:123]-INFO-[日志信息]: except_result = actul_result, except_result is 认证成功, actul_result is 认证成功
Tue, 08 Sep 2020 15:52:05-run_all_uicase.py-test_personalInfoReg.py-[line:104]-INFO-[日志信息]: 实名认证成功画面显示
Tue, 08 Sep 2020 15:52:05-test_infoReg-Assert.py-[line:123]-INFO-[日志信息]: except_result = actul_result, except_result is 实名认证, actul_result is 实名认证
Tue, 08 Sep 2020 15:52:05-run_all_uicase.py-test_personalInfoReg.py-[line:109]-INFO-[日志信息]: 点击查看认证信息按钮，跳转到实名认证画面
Tue, 08 Sep 2020 15:52:08-run_all_uicase.py-test_businessInfoReg.py-[line:31]-INFO-[日志信息]: 开始执行脚本test_businessInforReg:

Tue, 08 Sep 2020 15:52:18-test_businessInforReg-Assert.py-[line:123]-INFO-[日志信息]: except_result = actul_result, except_result is 企业基本资料, actul_result is 企业基本资料
Tue, 08 Sep 2020 15:52:18-run_all_uicase.py-test_businessInfoReg.py-[line:42]-INFO-[日志信息]: 企业基本资料画面正常显示
Tue, 08 Sep 2020 15:52:29-test_businessInforReg-Assert.py-[line:123]-INFO-[日志信息]: except_result = actul_result, except_result is 请确认协议内容, actul_result is 请确认协议内容
Tue, 08 Sep 2020 15:52:29-run_all_uicase.py-test_businessInfoReg.py-[line:104]-INFO-[日志信息]: 协议确认画面正常显示
Tue, 08 Sep 2020 15:52:31-test_businessInforReg-Assert.py-[line:123]-INFO-[日志信息]: except_result = actul_result, except_result is 认证中, actul_result is 认证中
Tue, 08 Sep 2020 15:52:31-run_all_uicase.py-test_businessInfoReg.py-[line:114]-INFO-[日志信息]: 企业信息认证中画面正常显示
Tue, 08 Sep 2020 15:53:35-test_businessInforReg-Assert.py-[line:123]-INFO-[日志信息]: except_result = actul_result, except_result is 审核中, actul_result is 审核中
Tue, 08 Sep 2020 15:53:35-run_all_uicase.py-test_businessInfoReg.py-[line:125]-INFO-[日志信息]: 企业信息审核中画面正常显示
Tue, 08 Sep 2020 15:53:35-test_businessInforReg-Assert.py-[line:123]-INFO-[日志信息]: except_result = actul_result, except_result is 企业基本资料, actul_result is 企业基本资料
Tue, 08 Sep 2020 15:53:35-run_all_uicase.py-test_businessInfoReg.py-[line:132]-INFO-[日志信息]: 企业基本资料画面正常显示
Tue, 08 Sep 2020 15:53:37-run_all_uicase.py-test_backStage_examine.py-[line:24]-INFO-[日志信息]: 开始执行脚本test_backstage_examine:

Tue, 08 Sep 2020 16:24:44-run_all_uicase.py-run_all_uicase.py-[line:27]-INFO-[日志信息]: ==================================2020-09-08 16:24:44===================================
Tue, 08 Sep 2020 16:24:45-run_all_uicase.py-test_login.py-[line:53]-INFO-[日志信息]: 开始执行脚本test_companyRegister:

Tue, 08 Sep 2020 16:24:57-run_all_uicase.py-run_all_uicase.py-[line:27]-INFO-[日志信息]: ==================================2020-09-08 16:24:57===================================
Tue, 08 Sep 2020 16:24:57-run_all_uicase.py-test_login.py-[line:53]-INFO-[日志信息]: 开始执行脚本test_companyRegister:

Tue, 08 Sep 2020 16:25:07-run_all_uicase.py-test_login.py-[line:60]-INFO-[日志信息]: 对已注册的账户进行删除操作
Tue, 08 Sep 2020 16:25:11-test_companyRegister-Assert.py-[line:123]-INFO-[日志信息]: except_result = actul_result, except_result is 中小微企业金融服务聚合平台, actul_result is 中小微企业金融服务聚合平台
Tue, 08 Sep 2020 16:25:11-run_all_uicase.py-test_login.py-[line:87]-INFO-[日志信息]: 注册成功，返回到登陆页面
Tue, 08 Sep 2020 16:25:13-run_all_uicase.py-test_personalInfoReg.py-[line:32]-INFO-[日志信息]: 开始执行脚本test_infoReg:

Tue, 08 Sep 2020 16:25:23-test_infoReg-Assert.py-[line:123]-INFO-[日志信息]: except_result = actul_result, except_result is 首页, actul_result is 首页
Tue, 08 Sep 2020 16:25:23-run_all_uicase.py-test_personalInfoReg.py-[line:49]-INFO-[日志信息]: 进入登陆页面
Tue, 08 Sep 2020 16:25:28-test_infoReg-Assert.py-[line:123]-INFO-[日志信息]: except_result = actul_result, except_result is 实名认证, actul_result is 实名认证
Tue, 08 Sep 2020 16:25:28-run_all_uicase.py-test_personalInfoReg.py-[line:54]-INFO-[日志信息]: 实名认证画面成功显示
Tue, 08 Sep 2020 16:25:30-test_infoReg-Assert.py-[line:123]-INFO-[日志信息]: except_result = actul_result, except_result is 认证中, actul_result is 认证中
Tue, 08 Sep 2020 16:25:30-run_all_uicase.py-test_personalInfoReg.py-[line:90]-INFO-[日志信息]: 实名认证中画面显示
Tue, 08 Sep 2020 16:25:30-test_infoReg-Assert.py-[line:123]-INFO-[日志信息]: except_result = actul_result, except_result is 测试用户, actul_result is 测试用户
Tue, 08 Sep 2020 16:25:30-test_infoReg-Assert.py-[line:123]-INFO-[日志信息]: except_result = actul_result, except_result is 11010119900307475X, actul_result is 11010119900307475X
Tue, 08 Sep 2020 16:25:30-test_infoReg-Assert.py-[line:123]-INFO-[日志信息]: except_result = actul_result, except_result is 17621198972, actul_result is 17621198972
Tue, 08 Sep 2020 16:26:20-test_infoReg-Assert.py-[line:123]-INFO-[日志信息]: except_result = actul_result, except_result is 认证成功, actul_result is 认证成功
Tue, 08 Sep 2020 16:26:20-run_all_uicase.py-test_personalInfoReg.py-[line:104]-INFO-[日志信息]: 实名认证成功画面显示
Tue, 08 Sep 2020 16:26:20-test_infoReg-Assert.py-[line:123]-INFO-[日志信息]: except_result = actul_result, except_result is 实名认证, actul_result is 实名认证
Tue, 08 Sep 2020 16:26:20-run_all_uicase.py-test_personalInfoReg.py-[line:109]-INFO-[日志信息]: 点击查看认证信息按钮，跳转到实名认证画面
Tue, 08 Sep 2020 16:26:22-run_all_uicase.py-test_businessInfoReg.py-[line:31]-INFO-[日志信息]: 开始执行脚本test_businessInforReg:

Tue, 08 Sep 2020 16:26:33-test_businessInforReg-Assert.py-[line:123]-INFO-[日志信息]: except_result = actul_result, except_result is 企业基本资料, actul_result is 企业基本资料
Tue, 08 Sep 2020 16:26:33-run_all_uicase.py-test_businessInfoReg.py-[line:42]-INFO-[日志信息]: 企业基本资料画面正常显示
Tue, 08 Sep 2020 16:50:21-run_all_uicase.py-run_all_uicase.py-[line:27]-INFO-[日志信息]: ==================================2020-09-08 16:50:21===================================
Tue, 08 Sep 2020 16:50:22-run_all_uicase.py-test_login.py-[line:53]-INFO-[日志信息]: 开始执行脚本test_companyRegister:

Tue, 08 Sep 2020 16:50:32-run_all_uicase.py-test_login.py-[line:60]-INFO-[日志信息]: 对已注册的账户进行删除操作
Tue, 08 Sep 2020 16:50:35-test_companyRegister-Assert.py-[line:123]-INFO-[日志信息]: except_result = actul_result, except_result is 中小微企业金融服务聚合平台, actul_result is 中小微企业金融服务聚合平台
Tue, 08 Sep 2020 16:50:35-run_all_uicase.py-test_login.py-[line:87]-INFO-[日志信息]: 注册成功，返回到登陆页面
Tue, 08 Sep 2020 16:50:37-run_all_uicase.py-test_personalInfoReg.py-[line:32]-INFO-[日志信息]: 开始执行脚本test_infoReg:

Tue, 08 Sep 2020 16:50:48-test_infoReg-Assert.py-[line:123]-INFO-[日志信息]: except_result = actul_result, except_result is 首页, actul_result is 首页
Tue, 08 Sep 2020 16:50:48-run_all_uicase.py-test_personalInfoReg.py-[line:49]-INFO-[日志信息]: 进入登陆页面
Tue, 08 Sep 2020 16:50:51-test_infoReg-Assert.py-[line:123]-INFO-[日志信息]: except_result = actul_result, except_result is 实名认证, actul_result is 实名认证
Tue, 08 Sep 2020 16:50:51-run_all_uicase.py-test_personalInfoReg.py-[line:54]-INFO-[日志信息]: 实名认证画面成功显示
Tue, 08 Sep 2020 16:50:51-run_all_uicase.py-test_businessInfoReg.py-[line:31]-INFO-[日志信息]: 开始执行脚本test_businessInforReg:

Tue, 08 Sep 2020 16:51:11-run_all_uicase.py-test_backStage_examine.py-[line:24]-INFO-[日志信息]: 开始执行脚本test_backstage_examine:

Tue, 08 Sep 2020 16:51:19-run_all_uicase.py-run_all_uicase.py-[line:27]-INFO-[日志信息]: ==================================2020-09-08 16:51:19===================================
Tue, 08 Sep 2020 16:51:19-run_all_uicase.py-test_login.py-[line:53]-INFO-[日志信息]: 开始执行脚本test_companyRegister:

Tue, 08 Sep 2020 16:51:29-run_all_uicase.py-test_login.py-[line:60]-INFO-[日志信息]: 对已注册的账户进行删除操作
Tue, 08 Sep 2020 16:51:33-test_companyRegister-Assert.py-[line:123]-INFO-[日志信息]: except_result = actul_result, except_result is 中小微企业金融服务聚合平台, actul_result is 中小微企业金融服务聚合平台
Tue, 08 Sep 2020 16:51:33-run_all_uicase.py-test_login.py-[line:87]-INFO-[日志信息]: 注册成功，返回到登陆页面
Tue, 08 Sep 2020 16:51:35-run_all_uicase.py-test_personalInfoReg.py-[line:32]-INFO-[日志信息]: 开始执行脚本test_infoReg:

Tue, 08 Sep 2020 16:51:46-test_infoReg-Assert.py-[line:123]-INFO-[日志信息]: except_result = actul_result, except_result is 首页, actul_result is 首页
Tue, 08 Sep 2020 16:51:46-run_all_uicase.py-test_personalInfoReg.py-[line:50]-INFO-[日志信息]: 进入登陆页面
Tue, 08 Sep 2020 16:51:46-test_infoReg-Assert.py-[line:123]-INFO-[日志信息]: except_result = actul_result, except_result is 实名认证, actul_result is 实名认证
Tue, 08 Sep 2020 16:51:46-run_all_uicase.py-test_personalInfoReg.py-[line:55]-INFO-[日志信息]: 实名认证画面成功显示
Tue, 08 Sep 2020 16:51:49-test_infoReg-Assert.py-[line:123]-INFO-[日志信息]: except_result = actul_result, except_result is 认证中, actul_result is 认证中
Tue, 08 Sep 2020 16:51:49-run_all_uicase.py-test_personalInfoReg.py-[line:91]-INFO-[日志信息]: 实名认证中画面显示
Tue, 08 Sep 2020 16:51:49-test_infoReg-Assert.py-[line:123]-INFO-[日志信息]: except_result = actul_result, except_result is 测试用户, actul_result is 测试用户
Tue, 08 Sep 2020 16:51:49-test_infoReg-Assert.py-[line:123]-INFO-[日志信息]: except_result = actul_result, except_result is 11010119900307475X, actul_result is 11010119900307475X
Tue, 08 Sep 2020 16:51:49-test_infoReg-Assert.py-[line:123]-INFO-[日志信息]: except_result = actul_result, except_result is 17621198972, actul_result is 17621198972
Tue, 08 Sep 2020 16:52:39-test_infoReg-Assert.py-[line:123]-INFO-[日志信息]: except_result = actul_result, except_result is 认证成功, actul_result is 认证成功
Tue, 08 Sep 2020 16:52:39-run_all_uicase.py-test_personalInfoReg.py-[line:105]-INFO-[日志信息]: 实名认证成功画面显示
Tue, 08 Sep 2020 16:52:39-test_infoReg-Assert.py-[line:123]-INFO-[日志信息]: except_result = actul_result, except_result is 实名认证, actul_result is 实名认证
Tue, 08 Sep 2020 16:52:39-run_all_uicase.py-test_personalInfoReg.py-[line:110]-INFO-[日志信息]: 点击查看认证信息按钮，跳转到实名认证画面
Tue, 08 Sep 2020 16:52:42-run_all_uicase.py-test_businessInfoReg.py-[line:31]-INFO-[日志信息]: 开始执行脚本test_businessInforReg:

