Sat, 15 Aug 2020 08:34:59-run_all_uicase.py-run_all_uicase.py-[line:27]-INFO-[日志信息]: ==================================2020-08-15 08:34:59===================================
Sat, 15 Aug 2020 08:35:00-run_all_uicase.py-test_login.py-[line:51]-INFO-[日志信息]: 开始执行脚本test_companyRegister:

Sat, 15 Aug 2020 08:35:10-run_all_uicase.py-test_login.py-[line:58]-INFO-[日志信息]: 对已注册的账户进行删除操作
Sat, 15 Aug 2020 08:35:15-test_companyRegister-Assert.py-[line:123]-INFO-[日志信息]: except_result = actul_result, except_result is 中小微企业金融服务聚合平台, actul_result is 中小微企业金融服务聚合平台
Sat, 15 Aug 2020 08:35:15-run_all_uicase.py-test_login.py-[line:85]-INFO-[日志信息]: 注册成功，返回到登陆页面
Sat, 15 Aug 2020 08:35:17-run_all_uicase.py-test_personalInfoReg.py-[line:32]-INFO-[日志信息]: 开始执行脚本test_infoReg:

Sat, 15 Aug 2020 08:35:17-run_all_uicase.py-test_personalInfoReg.py-[line:36]-INFO-[日志信息]: 对个人信息企业信息进行删除操作
Sat, 15 Aug 2020 08:35:27-test_infoReg-Assert.py-[line:123]-INFO-[日志信息]: except_result = actul_result, except_result is 首页, actul_result is 首页
Sat, 15 Aug 2020 08:35:27-run_all_uicase.py-test_personalInfoReg.py-[line:49]-INFO-[日志信息]: 进入登陆页面
Sat, 15 Aug 2020 08:35:31-test_infoReg-Assert.py-[line:123]-INFO-[日志信息]: except_result = actul_result, except_result is 实名认证, actul_result is 实名认证
Sat, 15 Aug 2020 08:35:31-run_all_uicase.py-test_personalInfoReg.py-[line:54]-INFO-[日志信息]: 实名认证画面成功显示
Sat, 15 Aug 2020 08:35:33-test_infoReg-Assert.py-[line:123]-INFO-[日志信息]: except_result = actul_result, except_result is 认证中, actul_result is 认证中
Sat, 15 Aug 2020 08:35:33-run_all_uicase.py-test_personalInfoReg.py-[line:89]-INFO-[日志信息]: 实名认证中画面显示
Sat, 15 Aug 2020 08:35:33-test_infoReg-Assert.py-[line:123]-INFO-[日志信息]: except_result = actul_result, except_result is 测试用户, actul_result is 测试用户
Sat, 15 Aug 2020 08:35:33-test_infoReg-Assert.py-[line:123]-INFO-[日志信息]: except_result = actul_result, except_result is 11010119900307475X, actul_result is 11010119900307475X
Sat, 15 Aug 2020 08:35:33-test_infoReg-Assert.py-[line:123]-INFO-[日志信息]: except_result = actul_result, except_result is 17621191253, actul_result is 17621191253
Sat, 15 Aug 2020 08:37:33-run_all_uicase.py-test_businessInfoReg.py-[line:29]-INFO-[日志信息]: 开始执行脚本test_businessInforReg:

Sat, 15 Aug 2020 08:37:44-test_businessInforReg-Assert.py-[line:123]-INFO-[日志信息]: except_result = actul_result, except_result is 企业基本资料, actul_result is 企业基本资料
Sat, 15 Aug 2020 08:37:44-run_all_uicase.py-test_businessInfoReg.py-[line:40]-INFO-[日志信息]: 企业基本资料画面正常显示
Sat, 15 Aug 2020 08:37:49-test_businessInforReg-Assert.py-[line:123]-INFO-[日志信息]: except_result = actul_result, except_result is 请确认协议内容, actul_result is 请确认协议内容
Sat, 15 Aug 2020 08:37:49-run_all_uicase.py-test_businessInfoReg.py-[line:95]-INFO-[日志信息]: 协议确认画面正常显示
Sat, 15 Aug 2020 08:37:52-test_businessInforReg-Assert.py-[line:123]-INFO-[日志信息]: except_result = actul_result, except_result is 认证中, actul_result is 认证中
Sat, 15 Aug 2020 08:37:52-run_all_uicase.py-test_businessInfoReg.py-[line:105]-INFO-[日志信息]: 企业信息认证中画面正常显示
Sat, 15 Aug 2020 08:38:24-test_businessInforReg-Assert.py-[line:123]-INFO-[日志信息]: except_result = actul_result, except_result is 审核中, actul_result is 审核中
Sat, 15 Aug 2020 08:38:24-run_all_uicase.py-test_businessInfoReg.py-[line:116]-INFO-[日志信息]: 企业信息审核中画面正常显示
Sat, 15 Aug 2020 08:38:24-test_businessInforReg-Assert.py-[line:123]-INFO-[日志信息]: except_result = actul_result, except_result is 企业基本资料, actul_result is 企业基本资料
Sat, 15 Aug 2020 08:38:24-run_all_uicase.py-test_businessInfoReg.py-[line:123]-INFO-[日志信息]: 企业基本资料画面正常显示
Sat, 15 Aug 2020 08:38:26-run_all_uicase.py-test_backStage_examine.py-[line:24]-INFO-[日志信息]: 开始执行脚本test_backstage_examine:

Sat, 15 Aug 2020 08:38:36-run_all_uicase.py-test_login.py-[line:26]-INFO-[日志信息]: 开始执行脚本test_companyLoginOn:

Sat, 15 Aug 2020 08:38:46-test_companyLoginOn-Assert.py-[line:123]-INFO-[日志信息]: except_result = actul_result, except_result is 首页, actul_result is 首页
Sat, 15 Aug 2020 08:38:46-run_all_uicase.py-test_login.py-[line:40]-INFO-[日志信息]: 中小微企业金融服务聚合平台登录成功！
Sat, 15 Aug 2020 08:38:48-run_all_uicase.py-test_login.py-[line:96]-INFO-[日志信息]: 开始执行脚本test_companyPassForget:

Sat, 15 Aug 2020 08:39:02-test_companyPassForget-Assert.py-[line:123]-INFO-[日志信息]: except_result = actul_result, except_result is 重置密码, actul_result is 重置密码
Sat, 15 Aug 2020 08:39:02-run_all_uicase.py-test_login.py-[line:122]-INFO-[日志信息]: 成功进入到密码重置页面
Sat, 15 Aug 2020 08:39:04-test_companyPassForget-Assert.py-[line:123]-INFO-[日志信息]: except_result = actul_result, except_result is 完成修改, actul_result is 完成修改
Sat, 15 Aug 2020 08:39:04-run_all_uicase.py-test_login.py-[line:133]-INFO-[日志信息]: 成功进入到密码修改完成页面
Sat, 15 Aug 2020 08:57:33-run_all_uicase.py-run_all_uicase.py-[line:27]-INFO-[日志信息]: ==================================2020-08-15 08:57:33===================================
Sat, 15 Aug 2020 08:57:33-run_all_uicase.py-test_login.py-[line:51]-INFO-[日志信息]: 开始执行脚本test_companyRegister:

Sat, 15 Aug 2020 08:57:43-run_all_uicase.py-test_login.py-[line:58]-INFO-[日志信息]: 对已注册的账户进行删除操作
Sat, 15 Aug 2020 08:57:47-test_companyRegister-Assert.py-[line:123]-INFO-[日志信息]: except_result = actul_result, except_result is 中小微企业金融服务聚合平台, actul_result is 中小微企业金融服务聚合平台
Sat, 15 Aug 2020 08:57:47-run_all_uicase.py-test_login.py-[line:85]-INFO-[日志信息]: 注册成功，返回到登陆页面
Sat, 15 Aug 2020 08:57:49-run_all_uicase.py-test_personalInfoReg.py-[line:32]-INFO-[日志信息]: 开始执行脚本test_infoReg:

Sat, 15 Aug 2020 08:57:49-run_all_uicase.py-test_personalInfoReg.py-[line:36]-INFO-[日志信息]: 对个人信息企业信息进行删除操作
Sat, 15 Aug 2020 08:57:59-test_infoReg-Assert.py-[line:123]-INFO-[日志信息]: except_result = actul_result, except_result is 首页, actul_result is 首页
Sat, 15 Aug 2020 08:57:59-run_all_uicase.py-test_personalInfoReg.py-[line:49]-INFO-[日志信息]: 进入登陆页面
Sat, 15 Aug 2020 08:58:03-test_infoReg-Assert.py-[line:123]-INFO-[日志信息]: except_result = actul_result, except_result is 实名认证, actul_result is 实名认证
Sat, 15 Aug 2020 08:58:03-run_all_uicase.py-test_personalInfoReg.py-[line:54]-INFO-[日志信息]: 实名认证画面成功显示
Sat, 15 Aug 2020 08:58:05-test_infoReg-Assert.py-[line:123]-INFO-[日志信息]: except_result = actul_result, except_result is 认证中, actul_result is 认证中
Sat, 15 Aug 2020 08:58:05-run_all_uicase.py-test_personalInfoReg.py-[line:89]-INFO-[日志信息]: 实名认证中画面显示
Sat, 15 Aug 2020 08:58:06-test_infoReg-Assert.py-[line:123]-INFO-[日志信息]: except_result = actul_result, except_result is 测试用户, actul_result is 测试用户
Sat, 15 Aug 2020 08:58:06-test_infoReg-Assert.py-[line:123]-INFO-[日志信息]: except_result = actul_result, except_result is 11010119900307475X, actul_result is 11010119900307475X
Sat, 15 Aug 2020 08:58:06-test_infoReg-Assert.py-[line:123]-INFO-[日志信息]: except_result = actul_result, except_result is 17621198888, actul_result is 17621198888
Sat, 15 Aug 2020 09:00:06-run_all_uicase.py-test_businessInfoReg.py-[line:29]-INFO-[日志信息]: 开始执行脚本test_businessInforReg:

Sat, 15 Aug 2020 09:00:36-run_all_uicase.py-test_backStage_examine.py-[line:24]-INFO-[日志信息]: 开始执行脚本test_backstage_examine:

Sat, 15 Aug 2020 09:03:06-run_all_uicase.py-run_all_uicase.py-[line:27]-INFO-[日志信息]: ==================================2020-08-15 09:03:06===================================
Sat, 15 Aug 2020 09:03:06-run_all_uicase.py-test_login.py-[line:51]-INFO-[日志信息]: 开始执行脚本test_companyRegister:

Sat, 15 Aug 2020 09:03:16-run_all_uicase.py-test_login.py-[line:58]-INFO-[日志信息]: 对已注册的账户进行删除操作
Sat, 15 Aug 2020 09:03:20-test_companyRegister-Assert.py-[line:123]-INFO-[日志信息]: except_result = actul_result, except_result is 中小微企业金融服务聚合平台, actul_result is 中小微企业金融服务聚合平台
Sat, 15 Aug 2020 09:03:20-run_all_uicase.py-test_login.py-[line:85]-INFO-[日志信息]: 注册成功，返回到登陆页面
Sat, 15 Aug 2020 09:03:23-run_all_uicase.py-test_personalInfoReg.py-[line:32]-INFO-[日志信息]: 开始执行脚本test_infoReg:

Sat, 15 Aug 2020 09:03:23-run_all_uicase.py-test_personalInfoReg.py-[line:36]-INFO-[日志信息]: 对个人信息企业信息进行删除操作
Sat, 15 Aug 2020 09:03:33-test_infoReg-Assert.py-[line:123]-INFO-[日志信息]: except_result = actul_result, except_result is 首页, actul_result is 首页
Sat, 15 Aug 2020 09:03:33-run_all_uicase.py-test_personalInfoReg.py-[line:49]-INFO-[日志信息]: 进入登陆页面
Sat, 15 Aug 2020 09:03:33-test_infoReg-Assert.py-[line:123]-INFO-[日志信息]: except_result = actul_result, except_result is 实名认证, actul_result is 实名认证
Sat, 15 Aug 2020 09:03:33-run_all_uicase.py-test_personalInfoReg.py-[line:54]-INFO-[日志信息]: 实名认证画面成功显示
Sat, 15 Aug 2020 09:03:34-test_infoReg-Assert.py-[line:123]-INFO-[日志信息]: except_result = actul_result, except_result is 认证中, actul_result is 认证中
Sat, 15 Aug 2020 09:03:34-run_all_uicase.py-test_personalInfoReg.py-[line:89]-INFO-[日志信息]: 实名认证中画面显示
Sat, 15 Aug 2020 09:03:35-test_infoReg-Assert.py-[line:123]-INFO-[日志信息]: except_result = actul_result, except_result is 测试用户, actul_result is 测试用户
Sat, 15 Aug 2020 09:03:35-test_infoReg-Assert.py-[line:123]-INFO-[日志信息]: except_result = actul_result, except_result is 11010119900307475X, actul_result is 11010119900307475X
Sat, 15 Aug 2020 09:03:35-test_infoReg-Assert.py-[line:123]-INFO-[日志信息]: except_result = actul_result, except_result is 17621198765, actul_result is 17621198765
Sat, 15 Aug 2020 09:04:05-test_infoReg-Assert.py-[line:123]-INFO-[日志信息]: except_result = actul_result, except_result is 认证成功, actul_result is 认证成功
Sat, 15 Aug 2020 09:04:05-run_all_uicase.py-test_personalInfoReg.py-[line:103]-INFO-[日志信息]: 实名认证成功画面显示
Sat, 15 Aug 2020 09:04:05-test_infoReg-Assert.py-[line:123]-INFO-[日志信息]: except_result = actul_result, except_result is 实名认证, actul_result is 实名认证
Sat, 15 Aug 2020 09:04:05-run_all_uicase.py-test_personalInfoReg.py-[line:108]-INFO-[日志信息]: 点击查看认证信息按钮，跳转到实名认证画面
Sat, 15 Aug 2020 09:04:07-run_all_uicase.py-test_businessInfoReg.py-[line:29]-INFO-[日志信息]: 开始执行脚本test_businessInforReg:

Sat, 15 Aug 2020 09:04:18-test_businessInforReg-Assert.py-[line:123]-INFO-[日志信息]: except_result = actul_result, except_result is 企业基本资料, actul_result is 企业基本资料
Sat, 15 Aug 2020 09:04:18-run_all_uicase.py-test_businessInfoReg.py-[line:40]-INFO-[日志信息]: 企业基本资料画面正常显示
Sat, 15 Aug 2020 09:04:23-test_businessInforReg-Assert.py-[line:123]-INFO-[日志信息]: except_result = actul_result, except_result is 请确认协议内容, actul_result is 请确认协议内容
Sat, 15 Aug 2020 09:04:23-run_all_uicase.py-test_businessInfoReg.py-[line:95]-INFO-[日志信息]: 协议确认画面正常显示
Sat, 15 Aug 2020 09:04:26-test_businessInforReg-Assert.py-[line:123]-INFO-[日志信息]: except_result = actul_result, except_result is 认证中, actul_result is 认证中
Sat, 15 Aug 2020 09:04:26-run_all_uicase.py-test_businessInfoReg.py-[line:105]-INFO-[日志信息]: 企业信息认证中画面正常显示
Sat, 15 Aug 2020 09:05:02-test_businessInforReg-Assert.py-[line:123]-INFO-[日志信息]: except_result = actul_result, except_result is 审核中, actul_result is 审核中
Sat, 15 Aug 2020 09:05:02-run_all_uicase.py-test_businessInfoReg.py-[line:116]-INFO-[日志信息]: 企业信息审核中画面正常显示
Sat, 15 Aug 2020 09:05:02-test_businessInforReg-Assert.py-[line:123]-INFO-[日志信息]: except_result = actul_result, except_result is 企业基本资料, actul_result is 企业基本资料
Sat, 15 Aug 2020 09:05:02-run_all_uicase.py-test_businessInfoReg.py-[line:123]-INFO-[日志信息]: 企业基本资料画面正常显示
Sat, 15 Aug 2020 09:05:04-run_all_uicase.py-test_backStage_examine.py-[line:24]-INFO-[日志信息]: 开始执行脚本test_backstage_examine:

Sat, 15 Aug 2020 12:11:08-run_all_uicase.py-run_all_uicase.py-[line:27]-INFO-[日志信息]: ==================================2020-08-15 12:11:08===================================
Sat, 15 Aug 2020 12:11:08-run_all_uicase.py-test_login.py-[line:51]-INFO-[日志信息]: 开始执行脚本test_companyRegister:

Sat, 15 Aug 2020 12:11:18-run_all_uicase.py-test_login.py-[line:58]-INFO-[日志信息]: 对已注册的账户进行删除操作
Sat, 15 Aug 2020 12:11:22-test_companyRegister-Assert.py-[line:123]-INFO-[日志信息]: except_result = actul_result, except_result is 中小微企业金融服务聚合平台, actul_result is 中小微企业金融服务聚合平台
Sat, 15 Aug 2020 12:11:22-run_all_uicase.py-test_login.py-[line:85]-INFO-[日志信息]: 注册成功，返回到登陆页面
Sat, 15 Aug 2020 12:11:24-run_all_uicase.py-test_personalInfoReg.py-[line:32]-INFO-[日志信息]: 开始执行脚本test_infoReg:

Sat, 15 Aug 2020 12:11:24-run_all_uicase.py-test_personalInfoReg.py-[line:36]-INFO-[日志信息]: 对个人信息企业信息进行删除操作
Sat, 15 Aug 2020 12:11:34-test_infoReg-Assert.py-[line:123]-INFO-[日志信息]: except_result = actul_result, except_result is 首页, actul_result is 首页
Sat, 15 Aug 2020 12:11:34-run_all_uicase.py-test_personalInfoReg.py-[line:49]-INFO-[日志信息]: 进入登陆页面
Sat, 15 Aug 2020 12:11:35-test_infoReg-Assert.py-[line:123]-INFO-[日志信息]: except_result = actul_result, except_result is 实名认证, actul_result is 实名认证
Sat, 15 Aug 2020 12:11:35-run_all_uicase.py-test_personalInfoReg.py-[line:54]-INFO-[日志信息]: 实名认证画面成功显示
Sat, 15 Aug 2020 12:11:37-test_infoReg-Assert.py-[line:123]-INFO-[日志信息]: except_result = actul_result, except_result is 认证中, actul_result is 认证中
Sat, 15 Aug 2020 12:11:37-run_all_uicase.py-test_personalInfoReg.py-[line:89]-INFO-[日志信息]: 实名认证中画面显示
Sat, 15 Aug 2020 12:11:37-test_infoReg-Assert.py-[line:123]-INFO-[日志信息]: except_result = actul_result, except_result is 测试用户, actul_result is 测试用户
Sat, 15 Aug 2020 12:11:37-test_infoReg-Assert.py-[line:123]-INFO-[日志信息]: except_result = actul_result, except_result is 11010119900307475X, actul_result is 11010119900307475X
Sat, 15 Aug 2020 12:11:37-test_infoReg-Assert.py-[line:123]-INFO-[日志信息]: except_result = actul_result, except_result is 17621198765, actul_result is 17621198765
Sat, 15 Aug 2020 12:13:37-run_all_uicase.py-test_businessInfoReg.py-[line:29]-INFO-[日志信息]: 开始执行脚本test_businessInforReg:

Sat, 15 Aug 2020 12:14:23-run_all_uicase.py-test_backStage_examine.py-[line:24]-INFO-[日志信息]: 开始执行脚本test_backstage_examine:

Sat, 15 Aug 2020 12:15:08-run_all_uicase.py-run_all_uicase.py-[line:27]-INFO-[日志信息]: ==================================2020-08-15 12:15:08===================================
Sat, 15 Aug 2020 12:15:08-run_all_uicase.py-test_login.py-[line:51]-INFO-[日志信息]: 开始执行脚本test_companyRegister:

Sat, 15 Aug 2020 12:15:18-run_all_uicase.py-test_login.py-[line:58]-INFO-[日志信息]: 对已注册的账户进行删除操作
Sat, 15 Aug 2020 12:15:22-test_companyRegister-Assert.py-[line:123]-INFO-[日志信息]: except_result = actul_result, except_result is 中小微企业金融服务聚合平台, actul_result is 中小微企业金融服务聚合平台
Sat, 15 Aug 2020 12:15:22-run_all_uicase.py-test_login.py-[line:85]-INFO-[日志信息]: 注册成功，返回到登陆页面
Sat, 15 Aug 2020 12:15:24-run_all_uicase.py-test_personalInfoReg.py-[line:32]-INFO-[日志信息]: 开始执行脚本test_infoReg:

Sat, 15 Aug 2020 12:15:24-run_all_uicase.py-test_personalInfoReg.py-[line:36]-INFO-[日志信息]: 对个人信息企业信息进行删除操作
Sat, 15 Aug 2020 12:15:34-test_infoReg-Assert.py-[line:123]-INFO-[日志信息]: except_result = actul_result, except_result is 首页, actul_result is 首页
Sat, 15 Aug 2020 12:15:34-run_all_uicase.py-test_personalInfoReg.py-[line:49]-INFO-[日志信息]: 进入登陆页面
Sat, 15 Aug 2020 12:15:35-test_infoReg-Assert.py-[line:123]-INFO-[日志信息]: except_result = actul_result, except_result is 实名认证, actul_result is 实名认证
Sat, 15 Aug 2020 12:15:35-run_all_uicase.py-test_personalInfoReg.py-[line:54]-INFO-[日志信息]: 实名认证画面成功显示
Sat, 15 Aug 2020 12:15:36-test_infoReg-Assert.py-[line:123]-INFO-[日志信息]: except_result = actul_result, except_result is 认证中, actul_result is 认证中
Sat, 15 Aug 2020 12:15:36-run_all_uicase.py-test_personalInfoReg.py-[line:89]-INFO-[日志信息]: 实名认证中画面显示
Sat, 15 Aug 2020 12:15:36-test_infoReg-Assert.py-[line:123]-INFO-[日志信息]: except_result = actul_result, except_result is 测试用户, actul_result is 测试用户
Sat, 15 Aug 2020 12:15:36-test_infoReg-Assert.py-[line:123]-INFO-[日志信息]: except_result = actul_result, except_result is 11010119900307475X, actul_result is 11010119900307475X
Sat, 15 Aug 2020 12:15:36-test_infoReg-Assert.py-[line:123]-INFO-[日志信息]: except_result = actul_result, except_result is 17621198231, actul_result is 17621198231
Sat, 15 Aug 2020 12:17:37-run_all_uicase.py-test_businessInfoReg.py-[line:29]-INFO-[日志信息]: 开始执行脚本test_businessInforReg:

Sat, 15 Aug 2020 12:17:57-run_all_uicase.py-test_backStage_examine.py-[line:24]-INFO-[日志信息]: 开始执行脚本test_backstage_examine:

Sat, 15 Aug 2020 12:19:20-run_all_uicase.py-run_all_uicase.py-[line:27]-INFO-[日志信息]: ==================================2020-08-15 12:19:20===================================
Sat, 15 Aug 2020 12:19:20-run_all_uicase.py-test_login.py-[line:51]-INFO-[日志信息]: 开始执行脚本test_companyRegister:

Sat, 15 Aug 2020 12:19:30-run_all_uicase.py-test_login.py-[line:58]-INFO-[日志信息]: 对已注册的账户进行删除操作
Sat, 15 Aug 2020 12:19:33-test_companyRegister-Assert.py-[line:123]-INFO-[日志信息]: except_result = actul_result, except_result is 中小微企业金融服务聚合平台, actul_result is 中小微企业金融服务聚合平台
Sat, 15 Aug 2020 12:19:33-run_all_uicase.py-test_login.py-[line:85]-INFO-[日志信息]: 注册成功，返回到登陆页面
Sat, 15 Aug 2020 12:19:36-run_all_uicase.py-test_personalInfoReg.py-[line:32]-INFO-[日志信息]: 开始执行脚本test_infoReg:

Sat, 15 Aug 2020 12:19:36-run_all_uicase.py-test_personalInfoReg.py-[line:36]-INFO-[日志信息]: 对个人信息企业信息进行删除操作
Sat, 15 Aug 2020 12:19:46-test_infoReg-Assert.py-[line:123]-INFO-[日志信息]: except_result = actul_result, except_result is 首页, actul_result is 首页
Sat, 15 Aug 2020 12:19:46-run_all_uicase.py-test_personalInfoReg.py-[line:49]-INFO-[日志信息]: 进入登陆页面
Sat, 15 Aug 2020 12:19:46-test_infoReg-Assert.py-[line:123]-INFO-[日志信息]: except_result = actul_result, except_result is 实名认证, actul_result is 实名认证
Sat, 15 Aug 2020 12:19:46-run_all_uicase.py-test_personalInfoReg.py-[line:54]-INFO-[日志信息]: 实名认证画面成功显示
Sat, 15 Aug 2020 12:19:48-test_infoReg-Assert.py-[line:123]-INFO-[日志信息]: except_result = actul_result, except_result is 认证中, actul_result is 认证中
Sat, 15 Aug 2020 12:19:48-run_all_uicase.py-test_personalInfoReg.py-[line:89]-INFO-[日志信息]: 实名认证中画面显示
Sat, 15 Aug 2020 12:19:48-test_infoReg-Assert.py-[line:123]-INFO-[日志信息]: except_result = actul_result, except_result is 测试用户, actul_result is 测试用户
Sat, 15 Aug 2020 12:19:48-test_infoReg-Assert.py-[line:123]-INFO-[日志信息]: except_result = actul_result, except_result is 11010119900307475X, actul_result is 11010119900307475X
Sat, 15 Aug 2020 12:19:48-test_infoReg-Assert.py-[line:123]-INFO-[日志信息]: except_result = actul_result, except_result is 17621198222, actul_result is 17621198222
Sat, 15 Aug 2020 12:21:49-run_all_uicase.py-test_businessInfoReg.py-[line:29]-INFO-[日志信息]: 开始执行脚本test_businessInforReg:

Sat, 15 Aug 2020 12:22:20-run_all_uicase.py-run_all_uicase.py-[line:27]-INFO-[日志信息]: ==================================2020-08-15 12:22:20===================================
Sat, 15 Aug 2020 12:22:20-run_all_uicase.py-test_login.py-[line:51]-INFO-[日志信息]: 开始执行脚本test_companyRegister:

Sat, 15 Aug 2020 12:22:30-run_all_uicase.py-test_login.py-[line:58]-INFO-[日志信息]: 对已注册的账户进行删除操作
Sat, 15 Aug 2020 12:22:34-test_companyRegister-Assert.py-[line:123]-INFO-[日志信息]: except_result = actul_result, except_result is 中小微企业金融服务聚合平台, actul_result is 中小微企业金融服务聚合平台
Sat, 15 Aug 2020 12:22:34-run_all_uicase.py-test_login.py-[line:85]-INFO-[日志信息]: 注册成功，返回到登陆页面
Sat, 15 Aug 2020 12:22:36-run_all_uicase.py-test_personalInfoReg.py-[line:32]-INFO-[日志信息]: 开始执行脚本test_infoReg:

Sat, 15 Aug 2020 12:22:36-run_all_uicase.py-test_personalInfoReg.py-[line:36]-INFO-[日志信息]: 对个人信息企业信息进行删除操作
Sat, 15 Aug 2020 12:22:46-test_infoReg-Assert.py-[line:123]-INFO-[日志信息]: except_result = actul_result, except_result is 首页, actul_result is 首页
Sat, 15 Aug 2020 12:22:46-run_all_uicase.py-test_personalInfoReg.py-[line:49]-INFO-[日志信息]: 进入登陆页面
Sat, 15 Aug 2020 12:22:47-test_infoReg-Assert.py-[line:123]-INFO-[日志信息]: except_result = actul_result, except_result is 实名认证, actul_result is 实名认证
Sat, 15 Aug 2020 12:22:47-run_all_uicase.py-test_personalInfoReg.py-[line:54]-INFO-[日志信息]: 实名认证画面成功显示
Sat, 15 Aug 2020 12:22:48-test_infoReg-Assert.py-[line:123]-INFO-[日志信息]: except_result = actul_result, except_result is 认证中, actul_result is 认证中
Sat, 15 Aug 2020 12:22:48-run_all_uicase.py-test_personalInfoReg.py-[line:89]-INFO-[日志信息]: 实名认证中画面显示
Sat, 15 Aug 2020 12:22:48-test_infoReg-Assert.py-[line:123]-INFO-[日志信息]: except_result = actul_result, except_result is 测试用户, actul_result is 测试用户
Sat, 15 Aug 2020 12:22:48-test_infoReg-Assert.py-[line:123]-INFO-[日志信息]: except_result = actul_result, except_result is 11010119900307475X, actul_result is 11010119900307475X
Sat, 15 Aug 2020 12:22:48-test_infoReg-Assert.py-[line:123]-INFO-[日志信息]: except_result = actul_result, except_result is 17621198933, actul_result is 17621198933
Sat, 15 Aug 2020 12:24:48-run_all_uicase.py-test_businessInfoReg.py-[line:29]-INFO-[日志信息]: 开始执行脚本test_businessInforReg:

Sat, 15 Aug 2020 12:25:08-run_all_uicase.py-test_backStage_examine.py-[line:24]-INFO-[日志信息]: 开始执行脚本test_backstage_examine:

