Tue, 15 Dec 2020 10:02:51-run_all_case.py-run_all_case.py-[line:57]-INFO-[日志信息]: ==================================2020-12-15 10:02:51===================================
Tue, 15 Dec 2020 10:03:17-run_all_case.py-test_login.py-[line:54]-INFO-[日志信息]: 开始执行脚本test_companyRegister:

Tue, 15 Dec 2020 10:03:28-run_all_case.py-test_login.py-[line:70]-INFO-[日志信息]: 对已注册的账户进行删除操作
Tue, 15 Dec 2020 10:03:32-test_companyRegister-Assert.py-[line:124]-INFO-[日志信息]: except_result = actul_result, except_result is 中小微企业金融服务聚合平台, actul_result is 中小微企业金融服务聚合平台
Tue, 15 Dec 2020 10:03:32-run_all_case.py-test_login.py-[line:98]-INFO-[日志信息]: 注册成功，返回到登陆页面
Tue, 15 Dec 2020 10:03:35-run_all_case.py-test_personalInfoReg.py-[line:34]-INFO-[日志信息]: 开始执行脚本test_infoReg:

Tue, 15 Dec 2020 10:03:35-run_all_case.py-test_personalInfoReg.py-[line:38]-INFO-[日志信息]: 对个人信息企业信息进行删除操作
Tue, 15 Dec 2020 10:03:46-test_infoReg-Assert.py-[line:124]-INFO-[日志信息]: except_result = actul_result, except_result is 首页, actul_result is 首页
Tue, 15 Dec 2020 10:03:46-run_all_case.py-test_personalInfoReg.py-[line:60]-INFO-[日志信息]: 进入登陆页面
Tue, 15 Dec 2020 10:04:03-test_infoReg-Assert.py-[line:124]-INFO-[日志信息]: except_result = actul_result, except_result is 认证中, actul_result is 认证中
Tue, 15 Dec 2020 10:04:03-run_all_case.py-test_personalInfoReg.py-[line:84]-INFO-[日志信息]: 实名认证中画面显示
Tue, 15 Dec 2020 10:04:04-test_infoReg-Assert.py-[line:124]-INFO-[日志信息]: except_result = actul_result, except_result is 李涛, actul_result is 李涛
Tue, 15 Dec 2020 10:04:04-test_infoReg-Assert.py-[line:124]-INFO-[日志信息]: except_result = actul_result, except_result is 410184198105155611, actul_result is 410184198105155611
Tue, 15 Dec 2020 10:04:04-test_infoReg-Assert.py-[line:124]-INFO-[日志信息]: except_result = actul_result, except_result is 17082238023, actul_result is 17082238023
Tue, 15 Dec 2020 10:04:44-run_all_case.py-run_all_case.py-[line:57]-INFO-[日志信息]: ==================================2020-12-15 10:04:44===================================
Tue, 15 Dec 2020 10:04:59-run_all_case.py-test_login.py-[line:54]-INFO-[日志信息]: 开始执行脚本test_companyRegister:

Tue, 15 Dec 2020 10:05:10-run_all_case.py-test_login.py-[line:70]-INFO-[日志信息]: 对已注册的账户进行删除操作
Tue, 15 Dec 2020 10:05:13-test_companyRegister-Assert.py-[line:124]-INFO-[日志信息]: except_result = actul_result, except_result is 中小微企业金融服务聚合平台, actul_result is 中小微企业金融服务聚合平台
Tue, 15 Dec 2020 10:05:13-run_all_case.py-test_login.py-[line:98]-INFO-[日志信息]: 注册成功，返回到登陆页面
Tue, 15 Dec 2020 10:05:17-run_all_case.py-test_personalInfoReg.py-[line:34]-INFO-[日志信息]: 开始执行脚本test_infoReg:

Tue, 15 Dec 2020 10:05:17-run_all_case.py-test_personalInfoReg.py-[line:38]-INFO-[日志信息]: 对个人信息企业信息进行删除操作
Tue, 15 Dec 2020 10:05:28-test_infoReg-Assert.py-[line:124]-INFO-[日志信息]: except_result = actul_result, except_result is 首页, actul_result is 首页
Tue, 15 Dec 2020 10:05:28-run_all_case.py-test_personalInfoReg.py-[line:60]-INFO-[日志信息]: 进入登陆页面
Tue, 15 Dec 2020 10:05:42-test_infoReg-Assert.py-[line:124]-INFO-[日志信息]: except_result = actul_result, except_result is 认证中, actul_result is 认证中
Tue, 15 Dec 2020 10:05:42-run_all_case.py-test_personalInfoReg.py-[line:84]-INFO-[日志信息]: 实名认证中画面显示
Tue, 15 Dec 2020 10:05:42-test_infoReg-Assert.py-[line:124]-INFO-[日志信息]: except_result = actul_result, except_result is 李涛, actul_result is 李涛
Tue, 15 Dec 2020 10:05:42-test_infoReg-Assert.py-[line:124]-INFO-[日志信息]: except_result = actul_result, except_result is 410184198105155611, actul_result is 410184198105155611
Tue, 15 Dec 2020 10:05:42-test_infoReg-Assert.py-[line:124]-INFO-[日志信息]: except_result = actul_result, except_result is 17082238023, actul_result is 17082238023
Tue, 15 Dec 2020 10:05:52-test_infoReg-Assert.py-[line:124]-INFO-[日志信息]: except_result = actul_result, except_result is 认证成功, actul_result is 认证成功
Tue, 15 Dec 2020 10:05:52-run_all_case.py-test_personalInfoReg.py-[line:98]-INFO-[日志信息]: 实名认证成功画面显示
Tue, 15 Dec 2020 10:05:52-test_infoReg-Assert.py-[line:124]-INFO-[日志信息]: except_result = actul_result, except_result is 实名认证, actul_result is 实名认证
Tue, 15 Dec 2020 10:05:52-run_all_case.py-test_personalInfoReg.py-[line:103]-INFO-[日志信息]: 点击查看认证信息按钮，跳转到实名认证画面
Tue, 15 Dec 2020 10:05:54-run_all_case.py-test_businessInfoReg.py-[line:38]-INFO-[日志信息]: 开始执行脚本test_businessInforReg:

Tue, 15 Dec 2020 10:06:05-test_businessInforReg-Assert.py-[line:124]-INFO-[日志信息]: except_result = actul_result, except_result is 企业基本资料, actul_result is 企业基本资料
Tue, 15 Dec 2020 10:06:05-run_all_case.py-test_businessInfoReg.py-[line:57]-INFO-[日志信息]: 企业基本资料画面正常显示
Tue, 15 Dec 2020 10:06:23-test_businessInforReg-Assert.py-[line:124]-INFO-[日志信息]: except_result = actul_result, except_result is 请确认协议内容, actul_result is 请确认协议内容
Tue, 15 Dec 2020 10:06:23-run_all_case.py-test_businessInfoReg.py-[line:161]-INFO-[日志信息]: 协议确认画面正常显示
Tue, 15 Dec 2020 10:06:54-run_all_case.py-test_backStage_examine.py-[line:25]-INFO-[日志信息]: 开始执行脚本test_backstage_examine:

Tue, 15 Dec 2020 10:07:04-run_all_case.py-test_backStage_examine.py-[line:95]-INFO-[日志信息]: 成功登录后台系统
Tue, 15 Dec 2020 10:07:09-test_backstage_examine-Assert.py-[line:124]-INFO-[日志信息]: except_result = actul_result, except_result is 用户基本信息, actul_result is 用户基本信息
Tue, 15 Dec 2020 10:07:09-run_all_case.py-test_backStage_examine.py-[line:65]-INFO-[日志信息]: 成功进入企业信息审核画面
Tue, 15 Dec 2020 10:07:09-run_all_case.py-test_backStage_authentication.py-[line:176]-INFO-[日志信息]: 开始执行脚本test_backStageActCreate:

Tue, 15 Dec 2020 10:07:20-run_all_case.py-test_backStage_examine.py-[line:95]-INFO-[日志信息]: 成功登录后台系统
Tue, 15 Dec 2020 10:07:20-run_all_case.py-test_backStage_authentication.py-[line:194]-INFO-[日志信息]: 机构信息DB删除
Tue, 15 Dec 2020 10:07:39-run_all_case.py-test_backStage_authentication.py-[line:353]-INFO-[日志信息]: 进入担保公司创建页面
Tue, 15 Dec 2020 10:07:42-run_all_case.py-test_backStage_authentication.py-[line:351]-INFO-[日志信息]: 进入银行账户创建页面
Tue, 15 Dec 2020 10:07:47-run_all_case.py-test_backStage_authentication.py-[line:292]-INFO-[日志信息]: 开始执行脚本test_backStage_authentication:

Tue, 15 Dec 2020 10:07:47-run_all_case.py-test_backStage_authentication.py-[line:295]-INFO-[日志信息]: 开始执行脚本test_backStage_authentication:

Tue, 15 Dec 2020 10:08:01-run_all_case.py-test_login.py-[line:179]-INFO-[日志信息]: 成功进入到密码重置页面
Tue, 15 Dec 2020 10:08:03-run_all_case.py-test_login.py-[line:186]-INFO-[日志信息]: 成功进入到密码修改完成页面
Tue, 15 Dec 2020 10:08:07-run_all_case.py-test_login.py-[line:179]-INFO-[日志信息]: 成功进入到密码重置页面
Tue, 15 Dec 2020 10:08:10-run_all_case.py-test_login.py-[line:186]-INFO-[日志信息]: 成功进入到密码修改完成页面
Tue, 15 Dec 2020 10:08:11-run_all_case.py-test_backStage_examine.py-[line:95]-INFO-[日志信息]: 成功登录后台系统
Tue, 15 Dec 2020 10:08:16-run_all_case.py-test_backStage_authentication.py-[line:245]-INFO-[日志信息]: 企业信息认证
Tue, 15 Dec 2020 10:08:19-run_all_case.py-test_backStage_authentication.py-[line:262]-INFO-[日志信息]: 协议内容确认页面
Tue, 15 Dec 2020 10:08:31-run_all_case.py-test_backStage_authentication.py-[line:273]-INFO-[日志信息]: 二维码认证页面
Tue, 15 Dec 2020 10:08:47-run_all_case.py-test_backStage_examine.py-[line:95]-INFO-[日志信息]: 成功登录后台系统
Tue, 15 Dec 2020 10:08:52-run_all_case.py-test_backStage_authentication.py-[line:245]-INFO-[日志信息]: 企业信息认证
Tue, 15 Dec 2020 10:08:55-run_all_case.py-test_backStage_authentication.py-[line:262]-INFO-[日志信息]: 协议内容确认页面
Tue, 15 Dec 2020 10:09:05-run_all_case.py-test_backStage_authentication.py-[line:273]-INFO-[日志信息]: 二维码认证页面
Tue, 15 Dec 2020 10:09:11-run_all_case.py-test_backStage_authentication.py-[line:44]-INFO-[日志信息]: 首页
Tue, 15 Dec 2020 10:09:15-run_all_case.py-test_backStage_authentication.py-[line:49]-INFO-[日志信息]: 产品基本信息
Tue, 15 Dec 2020 10:09:24-run_all_case.py-test_backStage_authentication.py-[line:142]-INFO-[日志信息]: 产品特性
Tue, 15 Dec 2020 10:09:26-run_all_case.py-test_backStage_authentication.py-[line:157]-INFO-[日志信息]: 计分卡
Tue, 15 Dec 2020 10:09:27-run_all_case.py-test_backStage_authentication.py-[line:164]-INFO-[日志信息]: 进件信息
Tue, 15 Dec 2020 10:09:31-run_all_case.py-test_Tripartite_interaction.py-[line:144]-INFO-[日志信息]: 开始执行脚本test_Tripartite_interaction:

Tue, 15 Dec 2020 10:09:41-run_all_case.py-test_Tripartite_interaction.py-[line:160]-INFO-[日志信息]: 前端账户登录授信申请
Tue, 15 Dec 2020 10:09:46-run_all_case.py-test_Tripartite_interaction.py-[line:378]-INFO-[日志信息]: 进入到前端首页
Tue, 15 Dec 2020 10:09:46-run_all_case.py-test_Tripartite_interaction.py-[line:381]-INFO-[日志信息]: 进入到前端进入产品选择首页
Tue, 15 Dec 2020 10:09:48-run_all_case.py-test_Tripartite_interaction.py-[line:386]-INFO-[日志信息]: 进入到前端进入产品详情页
Tue, 15 Dec 2020 10:09:48-run_all_case.py-test_Tripartite_interaction.py-[line:390]-INFO-[日志信息]: 进入到前端进入产品借款页
Tue, 15 Dec 2020 10:09:50-run_all_case.py-test_Tripartite_interaction.py-[line:395]-INFO-[日志信息]: 进入授信采购信息页面
Tue, 15 Dec 2020 10:10:51-run_all_case.py-run_all_case.py-[line:57]-INFO-[日志信息]: ==================================2020-12-15 10:10:51===================================
Tue, 15 Dec 2020 10:11:10-run_all_case.py-test_login.py-[line:54]-INFO-[日志信息]: 开始执行脚本test_companyRegister:

Tue, 15 Dec 2020 10:11:20-run_all_case.py-test_login.py-[line:70]-INFO-[日志信息]: 对已注册的账户进行删除操作
Tue, 15 Dec 2020 10:11:24-test_companyRegister-Assert.py-[line:124]-INFO-[日志信息]: except_result = actul_result, except_result is 中小微企业金融服务聚合平台, actul_result is 中小微企业金融服务聚合平台
Tue, 15 Dec 2020 10:11:24-run_all_case.py-test_login.py-[line:98]-INFO-[日志信息]: 注册成功，返回到登陆页面
Tue, 15 Dec 2020 10:11:27-run_all_case.py-test_personalInfoReg.py-[line:34]-INFO-[日志信息]: 开始执行脚本test_infoReg:

Tue, 15 Dec 2020 10:11:27-run_all_case.py-test_personalInfoReg.py-[line:38]-INFO-[日志信息]: 对个人信息企业信息进行删除操作
Tue, 15 Dec 2020 10:11:39-test_infoReg-Assert.py-[line:124]-INFO-[日志信息]: except_result = actul_result, except_result is 首页, actul_result is 首页
Tue, 15 Dec 2020 10:11:39-run_all_case.py-test_personalInfoReg.py-[line:60]-INFO-[日志信息]: 进入登陆页面
Tue, 15 Dec 2020 10:11:52-test_infoReg-Assert.py-[line:124]-INFO-[日志信息]: except_result = actul_result, except_result is 认证中, actul_result is 认证中
Tue, 15 Dec 2020 10:11:52-run_all_case.py-test_personalInfoReg.py-[line:84]-INFO-[日志信息]: 实名认证中画面显示
Tue, 15 Dec 2020 10:11:52-test_infoReg-Assert.py-[line:124]-INFO-[日志信息]: except_result = actul_result, except_result is 李涛, actul_result is 李涛
Tue, 15 Dec 2020 10:11:52-test_infoReg-Assert.py-[line:124]-INFO-[日志信息]: except_result = actul_result, except_result is 410184198105155611, actul_result is 410184198105155611
Tue, 15 Dec 2020 10:11:52-test_infoReg-Assert.py-[line:124]-INFO-[日志信息]: except_result = actul_result, except_result is 17082238023, actul_result is 17082238023
Tue, 15 Dec 2020 10:12:02-test_infoReg-Assert.py-[line:124]-INFO-[日志信息]: except_result = actul_result, except_result is 认证成功, actul_result is 认证成功
Tue, 15 Dec 2020 10:12:02-run_all_case.py-test_personalInfoReg.py-[line:98]-INFO-[日志信息]: 实名认证成功画面显示
Tue, 15 Dec 2020 10:12:02-test_infoReg-Assert.py-[line:124]-INFO-[日志信息]: except_result = actul_result, except_result is 实名认证, actul_result is 实名认证
Tue, 15 Dec 2020 10:12:02-run_all_case.py-test_personalInfoReg.py-[line:103]-INFO-[日志信息]: 点击查看认证信息按钮，跳转到实名认证画面
Tue, 15 Dec 2020 10:12:04-run_all_case.py-test_businessInfoReg.py-[line:38]-INFO-[日志信息]: 开始执行脚本test_businessInforReg:

Tue, 15 Dec 2020 10:12:15-test_businessInforReg-Assert.py-[line:124]-INFO-[日志信息]: except_result = actul_result, except_result is 企业基本资料, actul_result is 企业基本资料
Tue, 15 Dec 2020 10:12:15-run_all_case.py-test_businessInfoReg.py-[line:57]-INFO-[日志信息]: 企业基本资料画面正常显示
Tue, 15 Dec 2020 10:12:33-test_businessInforReg-Assert.py-[line:124]-INFO-[日志信息]: except_result = actul_result, except_result is 请确认协议内容, actul_result is 请确认协议内容
Tue, 15 Dec 2020 10:12:33-run_all_case.py-test_businessInfoReg.py-[line:161]-INFO-[日志信息]: 协议确认画面正常显示
Tue, 15 Dec 2020 10:13:04-run_all_case.py-test_backStage_examine.py-[line:25]-INFO-[日志信息]: 开始执行脚本test_backstage_examine:

Tue, 15 Dec 2020 10:13:14-run_all_case.py-test_backStage_examine.py-[line:95]-INFO-[日志信息]: 成功登录后台系统
Tue, 15 Dec 2020 10:13:19-test_backstage_examine-Assert.py-[line:124]-INFO-[日志信息]: except_result = actul_result, except_result is 用户基本信息, actul_result is 用户基本信息
Tue, 15 Dec 2020 10:13:19-run_all_case.py-test_backStage_examine.py-[line:65]-INFO-[日志信息]: 成功进入企业信息审核画面
Tue, 15 Dec 2020 10:13:19-run_all_case.py-test_backStage_authentication.py-[line:176]-INFO-[日志信息]: 开始执行脚本test_backStageActCreate:

Tue, 15 Dec 2020 10:13:30-run_all_case.py-test_backStage_examine.py-[line:95]-INFO-[日志信息]: 成功登录后台系统
Tue, 15 Dec 2020 10:13:30-run_all_case.py-test_backStage_authentication.py-[line:194]-INFO-[日志信息]: 机构信息DB删除
Tue, 15 Dec 2020 10:13:49-run_all_case.py-test_backStage_authentication.py-[line:353]-INFO-[日志信息]: 进入担保公司创建页面
Tue, 15 Dec 2020 10:13:52-run_all_case.py-test_backStage_authentication.py-[line:351]-INFO-[日志信息]: 进入银行账户创建页面
Tue, 15 Dec 2020 10:13:57-run_all_case.py-test_backStage_authentication.py-[line:292]-INFO-[日志信息]: 开始执行脚本test_backStage_authentication:

Tue, 15 Dec 2020 10:13:57-run_all_case.py-test_backStage_authentication.py-[line:295]-INFO-[日志信息]: 开始执行脚本test_backStage_authentication:

Tue, 15 Dec 2020 10:14:11-run_all_case.py-test_login.py-[line:179]-INFO-[日志信息]: 成功进入到密码重置页面
Tue, 15 Dec 2020 10:14:14-run_all_case.py-test_login.py-[line:186]-INFO-[日志信息]: 成功进入到密码修改完成页面
Tue, 15 Dec 2020 10:14:18-run_all_case.py-test_login.py-[line:179]-INFO-[日志信息]: 成功进入到密码重置页面
Tue, 15 Dec 2020 10:14:20-run_all_case.py-test_login.py-[line:186]-INFO-[日志信息]: 成功进入到密码修改完成页面
Tue, 15 Dec 2020 10:14:21-run_all_case.py-test_backStage_examine.py-[line:95]-INFO-[日志信息]: 成功登录后台系统
Tue, 15 Dec 2020 10:14:26-run_all_case.py-test_backStage_authentication.py-[line:245]-INFO-[日志信息]: 企业信息认证
Tue, 15 Dec 2020 10:14:30-run_all_case.py-test_backStage_authentication.py-[line:262]-INFO-[日志信息]: 协议内容确认页面
Tue, 15 Dec 2020 10:14:40-run_all_case.py-test_backStage_authentication.py-[line:273]-INFO-[日志信息]: 二维码认证页面
Tue, 15 Dec 2020 10:14:56-run_all_case.py-test_backStage_examine.py-[line:95]-INFO-[日志信息]: 成功登录后台系统
Tue, 15 Dec 2020 10:15:02-run_all_case.py-test_backStage_authentication.py-[line:245]-INFO-[日志信息]: 企业信息认证
Tue, 15 Dec 2020 10:15:05-run_all_case.py-test_backStage_authentication.py-[line:262]-INFO-[日志信息]: 协议内容确认页面
Tue, 15 Dec 2020 10:15:24-run_all_case.py-test_backStage_authentication.py-[line:273]-INFO-[日志信息]: 二维码认证页面
Tue, 15 Dec 2020 10:15:31-run_all_case.py-test_backStage_authentication.py-[line:44]-INFO-[日志信息]: 首页
Tue, 15 Dec 2020 10:15:35-run_all_case.py-test_backStage_authentication.py-[line:49]-INFO-[日志信息]: 产品基本信息
Tue, 15 Dec 2020 10:15:43-run_all_case.py-test_backStage_authentication.py-[line:142]-INFO-[日志信息]: 产品特性
Tue, 15 Dec 2020 10:15:45-run_all_case.py-test_backStage_authentication.py-[line:157]-INFO-[日志信息]: 计分卡
Tue, 15 Dec 2020 10:15:47-run_all_case.py-test_backStage_authentication.py-[line:164]-INFO-[日志信息]: 进件信息
Tue, 15 Dec 2020 10:15:50-run_all_case.py-test_Tripartite_interaction.py-[line:144]-INFO-[日志信息]: 开始执行脚本test_Tripartite_interaction:

Tue, 15 Dec 2020 10:16:00-run_all_case.py-test_Tripartite_interaction.py-[line:160]-INFO-[日志信息]: 前端账户登录授信申请
Tue, 15 Dec 2020 10:16:06-run_all_case.py-test_Tripartite_interaction.py-[line:378]-INFO-[日志信息]: 进入到前端首页
Tue, 15 Dec 2020 10:16:06-run_all_case.py-test_Tripartite_interaction.py-[line:381]-INFO-[日志信息]: 进入到前端进入产品选择首页
Tue, 15 Dec 2020 10:16:08-run_all_case.py-test_Tripartite_interaction.py-[line:386]-INFO-[日志信息]: 进入到前端进入产品详情页
Tue, 15 Dec 2020 10:16:08-run_all_case.py-test_Tripartite_interaction.py-[line:390]-INFO-[日志信息]: 进入到前端进入产品借款页
Tue, 15 Dec 2020 10:16:09-run_all_case.py-test_Tripartite_interaction.py-[line:395]-INFO-[日志信息]: 进入授信采购信息页面
Tue, 15 Dec 2020 11:03:50-run_all_case.py-run_all_case.py-[line:57]-INFO-[日志信息]: ==================================2020-12-15 11:03:50===================================
Tue, 15 Dec 2020 11:04:10-run_all_case.py-test_login.py-[line:54]-INFO-[日志信息]: 开始执行脚本test_companyRegister:

Tue, 15 Dec 2020 11:04:20-run_all_case.py-test_login.py-[line:70]-INFO-[日志信息]: 对已注册的账户进行删除操作
Tue, 15 Dec 2020 11:04:24-test_companyRegister-Assert.py-[line:124]-INFO-[日志信息]: except_result = actul_result, except_result is 中小微企业金融服务聚合平台, actul_result is 中小微企业金融服务聚合平台
Tue, 15 Dec 2020 11:04:24-run_all_case.py-test_login.py-[line:98]-INFO-[日志信息]: 注册成功，返回到登陆页面
Tue, 15 Dec 2020 11:04:27-run_all_case.py-test_personalInfoReg.py-[line:34]-INFO-[日志信息]: 开始执行脚本test_infoReg:

Tue, 15 Dec 2020 11:04:27-run_all_case.py-test_personalInfoReg.py-[line:38]-INFO-[日志信息]: 对个人信息企业信息进行删除操作
Tue, 15 Dec 2020 11:04:39-test_infoReg-Assert.py-[line:124]-INFO-[日志信息]: except_result = actul_result, except_result is 首页, actul_result is 首页
Tue, 15 Dec 2020 11:04:39-run_all_case.py-test_personalInfoReg.py-[line:60]-INFO-[日志信息]: 进入登陆页面
Tue, 15 Dec 2020 11:04:56-test_infoReg-Assert.py-[line:124]-INFO-[日志信息]: except_result = actul_result, except_result is 认证中, actul_result is 认证中
Tue, 15 Dec 2020 11:04:56-run_all_case.py-test_personalInfoReg.py-[line:84]-INFO-[日志信息]: 实名认证中画面显示
Tue, 15 Dec 2020 11:04:56-test_infoReg-Assert.py-[line:124]-INFO-[日志信息]: except_result = actul_result, except_result is 李涛, actul_result is 李涛
Tue, 15 Dec 2020 11:04:56-test_infoReg-Assert.py-[line:124]-INFO-[日志信息]: except_result = actul_result, except_result is 410184198105155611, actul_result is 410184198105155611
Tue, 15 Dec 2020 11:04:56-test_infoReg-Assert.py-[line:124]-INFO-[日志信息]: except_result = actul_result, except_result is 17082238023, actul_result is 17082238023
Tue, 15 Dec 2020 11:05:05-test_infoReg-Assert.py-[line:124]-INFO-[日志信息]: except_result = actul_result, except_result is 认证成功, actul_result is 认证成功
Tue, 15 Dec 2020 11:05:05-run_all_case.py-test_personalInfoReg.py-[line:98]-INFO-[日志信息]: 实名认证成功画面显示
Tue, 15 Dec 2020 11:05:06-test_infoReg-Assert.py-[line:124]-INFO-[日志信息]: except_result = actul_result, except_result is 实名认证, actul_result is 实名认证
Tue, 15 Dec 2020 11:05:06-run_all_case.py-test_personalInfoReg.py-[line:103]-INFO-[日志信息]: 点击查看认证信息按钮，跳转到实名认证画面
Tue, 15 Dec 2020 11:05:08-run_all_case.py-test_businessInfoReg.py-[line:38]-INFO-[日志信息]: 开始执行脚本test_businessInforReg:

Tue, 15 Dec 2020 11:05:19-test_businessInforReg-Assert.py-[line:124]-INFO-[日志信息]: except_result = actul_result, except_result is 企业基本资料, actul_result is 企业基本资料
Tue, 15 Dec 2020 11:05:19-run_all_case.py-test_businessInfoReg.py-[line:57]-INFO-[日志信息]: 企业基本资料画面正常显示
Tue, 15 Dec 2020 11:05:35-test_businessInforReg-Assert.py-[line:124]-INFO-[日志信息]: except_result = actul_result, except_result is 请确认协议内容, actul_result is 请确认协议内容
Tue, 15 Dec 2020 11:05:35-run_all_case.py-test_businessInfoReg.py-[line:161]-INFO-[日志信息]: 协议确认画面正常显示
Tue, 15 Dec 2020 11:06:05-run_all_case.py-test_backStage_examine.py-[line:25]-INFO-[日志信息]: 开始执行脚本test_backstage_examine:

Tue, 15 Dec 2020 11:06:16-run_all_case.py-test_backStage_examine.py-[line:95]-INFO-[日志信息]: 成功登录后台系统
Tue, 15 Dec 2020 11:06:21-test_backstage_examine-Assert.py-[line:124]-INFO-[日志信息]: except_result = actul_result, except_result is 用户基本信息, actul_result is 用户基本信息
Tue, 15 Dec 2020 11:06:21-run_all_case.py-test_backStage_examine.py-[line:65]-INFO-[日志信息]: 成功进入企业信息审核画面
Tue, 15 Dec 2020 11:06:21-run_all_case.py-test_backStage_authentication.py-[line:176]-INFO-[日志信息]: 开始执行脚本test_backStageActCreate:

Tue, 15 Dec 2020 11:06:32-run_all_case.py-test_backStage_examine.py-[line:95]-INFO-[日志信息]: 成功登录后台系统
Tue, 15 Dec 2020 11:06:32-run_all_case.py-test_backStage_authentication.py-[line:194]-INFO-[日志信息]: 机构信息DB删除
Tue, 15 Dec 2020 11:06:50-run_all_case.py-test_backStage_authentication.py-[line:353]-INFO-[日志信息]: 进入担保公司创建页面
Tue, 15 Dec 2020 11:06:54-run_all_case.py-test_backStage_authentication.py-[line:351]-INFO-[日志信息]: 进入银行账户创建页面
Tue, 15 Dec 2020 11:06:59-run_all_case.py-test_backStage_authentication.py-[line:292]-INFO-[日志信息]: 开始执行脚本test_backStage_authentication:

Tue, 15 Dec 2020 11:06:59-run_all_case.py-test_backStage_authentication.py-[line:295]-INFO-[日志信息]: 开始执行脚本test_backStage_authentication:

Tue, 15 Dec 2020 11:07:13-run_all_case.py-test_login.py-[line:179]-INFO-[日志信息]: 成功进入到密码重置页面
Tue, 15 Dec 2020 11:07:15-run_all_case.py-test_login.py-[line:186]-INFO-[日志信息]: 成功进入到密码修改完成页面
Tue, 15 Dec 2020 11:07:19-run_all_case.py-test_login.py-[line:179]-INFO-[日志信息]: 成功进入到密码重置页面
Tue, 15 Dec 2020 11:07:22-run_all_case.py-test_login.py-[line:186]-INFO-[日志信息]: 成功进入到密码修改完成页面
Tue, 15 Dec 2020 11:09:28-run_all_case.py-run_all_case.py-[line:57]-INFO-[日志信息]: ==================================2020-12-15 11:09:28===================================
Tue, 15 Dec 2020 11:09:47-run_all_case.py-test_login.py-[line:54]-INFO-[日志信息]: 开始执行脚本test_companyRegister:

Tue, 15 Dec 2020 11:09:57-run_all_case.py-test_login.py-[line:70]-INFO-[日志信息]: 对已注册的账户进行删除操作
Tue, 15 Dec 2020 11:10:01-test_companyRegister-Assert.py-[line:124]-INFO-[日志信息]: except_result = actul_result, except_result is 中小微企业金融服务聚合平台, actul_result is 中小微企业金融服务聚合平台
Tue, 15 Dec 2020 11:10:01-run_all_case.py-test_login.py-[line:98]-INFO-[日志信息]: 注册成功，返回到登陆页面
Tue, 15 Dec 2020 11:10:05-run_all_case.py-test_personalInfoReg.py-[line:34]-INFO-[日志信息]: 开始执行脚本test_infoReg:

Tue, 15 Dec 2020 11:10:05-run_all_case.py-test_personalInfoReg.py-[line:38]-INFO-[日志信息]: 对个人信息企业信息进行删除操作
Tue, 15 Dec 2020 11:10:16-test_infoReg-Assert.py-[line:124]-INFO-[日志信息]: except_result = actul_result, except_result is 首页, actul_result is 首页
Tue, 15 Dec 2020 11:10:16-run_all_case.py-test_personalInfoReg.py-[line:60]-INFO-[日志信息]: 进入登陆页面
Tue, 15 Dec 2020 11:10:30-test_infoReg-Assert.py-[line:124]-INFO-[日志信息]: except_result = actul_result, except_result is 认证中, actul_result is 认证中
Tue, 15 Dec 2020 11:10:30-run_all_case.py-test_personalInfoReg.py-[line:84]-INFO-[日志信息]: 实名认证中画面显示
Tue, 15 Dec 2020 11:10:30-test_infoReg-Assert.py-[line:124]-INFO-[日志信息]: except_result = actul_result, except_result is 李涛, actul_result is 李涛
Tue, 15 Dec 2020 11:10:30-test_infoReg-Assert.py-[line:124]-INFO-[日志信息]: except_result = actul_result, except_result is 410184198105155611, actul_result is 410184198105155611
Tue, 15 Dec 2020 11:10:30-test_infoReg-Assert.py-[line:124]-INFO-[日志信息]: except_result = actul_result, except_result is 17082238023, actul_result is 17082238023
Tue, 15 Dec 2020 11:10:41-test_infoReg-Assert.py-[line:124]-INFO-[日志信息]: except_result = actul_result, except_result is 认证成功, actul_result is 认证成功
Tue, 15 Dec 2020 11:10:41-run_all_case.py-test_personalInfoReg.py-[line:98]-INFO-[日志信息]: 实名认证成功画面显示
Tue, 15 Dec 2020 11:10:41-test_infoReg-Assert.py-[line:124]-INFO-[日志信息]: except_result = actul_result, except_result is 实名认证, actul_result is 实名认证
Tue, 15 Dec 2020 11:10:41-run_all_case.py-test_personalInfoReg.py-[line:103]-INFO-[日志信息]: 点击查看认证信息按钮，跳转到实名认证画面
Tue, 15 Dec 2020 11:10:43-run_all_case.py-test_businessInfoReg.py-[line:38]-INFO-[日志信息]: 开始执行脚本test_businessInforReg:

Tue, 15 Dec 2020 11:10:54-test_businessInforReg-Assert.py-[line:124]-INFO-[日志信息]: except_result = actul_result, except_result is 企业基本资料, actul_result is 企业基本资料
Tue, 15 Dec 2020 11:10:54-run_all_case.py-test_businessInfoReg.py-[line:57]-INFO-[日志信息]: 企业基本资料画面正常显示
Tue, 15 Dec 2020 11:11:22-test_businessInforReg-Assert.py-[line:124]-INFO-[日志信息]: except_result = actul_result, except_result is 请确认协议内容, actul_result is 请确认协议内容
Tue, 15 Dec 2020 11:11:22-run_all_case.py-test_businessInfoReg.py-[line:161]-INFO-[日志信息]: 协议确认画面正常显示
Tue, 15 Dec 2020 11:12:49-run_all_case.py-run_all_case.py-[line:57]-INFO-[日志信息]: ==================================2020-12-15 11:12:49===================================
Tue, 15 Dec 2020 11:13:03-run_all_case.py-test_login.py-[line:54]-INFO-[日志信息]: 开始执行脚本test_companyRegister:

Tue, 15 Dec 2020 11:13:13-run_all_case.py-test_login.py-[line:70]-INFO-[日志信息]: 对已注册的账户进行删除操作
Tue, 15 Dec 2020 11:13:18-test_companyRegister-Assert.py-[line:124]-INFO-[日志信息]: except_result = actul_result, except_result is 中小微企业金融服务聚合平台, actul_result is 中小微企业金融服务聚合平台
Tue, 15 Dec 2020 11:13:18-run_all_case.py-test_login.py-[line:98]-INFO-[日志信息]: 注册成功，返回到登陆页面
Tue, 15 Dec 2020 11:13:21-run_all_case.py-test_personalInfoReg.py-[line:34]-INFO-[日志信息]: 开始执行脚本test_infoReg:

Tue, 15 Dec 2020 11:13:21-run_all_case.py-test_personalInfoReg.py-[line:38]-INFO-[日志信息]: 对个人信息企业信息进行删除操作
Tue, 15 Dec 2020 11:13:32-test_infoReg-Assert.py-[line:124]-INFO-[日志信息]: except_result = actul_result, except_result is 首页, actul_result is 首页
Tue, 15 Dec 2020 11:13:32-run_all_case.py-test_personalInfoReg.py-[line:60]-INFO-[日志信息]: 进入登陆页面
Tue, 15 Dec 2020 11:13:46-test_infoReg-Assert.py-[line:124]-INFO-[日志信息]: except_result = actul_result, except_result is 认证中, actul_result is 认证中
Tue, 15 Dec 2020 11:13:46-run_all_case.py-test_personalInfoReg.py-[line:84]-INFO-[日志信息]: 实名认证中画面显示
Tue, 15 Dec 2020 11:13:46-test_infoReg-Assert.py-[line:124]-INFO-[日志信息]: except_result = actul_result, except_result is 李涛, actul_result is 李涛
Tue, 15 Dec 2020 11:13:46-test_infoReg-Assert.py-[line:124]-INFO-[日志信息]: except_result = actul_result, except_result is 410184198105155611, actul_result is 410184198105155611
Tue, 15 Dec 2020 11:13:46-test_infoReg-Assert.py-[line:124]-INFO-[日志信息]: except_result = actul_result, except_result is 17082238023, actul_result is 17082238023
Tue, 15 Dec 2020 11:13:56-test_infoReg-Assert.py-[line:124]-INFO-[日志信息]: except_result = actul_result, except_result is 认证成功, actul_result is 认证成功
Tue, 15 Dec 2020 11:13:56-run_all_case.py-test_personalInfoReg.py-[line:98]-INFO-[日志信息]: 实名认证成功画面显示
Tue, 15 Dec 2020 11:13:56-test_infoReg-Assert.py-[line:124]-INFO-[日志信息]: except_result = actul_result, except_result is 实名认证, actul_result is 实名认证
Tue, 15 Dec 2020 11:13:56-run_all_case.py-test_personalInfoReg.py-[line:103]-INFO-[日志信息]: 点击查看认证信息按钮，跳转到实名认证画面
Tue, 15 Dec 2020 11:13:58-run_all_case.py-test_businessInfoReg.py-[line:38]-INFO-[日志信息]: 开始执行脚本test_businessInforReg:

Tue, 15 Dec 2020 11:14:09-test_businessInforReg-Assert.py-[line:124]-INFO-[日志信息]: except_result = actul_result, except_result is 企业基本资料, actul_result is 企业基本资料
Tue, 15 Dec 2020 11:14:09-run_all_case.py-test_businessInfoReg.py-[line:57]-INFO-[日志信息]: 企业基本资料画面正常显示
Tue, 15 Dec 2020 11:14:24-test_businessInforReg-Assert.py-[line:124]-INFO-[日志信息]: except_result = actul_result, except_result is 请确认协议内容, actul_result is 请确认协议内容
Tue, 15 Dec 2020 11:14:24-run_all_case.py-test_businessInfoReg.py-[line:161]-INFO-[日志信息]: 协议确认画面正常显示
Tue, 15 Dec 2020 11:14:28-run_all_case.py-test_backStage_examine.py-[line:25]-INFO-[日志信息]: 开始执行脚本test_backstage_examine:

Tue, 15 Dec 2020 11:14:45-run_all_case.py-test_backStage_authentication.py-[line:176]-INFO-[日志信息]: 开始执行脚本test_backStageActCreate:

Tue, 15 Dec 2020 11:14:56-run_all_case.py-test_backStage_examine.py-[line:95]-INFO-[日志信息]: 成功登录后台系统
Tue, 15 Dec 2020 11:14:56-run_all_case.py-test_backStage_authentication.py-[line:194]-INFO-[日志信息]: 机构信息DB删除
Tue, 15 Dec 2020 11:15:08-run_all_case.py-run_all_case.py-[line:57]-INFO-[日志信息]: ==================================2020-12-15 11:15:08===================================
Tue, 15 Dec 2020 11:15:27-run_all_case.py-test_login.py-[line:54]-INFO-[日志信息]: 开始执行脚本test_companyRegister:

Tue, 15 Dec 2020 11:15:38-run_all_case.py-test_login.py-[line:70]-INFO-[日志信息]: 对已注册的账户进行删除操作
Tue, 15 Dec 2020 11:15:41-test_companyRegister-Assert.py-[line:124]-INFO-[日志信息]: except_result = actul_result, except_result is 中小微企业金融服务聚合平台, actul_result is 中小微企业金融服务聚合平台
Tue, 15 Dec 2020 11:15:41-run_all_case.py-test_login.py-[line:98]-INFO-[日志信息]: 注册成功，返回到登陆页面
Tue, 15 Dec 2020 11:15:45-run_all_case.py-test_personalInfoReg.py-[line:34]-INFO-[日志信息]: 开始执行脚本test_infoReg:

Tue, 15 Dec 2020 11:15:45-run_all_case.py-test_personalInfoReg.py-[line:38]-INFO-[日志信息]: 对个人信息企业信息进行删除操作
Tue, 15 Dec 2020 11:15:56-test_infoReg-Assert.py-[line:124]-INFO-[日志信息]: except_result = actul_result, except_result is 首页, actul_result is 首页
Tue, 15 Dec 2020 11:15:56-run_all_case.py-test_personalInfoReg.py-[line:60]-INFO-[日志信息]: 进入登陆页面
Tue, 15 Dec 2020 11:16:10-test_infoReg-Assert.py-[line:124]-INFO-[日志信息]: except_result = actul_result, except_result is 认证中, actul_result is 认证中
Tue, 15 Dec 2020 11:16:10-run_all_case.py-test_personalInfoReg.py-[line:84]-INFO-[日志信息]: 实名认证中画面显示
Tue, 15 Dec 2020 11:16:10-test_infoReg-Assert.py-[line:124]-INFO-[日志信息]: except_result = actul_result, except_result is 李涛, actul_result is 李涛
Tue, 15 Dec 2020 11:16:10-test_infoReg-Assert.py-[line:124]-INFO-[日志信息]: except_result = actul_result, except_result is 410184198105155611, actul_result is 410184198105155611
Tue, 15 Dec 2020 11:16:10-test_infoReg-Assert.py-[line:124]-INFO-[日志信息]: except_result = actul_result, except_result is 17082238023, actul_result is 17082238023
Tue, 15 Dec 2020 11:16:20-test_infoReg-Assert.py-[line:124]-INFO-[日志信息]: except_result = actul_result, except_result is 认证成功, actul_result is 认证成功
Tue, 15 Dec 2020 11:16:20-run_all_case.py-test_personalInfoReg.py-[line:98]-INFO-[日志信息]: 实名认证成功画面显示
Tue, 15 Dec 2020 11:16:20-test_infoReg-Assert.py-[line:124]-INFO-[日志信息]: except_result = actul_result, except_result is 实名认证, actul_result is 实名认证
Tue, 15 Dec 2020 11:16:20-run_all_case.py-test_personalInfoReg.py-[line:103]-INFO-[日志信息]: 点击查看认证信息按钮，跳转到实名认证画面
Tue, 15 Dec 2020 11:16:23-run_all_case.py-test_businessInfoReg.py-[line:38]-INFO-[日志信息]: 开始执行脚本test_businessInforReg:

Tue, 15 Dec 2020 11:16:33-test_businessInforReg-Assert.py-[line:124]-INFO-[日志信息]: except_result = actul_result, except_result is 企业基本资料, actul_result is 企业基本资料
Tue, 15 Dec 2020 11:16:33-run_all_case.py-test_businessInfoReg.py-[line:57]-INFO-[日志信息]: 企业基本资料画面正常显示
Tue, 15 Dec 2020 11:16:48-test_businessInforReg-Assert.py-[line:124]-INFO-[日志信息]: except_result = actul_result, except_result is 请确认协议内容, actul_result is 请确认协议内容
Tue, 15 Dec 2020 11:16:48-run_all_case.py-test_businessInfoReg.py-[line:161]-INFO-[日志信息]: 协议确认画面正常显示
Tue, 15 Dec 2020 11:16:52-test_businessInforReg-Assert.py-[line:124]-INFO-[日志信息]: except_result = actul_result, except_result is 认证中, actul_result is 认证中
Tue, 15 Dec 2020 11:16:52-run_all_case.py-test_businessInfoReg.py-[line:171]-INFO-[日志信息]: 企业信息认证中画面正常显示
Tue, 15 Dec 2020 11:17:24-test_businessInforReg-Assert.py-[line:124]-INFO-[日志信息]: except_result = actul_result, except_result is 审核中, actul_result is 审核中
Tue, 15 Dec 2020 11:17:24-run_all_case.py-test_businessInfoReg.py-[line:185]-INFO-[日志信息]: 企业信息审核中画面正常显示
Tue, 15 Dec 2020 11:17:25-test_businessInforReg-Assert.py-[line:124]-INFO-[日志信息]: except_result = actul_result, except_result is 企业基本资料, actul_result is 企业基本资料
Tue, 15 Dec 2020 11:17:25-run_all_case.py-test_businessInfoReg.py-[line:192]-INFO-[日志信息]: 企业基本资料画面正常显示
Tue, 15 Dec 2020 11:17:27-run_all_case.py-test_backStage_examine.py-[line:25]-INFO-[日志信息]: 开始执行脚本test_backstage_examine:

Tue, 15 Dec 2020 11:17:38-run_all_case.py-test_backStage_examine.py-[line:95]-INFO-[日志信息]: 成功登录后台系统
Tue, 15 Dec 2020 11:17:43-test_backstage_examine-Assert.py-[line:124]-INFO-[日志信息]: except_result = actul_result, except_result is 用户基本信息, actul_result is 用户基本信息
Tue, 15 Dec 2020 11:17:43-run_all_case.py-test_backStage_examine.py-[line:65]-INFO-[日志信息]: 成功进入企业信息审核画面
Tue, 15 Dec 2020 11:17:44-run_all_case.py-test_backStage_examine.py-[line:82]-INFO-[日志信息]: 企业认证通过
Tue, 15 Dec 2020 11:17:47-run_all_case.py-test_backStage_authentication.py-[line:176]-INFO-[日志信息]: 开始执行脚本test_backStageActCreate:

Tue, 15 Dec 2020 11:17:58-run_all_case.py-test_backStage_examine.py-[line:95]-INFO-[日志信息]: 成功登录后台系统
Tue, 15 Dec 2020 11:17:58-run_all_case.py-test_backStage_authentication.py-[line:194]-INFO-[日志信息]: 机构信息DB删除
Tue, 15 Dec 2020 11:18:16-run_all_case.py-test_backStage_authentication.py-[line:353]-INFO-[日志信息]: 进入担保公司创建页面
Tue, 15 Dec 2020 11:18:19-run_all_case.py-test_backStage_authentication.py-[line:351]-INFO-[日志信息]: 进入银行账户创建页面
Tue, 15 Dec 2020 11:18:24-run_all_case.py-test_backStage_authentication.py-[line:292]-INFO-[日志信息]: 开始执行脚本test_backStage_authentication:

Tue, 15 Dec 2020 11:18:24-run_all_case.py-test_backStage_authentication.py-[line:295]-INFO-[日志信息]: 开始执行脚本test_backStage_authentication:

Tue, 15 Dec 2020 11:18:38-run_all_case.py-test_login.py-[line:179]-INFO-[日志信息]: 成功进入到密码重置页面
Tue, 15 Dec 2020 11:18:41-run_all_case.py-test_login.py-[line:186]-INFO-[日志信息]: 成功进入到密码修改完成页面
Tue, 15 Dec 2020 11:18:45-run_all_case.py-test_login.py-[line:179]-INFO-[日志信息]: 成功进入到密码重置页面
Tue, 15 Dec 2020 11:18:48-run_all_case.py-test_login.py-[line:186]-INFO-[日志信息]: 成功进入到密码修改完成页面
Tue, 15 Dec 2020 11:18:49-run_all_case.py-test_backStage_examine.py-[line:95]-INFO-[日志信息]: 成功登录后台系统
Tue, 15 Dec 2020 11:18:54-run_all_case.py-test_backStage_authentication.py-[line:245]-INFO-[日志信息]: 企业信息认证
Tue, 15 Dec 2020 11:18:57-run_all_case.py-test_backStage_authentication.py-[line:262]-INFO-[日志信息]: 协议内容确认页面
Tue, 15 Dec 2020 11:19:08-run_all_case.py-test_backStage_authentication.py-[line:273]-INFO-[日志信息]: 二维码认证页面
Tue, 15 Dec 2020 11:19:25-run_all_case.py-test_backStage_examine.py-[line:95]-INFO-[日志信息]: 成功登录后台系统
Tue, 15 Dec 2020 11:19:30-run_all_case.py-test_backStage_authentication.py-[line:245]-INFO-[日志信息]: 企业信息认证
Tue, 15 Dec 2020 11:19:33-run_all_case.py-test_backStage_authentication.py-[line:262]-INFO-[日志信息]: 协议内容确认页面
Tue, 15 Dec 2020 11:19:44-run_all_case.py-test_backStage_authentication.py-[line:273]-INFO-[日志信息]: 二维码认证页面
Tue, 15 Dec 2020 11:19:50-run_all_case.py-test_backStage_authentication.py-[line:44]-INFO-[日志信息]: 首页
Tue, 15 Dec 2020 11:19:54-run_all_case.py-test_backStage_authentication.py-[line:49]-INFO-[日志信息]: 产品基本信息
Tue, 15 Dec 2020 11:20:02-run_all_case.py-test_backStage_authentication.py-[line:142]-INFO-[日志信息]: 产品特性
Tue, 15 Dec 2020 11:20:04-run_all_case.py-test_backStage_authentication.py-[line:157]-INFO-[日志信息]: 计分卡
Tue, 15 Dec 2020 11:20:06-run_all_case.py-test_backStage_authentication.py-[line:164]-INFO-[日志信息]: 进件信息
Tue, 15 Dec 2020 11:20:09-run_all_case.py-test_Tripartite_interaction.py-[line:144]-INFO-[日志信息]: 开始执行脚本test_Tripartite_interaction:

Tue, 15 Dec 2020 11:20:19-run_all_case.py-test_Tripartite_interaction.py-[line:160]-INFO-[日志信息]: 前端账户登录授信申请
Tue, 15 Dec 2020 11:20:25-run_all_case.py-test_Tripartite_interaction.py-[line:378]-INFO-[日志信息]: 进入到前端首页
Tue, 15 Dec 2020 11:20:25-run_all_case.py-test_Tripartite_interaction.py-[line:381]-INFO-[日志信息]: 进入到前端进入产品选择首页
Tue, 15 Dec 2020 11:20:27-run_all_case.py-test_Tripartite_interaction.py-[line:386]-INFO-[日志信息]: 进入到前端进入产品详情页
Tue, 15 Dec 2020 11:20:27-run_all_case.py-test_Tripartite_interaction.py-[line:390]-INFO-[日志信息]: 进入到前端进入产品借款页
Tue, 15 Dec 2020 11:20:28-run_all_case.py-test_Tripartite_interaction.py-[line:395]-INFO-[日志信息]: 进入授信采购信息页面
Tue, 15 Dec 2020 12:54:38-run_all_case.py-run_all_case.py-[line:57]-INFO-[日志信息]: ==================================2020-12-15 12:54:38===================================
Tue, 15 Dec 2020 12:54:58-run_all_case.py-test_login.py-[line:54]-INFO-[日志信息]: 开始执行脚本test_companyRegister:

Tue, 15 Dec 2020 12:55:08-run_all_case.py-test_login.py-[line:70]-INFO-[日志信息]: 对已注册的账户进行删除操作
Tue, 15 Dec 2020 12:55:12-test_companyRegister-Assert.py-[line:124]-INFO-[日志信息]: except_result = actul_result, except_result is 中小微企业金融服务聚合平台, actul_result is 中小微企业金融服务聚合平台
Tue, 15 Dec 2020 12:55:12-run_all_case.py-test_login.py-[line:98]-INFO-[日志信息]: 注册成功，返回到登陆页面
Tue, 15 Dec 2020 12:55:15-run_all_case.py-test_personalInfoReg.py-[line:34]-INFO-[日志信息]: 开始执行脚本test_infoReg:

Tue, 15 Dec 2020 12:55:15-run_all_case.py-test_personalInfoReg.py-[line:38]-INFO-[日志信息]: 对个人信息企业信息进行删除操作
Tue, 15 Dec 2020 12:55:27-test_infoReg-Assert.py-[line:124]-INFO-[日志信息]: except_result = actul_result, except_result is 首页, actul_result is 首页
Tue, 15 Dec 2020 12:55:27-run_all_case.py-test_personalInfoReg.py-[line:60]-INFO-[日志信息]: 进入登陆页面
Tue, 15 Dec 2020 12:55:44-test_infoReg-Assert.py-[line:124]-INFO-[日志信息]: except_result = actul_result, except_result is 认证中, actul_result is 认证中
Tue, 15 Dec 2020 12:55:44-run_all_case.py-test_personalInfoReg.py-[line:84]-INFO-[日志信息]: 实名认证中画面显示
Tue, 15 Dec 2020 12:55:44-test_infoReg-Assert.py-[line:124]-INFO-[日志信息]: except_result = actul_result, except_result is 李涛, actul_result is 李涛
Tue, 15 Dec 2020 12:55:44-test_infoReg-Assert.py-[line:124]-INFO-[日志信息]: except_result = actul_result, except_result is 410184198105155611, actul_result is 410184198105155611
Tue, 15 Dec 2020 12:55:44-test_infoReg-Assert.py-[line:124]-INFO-[日志信息]: except_result = actul_result, except_result is 17621198933, actul_result is 17621198933
Tue, 15 Dec 2020 12:55:54-test_infoReg-Assert.py-[line:124]-INFO-[日志信息]: except_result = actul_result, except_result is 认证成功, actul_result is 认证成功
Tue, 15 Dec 2020 12:55:54-run_all_case.py-test_personalInfoReg.py-[line:98]-INFO-[日志信息]: 实名认证成功画面显示
Tue, 15 Dec 2020 12:55:55-test_infoReg-Assert.py-[line:124]-INFO-[日志信息]: except_result = actul_result, except_result is 实名认证, actul_result is 实名认证
Tue, 15 Dec 2020 12:55:55-run_all_case.py-test_personalInfoReg.py-[line:103]-INFO-[日志信息]: 点击查看认证信息按钮，跳转到实名认证画面
Tue, 15 Dec 2020 12:55:57-run_all_case.py-test_businessInfoReg.py-[line:38]-INFO-[日志信息]: 开始执行脚本test_businessInforReg:

Tue, 15 Dec 2020 12:56:08-test_businessInforReg-Assert.py-[line:124]-INFO-[日志信息]: except_result = actul_result, except_result is 企业基本资料, actul_result is 企业基本资料
Tue, 15 Dec 2020 12:56:08-run_all_case.py-test_businessInfoReg.py-[line:57]-INFO-[日志信息]: 企业基本资料画面正常显示
Tue, 15 Dec 2020 12:56:24-test_businessInforReg-Assert.py-[line:124]-INFO-[日志信息]: except_result = actul_result, except_result is 请确认协议内容, actul_result is 请确认协议内容
Tue, 15 Dec 2020 12:56:24-run_all_case.py-test_businessInfoReg.py-[line:161]-INFO-[日志信息]: 协议确认画面正常显示
Tue, 15 Dec 2020 12:56:28-test_businessInforReg-Assert.py-[line:124]-INFO-[日志信息]: except_result = actul_result, except_result is 认证中, actul_result is 认证中
Tue, 15 Dec 2020 12:56:28-run_all_case.py-test_businessInfoReg.py-[line:171]-INFO-[日志信息]: 企业信息认证中画面正常显示
Tue, 15 Dec 2020 12:56:51-test_businessInforReg-Assert.py-[line:124]-INFO-[日志信息]: except_result = actul_result, except_result is 审核中, actul_result is 审核中
Tue, 15 Dec 2020 12:56:51-run_all_case.py-test_businessInfoReg.py-[line:185]-INFO-[日志信息]: 企业信息审核中画面正常显示
Tue, 15 Dec 2020 12:56:52-test_businessInforReg-Assert.py-[line:124]-INFO-[日志信息]: except_result = actul_result, except_result is 企业基本资料, actul_result is 企业基本资料
Tue, 15 Dec 2020 12:56:52-run_all_case.py-test_businessInfoReg.py-[line:192]-INFO-[日志信息]: 企业基本资料画面正常显示
Tue, 15 Dec 2020 12:56:54-run_all_case.py-test_backStage_examine.py-[line:25]-INFO-[日志信息]: 开始执行脚本test_backstage_examine:

Tue, 15 Dec 2020 12:57:05-run_all_case.py-test_backStage_examine.py-[line:95]-INFO-[日志信息]: 成功登录后台系统
Tue, 15 Dec 2020 12:57:09-test_backstage_examine-Assert.py-[line:124]-INFO-[日志信息]: except_result = actul_result, except_result is 用户基本信息, actul_result is 用户基本信息
Tue, 15 Dec 2020 12:57:09-run_all_case.py-test_backStage_examine.py-[line:65]-INFO-[日志信息]: 成功进入企业信息审核画面
Tue, 15 Dec 2020 12:57:11-run_all_case.py-test_backStage_examine.py-[line:82]-INFO-[日志信息]: 企业认证通过
Tue, 15 Dec 2020 12:57:14-run_all_case.py-test_backStage_authentication.py-[line:176]-INFO-[日志信息]: 开始执行脚本test_backStageActCreate:

Tue, 15 Dec 2020 12:57:24-run_all_case.py-test_backStage_examine.py-[line:95]-INFO-[日志信息]: 成功登录后台系统
Tue, 15 Dec 2020 12:57:25-run_all_case.py-test_backStage_authentication.py-[line:194]-INFO-[日志信息]: 机构信息DB删除
Tue, 15 Dec 2020 12:57:43-run_all_case.py-test_backStage_authentication.py-[line:353]-INFO-[日志信息]: 进入担保公司创建页面
Tue, 15 Dec 2020 12:57:46-run_all_case.py-test_backStage_authentication.py-[line:351]-INFO-[日志信息]: 进入银行账户创建页面
Tue, 15 Dec 2020 12:57:51-run_all_case.py-test_backStage_authentication.py-[line:292]-INFO-[日志信息]: 开始执行脚本test_backStage_authentication:

Tue, 15 Dec 2020 12:57:51-run_all_case.py-test_backStage_authentication.py-[line:295]-INFO-[日志信息]: 开始执行脚本test_backStage_authentication:

Tue, 15 Dec 2020 12:58:05-run_all_case.py-test_login.py-[line:179]-INFO-[日志信息]: 成功进入到密码重置页面
Tue, 15 Dec 2020 12:58:08-run_all_case.py-test_login.py-[line:186]-INFO-[日志信息]: 成功进入到密码修改完成页面
Tue, 15 Dec 2020 12:58:12-run_all_case.py-test_login.py-[line:179]-INFO-[日志信息]: 成功进入到密码重置页面
Tue, 15 Dec 2020 12:58:14-run_all_case.py-test_login.py-[line:186]-INFO-[日志信息]: 成功进入到密码修改完成页面
Tue, 15 Dec 2020 12:58:15-run_all_case.py-test_backStage_examine.py-[line:95]-INFO-[日志信息]: 成功登录后台系统
Tue, 15 Dec 2020 12:58:21-run_all_case.py-test_backStage_authentication.py-[line:245]-INFO-[日志信息]: 企业信息认证
Tue, 15 Dec 2020 12:58:24-run_all_case.py-test_backStage_authentication.py-[line:262]-INFO-[日志信息]: 协议内容确认页面
Tue, 15 Dec 2020 12:58:34-run_all_case.py-test_backStage_authentication.py-[line:273]-INFO-[日志信息]: 二维码认证页面
Tue, 15 Dec 2020 12:58:51-run_all_case.py-test_backStage_examine.py-[line:95]-INFO-[日志信息]: 成功登录后台系统
Tue, 15 Dec 2020 12:58:56-run_all_case.py-test_backStage_authentication.py-[line:245]-INFO-[日志信息]: 企业信息认证
Tue, 15 Dec 2020 12:58:59-run_all_case.py-test_backStage_authentication.py-[line:262]-INFO-[日志信息]: 协议内容确认页面
Tue, 15 Dec 2020 12:59:09-run_all_case.py-test_backStage_authentication.py-[line:273]-INFO-[日志信息]: 二维码认证页面
Tue, 15 Dec 2020 12:59:15-run_all_case.py-test_backStage_authentication.py-[line:44]-INFO-[日志信息]: 首页
Tue, 15 Dec 2020 12:59:19-run_all_case.py-test_backStage_authentication.py-[line:49]-INFO-[日志信息]: 产品基本信息
Tue, 15 Dec 2020 12:59:28-run_all_case.py-test_backStage_authentication.py-[line:142]-INFO-[日志信息]: 产品特性
Tue, 15 Dec 2020 12:59:30-run_all_case.py-test_backStage_authentication.py-[line:157]-INFO-[日志信息]: 计分卡
Tue, 15 Dec 2020 12:59:31-run_all_case.py-test_backStage_authentication.py-[line:164]-INFO-[日志信息]: 进件信息
Tue, 15 Dec 2020 12:59:35-run_all_case.py-test_Tripartite_interaction.py-[line:144]-INFO-[日志信息]: 开始执行脚本test_Tripartite_interaction:

Tue, 15 Dec 2020 15:24:06-run_all_case.py-run_all_case.py-[line:57]-INFO-[日志信息]: ==================================2020-12-15 15:24:06===================================
Tue, 15 Dec 2020 15:24:08-run_all_case.py-test_login.py-[line:54]-INFO-[日志信息]: 开始执行脚本test_companyRegister:

Tue, 15 Dec 2020 15:24:19-run_all_case.py-test_login.py-[line:70]-INFO-[日志信息]: 对已注册的账户进行删除操作
Tue, 15 Dec 2020 15:24:24-test_companyRegister-Assert.py-[line:124]-INFO-[日志信息]: except_result = actul_result, except_result is 中小微企业金融服务聚合平台, actul_result is 中小微企业金融服务聚合平台
Tue, 15 Dec 2020 15:24:24-run_all_case.py-test_login.py-[line:98]-INFO-[日志信息]: 注册成功，返回到登陆页面
Tue, 15 Dec 2020 15:24:27-run_all_case.py-test_personalInfoReg.py-[line:34]-INFO-[日志信息]: 开始执行脚本test_infoReg:

Tue, 15 Dec 2020 15:24:27-run_all_case.py-test_personalInfoReg.py-[line:38]-INFO-[日志信息]: 对个人信息企业信息进行删除操作
Tue, 15 Dec 2020 15:24:38-test_infoReg-Assert.py-[line:124]-INFO-[日志信息]: except_result = actul_result, except_result is 首页, actul_result is 首页
Tue, 15 Dec 2020 15:24:38-run_all_case.py-test_personalInfoReg.py-[line:60]-INFO-[日志信息]: 进入登陆页面
Tue, 15 Dec 2020 15:24:42-run_all_case.py-test_businessInfoReg.py-[line:38]-INFO-[日志信息]: 开始执行脚本test_businessInforReg:

Tue, 15 Dec 2020 15:25:22-run_all_case.py-test_backStage_examine.py-[line:25]-INFO-[日志信息]: 开始执行脚本test_backstage_examine:

Tue, 15 Dec 2020 15:25:40-run_all_case.py-test_backStage_examine.py-[line:95]-INFO-[日志信息]: 成功登录后台系统
Tue, 15 Dec 2020 15:25:42-run_all_case.py-test_backStage_authentication.py-[line:176]-INFO-[日志信息]: 开始执行脚本test_backStageActCreate:

Tue, 15 Dec 2020 15:25:53-run_all_case.py-run_all_case.py-[line:57]-INFO-[日志信息]: ==================================2020-12-15 15:25:53===================================
Tue, 15 Dec 2020 15:25:54-run_all_case.py-test_login.py-[line:54]-INFO-[日志信息]: 开始执行脚本test_companyRegister:

Tue, 15 Dec 2020 15:26:04-run_all_case.py-test_login.py-[line:70]-INFO-[日志信息]: 对已注册的账户进行删除操作
Tue, 15 Dec 2020 15:26:08-test_companyRegister-Assert.py-[line:124]-INFO-[日志信息]: except_result = actul_result, except_result is 中小微企业金融服务聚合平台, actul_result is 中小微企业金融服务聚合平台
Tue, 15 Dec 2020 15:26:08-run_all_case.py-test_login.py-[line:98]-INFO-[日志信息]: 注册成功，返回到登陆页面
Tue, 15 Dec 2020 15:26:11-run_all_case.py-test_personalInfoReg.py-[line:34]-INFO-[日志信息]: 开始执行脚本test_infoReg:

Tue, 15 Dec 2020 15:26:12-run_all_case.py-test_personalInfoReg.py-[line:38]-INFO-[日志信息]: 对个人信息企业信息进行删除操作
Tue, 15 Dec 2020 15:26:23-test_infoReg-Assert.py-[line:124]-INFO-[日志信息]: except_result = actul_result, except_result is 首页, actul_result is 首页
Tue, 15 Dec 2020 15:26:23-run_all_case.py-test_personalInfoReg.py-[line:60]-INFO-[日志信息]: 进入登陆页面
Tue, 15 Dec 2020 15:26:26-run_all_case.py-test_businessInfoReg.py-[line:38]-INFO-[日志信息]: 开始执行脚本test_businessInforReg:

Tue, 15 Dec 2020 15:26:54-run_all_case.py-run_all_case.py-[line:57]-INFO-[日志信息]: ==================================2020-12-15 15:26:54===================================
Tue, 15 Dec 2020 15:26:55-run_all_case.py-test_login.py-[line:54]-INFO-[日志信息]: 开始执行脚本test_companyRegister:

Tue, 15 Dec 2020 15:27:06-run_all_case.py-test_login.py-[line:70]-INFO-[日志信息]: 对已注册的账户进行删除操作
Tue, 15 Dec 2020 15:27:10-test_companyRegister-Assert.py-[line:124]-INFO-[日志信息]: except_result = actul_result, except_result is 中小微企业金融服务聚合平台, actul_result is 中小微企业金融服务聚合平台
Tue, 15 Dec 2020 15:27:10-run_all_case.py-test_login.py-[line:98]-INFO-[日志信息]: 注册成功，返回到登陆页面
Tue, 15 Dec 2020 15:27:13-run_all_case.py-test_personalInfoReg.py-[line:34]-INFO-[日志信息]: 开始执行脚本test_infoReg:

Tue, 15 Dec 2020 15:27:13-run_all_case.py-test_personalInfoReg.py-[line:38]-INFO-[日志信息]: 对个人信息企业信息进行删除操作
Tue, 15 Dec 2020 15:27:25-test_infoReg-Assert.py-[line:124]-INFO-[日志信息]: except_result = actul_result, except_result is 首页, actul_result is 首页
Tue, 15 Dec 2020 15:27:25-run_all_case.py-test_personalInfoReg.py-[line:60]-INFO-[日志信息]: 进入登陆页面
Tue, 15 Dec 2020 15:27:40-test_infoReg-Assert.py-[line:124]-INFO-[日志信息]: except_result = actul_result, except_result is 认证中, actul_result is 认证中
Tue, 15 Dec 2020 15:27:40-run_all_case.py-test_personalInfoReg.py-[line:84]-INFO-[日志信息]: 实名认证中画面显示
Tue, 15 Dec 2020 15:27:40-test_infoReg-Assert.py-[line:124]-INFO-[日志信息]: except_result = actul_result, except_result is 李涛, actul_result is 李涛
Tue, 15 Dec 2020 15:27:40-test_infoReg-Assert.py-[line:124]-INFO-[日志信息]: except_result = actul_result, except_result is 410184198105155611, actul_result is 410184198105155611
Tue, 15 Dec 2020 15:27:40-test_infoReg-Assert.py-[line:124]-INFO-[日志信息]: except_result = actul_result, except_result is 17621198933, actul_result is 17621198933
Tue, 15 Dec 2020 15:27:48-test_infoReg-Assert.py-[line:124]-INFO-[日志信息]: except_result = actul_result, except_result is 认证成功, actul_result is 认证成功
Tue, 15 Dec 2020 15:27:48-run_all_case.py-test_personalInfoReg.py-[line:98]-INFO-[日志信息]: 实名认证成功画面显示
Tue, 15 Dec 2020 15:27:48-test_infoReg-Assert.py-[line:124]-INFO-[日志信息]: except_result = actul_result, except_result is 实名认证, actul_result is 实名认证
Tue, 15 Dec 2020 15:27:48-run_all_case.py-test_personalInfoReg.py-[line:103]-INFO-[日志信息]: 点击查看认证信息按钮，跳转到实名认证画面
Tue, 15 Dec 2020 15:27:51-run_all_case.py-test_businessInfoReg.py-[line:38]-INFO-[日志信息]: 开始执行脚本test_businessInforReg:

Tue, 15 Dec 2020 15:28:01-test_businessInforReg-Assert.py-[line:124]-INFO-[日志信息]: except_result = actul_result, except_result is 企业基本资料, actul_result is 企业基本资料
Tue, 15 Dec 2020 15:28:01-run_all_case.py-test_businessInfoReg.py-[line:57]-INFO-[日志信息]: 企业基本资料画面正常显示
Tue, 15 Dec 2020 15:28:20-test_businessInforReg-Assert.py-[line:124]-INFO-[日志信息]: except_result = actul_result, except_result is 请确认协议内容, actul_result is 请确认协议内容
Tue, 15 Dec 2020 15:28:20-run_all_case.py-test_businessInfoReg.py-[line:161]-INFO-[日志信息]: 协议确认画面正常显示
Tue, 15 Dec 2020 15:28:30-test_businessInforReg-Assert.py-[line:124]-INFO-[日志信息]: except_result = actul_result, except_result is 认证中, actul_result is 认证中
Tue, 15 Dec 2020 15:28:30-run_all_case.py-test_businessInfoReg.py-[line:171]-INFO-[日志信息]: 企业信息认证中画面正常显示
Tue, 15 Dec 2020 15:29:03-test_businessInforReg-Assert.py-[line:124]-INFO-[日志信息]: except_result = actul_result, except_result is 审核中, actul_result is 审核中
Tue, 15 Dec 2020 15:29:03-run_all_case.py-test_businessInfoReg.py-[line:185]-INFO-[日志信息]: 企业信息审核中画面正常显示
Tue, 15 Dec 2020 15:29:04-test_businessInforReg-Assert.py-[line:124]-INFO-[日志信息]: except_result = actul_result, except_result is 企业基本资料, actul_result is 企业基本资料
Tue, 15 Dec 2020 15:29:04-run_all_case.py-test_businessInfoReg.py-[line:192]-INFO-[日志信息]: 企业基本资料画面正常显示
Tue, 15 Dec 2020 15:29:06-run_all_case.py-test_backStage_examine.py-[line:25]-INFO-[日志信息]: 开始执行脚本test_backstage_examine:

Tue, 15 Dec 2020 15:29:17-run_all_case.py-test_backStage_examine.py-[line:95]-INFO-[日志信息]: 成功登录后台系统
Tue, 15 Dec 2020 15:29:22-test_backstage_examine-Assert.py-[line:124]-INFO-[日志信息]: except_result = actul_result, except_result is 用户基本信息, actul_result is 用户基本信息
Tue, 15 Dec 2020 15:29:22-run_all_case.py-test_backStage_examine.py-[line:65]-INFO-[日志信息]: 成功进入企业信息审核画面
Tue, 15 Dec 2020 15:29:24-run_all_case.py-test_backStage_examine.py-[line:82]-INFO-[日志信息]: 企业认证通过
Tue, 15 Dec 2020 15:29:26-run_all_case.py-test_backStage_authentication.py-[line:176]-INFO-[日志信息]: 开始执行脚本test_backStageActCreate:

Tue, 15 Dec 2020 15:29:37-run_all_case.py-test_backStage_examine.py-[line:95]-INFO-[日志信息]: 成功登录后台系统
Tue, 15 Dec 2020 15:29:37-run_all_case.py-test_backStage_authentication.py-[line:194]-INFO-[日志信息]: 机构信息DB删除
Tue, 15 Dec 2020 15:29:56-run_all_case.py-test_backStage_authentication.py-[line:353]-INFO-[日志信息]: 进入担保公司创建页面
Tue, 15 Dec 2020 15:29:59-run_all_case.py-test_backStage_authentication.py-[line:351]-INFO-[日志信息]: 进入银行账户创建页面
Tue, 15 Dec 2020 15:30:04-run_all_case.py-test_backStage_authentication.py-[line:292]-INFO-[日志信息]: 开始执行脚本test_backStage_authentication:

Tue, 15 Dec 2020 15:30:04-run_all_case.py-test_backStage_authentication.py-[line:295]-INFO-[日志信息]: 开始执行脚本test_backStage_authentication:

Tue, 15 Dec 2020 15:30:18-run_all_case.py-test_login.py-[line:179]-INFO-[日志信息]: 成功进入到密码重置页面
Tue, 15 Dec 2020 15:30:20-run_all_case.py-test_login.py-[line:186]-INFO-[日志信息]: 成功进入到密码修改完成页面
Tue, 15 Dec 2020 15:30:24-run_all_case.py-test_login.py-[line:179]-INFO-[日志信息]: 成功进入到密码重置页面
Tue, 15 Dec 2020 15:30:27-run_all_case.py-test_login.py-[line:186]-INFO-[日志信息]: 成功进入到密码修改完成页面
Tue, 15 Dec 2020 15:30:28-run_all_case.py-test_backStage_examine.py-[line:95]-INFO-[日志信息]: 成功登录后台系统
Tue, 15 Dec 2020 15:30:33-run_all_case.py-test_backStage_authentication.py-[line:245]-INFO-[日志信息]: 企业信息认证
Tue, 15 Dec 2020 15:30:36-run_all_case.py-test_backStage_authentication.py-[line:262]-INFO-[日志信息]: 协议内容确认页面
Tue, 15 Dec 2020 15:30:48-run_all_case.py-test_backStage_authentication.py-[line:273]-INFO-[日志信息]: 二维码认证页面
Tue, 15 Dec 2020 15:31:05-run_all_case.py-test_backStage_examine.py-[line:95]-INFO-[日志信息]: 成功登录后台系统
Tue, 15 Dec 2020 15:31:10-run_all_case.py-test_backStage_authentication.py-[line:245]-INFO-[日志信息]: 企业信息认证
Tue, 15 Dec 2020 15:31:13-run_all_case.py-test_backStage_authentication.py-[line:262]-INFO-[日志信息]: 协议内容确认页面
Tue, 15 Dec 2020 15:31:27-run_all_case.py-test_backStage_authentication.py-[line:273]-INFO-[日志信息]: 二维码认证页面
Tue, 15 Dec 2020 15:31:29-run_all_case.py-test_backStage_authentication.py-[line:44]-INFO-[日志信息]: 首页
Tue, 15 Dec 2020 15:31:33-run_all_case.py-test_backStage_authentication.py-[line:49]-INFO-[日志信息]: 产品基本信息
Tue, 15 Dec 2020 15:31:42-run_all_case.py-test_backStage_authentication.py-[line:142]-INFO-[日志信息]: 产品特性
Tue, 15 Dec 2020 15:31:44-run_all_case.py-test_backStage_authentication.py-[line:157]-INFO-[日志信息]: 计分卡
Tue, 15 Dec 2020 15:31:46-run_all_case.py-test_backStage_authentication.py-[line:164]-INFO-[日志信息]: 进件信息
Tue, 15 Dec 2020 15:31:49-run_all_case.py-test_Tripartite_interaction.py-[line:144]-INFO-[日志信息]: 开始执行脚本test_Tripartite_interaction:

Tue, 15 Dec 2020 15:31:59-run_all_case.py-test_Tripartite_interaction.py-[line:160]-INFO-[日志信息]: 前端账户登录授信申请
Tue, 15 Dec 2020 15:49:09-run_all_case.py-run_all_case.py-[line:57]-INFO-[日志信息]: ==================================2020-12-15 15:49:09===================================
Tue, 15 Dec 2020 15:49:10-run_all_case.py-test_login.py-[line:54]-INFO-[日志信息]: 开始执行脚本test_companyRegister:

Tue, 15 Dec 2020 15:49:20-run_all_case.py-test_login.py-[line:70]-INFO-[日志信息]: 对已注册的账户进行删除操作
Tue, 15 Dec 2020 15:49:25-test_companyRegister-Assert.py-[line:124]-INFO-[日志信息]: except_result = actul_result, except_result is 中小微企业金融服务聚合平台, actul_result is 中小微企业金融服务聚合平台
Tue, 15 Dec 2020 15:49:25-run_all_case.py-test_login.py-[line:98]-INFO-[日志信息]: 注册成功，返回到登陆页面
Tue, 15 Dec 2020 15:49:28-run_all_case.py-test_personalInfoReg.py-[line:34]-INFO-[日志信息]: 开始执行脚本test_infoReg:

Tue, 15 Dec 2020 15:49:28-run_all_case.py-test_personalInfoReg.py-[line:38]-INFO-[日志信息]: 对个人信息企业信息进行删除操作
Tue, 15 Dec 2020 15:49:39-test_infoReg-Assert.py-[line:124]-INFO-[日志信息]: except_result = actul_result, except_result is 首页, actul_result is 首页
Tue, 15 Dec 2020 15:49:39-run_all_case.py-test_personalInfoReg.py-[line:60]-INFO-[日志信息]: 进入登陆页面
Tue, 15 Dec 2020 15:49:56-test_infoReg-Assert.py-[line:124]-INFO-[日志信息]: except_result = actul_result, except_result is 认证中, actul_result is 认证中
Tue, 15 Dec 2020 15:49:56-run_all_case.py-test_personalInfoReg.py-[line:84]-INFO-[日志信息]: 实名认证中画面显示
Tue, 15 Dec 2020 15:49:56-test_infoReg-Assert.py-[line:124]-INFO-[日志信息]: except_result = actul_result, except_result is 李涛, actul_result is 李涛
Tue, 15 Dec 2020 15:49:56-test_infoReg-Assert.py-[line:124]-INFO-[日志信息]: except_result = actul_result, except_result is 410184198105155611, actul_result is 410184198105155611
Tue, 15 Dec 2020 15:49:56-test_infoReg-Assert.py-[line:124]-INFO-[日志信息]: except_result = actul_result, except_result is 13022434132, actul_result is 13022434132
Tue, 15 Dec 2020 15:50:06-test_infoReg-Assert.py-[line:124]-INFO-[日志信息]: except_result = actul_result, except_result is 认证成功, actul_result is 认证成功
Tue, 15 Dec 2020 15:50:06-run_all_case.py-test_personalInfoReg.py-[line:98]-INFO-[日志信息]: 实名认证成功画面显示
Tue, 15 Dec 2020 15:50:06-test_infoReg-Assert.py-[line:124]-INFO-[日志信息]: except_result = actul_result, except_result is 实名认证, actul_result is 实名认证
Tue, 15 Dec 2020 15:50:06-run_all_case.py-test_personalInfoReg.py-[line:103]-INFO-[日志信息]: 点击查看认证信息按钮，跳转到实名认证画面
Tue, 15 Dec 2020 15:50:08-run_all_case.py-test_businessInfoReg.py-[line:38]-INFO-[日志信息]: 开始执行脚本test_businessInforReg:

Tue, 15 Dec 2020 15:50:19-test_businessInforReg-Assert.py-[line:124]-INFO-[日志信息]: except_result = actul_result, except_result is 企业基本资料, actul_result is 企业基本资料
Tue, 15 Dec 2020 15:50:19-run_all_case.py-test_businessInfoReg.py-[line:57]-INFO-[日志信息]: 企业基本资料画面正常显示
Tue, 15 Dec 2020 15:50:39-test_businessInforReg-Assert.py-[line:124]-INFO-[日志信息]: except_result = actul_result, except_result is 请确认协议内容, actul_result is 请确认协议内容
Tue, 15 Dec 2020 15:50:39-run_all_case.py-test_businessInfoReg.py-[line:161]-INFO-[日志信息]: 协议确认画面正常显示
Tue, 15 Dec 2020 15:50:44-test_businessInforReg-Assert.py-[line:124]-INFO-[日志信息]: except_result = actul_result, except_result is 认证中, actul_result is 认证中
Tue, 15 Dec 2020 15:50:44-run_all_case.py-test_businessInfoReg.py-[line:171]-INFO-[日志信息]: 企业信息认证中画面正常显示
Tue, 15 Dec 2020 15:58:20-run_all_case.py-run_all_case.py-[line:57]-INFO-[日志信息]: ==================================2020-12-15 15:58:20===================================
Tue, 15 Dec 2020 15:58:21-run_all_case.py-test_login.py-[line:54]-INFO-[日志信息]: 开始执行脚本test_companyRegister:

Tue, 15 Dec 2020 15:58:31-run_all_case.py-test_login.py-[line:70]-INFO-[日志信息]: 对已注册的账户进行删除操作
Tue, 15 Dec 2020 15:58:35-test_companyRegister-Assert.py-[line:124]-INFO-[日志信息]: except_result = actul_result, except_result is 中小微企业金融服务聚合平台, actul_result is 中小微企业金融服务聚合平台
Tue, 15 Dec 2020 15:58:36-run_all_case.py-test_login.py-[line:98]-INFO-[日志信息]: 注册成功，返回到登陆页面
Tue, 15 Dec 2020 15:58:39-run_all_case.py-test_personalInfoReg.py-[line:34]-INFO-[日志信息]: 开始执行脚本test_infoReg:

Tue, 15 Dec 2020 15:58:39-run_all_case.py-test_personalInfoReg.py-[line:38]-INFO-[日志信息]: 对个人信息企业信息进行删除操作
Tue, 15 Dec 2020 15:58:50-test_infoReg-Assert.py-[line:124]-INFO-[日志信息]: except_result = actul_result, except_result is 首页, actul_result is 首页
Tue, 15 Dec 2020 15:58:50-run_all_case.py-test_personalInfoReg.py-[line:60]-INFO-[日志信息]: 进入登陆页面
Tue, 15 Dec 2020 15:59:04-test_infoReg-Assert.py-[line:124]-INFO-[日志信息]: except_result = actul_result, except_result is 认证中, actul_result is 认证中
Tue, 15 Dec 2020 15:59:04-run_all_case.py-test_personalInfoReg.py-[line:84]-INFO-[日志信息]: 实名认证中画面显示
Tue, 15 Dec 2020 15:59:04-test_infoReg-Assert.py-[line:124]-INFO-[日志信息]: except_result = actul_result, except_result is 李涛, actul_result is 李涛
Tue, 15 Dec 2020 15:59:04-test_infoReg-Assert.py-[line:124]-INFO-[日志信息]: except_result = actul_result, except_result is 410184198105155611, actul_result is 410184198105155611
Tue, 15 Dec 2020 15:59:04-test_infoReg-Assert.py-[line:124]-INFO-[日志信息]: except_result = actul_result, except_result is 15921245616, actul_result is 15921245616
Tue, 15 Dec 2020 15:59:14-test_infoReg-Assert.py-[line:124]-INFO-[日志信息]: except_result = actul_result, except_result is 认证成功, actul_result is 认证成功
Tue, 15 Dec 2020 15:59:14-run_all_case.py-test_personalInfoReg.py-[line:98]-INFO-[日志信息]: 实名认证成功画面显示
Tue, 15 Dec 2020 15:59:14-test_infoReg-Assert.py-[line:124]-INFO-[日志信息]: except_result = actul_result, except_result is 实名认证, actul_result is 实名认证
Tue, 15 Dec 2020 15:59:14-run_all_case.py-test_personalInfoReg.py-[line:103]-INFO-[日志信息]: 点击查看认证信息按钮，跳转到实名认证画面
Tue, 15 Dec 2020 15:59:16-run_all_case.py-test_businessInfoReg.py-[line:38]-INFO-[日志信息]: 开始执行脚本test_businessInforReg:

Tue, 15 Dec 2020 15:59:27-test_businessInforReg-Assert.py-[line:124]-INFO-[日志信息]: except_result = actul_result, except_result is 企业基本资料, actul_result is 企业基本资料
Tue, 15 Dec 2020 15:59:27-run_all_case.py-test_businessInfoReg.py-[line:57]-INFO-[日志信息]: 企业基本资料画面正常显示
Tue, 15 Dec 2020 16:01:42-run_all_case.py-run_all_case.py-[line:57]-INFO-[日志信息]: ==================================2020-12-15 16:01:42===================================
Tue, 15 Dec 2020 16:01:43-run_all_case.py-test_login.py-[line:54]-INFO-[日志信息]: 开始执行脚本test_companyRegister:

Tue, 15 Dec 2020 16:01:54-run_all_case.py-test_login.py-[line:70]-INFO-[日志信息]: 对已注册的账户进行删除操作
Tue, 15 Dec 2020 16:01:58-test_companyRegister-Assert.py-[line:124]-INFO-[日志信息]: except_result = actul_result, except_result is 中小微企业金融服务聚合平台, actul_result is 中小微企业金融服务聚合平台
Tue, 15 Dec 2020 16:01:58-run_all_case.py-test_login.py-[line:98]-INFO-[日志信息]: 注册成功，返回到登陆页面
Tue, 15 Dec 2020 16:02:01-run_all_case.py-test_personalInfoReg.py-[line:34]-INFO-[日志信息]: 开始执行脚本test_infoReg:

Tue, 15 Dec 2020 16:02:01-run_all_case.py-test_personalInfoReg.py-[line:38]-INFO-[日志信息]: 对个人信息企业信息进行删除操作
Tue, 15 Dec 2020 16:02:12-test_infoReg-Assert.py-[line:124]-INFO-[日志信息]: except_result = actul_result, except_result is 首页, actul_result is 首页
Tue, 15 Dec 2020 16:02:12-run_all_case.py-test_personalInfoReg.py-[line:60]-INFO-[日志信息]: 进入登陆页面
Tue, 15 Dec 2020 16:02:26-test_infoReg-Assert.py-[line:124]-INFO-[日志信息]: except_result = actul_result, except_result is 认证中, actul_result is 认证中
Tue, 15 Dec 2020 16:02:26-run_all_case.py-test_personalInfoReg.py-[line:84]-INFO-[日志信息]: 实名认证中画面显示
Tue, 15 Dec 2020 16:02:26-test_infoReg-Assert.py-[line:124]-INFO-[日志信息]: except_result = actul_result, except_result is 李涛, actul_result is 李涛
Tue, 15 Dec 2020 16:02:26-test_infoReg-Assert.py-[line:124]-INFO-[日志信息]: except_result = actul_result, except_result is 410184198105155611, actul_result is 410184198105155611
Tue, 15 Dec 2020 16:02:26-test_infoReg-Assert.py-[line:124]-INFO-[日志信息]: except_result = actul_result, except_result is 15921245616, actul_result is 15921245616
Tue, 15 Dec 2020 16:02:36-test_infoReg-Assert.py-[line:124]-INFO-[日志信息]: except_result = actul_result, except_result is 认证成功, actul_result is 认证成功
Tue, 15 Dec 2020 16:02:36-run_all_case.py-test_personalInfoReg.py-[line:98]-INFO-[日志信息]: 实名认证成功画面显示
Tue, 15 Dec 2020 16:02:36-test_infoReg-Assert.py-[line:124]-INFO-[日志信息]: except_result = actul_result, except_result is 实名认证, actul_result is 实名认证
Tue, 15 Dec 2020 16:02:36-run_all_case.py-test_personalInfoReg.py-[line:103]-INFO-[日志信息]: 点击查看认证信息按钮，跳转到实名认证画面
Tue, 15 Dec 2020 16:02:38-run_all_case.py-test_businessInfoReg.py-[line:38]-INFO-[日志信息]: 开始执行脚本test_businessInforReg:

Tue, 15 Dec 2020 16:02:49-test_businessInforReg-Assert.py-[line:124]-INFO-[日志信息]: except_result = actul_result, except_result is 企业基本资料, actul_result is 企业基本资料
Tue, 15 Dec 2020 16:02:49-run_all_case.py-test_businessInfoReg.py-[line:57]-INFO-[日志信息]: 企业基本资料画面正常显示
Tue, 15 Dec 2020 16:03:04-test_businessInforReg-Assert.py-[line:124]-INFO-[日志信息]: except_result = actul_result, except_result is 请确认协议内容, actul_result is 请确认协议内容
Tue, 15 Dec 2020 16:03:04-run_all_case.py-test_businessInfoReg.py-[line:161]-INFO-[日志信息]: 协议确认画面正常显示
Tue, 15 Dec 2020 16:03:09-test_businessInforReg-Assert.py-[line:124]-INFO-[日志信息]: except_result = actul_result, except_result is 认证中, actul_result is 认证中
Tue, 15 Dec 2020 16:03:09-run_all_case.py-test_businessInfoReg.py-[line:171]-INFO-[日志信息]: 企业信息认证中画面正常显示
Tue, 15 Dec 2020 16:29:10-run_all_case.py-run_all_case.py-[line:57]-INFO-[日志信息]: ==================================2020-12-15 16:29:10===================================
Tue, 15 Dec 2020 16:29:11-run_all_case.py-test_login.py-[line:54]-INFO-[日志信息]: 开始执行脚本test_companyRegister:

Tue, 15 Dec 2020 16:29:23-run_all_case.py-run_all_case.py-[line:57]-INFO-[日志信息]: ==================================2020-12-15 16:29:23===================================
Tue, 15 Dec 2020 16:29:24-run_all_case.py-test_login.py-[line:54]-INFO-[日志信息]: 开始执行脚本test_companyRegister:

Tue, 15 Dec 2020 16:29:34-run_all_case.py-test_login.py-[line:70]-INFO-[日志信息]: 对已注册的账户进行删除操作
Tue, 15 Dec 2020 16:29:38-test_companyRegister-Assert.py-[line:124]-INFO-[日志信息]: except_result = actul_result, except_result is 中小微企业金融服务聚合平台, actul_result is 中小微企业金融服务聚合平台
Tue, 15 Dec 2020 16:29:38-run_all_case.py-test_login.py-[line:98]-INFO-[日志信息]: 注册成功，返回到登陆页面
Tue, 15 Dec 2020 16:29:42-run_all_case.py-test_personalInfoReg.py-[line:34]-INFO-[日志信息]: 开始执行脚本test_infoReg:

Tue, 15 Dec 2020 16:29:42-run_all_case.py-test_personalInfoReg.py-[line:38]-INFO-[日志信息]: 对个人信息企业信息进行删除操作
Tue, 15 Dec 2020 16:29:53-test_infoReg-Assert.py-[line:124]-INFO-[日志信息]: except_result = actul_result, except_result is 首页, actul_result is 首页
Tue, 15 Dec 2020 16:29:53-run_all_case.py-test_personalInfoReg.py-[line:60]-INFO-[日志信息]: 进入登陆页面
Tue, 15 Dec 2020 16:30:41-run_all_case.py-run_all_case.py-[line:57]-INFO-[日志信息]: ==================================2020-12-15 16:30:41===================================
Tue, 15 Dec 2020 16:30:42-run_all_case.py-test_login.py-[line:54]-INFO-[日志信息]: 开始执行脚本test_companyRegister:

Tue, 15 Dec 2020 16:31:25-run_all_case.py-run_all_case.py-[line:57]-INFO-[日志信息]: ==================================2020-12-15 16:31:25===================================
Tue, 15 Dec 2020 16:31:27-run_all_case.py-test_login.py-[line:54]-INFO-[日志信息]: 开始执行脚本test_companyRegister:

Tue, 15 Dec 2020 16:31:37-run_all_case.py-test_login.py-[line:70]-INFO-[日志信息]: 对已注册的账户进行删除操作
Tue, 15 Dec 2020 16:31:41-test_companyRegister-Assert.py-[line:124]-INFO-[日志信息]: except_result = actul_result, except_result is 中小微企业金融服务聚合平台, actul_result is 中小微企业金融服务聚合平台
Tue, 15 Dec 2020 16:31:41-run_all_case.py-test_login.py-[line:98]-INFO-[日志信息]: 注册成功，返回到登陆页面
Tue, 15 Dec 2020 16:31:45-run_all_case.py-test_personalInfoReg.py-[line:34]-INFO-[日志信息]: 开始执行脚本test_infoReg:

Tue, 15 Dec 2020 16:31:45-run_all_case.py-test_personalInfoReg.py-[line:38]-INFO-[日志信息]: 对个人信息企业信息进行删除操作
Tue, 15 Dec 2020 16:31:57-test_infoReg-Assert.py-[line:124]-INFO-[日志信息]: except_result = actul_result, except_result is 首页, actul_result is 首页
Tue, 15 Dec 2020 16:31:57-run_all_case.py-test_personalInfoReg.py-[line:60]-INFO-[日志信息]: 进入登陆页面
Tue, 15 Dec 2020 16:32:30-run_all_case.py-run_all_case.py-[line:57]-INFO-[日志信息]: ==================================2020-12-15 16:32:30===================================
Tue, 15 Dec 2020 16:32:32-run_all_case.py-test_login.py-[line:54]-INFO-[日志信息]: 开始执行脚本test_companyRegister:

Tue, 15 Dec 2020 16:32:43-run_all_case.py-test_login.py-[line:70]-INFO-[日志信息]: 对已注册的账户进行删除操作
Tue, 15 Dec 2020 16:32:47-test_companyRegister-Assert.py-[line:124]-INFO-[日志信息]: except_result = actul_result, except_result is 中小微企业金融服务聚合平台, actul_result is 中小微企业金融服务聚合平台
Tue, 15 Dec 2020 16:32:47-run_all_case.py-test_login.py-[line:98]-INFO-[日志信息]: 注册成功，返回到登陆页面
Tue, 15 Dec 2020 16:32:50-run_all_case.py-test_personalInfoReg.py-[line:34]-INFO-[日志信息]: 开始执行脚本test_infoReg:

Tue, 15 Dec 2020 16:32:50-run_all_case.py-test_personalInfoReg.py-[line:38]-INFO-[日志信息]: 对个人信息企业信息进行删除操作
Tue, 15 Dec 2020 16:33:02-test_infoReg-Assert.py-[line:124]-INFO-[日志信息]: except_result = actul_result, except_result is 首页, actul_result is 首页
Tue, 15 Dec 2020 16:33:02-run_all_case.py-test_personalInfoReg.py-[line:60]-INFO-[日志信息]: 进入登陆页面
Tue, 15 Dec 2020 16:33:32-run_all_case.py-test_businessInfoReg.py-[line:38]-INFO-[日志信息]: 开始执行脚本test_businessInforReg:

Tue, 15 Dec 2020 16:33:35-run_all_case.py-run_all_case.py-[line:57]-INFO-[日志信息]: ==================================2020-12-15 16:33:35===================================
Tue, 15 Dec 2020 16:33:36-run_all_case.py-test_login.py-[line:54]-INFO-[日志信息]: 开始执行脚本test_companyRegister:

Tue, 15 Dec 2020 16:33:47-run_all_case.py-test_login.py-[line:70]-INFO-[日志信息]: 对已注册的账户进行删除操作
Tue, 15 Dec 2020 16:33:51-test_companyRegister-Assert.py-[line:124]-INFO-[日志信息]: except_result = actul_result, except_result is 中小微企业金融服务聚合平台, actul_result is 中小微企业金融服务聚合平台
Tue, 15 Dec 2020 16:33:51-run_all_case.py-test_login.py-[line:98]-INFO-[日志信息]: 注册成功，返回到登陆页面
Tue, 15 Dec 2020 16:33:54-run_all_case.py-test_personalInfoReg.py-[line:34]-INFO-[日志信息]: 开始执行脚本test_infoReg:

Tue, 15 Dec 2020 16:33:54-run_all_case.py-test_personalInfoReg.py-[line:38]-INFO-[日志信息]: 对个人信息企业信息进行删除操作
Tue, 15 Dec 2020 16:34:05-test_infoReg-Assert.py-[line:124]-INFO-[日志信息]: except_result = actul_result, except_result is 首页, actul_result is 首页
Tue, 15 Dec 2020 16:34:05-run_all_case.py-test_personalInfoReg.py-[line:60]-INFO-[日志信息]: 进入登陆页面
Tue, 15 Dec 2020 16:34:19-test_infoReg-Assert.py-[line:124]-INFO-[日志信息]: except_result = actul_result, except_result is 认证中, actul_result is 认证中
Tue, 15 Dec 2020 16:34:19-run_all_case.py-test_personalInfoReg.py-[line:84]-INFO-[日志信息]: 实名认证中画面显示
Tue, 15 Dec 2020 16:34:19-test_infoReg-Assert.py-[line:124]-INFO-[日志信息]: except_result = actul_result, except_result is 李涛, actul_result is 李涛
Tue, 15 Dec 2020 16:34:19-test_infoReg-Assert.py-[line:124]-INFO-[日志信息]: except_result = actul_result, except_result is 410184198105155611, actul_result is 410184198105155611
Tue, 15 Dec 2020 16:34:19-test_infoReg-Assert.py-[line:124]-INFO-[日志信息]: except_result = actul_result, except_result is 17621198933, actul_result is 17621198933
Tue, 15 Dec 2020 16:34:29-test_infoReg-Assert.py-[line:124]-INFO-[日志信息]: except_result = actul_result, except_result is 认证成功, actul_result is 认证成功
Tue, 15 Dec 2020 16:34:29-run_all_case.py-test_personalInfoReg.py-[line:98]-INFO-[日志信息]: 实名认证成功画面显示
Tue, 15 Dec 2020 16:34:29-test_infoReg-Assert.py-[line:124]-INFO-[日志信息]: except_result = actul_result, except_result is 实名认证, actul_result is 实名认证
Tue, 15 Dec 2020 16:34:29-run_all_case.py-test_personalInfoReg.py-[line:103]-INFO-[日志信息]: 点击查看认证信息按钮，跳转到实名认证画面
Tue, 15 Dec 2020 16:34:32-run_all_case.py-test_businessInfoReg.py-[line:38]-INFO-[日志信息]: 开始执行脚本test_businessInforReg:

Tue, 15 Dec 2020 16:34:43-test_businessInforReg-Assert.py-[line:124]-INFO-[日志信息]: except_result = actul_result, except_result is 企业基本资料, actul_result is 企业基本资料
Tue, 15 Dec 2020 16:34:43-run_all_case.py-test_businessInfoReg.py-[line:57]-INFO-[日志信息]: 企业基本资料画面正常显示
Tue, 15 Dec 2020 16:34:59-test_businessInforReg-Assert.py-[line:124]-INFO-[日志信息]: except_result = actul_result, except_result is 请确认协议内容, actul_result is 请确认协议内容
Tue, 15 Dec 2020 16:34:59-run_all_case.py-test_businessInfoReg.py-[line:161]-INFO-[日志信息]: 协议确认画面正常显示
Tue, 15 Dec 2020 16:35:04-test_businessInforReg-Assert.py-[line:124]-INFO-[日志信息]: except_result = actul_result, except_result is 认证中, actul_result is 认证中
Tue, 15 Dec 2020 16:35:04-run_all_case.py-test_businessInfoReg.py-[line:171]-INFO-[日志信息]: 企业信息认证中画面正常显示
Tue, 15 Dec 2020 16:35:27-test_businessInforReg-Assert.py-[line:124]-INFO-[日志信息]: except_result = actul_result, except_result is 审核中, actul_result is 审核中
Tue, 15 Dec 2020 16:35:27-run_all_case.py-test_businessInfoReg.py-[line:185]-INFO-[日志信息]: 企业信息审核中画面正常显示
Tue, 15 Dec 2020 16:35:27-test_businessInforReg-Assert.py-[line:124]-INFO-[日志信息]: except_result = actul_result, except_result is 企业基本资料, actul_result is 企业基本资料
Tue, 15 Dec 2020 16:35:27-run_all_case.py-test_businessInfoReg.py-[line:192]-INFO-[日志信息]: 企业基本资料画面正常显示
Tue, 15 Dec 2020 16:35:30-run_all_case.py-test_backStage_examine.py-[line:25]-INFO-[日志信息]: 开始执行脚本test_backstage_examine:

Tue, 15 Dec 2020 16:35:41-run_all_case.py-test_backStage_examine.py-[line:95]-INFO-[日志信息]: 成功登录后台系统
Tue, 15 Dec 2020 16:35:46-test_backstage_examine-Assert.py-[line:124]-INFO-[日志信息]: except_result = actul_result, except_result is 用户基本信息, actul_result is 用户基本信息
Tue, 15 Dec 2020 16:35:46-run_all_case.py-test_backStage_examine.py-[line:65]-INFO-[日志信息]: 成功进入企业信息审核画面
Tue, 15 Dec 2020 16:35:47-run_all_case.py-test_backStage_examine.py-[line:82]-INFO-[日志信息]: 企业认证通过
Tue, 15 Dec 2020 16:35:50-run_all_case.py-test_backStage_authentication.py-[line:176]-INFO-[日志信息]: 开始执行脚本test_backStageActCreate:

Tue, 15 Dec 2020 16:36:00-run_all_case.py-test_backStage_examine.py-[line:95]-INFO-[日志信息]: 成功登录后台系统
Tue, 15 Dec 2020 16:36:01-run_all_case.py-test_backStage_authentication.py-[line:194]-INFO-[日志信息]: 机构信息DB删除
Tue, 15 Dec 2020 16:36:19-run_all_case.py-test_backStage_authentication.py-[line:353]-INFO-[日志信息]: 进入担保公司创建页面
Tue, 15 Dec 2020 16:36:22-run_all_case.py-test_backStage_authentication.py-[line:351]-INFO-[日志信息]: 进入银行账户创建页面
Tue, 15 Dec 2020 16:36:27-run_all_case.py-test_backStage_authentication.py-[line:292]-INFO-[日志信息]: 开始执行脚本test_backStage_authentication:

Tue, 15 Dec 2020 16:36:27-run_all_case.py-test_backStage_authentication.py-[line:295]-INFO-[日志信息]: 开始执行脚本test_backStage_authentication:

Tue, 15 Dec 2020 16:36:41-run_all_case.py-test_login.py-[line:179]-INFO-[日志信息]: 成功进入到密码重置页面
Tue, 15 Dec 2020 16:36:44-run_all_case.py-test_login.py-[line:186]-INFO-[日志信息]: 成功进入到密码修改完成页面
Tue, 15 Dec 2020 16:36:48-run_all_case.py-test_login.py-[line:179]-INFO-[日志信息]: 成功进入到密码重置页面
Tue, 15 Dec 2020 16:36:50-run_all_case.py-test_login.py-[line:186]-INFO-[日志信息]: 成功进入到密码修改完成页面
Tue, 15 Dec 2020 16:36:51-run_all_case.py-test_backStage_examine.py-[line:95]-INFO-[日志信息]: 成功登录后台系统
Tue, 15 Dec 2020 16:36:57-run_all_case.py-test_backStage_authentication.py-[line:245]-INFO-[日志信息]: 企业信息认证
Tue, 15 Dec 2020 16:37:00-run_all_case.py-test_backStage_authentication.py-[line:262]-INFO-[日志信息]: 协议内容确认页面
Tue, 15 Dec 2020 16:37:11-run_all_case.py-test_backStage_authentication.py-[line:273]-INFO-[日志信息]: 二维码认证页面
Tue, 15 Dec 2020 16:37:27-run_all_case.py-test_backStage_examine.py-[line:95]-INFO-[日志信息]: 成功登录后台系统
Tue, 15 Dec 2020 16:37:32-run_all_case.py-test_backStage_authentication.py-[line:245]-INFO-[日志信息]: 企业信息认证
Tue, 15 Dec 2020 16:37:36-run_all_case.py-test_backStage_authentication.py-[line:262]-INFO-[日志信息]: 协议内容确认页面
Tue, 15 Dec 2020 16:37:46-run_all_case.py-test_backStage_authentication.py-[line:273]-INFO-[日志信息]: 二维码认证页面
Tue, 15 Dec 2020 16:37:51-run_all_case.py-test_backStage_authentication.py-[line:44]-INFO-[日志信息]: 首页
Tue, 15 Dec 2020 16:37:55-run_all_case.py-test_backStage_authentication.py-[line:49]-INFO-[日志信息]: 产品基本信息
Tue, 15 Dec 2020 16:38:04-run_all_case.py-test_backStage_authentication.py-[line:142]-INFO-[日志信息]: 产品特性
Tue, 15 Dec 2020 16:38:06-run_all_case.py-test_backStage_authentication.py-[line:157]-INFO-[日志信息]: 计分卡
Tue, 15 Dec 2020 16:38:07-run_all_case.py-test_backStage_authentication.py-[line:164]-INFO-[日志信息]: 进件信息
Tue, 15 Dec 2020 16:38:11-run_all_case.py-test_Tripartite_interaction.py-[line:144]-INFO-[日志信息]: 开始执行脚本test_Tripartite_interaction:

Tue, 15 Dec 2020 16:38:21-run_all_case.py-test_Tripartite_interaction.py-[line:160]-INFO-[日志信息]: 前端账户登录授信申请
Tue, 15 Dec 2020 16:38:26-run_all_case.py-test_Tripartite_interaction.py-[line:378]-INFO-[日志信息]: 进入到前端首页
Tue, 15 Dec 2020 16:38:26-run_all_case.py-test_Tripartite_interaction.py-[line:381]-INFO-[日志信息]: 进入到前端进入产品选择首页
Tue, 15 Dec 2020 16:38:28-run_all_case.py-test_Tripartite_interaction.py-[line:386]-INFO-[日志信息]: 进入到前端进入产品详情页
Tue, 15 Dec 2020 16:38:29-run_all_case.py-test_Tripartite_interaction.py-[line:390]-INFO-[日志信息]: 进入到前端进入产品借款页
Tue, 15 Dec 2020 16:38:30-run_all_case.py-test_Tripartite_interaction.py-[line:395]-INFO-[日志信息]: 进入授信采购信息页面
Tue, 15 Dec 2020 16:38:40-run_all_case.py-test_Tripartite_interaction.py-[line:429]-INFO-[日志信息]: 进入授信基本资料页面
Tue, 15 Dec 2020 16:38:41-run_all_case.py-test_Tripartite_interaction.py-[line:434]-INFO-[日志信息]: 授信资料完善页面
Tue, 15 Dec 2020 16:55:20-run_all_case.py-run_all_case.py-[line:57]-INFO-[日志信息]: ==================================2020-12-15 16:55:20===================================
Tue, 15 Dec 2020 16:55:21-run_all_case.py-test_login.py-[line:54]-INFO-[日志信息]: 开始执行脚本test_companyRegister:

Tue, 15 Dec 2020 16:55:31-run_all_case.py-test_login.py-[line:70]-INFO-[日志信息]: 对已注册的账户进行删除操作
Tue, 15 Dec 2020 16:55:36-test_companyRegister-Assert.py-[line:124]-INFO-[日志信息]: except_result = actul_result, except_result is 中小微企业金融服务聚合平台, actul_result is 中小微企业金融服务聚合平台
Tue, 15 Dec 2020 16:55:36-run_all_case.py-test_login.py-[line:98]-INFO-[日志信息]: 注册成功，返回到登陆页面
Tue, 15 Dec 2020 16:55:39-run_all_case.py-test_personalInfoReg.py-[line:34]-INFO-[日志信息]: 开始执行脚本test_infoReg:

Tue, 15 Dec 2020 16:55:39-run_all_case.py-test_personalInfoReg.py-[line:38]-INFO-[日志信息]: 对个人信息企业信息进行删除操作
Tue, 15 Dec 2020 16:55:50-test_infoReg-Assert.py-[line:124]-INFO-[日志信息]: except_result = actul_result, except_result is 首页, actul_result is 首页
Tue, 15 Dec 2020 16:55:50-run_all_case.py-test_personalInfoReg.py-[line:60]-INFO-[日志信息]: 进入登陆页面
Tue, 15 Dec 2020 16:56:07-test_infoReg-Assert.py-[line:124]-INFO-[日志信息]: except_result = actul_result, except_result is 认证中, actul_result is 认证中
Tue, 15 Dec 2020 16:56:07-run_all_case.py-test_personalInfoReg.py-[line:84]-INFO-[日志信息]: 实名认证中画面显示
Tue, 15 Dec 2020 16:56:07-test_infoReg-Assert.py-[line:124]-INFO-[日志信息]: except_result = actul_result, except_result is 李涛, actul_result is 李涛
Tue, 15 Dec 2020 16:56:07-test_infoReg-Assert.py-[line:124]-INFO-[日志信息]: except_result = actul_result, except_result is 410184198105155611, actul_result is 410184198105155611
Tue, 15 Dec 2020 16:56:07-test_infoReg-Assert.py-[line:124]-INFO-[日志信息]: except_result = actul_result, except_result is 17621198933, actul_result is 17621198933
Tue, 15 Dec 2020 16:56:17-test_infoReg-Assert.py-[line:124]-INFO-[日志信息]: except_result = actul_result, except_result is 认证成功, actul_result is 认证成功
Tue, 15 Dec 2020 16:56:17-run_all_case.py-test_personalInfoReg.py-[line:98]-INFO-[日志信息]: 实名认证成功画面显示
Tue, 15 Dec 2020 16:56:17-test_infoReg-Assert.py-[line:124]-INFO-[日志信息]: except_result = actul_result, except_result is 实名认证, actul_result is 实名认证
Tue, 15 Dec 2020 16:56:17-run_all_case.py-test_personalInfoReg.py-[line:103]-INFO-[日志信息]: 点击查看认证信息按钮，跳转到实名认证画面
Tue, 15 Dec 2020 16:56:19-run_all_case.py-test_businessInfoReg.py-[line:38]-INFO-[日志信息]: 开始执行脚本test_businessInforReg:

Tue, 15 Dec 2020 16:56:30-test_businessInforReg-Assert.py-[line:124]-INFO-[日志信息]: except_result = actul_result, except_result is 企业基本资料, actul_result is 企业基本资料
Tue, 15 Dec 2020 16:56:30-run_all_case.py-test_businessInfoReg.py-[line:57]-INFO-[日志信息]: 企业基本资料画面正常显示
Tue, 15 Dec 2020 16:56:46-test_businessInforReg-Assert.py-[line:124]-INFO-[日志信息]: except_result = actul_result, except_result is 请确认协议内容, actul_result is 请确认协议内容
Tue, 15 Dec 2020 16:56:46-run_all_case.py-test_businessInfoReg.py-[line:161]-INFO-[日志信息]: 协议确认画面正常显示
Tue, 15 Dec 2020 16:56:51-test_businessInforReg-Assert.py-[line:124]-INFO-[日志信息]: except_result = actul_result, except_result is 认证中, actul_result is 认证中
Tue, 15 Dec 2020 16:56:51-run_all_case.py-test_businessInfoReg.py-[line:171]-INFO-[日志信息]: 企业信息认证中画面正常显示
Tue, 15 Dec 2020 16:57:14-test_businessInforReg-Assert.py-[line:124]-INFO-[日志信息]: except_result = actul_result, except_result is 审核中, actul_result is 审核中
Tue, 15 Dec 2020 16:57:14-run_all_case.py-test_businessInfoReg.py-[line:185]-INFO-[日志信息]: 企业信息审核中画面正常显示
Tue, 15 Dec 2020 16:57:14-test_businessInforReg-Assert.py-[line:124]-INFO-[日志信息]: except_result = actul_result, except_result is 企业基本资料, actul_result is 企业基本资料
Tue, 15 Dec 2020 16:57:14-run_all_case.py-test_businessInfoReg.py-[line:192]-INFO-[日志信息]: 企业基本资料画面正常显示
Tue, 15 Dec 2020 16:57:16-run_all_case.py-test_backStage_examine.py-[line:25]-INFO-[日志信息]: 开始执行脚本test_backstage_examine:

Tue, 15 Dec 2020 16:57:27-run_all_case.py-test_backStage_examine.py-[line:95]-INFO-[日志信息]: 成功登录后台系统
Tue, 15 Dec 2020 16:57:32-test_backstage_examine-Assert.py-[line:124]-INFO-[日志信息]: except_result = actul_result, except_result is 用户基本信息, actul_result is 用户基本信息
Tue, 15 Dec 2020 16:57:32-run_all_case.py-test_backStage_examine.py-[line:65]-INFO-[日志信息]: 成功进入企业信息审核画面
Tue, 15 Dec 2020 16:57:34-run_all_case.py-test_backStage_examine.py-[line:82]-INFO-[日志信息]: 企业认证通过
Tue, 15 Dec 2020 16:57:36-run_all_case.py-test_backStage_authentication.py-[line:176]-INFO-[日志信息]: 开始执行脚本test_backStageActCreate:

Tue, 15 Dec 2020 16:57:47-run_all_case.py-test_backStage_examine.py-[line:95]-INFO-[日志信息]: 成功登录后台系统
Tue, 15 Dec 2020 16:57:47-run_all_case.py-test_backStage_authentication.py-[line:194]-INFO-[日志信息]: 机构信息DB删除
Tue, 15 Dec 2020 16:58:05-run_all_case.py-test_backStage_authentication.py-[line:353]-INFO-[日志信息]: 进入担保公司创建页面
Tue, 15 Dec 2020 16:58:09-run_all_case.py-test_backStage_authentication.py-[line:351]-INFO-[日志信息]: 进入银行账户创建页面
Tue, 15 Dec 2020 16:58:13-run_all_case.py-test_backStage_authentication.py-[line:292]-INFO-[日志信息]: 开始执行脚本test_backStage_authentication:

Tue, 15 Dec 2020 16:58:13-run_all_case.py-test_backStage_authentication.py-[line:295]-INFO-[日志信息]: 开始执行脚本test_backStage_authentication:

Tue, 15 Dec 2020 16:58:27-run_all_case.py-test_login.py-[line:179]-INFO-[日志信息]: 成功进入到密码重置页面
Tue, 15 Dec 2020 16:58:30-run_all_case.py-test_login.py-[line:186]-INFO-[日志信息]: 成功进入到密码修改完成页面
Tue, 15 Dec 2020 16:58:34-run_all_case.py-test_login.py-[line:179]-INFO-[日志信息]: 成功进入到密码重置页面
Tue, 15 Dec 2020 16:58:37-run_all_case.py-test_login.py-[line:186]-INFO-[日志信息]: 成功进入到密码修改完成页面
Tue, 15 Dec 2020 16:58:38-run_all_case.py-test_backStage_examine.py-[line:95]-INFO-[日志信息]: 成功登录后台系统
Tue, 15 Dec 2020 16:58:43-run_all_case.py-test_backStage_authentication.py-[line:245]-INFO-[日志信息]: 企业信息认证
Tue, 15 Dec 2020 16:58:46-run_all_case.py-test_backStage_authentication.py-[line:262]-INFO-[日志信息]: 协议内容确认页面
Tue, 15 Dec 2020 16:59:04-run_all_case.py-test_backStage_authentication.py-[line:273]-INFO-[日志信息]: 二维码认证页面
Tue, 15 Dec 2020 16:59:18-run_all_case.py-test_backStage_examine.py-[line:95]-INFO-[日志信息]: 成功登录后台系统
Tue, 15 Dec 2020 16:59:24-run_all_case.py-test_backStage_authentication.py-[line:245]-INFO-[日志信息]: 企业信息认证
Tue, 15 Dec 2020 16:59:27-run_all_case.py-test_backStage_authentication.py-[line:262]-INFO-[日志信息]: 协议内容确认页面
Tue, 15 Dec 2020 16:59:37-run_all_case.py-test_backStage_authentication.py-[line:273]-INFO-[日志信息]: 二维码认证页面
Tue, 15 Dec 2020 16:59:43-run_all_case.py-test_backStage_authentication.py-[line:44]-INFO-[日志信息]: 首页
Tue, 15 Dec 2020 16:59:48-run_all_case.py-test_backStage_authentication.py-[line:49]-INFO-[日志信息]: 产品基本信息
Tue, 15 Dec 2020 16:59:56-run_all_case.py-test_backStage_authentication.py-[line:142]-INFO-[日志信息]: 产品特性
Tue, 15 Dec 2020 16:59:58-run_all_case.py-test_backStage_authentication.py-[line:157]-INFO-[日志信息]: 计分卡
Tue, 15 Dec 2020 17:00:00-run_all_case.py-test_backStage_authentication.py-[line:164]-INFO-[日志信息]: 进件信息
Tue, 15 Dec 2020 17:00:03-run_all_case.py-test_Tripartite_interaction.py-[line:144]-INFO-[日志信息]: 开始执行脚本test_Tripartite_interaction:

Tue, 15 Dec 2020 17:00:13-run_all_case.py-test_Tripartite_interaction.py-[line:160]-INFO-[日志信息]: 前端账户登录授信申请
Tue, 15 Dec 2020 17:00:18-run_all_case.py-test_Tripartite_interaction.py-[line:378]-INFO-[日志信息]: 进入到前端首页
Tue, 15 Dec 2020 17:00:19-run_all_case.py-test_Tripartite_interaction.py-[line:381]-INFO-[日志信息]: 进入到前端进入产品选择首页
Tue, 15 Dec 2020 17:00:21-run_all_case.py-test_Tripartite_interaction.py-[line:386]-INFO-[日志信息]: 进入到前端进入产品详情页
Tue, 15 Dec 2020 17:00:21-run_all_case.py-test_Tripartite_interaction.py-[line:390]-INFO-[日志信息]: 进入到前端进入产品借款页
Tue, 15 Dec 2020 17:00:22-run_all_case.py-test_Tripartite_interaction.py-[line:395]-INFO-[日志信息]: 进入授信采购信息页面
Tue, 15 Dec 2020 17:00:32-run_all_case.py-test_Tripartite_interaction.py-[line:429]-INFO-[日志信息]: 进入授信基本资料页面
Tue, 15 Dec 2020 17:00:33-run_all_case.py-test_Tripartite_interaction.py-[line:434]-INFO-[日志信息]: 授信资料完善页面
