Mon, 02 Nov 2020 09:00:31-run_all_case.py-run_all_case.py-[line:42]-INFO-[日志信息]: ==================================2020-11-02 09:00:31===================================
Mon, 02 Nov 2020 09:00:31-run_all_case.py-test_login.py-[line:57]-INFO-[日志信息]: 开始执行脚本test_companyRegister:

Mon, 02 Nov 2020 09:00:43-run_all_case.py-test_login.py-[line:64]-INFO-[日志信息]: 对已注册的账户进行删除操作
Mon, 02 Nov 2020 09:00:47-test_companyRegister-Assert.py-[line:124]-INFO-[日志信息]: except_result = actul_result, except_result is 中小微企业金融服务聚合平台, actul_result is 中小微企业金融服务聚合平台
Mon, 02 Nov 2020 09:00:47-run_all_case.py-test_login.py-[line:92]-INFO-[日志信息]: 注册成功，返回到登陆页面
Mon, 02 Nov 2020 09:00:50-run_all_case.py-test_personalInfoReg.py-[line:34]-INFO-[日志信息]: 开始执行脚本test_infoReg:

Mon, 02 Nov 2020 09:00:51-run_all_case.py-test_personalInfoReg.py-[line:38]-INFO-[日志信息]: 对个人信息企业信息进行删除操作
Mon, 02 Nov 2020 09:01:02-test_infoReg-Assert.py-[line:124]-INFO-[日志信息]: except_result = actul_result, except_result is 首页, actul_result is 首页
Mon, 02 Nov 2020 09:01:02-run_all_case.py-test_personalInfoReg.py-[line:52]-INFO-[日志信息]: 进入登陆页面
Mon, 02 Nov 2020 09:01:08-run_all_case.py-test_businessInfoReg.py-[line:38]-INFO-[日志信息]: 开始执行脚本test_businessInforReg:

Mon, 02 Nov 2020 09:01:51-run_all_case.py-test_backStage_examine.py-[line:25]-INFO-[日志信息]: 开始执行脚本test_backstage_examine:

Mon, 02 Nov 2020 09:08:16-run_all_case.py-run_all_case.py-[line:42]-INFO-[日志信息]: ==================================2020-11-02 09:08:16===================================
Mon, 02 Nov 2020 09:08:16-run_all_case.py-test_login.py-[line:57]-INFO-[日志信息]: 开始执行脚本test_companyRegister:

Mon, 02 Nov 2020 09:08:27-run_all_case.py-test_login.py-[line:64]-INFO-[日志信息]: 对已注册的账户进行删除操作
Mon, 02 Nov 2020 09:08:30-test_companyRegister-Assert.py-[line:124]-INFO-[日志信息]: except_result = actul_result, except_result is 中小微企业金融服务聚合平台, actul_result is 中小微企业金融服务聚合平台
Mon, 02 Nov 2020 09:08:30-run_all_case.py-test_login.py-[line:92]-INFO-[日志信息]: 注册成功，返回到登陆页面
Mon, 02 Nov 2020 09:08:34-run_all_case.py-test_personalInfoReg.py-[line:34]-INFO-[日志信息]: 开始执行脚本test_infoReg:

Mon, 02 Nov 2020 09:08:34-run_all_case.py-test_personalInfoReg.py-[line:38]-INFO-[日志信息]: 对个人信息企业信息进行删除操作
Mon, 02 Nov 2020 09:08:45-test_infoReg-Assert.py-[line:124]-INFO-[日志信息]: except_result = actul_result, except_result is 首页, actul_result is 首页
Mon, 02 Nov 2020 09:08:45-run_all_case.py-test_personalInfoReg.py-[line:52]-INFO-[日志信息]: 进入登陆页面
Mon, 02 Nov 2020 09:08:47-run_all_case.py-test_businessInfoReg.py-[line:38]-INFO-[日志信息]: 开始执行脚本test_businessInforReg:

Mon, 02 Nov 2020 09:09:05-run_all_case.py-test_backStage_examine.py-[line:25]-INFO-[日志信息]: 开始执行脚本test_backstage_examine:

Mon, 02 Nov 2020 09:09:59-run_all_case.py-run_all_case.py-[line:42]-INFO-[日志信息]: ==================================2020-11-02 09:09:59===================================
Mon, 02 Nov 2020 09:10:00-run_all_case.py-test_login.py-[line:57]-INFO-[日志信息]: 开始执行脚本test_companyRegister:

Mon, 02 Nov 2020 09:10:10-run_all_case.py-test_login.py-[line:64]-INFO-[日志信息]: 对已注册的账户进行删除操作
Mon, 02 Nov 2020 09:10:14-test_companyRegister-Assert.py-[line:124]-INFO-[日志信息]: except_result = actul_result, except_result is 中小微企业金融服务聚合平台, actul_result is 中小微企业金融服务聚合平台
Mon, 02 Nov 2020 09:10:14-run_all_case.py-test_login.py-[line:92]-INFO-[日志信息]: 注册成功，返回到登陆页面
Mon, 02 Nov 2020 09:10:17-run_all_case.py-test_personalInfoReg.py-[line:34]-INFO-[日志信息]: 开始执行脚本test_infoReg:

Mon, 02 Nov 2020 09:10:17-run_all_case.py-test_personalInfoReg.py-[line:38]-INFO-[日志信息]: 对个人信息企业信息进行删除操作
Mon, 02 Nov 2020 09:10:29-test_infoReg-Assert.py-[line:124]-INFO-[日志信息]: except_result = actul_result, except_result is 首页, actul_result is 首页
Mon, 02 Nov 2020 09:10:29-run_all_case.py-test_personalInfoReg.py-[line:52]-INFO-[日志信息]: 进入登陆页面
Mon, 02 Nov 2020 09:11:13-test_infoReg-Assert.py-[line:124]-INFO-[日志信息]: except_result = actul_result, except_result is 认证中, actul_result is 认证中
Mon, 02 Nov 2020 09:11:13-run_all_case.py-test_personalInfoReg.py-[line:95]-INFO-[日志信息]: 实名认证中画面显示
Mon, 02 Nov 2020 09:11:13-test_infoReg-Assert.py-[line:124]-INFO-[日志信息]: except_result = actul_result, except_result is 李涛, actul_result is 李涛
Mon, 02 Nov 2020 09:11:13-test_infoReg-Assert.py-[line:124]-INFO-[日志信息]: except_result = actul_result, except_result is 410184198105155611, actul_result is 410184198105155611
Mon, 02 Nov 2020 09:11:13-test_infoReg-Assert.py-[line:124]-INFO-[日志信息]: except_result = actul_result, except_result is 17082238021, actul_result is 17082238021
Mon, 02 Nov 2020 09:11:23-test_infoReg-Assert.py-[line:124]-INFO-[日志信息]: except_result = actul_result, except_result is 认证成功, actul_result is 认证成功
Mon, 02 Nov 2020 09:11:23-run_all_case.py-test_personalInfoReg.py-[line:109]-INFO-[日志信息]: 实名认证成功画面显示
Mon, 02 Nov 2020 09:11:23-test_infoReg-Assert.py-[line:124]-INFO-[日志信息]: except_result = actul_result, except_result is 实名认证, actul_result is 实名认证
Mon, 02 Nov 2020 09:11:23-run_all_case.py-test_personalInfoReg.py-[line:114]-INFO-[日志信息]: 点击查看认证信息按钮，跳转到实名认证画面
Mon, 02 Nov 2020 09:11:25-run_all_case.py-test_businessInfoReg.py-[line:38]-INFO-[日志信息]: 开始执行脚本test_businessInforReg:

Mon, 02 Nov 2020 09:11:36-test_businessInforReg-Assert.py-[line:124]-INFO-[日志信息]: except_result = actul_result, except_result is 企业基本资料, actul_result is 企业基本资料
Mon, 02 Nov 2020 09:11:36-run_all_case.py-test_businessInfoReg.py-[line:49]-INFO-[日志信息]: 企业基本资料画面正常显示
Mon, 02 Nov 2020 09:11:52-test_businessInforReg-Assert.py-[line:124]-INFO-[日志信息]: except_result = actul_result, except_result is 请确认协议内容, actul_result is 请确认协议内容
Mon, 02 Nov 2020 09:11:52-run_all_case.py-test_businessInfoReg.py-[line:124]-INFO-[日志信息]: 协议确认画面正常显示
Mon, 02 Nov 2020 09:12:02-test_businessInforReg-Assert.py-[line:124]-INFO-[日志信息]: except_result = actul_result, except_result is 认证中, actul_result is 认证中
Mon, 02 Nov 2020 09:12:02-run_all_case.py-test_businessInfoReg.py-[line:134]-INFO-[日志信息]: 企业信息认证中画面正常显示
Mon, 02 Nov 2020 09:12:25-test_businessInforReg-Assert.py-[line:124]-INFO-[日志信息]: except_result = actul_result, except_result is 审核中, actul_result is 审核中
Mon, 02 Nov 2020 09:12:25-run_all_case.py-test_businessInfoReg.py-[line:148]-INFO-[日志信息]: 企业信息审核中画面正常显示
Mon, 02 Nov 2020 09:12:25-test_businessInforReg-Assert.py-[line:124]-INFO-[日志信息]: except_result = actul_result, except_result is 企业基本资料, actul_result is 企业基本资料
Mon, 02 Nov 2020 09:12:25-run_all_case.py-test_businessInfoReg.py-[line:155]-INFO-[日志信息]: 企业基本资料画面正常显示
Mon, 02 Nov 2020 09:12:28-run_all_case.py-test_backStage_examine.py-[line:25]-INFO-[日志信息]: 开始执行脚本test_backstage_examine:

Mon, 02 Nov 2020 09:12:38-run_all_case.py-test_backStage_examine.py-[line:77]-INFO-[日志信息]: 成功登录后台系统
Mon, 02 Nov 2020 09:12:43-test_backstage_examine-Assert.py-[line:124]-INFO-[日志信息]: except_result = actul_result, except_result is 用户基本信息, actul_result is 用户基本信息
Mon, 02 Nov 2020 09:12:43-run_all_case.py-test_backStage_examine.py-[line:57]-INFO-[日志信息]: 成功进入企业信息审核画面
Mon, 02 Nov 2020 09:12:45-run_all_case.py-test_backStage_examine.py-[line:64]-INFO-[日志信息]: 企业认证通过
Mon, 02 Nov 2020 09:12:47-run_all_case.py-test_backStage_authentication.py-[line:173]-INFO-[日志信息]: 开始执行脚本test_backStageActCreate:

Mon, 02 Nov 2020 09:12:58-run_all_case.py-test_backStage_examine.py-[line:77]-INFO-[日志信息]: 成功登录后台系统
Mon, 02 Nov 2020 09:12:58-run_all_case.py-test_backStage_authentication.py-[line:183]-INFO-[日志信息]: 机构信息DB删除
Mon, 02 Nov 2020 09:13:16-run_all_case.py-test_backStage_authentication.py-[line:341]-INFO-[日志信息]: 进入担保公司创建页面
Mon, 02 Nov 2020 09:13:20-run_all_case.py-test_backStage_authentication.py-[line:339]-INFO-[日志信息]: 进入银行账户创建页面
Mon, 02 Nov 2020 09:13:24-run_all_case.py-test_backStage_authentication.py-[line:278]-INFO-[日志信息]: 开始执行脚本test_backStage_authentication:

Mon, 02 Nov 2020 09:13:24-run_all_case.py-test_backStage_authentication.py-[line:281]-INFO-[日志信息]: 开始执行脚本test_backStage_authentication:

Mon, 02 Nov 2020 09:13:38-run_all_case.py-test_login.py-[line:173]-INFO-[日志信息]: 成功进入到密码重置页面
Mon, 02 Nov 2020 09:13:41-run_all_case.py-test_login.py-[line:180]-INFO-[日志信息]: 成功进入到密码修改完成页面
Mon, 02 Nov 2020 09:13:45-run_all_case.py-test_login.py-[line:173]-INFO-[日志信息]: 成功进入到密码重置页面
Mon, 02 Nov 2020 09:13:48-run_all_case.py-test_login.py-[line:180]-INFO-[日志信息]: 成功进入到密码修改完成页面
Mon, 02 Nov 2020 09:13:48-run_all_case.py-test_backStage_examine.py-[line:77]-INFO-[日志信息]: 成功登录后台系统
Mon, 02 Nov 2020 09:13:53-run_all_case.py-test_backStage_authentication.py-[line:236]-INFO-[日志信息]: 企业信息认证
Mon, 02 Nov 2020 09:13:55-run_all_case.py-test_backStage_authentication.py-[line:253]-INFO-[日志信息]: 协议内容确认页面
Mon, 02 Nov 2020 09:14:05-run_all_case.py-test_backStage_authentication.py-[line:265]-INFO-[日志信息]: 二维码认证页面
Mon, 02 Nov 2020 09:14:21-run_all_case.py-test_backStage_examine.py-[line:77]-INFO-[日志信息]: 成功登录后台系统
Mon, 02 Nov 2020 09:14:25-run_all_case.py-test_backStage_authentication.py-[line:236]-INFO-[日志信息]: 企业信息认证
Mon, 02 Nov 2020 09:14:28-run_all_case.py-test_backStage_authentication.py-[line:253]-INFO-[日志信息]: 协议内容确认页面
Mon, 02 Nov 2020 09:14:37-run_all_case.py-test_backStage_authentication.py-[line:265]-INFO-[日志信息]: 二维码认证页面
Mon, 02 Nov 2020 09:14:43-run_all_case.py-test_backStage_authentication.py-[line:44]-INFO-[日志信息]: 首页
Mon, 02 Nov 2020 09:14:45-run_all_case.py-test_backStage_authentication.py-[line:48]-INFO-[日志信息]: 产品基本信息
Mon, 02 Nov 2020 09:14:52-run_all_case.py-test_backStage_authentication.py-[line:139]-INFO-[日志信息]: 产品特性
Mon, 02 Nov 2020 09:14:54-run_all_case.py-test_backStage_authentication.py-[line:154]-INFO-[日志信息]: 计分卡
Mon, 02 Nov 2020 09:14:56-run_all_case.py-test_backStage_authentication.py-[line:161]-INFO-[日志信息]: 进件信息
Mon, 02 Nov 2020 09:14:59-run_all_case.py-test_Tripartite_interaction.py-[line:144]-INFO-[日志信息]: 开始执行脚本test_Tripartite_interaction:

Mon, 02 Nov 2020 09:15:09-run_all_case.py-test_Tripartite_interaction.py-[line:151]-INFO-[日志信息]: 前端账户登录授信申请
Mon, 02 Nov 2020 09:15:15-run_all_case.py-test_Tripartite_interaction.py-[line:351]-INFO-[日志信息]: 进入到前端首页
Mon, 02 Nov 2020 09:15:15-run_all_case.py-test_Tripartite_interaction.py-[line:354]-INFO-[日志信息]: 进入到前端进入产品选择首页
Mon, 02 Nov 2020 09:15:17-run_all_case.py-test_Tripartite_interaction.py-[line:359]-INFO-[日志信息]: 进入到前端进入产品详情页
Mon, 02 Nov 2020 09:15:17-run_all_case.py-test_Tripartite_interaction.py-[line:363]-INFO-[日志信息]: 进入到前端进入产品借款页
Mon, 02 Nov 2020 18:07:39-run_all_case.py-run_all_case.py-[line:42]-INFO-[日志信息]: ==================================2020-11-02 18:07:39===================================
Mon, 02 Nov 2020 18:07:39-run_all_case.py-test_login.py-[line:57]-INFO-[日志信息]: 开始执行脚本test_companyRegister:

Mon, 02 Nov 2020 18:07:51-run_all_case.py-test_login.py-[line:64]-INFO-[日志信息]: 对已注册的账户进行删除操作
Mon, 02 Nov 2020 18:07:55-test_companyRegister-Assert.py-[line:124]-INFO-[日志信息]: except_result = actul_result, except_result is 中小微企业金融服务聚合平台, actul_result is 中小微企业金融服务聚合平台
Mon, 02 Nov 2020 18:07:55-run_all_case.py-test_login.py-[line:92]-INFO-[日志信息]: 注册成功，返回到登陆页面
Mon, 02 Nov 2020 18:07:58-run_all_case.py-test_personalInfoReg.py-[line:34]-INFO-[日志信息]: 开始执行脚本test_infoReg:

Mon, 02 Nov 2020 18:07:58-run_all_case.py-test_personalInfoReg.py-[line:38]-INFO-[日志信息]: 对个人信息企业信息进行删除操作
Mon, 02 Nov 2020 18:08:09-test_infoReg-Assert.py-[line:124]-INFO-[日志信息]: except_result = actul_result, except_result is 首页, actul_result is 首页
Mon, 02 Nov 2020 18:08:09-run_all_case.py-test_personalInfoReg.py-[line:52]-INFO-[日志信息]: 进入登陆页面
Mon, 02 Nov 2020 18:08:23-test_infoReg-Assert.py-[line:124]-INFO-[日志信息]: except_result = actul_result, except_result is 认证中, actul_result is 认证中
Mon, 02 Nov 2020 18:08:23-run_all_case.py-test_personalInfoReg.py-[line:95]-INFO-[日志信息]: 实名认证中画面显示
Mon, 02 Nov 2020 18:08:23-test_infoReg-Assert.py-[line:124]-INFO-[日志信息]: except_result = actul_result, except_result is 李涛, actul_result is 李涛
Mon, 02 Nov 2020 18:08:23-test_infoReg-Assert.py-[line:124]-INFO-[日志信息]: except_result = actul_result, except_result is 410184198105155611, actul_result is 410184198105155611
Mon, 02 Nov 2020 18:08:23-test_infoReg-Assert.py-[line:124]-INFO-[日志信息]: except_result = actul_result, except_result is 17082238021, actul_result is 17082238021
Mon, 02 Nov 2020 18:08:33-test_infoReg-Assert.py-[line:124]-INFO-[日志信息]: except_result = actul_result, except_result is 认证成功, actul_result is 认证成功
Mon, 02 Nov 2020 18:08:33-run_all_case.py-test_personalInfoReg.py-[line:109]-INFO-[日志信息]: 实名认证成功画面显示
Mon, 02 Nov 2020 18:08:33-test_infoReg-Assert.py-[line:124]-INFO-[日志信息]: except_result = actul_result, except_result is 实名认证, actul_result is 实名认证
Mon, 02 Nov 2020 18:08:33-run_all_case.py-test_personalInfoReg.py-[line:114]-INFO-[日志信息]: 点击查看认证信息按钮，跳转到实名认证画面
Mon, 02 Nov 2020 18:08:35-run_all_case.py-test_businessInfoReg.py-[line:38]-INFO-[日志信息]: 开始执行脚本test_businessInforReg:

Mon, 02 Nov 2020 18:08:46-test_businessInforReg-Assert.py-[line:124]-INFO-[日志信息]: except_result = actul_result, except_result is 企业基本资料, actul_result is 企业基本资料
Mon, 02 Nov 2020 18:08:46-run_all_case.py-test_businessInfoReg.py-[line:49]-INFO-[日志信息]: 企业基本资料画面正常显示
Mon, 02 Nov 2020 18:08:59-test_businessInforReg-Assert.py-[line:124]-INFO-[日志信息]: except_result = actul_result, except_result is 请确认协议内容, actul_result is 请确认协议内容
Mon, 02 Nov 2020 18:08:59-run_all_case.py-test_businessInfoReg.py-[line:124]-INFO-[日志信息]: 协议确认画面正常显示
Mon, 02 Nov 2020 18:09:03-test_businessInforReg-Assert.py-[line:124]-INFO-[日志信息]: except_result = actul_result, except_result is 认证中, actul_result is 认证中
Mon, 02 Nov 2020 18:09:03-run_all_case.py-test_businessInfoReg.py-[line:134]-INFO-[日志信息]: 企业信息认证中画面正常显示
Mon, 02 Nov 2020 18:09:26-test_businessInforReg-Assert.py-[line:124]-INFO-[日志信息]: except_result = actul_result, except_result is 审核中, actul_result is 审核中
Mon, 02 Nov 2020 18:09:26-run_all_case.py-test_businessInfoReg.py-[line:148]-INFO-[日志信息]: 企业信息审核中画面正常显示
Mon, 02 Nov 2020 18:09:26-test_businessInforReg-Assert.py-[line:124]-INFO-[日志信息]: except_result = actul_result, except_result is 企业基本资料, actul_result is 企业基本资料
Mon, 02 Nov 2020 18:09:26-run_all_case.py-test_businessInfoReg.py-[line:155]-INFO-[日志信息]: 企业基本资料画面正常显示
Mon, 02 Nov 2020 18:09:29-run_all_case.py-test_backStage_examine.py-[line:25]-INFO-[日志信息]: 开始执行脚本test_backstage_examine:

Mon, 02 Nov 2020 18:09:39-run_all_case.py-test_backStage_examine.py-[line:77]-INFO-[日志信息]: 成功登录后台系统
Mon, 02 Nov 2020 18:09:44-test_backstage_examine-Assert.py-[line:124]-INFO-[日志信息]: except_result = actul_result, except_result is 用户基本信息, actul_result is 用户基本信息
Mon, 02 Nov 2020 18:09:44-run_all_case.py-test_backStage_examine.py-[line:57]-INFO-[日志信息]: 成功进入企业信息审核画面
Mon, 02 Nov 2020 18:09:46-run_all_case.py-test_backStage_examine.py-[line:64]-INFO-[日志信息]: 企业认证通过
Mon, 02 Nov 2020 18:09:48-run_all_case.py-test_backStage_authentication.py-[line:173]-INFO-[日志信息]: 开始执行脚本test_backStageActCreate:

Mon, 02 Nov 2020 18:09:59-run_all_case.py-test_backStage_examine.py-[line:77]-INFO-[日志信息]: 成功登录后台系统
Mon, 02 Nov 2020 18:09:59-run_all_case.py-test_backStage_authentication.py-[line:183]-INFO-[日志信息]: 机构信息DB删除
Mon, 02 Nov 2020 18:10:18-run_all_case.py-test_backStage_authentication.py-[line:341]-INFO-[日志信息]: 进入担保公司创建页面
Mon, 02 Nov 2020 18:10:21-run_all_case.py-test_backStage_authentication.py-[line:339]-INFO-[日志信息]: 进入银行账户创建页面
Mon, 02 Nov 2020 18:10:26-run_all_case.py-test_backStage_authentication.py-[line:278]-INFO-[日志信息]: 开始执行脚本test_backStage_authentication:

Mon, 02 Nov 2020 18:10:26-run_all_case.py-test_backStage_authentication.py-[line:281]-INFO-[日志信息]: 开始执行脚本test_backStage_authentication:

Mon, 02 Nov 2020 18:10:40-run_all_case.py-test_login.py-[line:173]-INFO-[日志信息]: 成功进入到密码重置页面
Mon, 02 Nov 2020 18:10:42-run_all_case.py-test_login.py-[line:180]-INFO-[日志信息]: 成功进入到密码修改完成页面
Mon, 02 Nov 2020 18:10:46-run_all_case.py-test_login.py-[line:173]-INFO-[日志信息]: 成功进入到密码重置页面
Mon, 02 Nov 2020 18:10:49-run_all_case.py-test_login.py-[line:180]-INFO-[日志信息]: 成功进入到密码修改完成页面
Mon, 02 Nov 2020 18:10:50-run_all_case.py-test_backStage_examine.py-[line:77]-INFO-[日志信息]: 成功登录后台系统
Mon, 02 Nov 2020 18:10:55-run_all_case.py-test_backStage_authentication.py-[line:236]-INFO-[日志信息]: 企业信息认证
Mon, 02 Nov 2020 18:10:58-run_all_case.py-test_backStage_authentication.py-[line:253]-INFO-[日志信息]: 协议内容确认页面
Mon, 02 Nov 2020 18:11:07-run_all_case.py-test_backStage_authentication.py-[line:265]-INFO-[日志信息]: 二维码认证页面
Mon, 02 Nov 2020 18:11:24-run_all_case.py-test_backStage_examine.py-[line:77]-INFO-[日志信息]: 成功登录后台系统
Mon, 02 Nov 2020 18:11:29-run_all_case.py-test_backStage_authentication.py-[line:236]-INFO-[日志信息]: 企业信息认证
Mon, 02 Nov 2020 18:11:32-run_all_case.py-test_backStage_authentication.py-[line:253]-INFO-[日志信息]: 协议内容确认页面
Mon, 02 Nov 2020 18:11:41-run_all_case.py-test_backStage_authentication.py-[line:265]-INFO-[日志信息]: 二维码认证页面
Mon, 02 Nov 2020 18:11:47-run_all_case.py-test_backStage_authentication.py-[line:44]-INFO-[日志信息]: 首页
Mon, 02 Nov 2020 18:11:49-run_all_case.py-test_backStage_authentication.py-[line:48]-INFO-[日志信息]: 产品基本信息
Mon, 02 Nov 2020 18:11:56-run_all_case.py-test_backStage_authentication.py-[line:139]-INFO-[日志信息]: 产品特性
Mon, 02 Nov 2020 18:11:58-run_all_case.py-test_backStage_authentication.py-[line:154]-INFO-[日志信息]: 计分卡
Mon, 02 Nov 2020 18:11:59-run_all_case.py-test_backStage_authentication.py-[line:161]-INFO-[日志信息]: 进件信息
Mon, 02 Nov 2020 18:12:03-run_all_case.py-test_Tripartite_interaction.py-[line:144]-INFO-[日志信息]: 开始执行脚本test_Tripartite_interaction:

Mon, 02 Nov 2020 18:12:13-run_all_case.py-test_Tripartite_interaction.py-[line:151]-INFO-[日志信息]: 前端账户登录授信申请
Mon, 02 Nov 2020 18:12:18-run_all_case.py-test_Tripartite_interaction.py-[line:351]-INFO-[日志信息]: 进入到前端首页
Mon, 02 Nov 2020 18:12:18-run_all_case.py-test_Tripartite_interaction.py-[line:354]-INFO-[日志信息]: 进入到前端进入产品选择首页
Mon, 02 Nov 2020 18:12:20-run_all_case.py-test_Tripartite_interaction.py-[line:359]-INFO-[日志信息]: 进入到前端进入产品详情页
Mon, 02 Nov 2020 18:12:20-run_all_case.py-test_Tripartite_interaction.py-[line:363]-INFO-[日志信息]: 进入到前端进入产品借款页
Mon, 02 Nov 2020 18:12:22-run_all_case.py-test_Tripartite_interaction.py-[line:368]-INFO-[日志信息]: 进入授信采购信息页面
Mon, 02 Nov 2020 18:12:32-run_all_case.py-test_Tripartite_interaction.py-[line:402]-INFO-[日志信息]: 进入授信基本资料页面
Mon, 02 Nov 2020 18:12:32-run_all_case.py-test_Tripartite_interaction.py-[line:407]-INFO-[日志信息]: 授信资料完善页面
Mon, 02 Nov 2020 18:12:33-run_all_case.py-test_Tripartite_interaction.py-[line:413]-INFO-[日志信息]: 授信完成页面
Mon, 02 Nov 2020 18:12:43-run_all_case.py-test_Tripartite_interaction.py-[line:427]-INFO-[日志信息]: 实名认证成功画面显示
Mon, 02 Nov 2020 18:12:53-run_all_case.py-test_Tripartite_interaction.py-[line:211]-INFO-[日志信息]: 银行授信审核
Mon, 02 Nov 2020 18:12:54-run_all_case.py-test_backStage_examine.py-[line:77]-INFO-[日志信息]: 成功登录后台系统
Mon, 02 Nov 2020 18:12:54-run_all_case.py-test_Tripartite_interaction.py-[line:432]-INFO-[日志信息]: 银行授信审核首页
Mon, 02 Nov 2020 18:12:56-run_all_case.py-test_Tripartite_interaction.py-[line:437]-INFO-[日志信息]: 银行待审批授信页面
Mon, 02 Nov 2020 20:06:00-run_all_case.py-run_all_case.py-[line:42]-INFO-[日志信息]: ==================================2020-11-02 20:06:00===================================
Mon, 02 Nov 2020 20:06:00-run_all_case.py-test_login.py-[line:57]-INFO-[日志信息]: 开始执行脚本test_companyRegister:

Mon, 02 Nov 2020 20:06:11-run_all_case.py-test_login.py-[line:64]-INFO-[日志信息]: 对已注册的账户进行删除操作
Mon, 02 Nov 2020 20:06:15-test_companyRegister-Assert.py-[line:124]-INFO-[日志信息]: except_result = actul_result, except_result is 中小微企业金融服务聚合平台, actul_result is 中小微企业金融服务聚合平台
Mon, 02 Nov 2020 20:06:15-run_all_case.py-test_login.py-[line:92]-INFO-[日志信息]: 注册成功，返回到登陆页面
Mon, 02 Nov 2020 20:06:18-run_all_case.py-test_personalInfoReg.py-[line:34]-INFO-[日志信息]: 开始执行脚本test_infoReg:

Mon, 02 Nov 2020 20:06:18-run_all_case.py-test_personalInfoReg.py-[line:38]-INFO-[日志信息]: 对个人信息企业信息进行删除操作
Mon, 02 Nov 2020 20:06:30-test_infoReg-Assert.py-[line:124]-INFO-[日志信息]: except_result = actul_result, except_result is 首页, actul_result is 首页
Mon, 02 Nov 2020 20:06:30-run_all_case.py-test_personalInfoReg.py-[line:52]-INFO-[日志信息]: 进入登陆页面
Mon, 02 Nov 2020 20:06:46-test_infoReg-Assert.py-[line:124]-INFO-[日志信息]: except_result = actul_result, except_result is 认证中, actul_result is 认证中
Mon, 02 Nov 2020 20:06:46-run_all_case.py-test_personalInfoReg.py-[line:95]-INFO-[日志信息]: 实名认证中画面显示
Mon, 02 Nov 2020 20:06:47-test_infoReg-Assert.py-[line:124]-INFO-[日志信息]: except_result = actul_result, except_result is 李涛, actul_result is 李涛
Mon, 02 Nov 2020 20:06:47-test_infoReg-Assert.py-[line:124]-INFO-[日志信息]: except_result = actul_result, except_result is 410184198105155611, actul_result is 410184198105155611
Mon, 02 Nov 2020 20:06:47-test_infoReg-Assert.py-[line:124]-INFO-[日志信息]: except_result = actul_result, except_result is 17082238021, actul_result is 17082238021
Mon, 02 Nov 2020 20:06:56-test_infoReg-Assert.py-[line:124]-INFO-[日志信息]: except_result = actul_result, except_result is 认证成功, actul_result is 认证成功
Mon, 02 Nov 2020 20:06:56-run_all_case.py-test_personalInfoReg.py-[line:109]-INFO-[日志信息]: 实名认证成功画面显示
Mon, 02 Nov 2020 20:06:56-test_infoReg-Assert.py-[line:124]-INFO-[日志信息]: except_result = actul_result, except_result is 实名认证, actul_result is 实名认证
Mon, 02 Nov 2020 20:06:56-run_all_case.py-test_personalInfoReg.py-[line:114]-INFO-[日志信息]: 点击查看认证信息按钮，跳转到实名认证画面
Mon, 02 Nov 2020 20:06:59-run_all_case.py-test_businessInfoReg.py-[line:38]-INFO-[日志信息]: 开始执行脚本test_businessInforReg:

Mon, 02 Nov 2020 20:07:10-test_businessInforReg-Assert.py-[line:124]-INFO-[日志信息]: except_result = actul_result, except_result is 企业基本资料, actul_result is 企业基本资料
Mon, 02 Nov 2020 20:07:10-run_all_case.py-test_businessInfoReg.py-[line:49]-INFO-[日志信息]: 企业基本资料画面正常显示
Mon, 02 Nov 2020 20:07:25-test_businessInforReg-Assert.py-[line:124]-INFO-[日志信息]: except_result = actul_result, except_result is 请确认协议内容, actul_result is 请确认协议内容
Mon, 02 Nov 2020 20:07:25-run_all_case.py-test_businessInfoReg.py-[line:124]-INFO-[日志信息]: 协议确认画面正常显示
Mon, 02 Nov 2020 20:07:28-test_businessInforReg-Assert.py-[line:124]-INFO-[日志信息]: except_result = actul_result, except_result is 认证中, actul_result is 认证中
Mon, 02 Nov 2020 20:07:28-run_all_case.py-test_businessInfoReg.py-[line:134]-INFO-[日志信息]: 企业信息认证中画面正常显示
Mon, 02 Nov 2020 20:07:51-test_businessInforReg-Assert.py-[line:124]-INFO-[日志信息]: except_result = actul_result, except_result is 审核中, actul_result is 审核中
Mon, 02 Nov 2020 20:07:51-run_all_case.py-test_businessInfoReg.py-[line:148]-INFO-[日志信息]: 企业信息审核中画面正常显示
Mon, 02 Nov 2020 20:07:51-test_businessInforReg-Assert.py-[line:124]-INFO-[日志信息]: except_result = actul_result, except_result is 企业基本资料, actul_result is 企业基本资料
Mon, 02 Nov 2020 20:07:51-run_all_case.py-test_businessInfoReg.py-[line:155]-INFO-[日志信息]: 企业基本资料画面正常显示
Mon, 02 Nov 2020 20:07:54-run_all_case.py-test_backStage_examine.py-[line:25]-INFO-[日志信息]: 开始执行脚本test_backstage_examine:

Mon, 02 Nov 2020 20:08:04-run_all_case.py-test_backStage_examine.py-[line:77]-INFO-[日志信息]: 成功登录后台系统
Mon, 02 Nov 2020 20:08:09-test_backstage_examine-Assert.py-[line:124]-INFO-[日志信息]: except_result = actul_result, except_result is 用户基本信息, actul_result is 用户基本信息
Mon, 02 Nov 2020 20:08:09-run_all_case.py-test_backStage_examine.py-[line:57]-INFO-[日志信息]: 成功进入企业信息审核画面
Mon, 02 Nov 2020 20:08:11-run_all_case.py-test_backStage_examine.py-[line:64]-INFO-[日志信息]: 企业认证通过
Mon, 02 Nov 2020 20:08:13-run_all_case.py-test_backStage_authentication.py-[line:173]-INFO-[日志信息]: 开始执行脚本test_backStageActCreate:

Mon, 02 Nov 2020 20:08:24-run_all_case.py-test_backStage_examine.py-[line:77]-INFO-[日志信息]: 成功登录后台系统
Mon, 02 Nov 2020 20:08:24-run_all_case.py-test_backStage_authentication.py-[line:183]-INFO-[日志信息]: 机构信息DB删除
Mon, 02 Nov 2020 20:08:42-run_all_case.py-test_backStage_authentication.py-[line:341]-INFO-[日志信息]: 进入担保公司创建页面
Mon, 02 Nov 2020 20:08:46-run_all_case.py-test_backStage_authentication.py-[line:339]-INFO-[日志信息]: 进入银行账户创建页面
Mon, 02 Nov 2020 20:08:50-run_all_case.py-test_backStage_authentication.py-[line:278]-INFO-[日志信息]: 开始执行脚本test_backStage_authentication:

Mon, 02 Nov 2020 20:08:50-run_all_case.py-test_backStage_authentication.py-[line:281]-INFO-[日志信息]: 开始执行脚本test_backStage_authentication:

Mon, 02 Nov 2020 20:09:04-run_all_case.py-test_login.py-[line:173]-INFO-[日志信息]: 成功进入到密码重置页面
Mon, 02 Nov 2020 20:09:07-run_all_case.py-test_login.py-[line:180]-INFO-[日志信息]: 成功进入到密码修改完成页面
Mon, 02 Nov 2020 20:09:11-run_all_case.py-test_login.py-[line:173]-INFO-[日志信息]: 成功进入到密码重置页面
Mon, 02 Nov 2020 20:09:14-run_all_case.py-test_login.py-[line:180]-INFO-[日志信息]: 成功进入到密码修改完成页面
Mon, 02 Nov 2020 20:09:14-run_all_case.py-test_backStage_examine.py-[line:77]-INFO-[日志信息]: 成功登录后台系统
Mon, 02 Nov 2020 20:09:19-run_all_case.py-test_backStage_authentication.py-[line:236]-INFO-[日志信息]: 企业信息认证
Mon, 02 Nov 2020 20:09:21-run_all_case.py-test_backStage_authentication.py-[line:253]-INFO-[日志信息]: 协议内容确认页面
Mon, 02 Nov 2020 20:09:31-run_all_case.py-test_backStage_authentication.py-[line:265]-INFO-[日志信息]: 二维码认证页面
Mon, 02 Nov 2020 20:09:47-run_all_case.py-test_backStage_examine.py-[line:77]-INFO-[日志信息]: 成功登录后台系统
Mon, 02 Nov 2020 20:09:53-run_all_case.py-test_backStage_authentication.py-[line:236]-INFO-[日志信息]: 企业信息认证
Mon, 02 Nov 2020 20:09:55-run_all_case.py-test_backStage_authentication.py-[line:253]-INFO-[日志信息]: 协议内容确认页面
Mon, 02 Nov 2020 20:10:04-run_all_case.py-test_backStage_authentication.py-[line:265]-INFO-[日志信息]: 二维码认证页面
Mon, 02 Nov 2020 20:10:10-run_all_case.py-test_backStage_authentication.py-[line:44]-INFO-[日志信息]: 首页
Mon, 02 Nov 2020 20:10:12-run_all_case.py-test_backStage_authentication.py-[line:48]-INFO-[日志信息]: 产品基本信息
Mon, 02 Nov 2020 20:10:20-run_all_case.py-test_backStage_authentication.py-[line:139]-INFO-[日志信息]: 产品特性
Mon, 02 Nov 2020 20:10:22-run_all_case.py-test_backStage_authentication.py-[line:154]-INFO-[日志信息]: 计分卡
Mon, 02 Nov 2020 20:10:23-run_all_case.py-test_backStage_authentication.py-[line:161]-INFO-[日志信息]: 进件信息
Mon, 02 Nov 2020 20:10:27-run_all_case.py-test_Tripartite_interaction.py-[line:144]-INFO-[日志信息]: 开始执行脚本test_Tripartite_interaction:

Mon, 02 Nov 2020 20:10:37-run_all_case.py-test_Tripartite_interaction.py-[line:151]-INFO-[日志信息]: 前端账户登录授信申请
Mon, 02 Nov 2020 20:10:42-run_all_case.py-test_Tripartite_interaction.py-[line:351]-INFO-[日志信息]: 进入到前端首页
Mon, 02 Nov 2020 20:10:42-run_all_case.py-test_Tripartite_interaction.py-[line:354]-INFO-[日志信息]: 进入到前端进入产品选择首页
Mon, 02 Nov 2020 20:10:44-run_all_case.py-test_Tripartite_interaction.py-[line:359]-INFO-[日志信息]: 进入到前端进入产品详情页
