Sun, 27 Sep 2020 15:23:33-run_all_case.py-run_all_case.py-[line:27]-INFO-[日志信息]: ==================================2020-09-27 15:23:33===================================
Sun, 27 Sep 2020 15:23:34-run_all_case.py-test_api_per.py-[line:30]-INFO-[日志信息]: 开始执行脚本<module>:

Sun, 27 Sep 2020 15:23:58-run_all_case.py-run_all_case.py-[line:27]-INFO-[日志信息]: ==================================2020-09-27 15:23:58===================================
Sun, 27 Sep 2020 15:24:13-run_all_case.py-test_login.py-[line:53]-INFO-[日志信息]: 开始执行脚本test_companyRegister:

Sun, 27 Sep 2020 15:24:24-run_all_case.py-test_login.py-[line:60]-INFO-[日志信息]: 对已注册的账户进行删除操作
Sun, 27 Sep 2020 15:24:28-test_companyRegister-Assert.py-[line:124]-INFO-[日志信息]: except_result = actul_result, except_result is 中小微企业金融服务聚合平台, actul_result is 中小微企业金融服务聚合平台
Sun, 27 Sep 2020 15:24:28-run_all_case.py-test_login.py-[line:88]-INFO-[日志信息]: 注册成功，返回到登陆页面
Sun, 27 Sep 2020 15:24:31-run_all_case.py-test_personalInfoReg.py-[line:33]-INFO-[日志信息]: 开始执行脚本test_infoReg:

Sun, 27 Sep 2020 15:24:31-run_all_case.py-test_personalInfoReg.py-[line:37]-INFO-[日志信息]: 对个人信息企业信息进行删除操作
Sun, 27 Sep 2020 15:25:27-run_all_case.py-run_all_case.py-[line:27]-INFO-[日志信息]: ==================================2020-09-27 15:25:27===================================
Sun, 27 Sep 2020 15:25:43-run_all_case.py-test_login.py-[line:53]-INFO-[日志信息]: 开始执行脚本test_companyRegister:

Sun, 27 Sep 2020 15:25:53-run_all_case.py-test_login.py-[line:60]-INFO-[日志信息]: 对已注册的账户进行删除操作
Sun, 27 Sep 2020 15:25:57-test_companyRegister-Assert.py-[line:124]-INFO-[日志信息]: except_result = actul_result, except_result is 中小微企业金融服务聚合平台, actul_result is 中小微企业金融服务聚合平台
Sun, 27 Sep 2020 15:25:57-run_all_case.py-test_login.py-[line:88]-INFO-[日志信息]: 注册成功，返回到登陆页面
Sun, 27 Sep 2020 15:26:00-run_all_case.py-test_personalInfoReg.py-[line:33]-INFO-[日志信息]: 开始执行脚本test_infoReg:

Sun, 27 Sep 2020 15:26:00-run_all_case.py-test_personalInfoReg.py-[line:37]-INFO-[日志信息]: 对个人信息企业信息进行删除操作
Sun, 27 Sep 2020 15:26:11-test_infoReg-Assert.py-[line:124]-INFO-[日志信息]: except_result = actul_result, except_result is 首页, actul_result is 首页
Sun, 27 Sep 2020 15:26:11-run_all_case.py-test_personalInfoReg.py-[line:51]-INFO-[日志信息]: 进入登陆页面
Sun, 27 Sep 2020 15:26:16-test_infoReg-Assert.py-[line:124]-INFO-[日志信息]: except_result = actul_result, except_result is 实名认证, actul_result is 实名认证
Sun, 27 Sep 2020 15:26:16-run_all_case.py-test_personalInfoReg.py-[line:57]-INFO-[日志信息]: 实名认证画面成功显示
Sun, 27 Sep 2020 15:26:30-test_infoReg-Assert.py-[line:124]-INFO-[日志信息]: except_result = actul_result, except_result is 认证中, actul_result is 认证中
Sun, 27 Sep 2020 15:26:30-run_all_case.py-test_personalInfoReg.py-[line:95]-INFO-[日志信息]: 实名认证中画面显示
Sun, 27 Sep 2020 15:26:30-test_infoReg-Assert.py-[line:124]-INFO-[日志信息]: except_result = actul_result, except_result is 马化腾, actul_result is 马化腾
Sun, 27 Sep 2020 15:26:30-test_infoReg-Assert.py-[line:124]-INFO-[日志信息]: except_result = actul_result, except_result is 11010119900307475X, actul_result is 11010119900307475X
Sun, 27 Sep 2020 15:26:30-test_infoReg-Assert.py-[line:124]-INFO-[日志信息]: except_result = actul_result, except_result is 17621198933, actul_result is 17621198933
Sun, 27 Sep 2020 15:26:39-test_infoReg-Assert.py-[line:124]-INFO-[日志信息]: except_result = actul_result, except_result is 认证成功, actul_result is 认证成功
Sun, 27 Sep 2020 15:26:39-run_all_case.py-test_personalInfoReg.py-[line:109]-INFO-[日志信息]: 实名认证成功画面显示
Sun, 27 Sep 2020 15:26:39-test_infoReg-Assert.py-[line:124]-INFO-[日志信息]: except_result = actul_result, except_result is 实名认证, actul_result is 实名认证
Sun, 27 Sep 2020 15:26:39-run_all_case.py-test_personalInfoReg.py-[line:114]-INFO-[日志信息]: 点击查看认证信息按钮，跳转到实名认证画面
Sun, 27 Sep 2020 15:26:42-run_all_case.py-test_businessInfoReg.py-[line:33]-INFO-[日志信息]: 开始执行脚本test_businessInforReg:

Sun, 27 Sep 2020 15:26:52-test_businessInforReg-Assert.py-[line:124]-INFO-[日志信息]: except_result = actul_result, except_result is 企业基本资料, actul_result is 企业基本资料
Sun, 27 Sep 2020 15:26:52-run_all_case.py-test_businessInfoReg.py-[line:44]-INFO-[日志信息]: 企业基本资料画面正常显示
Sun, 27 Sep 2020 15:27:02-test_businessInforReg-Assert.py-[line:124]-INFO-[日志信息]: except_result = actul_result, except_result is 请确认协议内容, actul_result is 请确认协议内容
Sun, 27 Sep 2020 15:27:02-run_all_case.py-test_businessInfoReg.py-[line:106]-INFO-[日志信息]: 协议确认画面正常显示
Sun, 27 Sep 2020 15:27:12-test_businessInforReg-Assert.py-[line:124]-INFO-[日志信息]: except_result = actul_result, except_result is 认证中, actul_result is 认证中
Sun, 27 Sep 2020 15:27:12-run_all_case.py-test_businessInfoReg.py-[line:116]-INFO-[日志信息]: 企业信息认证中画面正常显示
Sun, 27 Sep 2020 15:27:35-test_businessInforReg-Assert.py-[line:124]-INFO-[日志信息]: except_result = actul_result, except_result is 审核中, actul_result is 审核中
Sun, 27 Sep 2020 15:27:35-run_all_case.py-test_businessInfoReg.py-[line:130]-INFO-[日志信息]: 企业信息审核中画面正常显示
Sun, 27 Sep 2020 15:27:35-test_businessInforReg-Assert.py-[line:124]-INFO-[日志信息]: except_result = actul_result, except_result is 企业基本资料, actul_result is 企业基本资料
Sun, 27 Sep 2020 15:27:35-run_all_case.py-test_businessInfoReg.py-[line:137]-INFO-[日志信息]: 企业基本资料画面正常显示
Sun, 27 Sep 2020 15:27:37-run_all_case.py-test_backStage_examine.py-[line:24]-INFO-[日志信息]: 开始执行脚本test_backstage_examine:

Sun, 27 Sep 2020 15:29:25-run_all_case.py-run_all_case.py-[line:27]-INFO-[日志信息]: ==================================2020-09-27 15:29:25===================================
Sun, 27 Sep 2020 15:29:41-run_all_case.py-test_login.py-[line:53]-INFO-[日志信息]: 开始执行脚本test_companyRegister:

Sun, 27 Sep 2020 15:29:51-run_all_case.py-test_login.py-[line:60]-INFO-[日志信息]: 对已注册的账户进行删除操作
Sun, 27 Sep 2020 15:29:55-test_companyRegister-Assert.py-[line:124]-INFO-[日志信息]: except_result = actul_result, except_result is 中小微企业金融服务聚合平台, actul_result is 中小微企业金融服务聚合平台
Sun, 27 Sep 2020 15:29:55-run_all_case.py-test_login.py-[line:88]-INFO-[日志信息]: 注册成功，返回到登陆页面
Sun, 27 Sep 2020 15:29:58-run_all_case.py-test_personalInfoReg.py-[line:33]-INFO-[日志信息]: 开始执行脚本test_infoReg:

Sun, 27 Sep 2020 15:29:58-run_all_case.py-test_personalInfoReg.py-[line:37]-INFO-[日志信息]: 对个人信息企业信息进行删除操作
Sun, 27 Sep 2020 15:30:09-test_infoReg-Assert.py-[line:124]-INFO-[日志信息]: except_result = actul_result, except_result is 首页, actul_result is 首页
Sun, 27 Sep 2020 15:30:09-run_all_case.py-test_personalInfoReg.py-[line:51]-INFO-[日志信息]: 进入登陆页面
Sun, 27 Sep 2020 15:30:10-test_infoReg-Assert.py-[line:124]-INFO-[日志信息]: except_result = actul_result, except_result is 实名认证, actul_result is 实名认证
Sun, 27 Sep 2020 15:30:10-run_all_case.py-test_personalInfoReg.py-[line:57]-INFO-[日志信息]: 实名认证画面成功显示
Sun, 27 Sep 2020 15:30:24-test_infoReg-Assert.py-[line:124]-INFO-[日志信息]: except_result = actul_result, except_result is 认证中, actul_result is 认证中
Sun, 27 Sep 2020 15:30:24-run_all_case.py-test_personalInfoReg.py-[line:95]-INFO-[日志信息]: 实名认证中画面显示
Sun, 27 Sep 2020 15:30:24-test_infoReg-Assert.py-[line:124]-INFO-[日志信息]: except_result = actul_result, except_result is 马化腾, actul_result is 马化腾
Sun, 27 Sep 2020 15:30:24-test_infoReg-Assert.py-[line:124]-INFO-[日志信息]: except_result = actul_result, except_result is 11010119900307475X, actul_result is 11010119900307475X
Sun, 27 Sep 2020 15:30:24-test_infoReg-Assert.py-[line:124]-INFO-[日志信息]: except_result = actul_result, except_result is 17621198933, actul_result is 17621198933
Sun, 27 Sep 2020 15:30:34-test_infoReg-Assert.py-[line:124]-INFO-[日志信息]: except_result = actul_result, except_result is 认证成功, actul_result is 认证成功
Sun, 27 Sep 2020 15:30:34-run_all_case.py-test_personalInfoReg.py-[line:109]-INFO-[日志信息]: 实名认证成功画面显示
Sun, 27 Sep 2020 15:30:34-test_infoReg-Assert.py-[line:124]-INFO-[日志信息]: except_result = actul_result, except_result is 实名认证, actul_result is 实名认证
Sun, 27 Sep 2020 15:30:34-run_all_case.py-test_personalInfoReg.py-[line:114]-INFO-[日志信息]: 点击查看认证信息按钮，跳转到实名认证画面
Sun, 27 Sep 2020 15:30:36-run_all_case.py-test_businessInfoReg.py-[line:33]-INFO-[日志信息]: 开始执行脚本test_businessInforReg:

Sun, 27 Sep 2020 15:32:14-run_all_case.py-run_all_case.py-[line:27]-INFO-[日志信息]: ==================================2020-09-27 15:32:14===================================
Sun, 27 Sep 2020 15:32:29-run_all_case.py-test_login.py-[line:53]-INFO-[日志信息]: 开始执行脚本test_companyRegister:

Sun, 27 Sep 2020 15:32:39-run_all_case.py-test_login.py-[line:60]-INFO-[日志信息]: 对已注册的账户进行删除操作
Sun, 27 Sep 2020 15:32:44-test_companyRegister-Assert.py-[line:124]-INFO-[日志信息]: except_result = actul_result, except_result is 中小微企业金融服务聚合平台, actul_result is 中小微企业金融服务聚合平台
Sun, 27 Sep 2020 15:32:44-run_all_case.py-test_login.py-[line:88]-INFO-[日志信息]: 注册成功，返回到登陆页面
Sun, 27 Sep 2020 15:32:47-run_all_case.py-test_personalInfoReg.py-[line:33]-INFO-[日志信息]: 开始执行脚本test_infoReg:

Sun, 27 Sep 2020 15:32:47-run_all_case.py-test_personalInfoReg.py-[line:37]-INFO-[日志信息]: 对个人信息企业信息进行删除操作
Sun, 27 Sep 2020 15:32:58-test_infoReg-Assert.py-[line:124]-INFO-[日志信息]: except_result = actul_result, except_result is 首页, actul_result is 首页
Sun, 27 Sep 2020 15:32:58-run_all_case.py-test_personalInfoReg.py-[line:51]-INFO-[日志信息]: 进入登陆页面
Sun, 27 Sep 2020 15:32:59-test_infoReg-Assert.py-[line:124]-INFO-[日志信息]: except_result = actul_result, except_result is 实名认证, actul_result is 实名认证
Sun, 27 Sep 2020 15:32:59-run_all_case.py-test_personalInfoReg.py-[line:57]-INFO-[日志信息]: 实名认证画面成功显示
Sun, 27 Sep 2020 15:33:12-test_infoReg-Assert.py-[line:124]-INFO-[日志信息]: except_result = actul_result, except_result is 认证中, actul_result is 认证中
Sun, 27 Sep 2020 15:33:12-run_all_case.py-test_personalInfoReg.py-[line:95]-INFO-[日志信息]: 实名认证中画面显示
Sun, 27 Sep 2020 15:33:12-test_infoReg-Assert.py-[line:124]-INFO-[日志信息]: except_result = actul_result, except_result is 马化腾, actul_result is 马化腾
Sun, 27 Sep 2020 15:33:12-test_infoReg-Assert.py-[line:124]-INFO-[日志信息]: except_result = actul_result, except_result is 11010119900307475X, actul_result is 11010119900307475X
Sun, 27 Sep 2020 15:33:12-test_infoReg-Assert.py-[line:124]-INFO-[日志信息]: except_result = actul_result, except_result is 17621198933, actul_result is 17621198933
Sun, 27 Sep 2020 15:33:22-test_infoReg-Assert.py-[line:124]-INFO-[日志信息]: except_result = actul_result, except_result is 认证成功, actul_result is 认证成功
Sun, 27 Sep 2020 15:33:22-run_all_case.py-test_personalInfoReg.py-[line:109]-INFO-[日志信息]: 实名认证成功画面显示
Sun, 27 Sep 2020 15:33:22-test_infoReg-Assert.py-[line:124]-INFO-[日志信息]: except_result = actul_result, except_result is 实名认证, actul_result is 实名认证
Sun, 27 Sep 2020 15:33:22-run_all_case.py-test_personalInfoReg.py-[line:114]-INFO-[日志信息]: 点击查看认证信息按钮，跳转到实名认证画面
Sun, 27 Sep 2020 15:33:24-run_all_case.py-test_businessInfoReg.py-[line:33]-INFO-[日志信息]: 开始执行脚本test_businessInforReg:

Sun, 27 Sep 2020 15:33:35-test_businessInforReg-Assert.py-[line:124]-INFO-[日志信息]: except_result = actul_result, except_result is 企业基本资料, actul_result is 企业基本资料
Sun, 27 Sep 2020 15:33:35-run_all_case.py-test_businessInfoReg.py-[line:44]-INFO-[日志信息]: 企业基本资料画面正常显示
Sun, 27 Sep 2020 15:33:45-test_businessInforReg-Assert.py-[line:124]-INFO-[日志信息]: except_result = actul_result, except_result is 请确认协议内容, actul_result is 请确认协议内容
Sun, 27 Sep 2020 15:33:45-run_all_case.py-test_businessInfoReg.py-[line:106]-INFO-[日志信息]: 协议确认画面正常显示
Sun, 27 Sep 2020 15:33:48-test_businessInforReg-Assert.py-[line:124]-INFO-[日志信息]: except_result = actul_result, except_result is 认证中, actul_result is 认证中
Sun, 27 Sep 2020 15:33:48-run_all_case.py-test_businessInfoReg.py-[line:116]-INFO-[日志信息]: 企业信息认证中画面正常显示
Sun, 27 Sep 2020 15:34:11-test_businessInforReg-Assert.py-[line:124]-INFO-[日志信息]: except_result = actul_result, except_result is 审核中, actul_result is 审核中
Sun, 27 Sep 2020 15:34:11-run_all_case.py-test_businessInfoReg.py-[line:130]-INFO-[日志信息]: 企业信息审核中画面正常显示
Sun, 27 Sep 2020 15:34:11-test_businessInforReg-Assert.py-[line:124]-INFO-[日志信息]: except_result = actul_result, except_result is 企业基本资料, actul_result is 企业基本资料
