Wed, 19 Aug 2020 10:59:07-run_all_uicase.py-run_all_uicase.py-[line:27]-INFO-[日志信息]: ==================================2020-08-19 10:59:07===================================
Wed, 19 Aug 2020 10:59:07-run_all_uicase.py-test_login.py-[line:51]-INFO-[日志信息]: 开始执行脚本test_companyRegister:

Wed, 19 Aug 2020 10:59:18-run_all_uicase.py-test_login.py-[line:58]-INFO-[日志信息]: 对已注册的账户进行删除操作
Wed, 19 Aug 2020 10:59:22-test_companyRegister-Assert.py-[line:123]-INFO-[日志信息]: except_result = actul_result, except_result is 中小微企业金融服务聚合平台, actul_result is 中小微企业金融服务聚合平台
Wed, 19 Aug 2020 10:59:22-run_all_uicase.py-test_login.py-[line:85]-INFO-[日志信息]: 注册成功，返回到登陆页面
Wed, 19 Aug 2020 10:59:24-run_all_uicase.py-test_personalInfoReg.py-[line:32]-INFO-[日志信息]: 开始执行脚本test_infoReg:

Wed, 19 Aug 2020 10:59:24-run_all_uicase.py-test_personalInfoReg.py-[line:36]-INFO-[日志信息]: 对个人信息企业信息进行删除操作
Wed, 19 Aug 2020 10:59:36-test_infoReg-Assert.py-[line:123]-INFO-[日志信息]: except_result = actul_result, except_result is 首页, actul_result is 首页
Wed, 19 Aug 2020 10:59:36-run_all_uicase.py-test_personalInfoReg.py-[line:49]-INFO-[日志信息]: 进入登陆页面
Wed, 19 Aug 2020 10:59:37-test_infoReg-Assert.py-[line:123]-INFO-[日志信息]: except_result = actul_result, except_result is 实名认证, actul_result is 实名认证
Wed, 19 Aug 2020 10:59:37-run_all_uicase.py-test_personalInfoReg.py-[line:54]-INFO-[日志信息]: 实名认证画面成功显示
Wed, 19 Aug 2020 10:59:39-test_infoReg-Assert.py-[line:123]-INFO-[日志信息]: except_result = actul_result, except_result is 认证中, actul_result is 认证中
Wed, 19 Aug 2020 10:59:39-run_all_uicase.py-test_personalInfoReg.py-[line:89]-INFO-[日志信息]: 实名认证中画面显示
Wed, 19 Aug 2020 10:59:39-test_infoReg-Assert.py-[line:123]-INFO-[日志信息]: except_result = actul_result, except_result is 测试用户, actul_result is 测试用户
Wed, 19 Aug 2020 10:59:39-test_infoReg-Assert.py-[line:123]-INFO-[日志信息]: except_result = actul_result, except_result is 11010119900307475X, actul_result is 11010119900307475X
Wed, 19 Aug 2020 10:59:39-test_infoReg-Assert.py-[line:123]-INFO-[日志信息]: except_result = actul_result, except_result is 17621123301, actul_result is 17621123301
Wed, 19 Aug 2020 11:01:39-run_all_uicase.py-test_businessInfoReg.py-[line:29]-INFO-[日志信息]: 开始执行脚本test_businessInforReg:

Wed, 19 Aug 2020 11:02:54-run_all_uicase.py-run_all_uicase.py-[line:27]-INFO-[日志信息]: ==================================2020-08-19 11:02:54===================================
Wed, 19 Aug 2020 11:02:55-run_all_uicase.py-test_login.py-[line:51]-INFO-[日志信息]: 开始执行脚本test_companyRegister:

Wed, 19 Aug 2020 11:03:04-run_all_uicase.py-test_login.py-[line:58]-INFO-[日志信息]: 对已注册的账户进行删除操作
Wed, 19 Aug 2020 11:03:57-run_all_uicase.py-run_all_uicase.py-[line:27]-INFO-[日志信息]: ==================================2020-08-19 11:03:57===================================
Wed, 19 Aug 2020 11:03:57-run_all_uicase.py-test_login.py-[line:51]-INFO-[日志信息]: 开始执行脚本test_companyRegister:

Wed, 19 Aug 2020 11:04:07-run_all_uicase.py-test_login.py-[line:58]-INFO-[日志信息]: 对已注册的账户进行删除操作
Wed, 19 Aug 2020 11:04:11-test_companyRegister-Assert.py-[line:123]-INFO-[日志信息]: except_result = actul_result, except_result is 中小微企业金融服务聚合平台, actul_result is 中小微企业金融服务聚合平台
Wed, 19 Aug 2020 11:04:11-run_all_uicase.py-test_login.py-[line:85]-INFO-[日志信息]: 注册成功，返回到登陆页面
Wed, 19 Aug 2020 11:04:14-run_all_uicase.py-test_personalInfoReg.py-[line:32]-INFO-[日志信息]: 开始执行脚本test_infoReg:

Wed, 19 Aug 2020 11:04:14-run_all_uicase.py-test_personalInfoReg.py-[line:36]-INFO-[日志信息]: 对个人信息企业信息进行删除操作
Wed, 19 Aug 2020 11:04:24-test_infoReg-Assert.py-[line:123]-INFO-[日志信息]: except_result = actul_result, except_result is 首页, actul_result is 首页
Wed, 19 Aug 2020 11:04:24-run_all_uicase.py-test_personalInfoReg.py-[line:49]-INFO-[日志信息]: 进入登陆页面
Wed, 19 Aug 2020 11:04:25-test_infoReg-Assert.py-[line:123]-INFO-[日志信息]: except_result = actul_result, except_result is 实名认证, actul_result is 实名认证
Wed, 19 Aug 2020 11:04:25-run_all_uicase.py-test_personalInfoReg.py-[line:54]-INFO-[日志信息]: 实名认证画面成功显示
Wed, 19 Aug 2020 11:04:27-test_infoReg-Assert.py-[line:123]-INFO-[日志信息]: except_result = actul_result, except_result is 认证中, actul_result is 认证中
Wed, 19 Aug 2020 11:04:27-run_all_uicase.py-test_personalInfoReg.py-[line:89]-INFO-[日志信息]: 实名认证中画面显示
Wed, 19 Aug 2020 11:04:27-test_infoReg-Assert.py-[line:123]-INFO-[日志信息]: except_result = actul_result, except_result is 测试用户, actul_result is 测试用户
Wed, 19 Aug 2020 11:04:27-test_infoReg-Assert.py-[line:123]-INFO-[日志信息]: except_result = actul_result, except_result is 11010119900307475X, actul_result is 11010119900307475X
Wed, 19 Aug 2020 11:04:27-test_infoReg-Assert.py-[line:123]-INFO-[日志信息]: except_result = actul_result, except_result is 17621125501, actul_result is 17621125501
Wed, 19 Aug 2020 11:04:57-test_infoReg-Assert.py-[line:123]-INFO-[日志信息]: except_result = actul_result, except_result is 认证成功, actul_result is 认证成功
Wed, 19 Aug 2020 11:04:57-run_all_uicase.py-test_personalInfoReg.py-[line:103]-INFO-[日志信息]: 实名认证成功画面显示
Wed, 19 Aug 2020 11:04:57-test_infoReg-Assert.py-[line:123]-INFO-[日志信息]: except_result = actul_result, except_result is 实名认证, actul_result is 实名认证
Wed, 19 Aug 2020 11:04:57-run_all_uicase.py-test_personalInfoReg.py-[line:108]-INFO-[日志信息]: 点击查看认证信息按钮，跳转到实名认证画面
Wed, 19 Aug 2020 11:04:59-run_all_uicase.py-test_businessInfoReg.py-[line:29]-INFO-[日志信息]: 开始执行脚本test_businessInforReg:

Wed, 19 Aug 2020 11:05:10-test_businessInforReg-Assert.py-[line:123]-INFO-[日志信息]: except_result = actul_result, except_result is 企业基本资料, actul_result is 企业基本资料
Wed, 19 Aug 2020 11:05:10-run_all_uicase.py-test_businessInfoReg.py-[line:40]-INFO-[日志信息]: 企业基本资料画面正常显示
Wed, 19 Aug 2020 11:05:15-test_businessInforReg-Assert.py-[line:123]-INFO-[日志信息]: except_result = actul_result, except_result is 请确认协议内容, actul_result is 请确认协议内容
Wed, 19 Aug 2020 11:05:15-run_all_uicase.py-test_businessInfoReg.py-[line:95]-INFO-[日志信息]: 协议确认画面正常显示
Wed, 19 Aug 2020 11:05:19-test_businessInforReg-Assert.py-[line:123]-INFO-[日志信息]: except_result = actul_result, except_result is 认证中, actul_result is 认证中
Wed, 19 Aug 2020 11:05:19-run_all_uicase.py-test_businessInfoReg.py-[line:105]-INFO-[日志信息]: 企业信息认证中画面正常显示
Wed, 19 Aug 2020 11:06:02-test_businessInforReg-Assert.py-[line:123]-INFO-[日志信息]: except_result = actul_result, except_result is 审核中, actul_result is 审核中
Wed, 19 Aug 2020 11:06:02-run_all_uicase.py-test_businessInfoReg.py-[line:116]-INFO-[日志信息]: 企业信息审核中画面正常显示
Wed, 19 Aug 2020 11:06:02-test_businessInforReg-Assert.py-[line:123]-INFO-[日志信息]: except_result = actul_result, except_result is 企业基本资料, actul_result is 企业基本资料
Wed, 19 Aug 2020 11:06:02-run_all_uicase.py-test_businessInfoReg.py-[line:123]-INFO-[日志信息]: 企业基本资料画面正常显示
Wed, 19 Aug 2020 16:45:57-run_all_uicase.py-run_all_uicase.py-[line:27]-INFO-[日志信息]: ==================================2020-08-19 16:45:57===================================
Wed, 19 Aug 2020 16:45:58-run_all_uicase.py-test_login.py-[line:51]-INFO-[日志信息]: 开始执行脚本test_companyRegister:

Wed, 19 Aug 2020 16:46:08-run_all_uicase.py-test_login.py-[line:58]-INFO-[日志信息]: 对已注册的账户进行删除操作
Wed, 19 Aug 2020 16:46:12-test_companyRegister-Assert.py-[line:123]-INFO-[日志信息]: except_result = actul_result, except_result is 中小微企业金融服务聚合平台, actul_result is 中小微企业金融服务聚合平台
Wed, 19 Aug 2020 16:46:12-run_all_uicase.py-test_login.py-[line:85]-INFO-[日志信息]: 注册成功，返回到登陆页面
Wed, 19 Aug 2020 16:46:14-run_all_uicase.py-test_personalInfoReg.py-[line:32]-INFO-[日志信息]: 开始执行脚本test_infoReg:

Wed, 19 Aug 2020 16:46:14-run_all_uicase.py-test_personalInfoReg.py-[line:36]-INFO-[日志信息]: 对个人信息企业信息进行删除操作
Wed, 19 Aug 2020 16:46:24-test_infoReg-Assert.py-[line:123]-INFO-[日志信息]: except_result = actul_result, except_result is 首页, actul_result is 首页
Wed, 19 Aug 2020 16:46:24-run_all_uicase.py-test_personalInfoReg.py-[line:49]-INFO-[日志信息]: 进入登陆页面
Wed, 19 Aug 2020 16:46:29-test_infoReg-Assert.py-[line:123]-INFO-[日志信息]: except_result = actul_result, except_result is 实名认证, actul_result is 实名认证
Wed, 19 Aug 2020 16:46:29-run_all_uicase.py-test_personalInfoReg.py-[line:54]-INFO-[日志信息]: 实名认证画面成功显示
Wed, 19 Aug 2020 16:46:31-test_infoReg-Assert.py-[line:123]-INFO-[日志信息]: except_result = actul_result, except_result is 认证中, actul_result is 认证中
Wed, 19 Aug 2020 16:46:31-run_all_uicase.py-test_personalInfoReg.py-[line:89]-INFO-[日志信息]: 实名认证中画面显示
Wed, 19 Aug 2020 16:46:31-test_infoReg-Assert.py-[line:123]-INFO-[日志信息]: except_result = actul_result, except_result is 测试用户, actul_result is 测试用户
Wed, 19 Aug 2020 16:46:31-test_infoReg-Assert.py-[line:123]-INFO-[日志信息]: except_result = actul_result, except_result is 11010119900307475X, actul_result is 11010119900307475X
Wed, 19 Aug 2020 16:46:31-test_infoReg-Assert.py-[line:123]-INFO-[日志信息]: except_result = actul_result, except_result is 17621125502, actul_result is 17621125502
Wed, 19 Aug 2020 16:47:51-test_infoReg-Assert.py-[line:123]-INFO-[日志信息]: except_result = actul_result, except_result is 认证成功, actul_result is 认证成功
Wed, 19 Aug 2020 16:47:51-run_all_uicase.py-test_personalInfoReg.py-[line:103]-INFO-[日志信息]: 实名认证成功画面显示
Wed, 19 Aug 2020 16:47:51-test_infoReg-Assert.py-[line:123]-INFO-[日志信息]: except_result = actul_result, except_result is 实名认证, actul_result is 实名认证
Wed, 19 Aug 2020 16:47:51-run_all_uicase.py-test_personalInfoReg.py-[line:108]-INFO-[日志信息]: 点击查看认证信息按钮，跳转到实名认证画面
Wed, 19 Aug 2020 16:47:53-run_all_uicase.py-test_businessInfoReg.py-[line:29]-INFO-[日志信息]: 开始执行脚本test_businessInforReg:

Wed, 19 Aug 2020 16:48:04-test_businessInforReg-Assert.py-[line:123]-INFO-[日志信息]: except_result = actul_result, except_result is 企业基本资料, actul_result is 企业基本资料
Wed, 19 Aug 2020 16:48:04-run_all_uicase.py-test_businessInfoReg.py-[line:40]-INFO-[日志信息]: 企业基本资料画面正常显示
Wed, 19 Aug 2020 16:48:06-run_all_uicase.py-test_backStage_examine.py-[line:24]-INFO-[日志信息]: 开始执行脚本test_backstage_examine:

Wed, 19 Aug 2020 16:48:37-run_all_uicase.py-test_login.py-[line:26]-INFO-[日志信息]: 开始执行脚本test_companyLoginOn:

Wed, 19 Aug 2020 16:48:47-test_companyLoginOn-Assert.py-[line:123]-INFO-[日志信息]: except_result = actul_result, except_result is 首页, actul_result is 首页
Wed, 19 Aug 2020 16:48:47-run_all_uicase.py-test_login.py-[line:40]-INFO-[日志信息]: 中小微企业金融服务聚合平台登录成功！
Wed, 19 Aug 2020 16:48:49-run_all_uicase.py-test_login.py-[line:96]-INFO-[日志信息]: 开始执行脚本test_companyPassForget:

Wed, 19 Aug 2020 16:49:02-test_companyPassForget-Assert.py-[line:123]-INFO-[日志信息]: except_result = actul_result, except_result is 重置密码, actul_result is 重置密码
Wed, 19 Aug 2020 16:49:02-run_all_uicase.py-test_login.py-[line:122]-INFO-[日志信息]: 成功进入到密码重置页面
Wed, 19 Aug 2020 16:49:05-test_companyPassForget-Assert.py-[line:123]-INFO-[日志信息]: except_result = actul_result, except_result is 完成修改, actul_result is 完成修改
Wed, 19 Aug 2020 16:49:05-run_all_uicase.py-test_login.py-[line:133]-INFO-[日志信息]: 成功进入到密码修改完成页面
Wed, 19 Aug 2020 16:50:20-run_all_uicase.py-run_all_uicase.py-[line:27]-INFO-[日志信息]: ==================================2020-08-19 16:50:20===================================
Wed, 19 Aug 2020 16:50:20-run_all_uicase.py-test_backStage_authentication.py-[line:27]-INFO-[日志信息]: 开始执行脚本test_backStage_authentication:

Wed, 19 Aug 2020 16:50:55-run_all_uicase.py-run_all_uicase.py-[line:27]-INFO-[日志信息]: ==================================2020-08-19 16:50:55===================================
Wed, 19 Aug 2020 16:50:55-run_all_uicase.py-test_login.py-[line:51]-INFO-[日志信息]: 开始执行脚本test_companyRegister:

Wed, 19 Aug 2020 16:51:05-run_all_uicase.py-test_login.py-[line:58]-INFO-[日志信息]: 对已注册的账户进行删除操作
Wed, 19 Aug 2020 16:51:09-test_companyRegister-Assert.py-[line:123]-INFO-[日志信息]: except_result = actul_result, except_result is 中小微企业金融服务聚合平台, actul_result is 中小微企业金融服务聚合平台
Wed, 19 Aug 2020 16:51:09-run_all_uicase.py-test_login.py-[line:85]-INFO-[日志信息]: 注册成功，返回到登陆页面
Wed, 19 Aug 2020 16:51:12-run_all_uicase.py-test_personalInfoReg.py-[line:32]-INFO-[日志信息]: 开始执行脚本test_infoReg:

Wed, 19 Aug 2020 16:51:12-run_all_uicase.py-test_personalInfoReg.py-[line:36]-INFO-[日志信息]: 对个人信息企业信息进行删除操作
Wed, 19 Aug 2020 16:51:22-test_infoReg-Assert.py-[line:123]-INFO-[日志信息]: except_result = actul_result, except_result is 首页, actul_result is 首页
Wed, 19 Aug 2020 16:51:22-run_all_uicase.py-test_personalInfoReg.py-[line:49]-INFO-[日志信息]: 进入登陆页面
Wed, 19 Aug 2020 16:51:23-test_infoReg-Assert.py-[line:123]-INFO-[日志信息]: except_result = actul_result, except_result is 实名认证, actul_result is 实名认证
Wed, 19 Aug 2020 16:51:23-run_all_uicase.py-test_personalInfoReg.py-[line:54]-INFO-[日志信息]: 实名认证画面成功显示
Wed, 19 Aug 2020 16:51:25-test_infoReg-Assert.py-[line:123]-INFO-[日志信息]: except_result = actul_result, except_result is 认证中, actul_result is 认证中
Wed, 19 Aug 2020 16:51:25-run_all_uicase.py-test_personalInfoReg.py-[line:89]-INFO-[日志信息]: 实名认证中画面显示
Wed, 19 Aug 2020 16:51:25-test_infoReg-Assert.py-[line:123]-INFO-[日志信息]: except_result = actul_result, except_result is 测试用户, actul_result is 测试用户
Wed, 19 Aug 2020 16:51:25-test_infoReg-Assert.py-[line:123]-INFO-[日志信息]: except_result = actul_result, except_result is 11010119900307475X, actul_result is 11010119900307475X
Wed, 19 Aug 2020 16:51:25-test_infoReg-Assert.py-[line:123]-INFO-[日志信息]: except_result = actul_result, except_result is 17621198933, actul_result is 17621198933
Wed, 19 Aug 2020 16:51:55-test_infoReg-Assert.py-[line:123]-INFO-[日志信息]: except_result = actul_result, except_result is 认证成功, actul_result is 认证成功
Wed, 19 Aug 2020 16:51:55-run_all_uicase.py-test_personalInfoReg.py-[line:103]-INFO-[日志信息]: 实名认证成功画面显示
Wed, 19 Aug 2020 16:51:55-test_infoReg-Assert.py-[line:123]-INFO-[日志信息]: except_result = actul_result, except_result is 实名认证, actul_result is 实名认证
Wed, 19 Aug 2020 16:51:55-run_all_uicase.py-test_personalInfoReg.py-[line:108]-INFO-[日志信息]: 点击查看认证信息按钮，跳转到实名认证画面
Wed, 19 Aug 2020 16:51:57-run_all_uicase.py-test_businessInfoReg.py-[line:29]-INFO-[日志信息]: 开始执行脚本test_businessInforReg:

Wed, 19 Aug 2020 16:52:08-test_businessInforReg-Assert.py-[line:123]-INFO-[日志信息]: except_result = actul_result, except_result is 企业基本资料, actul_result is 企业基本资料
Wed, 19 Aug 2020 16:52:08-run_all_uicase.py-test_businessInfoReg.py-[line:40]-INFO-[日志信息]: 企业基本资料画面正常显示
Wed, 19 Aug 2020 16:52:10-run_all_uicase.py-test_backStage_examine.py-[line:24]-INFO-[日志信息]: 开始执行脚本test_backstage_examine:

Wed, 19 Aug 2020 16:52:30-run_all_uicase.py-test_login.py-[line:26]-INFO-[日志信息]: 开始执行脚本test_companyLoginOn:

