Thu, 24 Dec 2020 08:36:39-run_all_case.py-run_all_case.py-[line:57]-INFO-[日志信息]: ==================================2020-12-24 08:36:39===================================
Thu, 24 Dec 2020 08:36:46-run_all_case.py-test_login.py-[line:54]-INFO-[日志信息]: 开始执行脚本test_companyRegister:

Thu, 24 Dec 2020 08:36:58-run_all_case.py-test_login.py-[line:70]-INFO-[日志信息]: 对已注册的账户进行删除操作
Thu, 24 Dec 2020 08:37:03-test_companyRegister-Assert.py-[line:124]-INFO-[日志信息]: except_result = actul_result, except_result is 中小微企业金融服务聚合平台, actul_result is 中小微企业金融服务聚合平台
Thu, 24 Dec 2020 08:37:03-run_all_case.py-test_login.py-[line:98]-INFO-[日志信息]: 注册成功，返回到登陆页面
Thu, 24 Dec 2020 08:37:47-run_all_case.py-run_all_case.py-[line:57]-INFO-[日志信息]: ==================================2020-12-24 08:37:47===================================
Thu, 24 Dec 2020 08:37:48-run_all_case.py-test_login.py-[line:54]-INFO-[日志信息]: 开始执行脚本test_companyRegister:

Thu, 24 Dec 2020 08:37:58-run_all_case.py-test_login.py-[line:70]-INFO-[日志信息]: 对已注册的账户进行删除操作
Thu, 24 Dec 2020 08:38:03-test_companyRegister-Assert.py-[line:124]-INFO-[日志信息]: except_result = actul_result, except_result is 中小微企业金融服务聚合平台, actul_result is 中小微企业金融服务聚合平台
Thu, 24 Dec 2020 08:38:03-run_all_case.py-test_login.py-[line:98]-INFO-[日志信息]: 注册成功，返回到登陆页面
Thu, 24 Dec 2020 08:38:06-run_all_case.py-test_personalInfoReg.py-[line:34]-INFO-[日志信息]: 开始执行脚本test_infoReg:

Thu, 24 Dec 2020 08:38:06-run_all_case.py-test_personalInfoReg.py-[line:38]-INFO-[日志信息]: 对个人信息企业信息进行删除操作
Thu, 24 Dec 2020 08:38:17-test_infoReg-Assert.py-[line:124]-INFO-[日志信息]: except_result = actul_result, except_result is 首页, actul_result is 首页
Thu, 24 Dec 2020 08:38:17-run_all_case.py-test_personalInfoReg.py-[line:60]-INFO-[日志信息]: 进入登陆页面
Thu, 24 Dec 2020 08:38:40-test_infoReg-Assert.py-[line:124]-INFO-[日志信息]: except_result = actul_result, except_result is 认证中, actul_result is 认证中
Thu, 24 Dec 2020 08:38:40-run_all_case.py-test_personalInfoReg.py-[line:84]-INFO-[日志信息]: 实名认证中画面显示
Thu, 24 Dec 2020 08:38:40-test_infoReg-Assert.py-[line:124]-INFO-[日志信息]: except_result = actul_result, except_result is 李涛, actul_result is 李涛
Thu, 24 Dec 2020 08:38:40-test_infoReg-Assert.py-[line:124]-INFO-[日志信息]: except_result = actul_result, except_result is 410184198105155611, actul_result is 410184198105155611
Thu, 24 Dec 2020 08:38:40-test_infoReg-Assert.py-[line:124]-INFO-[日志信息]: except_result = actul_result, except_result is 17621100010, actul_result is 17621100010
Thu, 24 Dec 2020 08:38:49-test_infoReg-Assert.py-[line:124]-INFO-[日志信息]: except_result = actul_result, except_result is 认证成功, actul_result is 认证成功
Thu, 24 Dec 2020 08:38:49-run_all_case.py-test_personalInfoReg.py-[line:98]-INFO-[日志信息]: 实名认证成功画面显示
Thu, 24 Dec 2020 08:38:49-test_infoReg-Assert.py-[line:124]-INFO-[日志信息]: except_result = actul_result, except_result is 实名认证, actul_result is 实名认证
Thu, 24 Dec 2020 08:38:49-run_all_case.py-test_personalInfoReg.py-[line:103]-INFO-[日志信息]: 点击查看认证信息按钮，跳转到实名认证画面
Thu, 24 Dec 2020 08:38:51-run_all_case.py-test_businessInfoReg.py-[line:37]-INFO-[日志信息]: 开始执行脚本test_businessInforReg:

Thu, 24 Dec 2020 08:39:02-test_businessInforReg-Assert.py-[line:124]-INFO-[日志信息]: except_result = actul_result, except_result is 企业基本资料, actul_result is 企业基本资料
Thu, 24 Dec 2020 08:39:02-run_all_case.py-test_businessInfoReg.py-[line:56]-INFO-[日志信息]: 企业基本资料画面正常显示
Thu, 24 Dec 2020 08:39:21-test_businessInforReg-Assert.py-[line:124]-INFO-[日志信息]: except_result = actul_result, except_result is 请确认协议内容, actul_result is 请确认协议内容
Thu, 24 Dec 2020 08:39:21-run_all_case.py-test_businessInfoReg.py-[line:160]-INFO-[日志信息]: 协议确认画面正常显示
Thu, 24 Dec 2020 08:39:34-test_businessInforReg-Assert.py-[line:124]-INFO-[日志信息]: except_result = actul_result, except_result is 认证中, actul_result is 认证中
Thu, 24 Dec 2020 08:39:34-run_all_case.py-test_businessInfoReg.py-[line:170]-INFO-[日志信息]: 企业信息认证中画面正常显示
Thu, 24 Dec 2020 08:40:07-test_businessInforReg-Assert.py-[line:124]-INFO-[日志信息]: except_result = actul_result, except_result is 审核中, actul_result is 审核中
Thu, 24 Dec 2020 08:40:07-run_all_case.py-test_businessInfoReg.py-[line:184]-INFO-[日志信息]: 企业信息审核中画面正常显示
Thu, 24 Dec 2020 08:40:07-test_businessInforReg-Assert.py-[line:124]-INFO-[日志信息]: except_result = actul_result, except_result is 企业基本资料, actul_result is 企业基本资料
Thu, 24 Dec 2020 08:40:07-run_all_case.py-test_businessInfoReg.py-[line:191]-INFO-[日志信息]: 企业基本资料画面正常显示
Thu, 24 Dec 2020 08:40:09-run_all_case.py-test_backStage_examine.py-[line:25]-INFO-[日志信息]: 开始执行脚本test_backstage_examine:

Thu, 24 Dec 2020 08:40:20-run_all_case.py-test_backStage_examine.py-[line:95]-INFO-[日志信息]: 成功登录后台系统
Thu, 24 Dec 2020 08:40:25-test_backstage_examine-Assert.py-[line:124]-INFO-[日志信息]: except_result = actul_result, except_result is 用户基本信息, actul_result is 用户基本信息
Thu, 24 Dec 2020 08:40:25-run_all_case.py-test_backStage_examine.py-[line:65]-INFO-[日志信息]: 成功进入企业信息审核画面
Thu, 24 Dec 2020 08:40:27-run_all_case.py-test_backStage_examine.py-[line:82]-INFO-[日志信息]: 企业认证通过
Thu, 24 Dec 2020 08:42:06-run_all_case.py-run_all_case.py-[line:57]-INFO-[日志信息]: ==================================2020-12-24 08:42:06===================================
Thu, 24 Dec 2020 08:42:07-run_all_case.py-test_login.py-[line:54]-INFO-[日志信息]: 开始执行脚本test_companyRegister:

Thu, 24 Dec 2020 08:42:17-run_all_case.py-run_all_case.py-[line:57]-INFO-[日志信息]: ==================================2020-12-24 08:42:17===================================
Thu, 24 Dec 2020 08:42:18-run_all_case.py-test_login.py-[line:54]-INFO-[日志信息]: 开始执行脚本test_companyRegister:

Thu, 24 Dec 2020 08:42:28-run_all_case.py-test_login.py-[line:70]-INFO-[日志信息]: 对已注册的账户进行删除操作
Thu, 24 Dec 2020 08:42:32-test_companyRegister-Assert.py-[line:124]-INFO-[日志信息]: except_result = actul_result, except_result is 中小微企业金融服务聚合平台, actul_result is 中小微企业金融服务聚合平台
Thu, 24 Dec 2020 08:42:32-run_all_case.py-test_login.py-[line:98]-INFO-[日志信息]: 注册成功，返回到登陆页面
Thu, 24 Dec 2020 08:42:35-run_all_case.py-test_personalInfoReg.py-[line:34]-INFO-[日志信息]: 开始执行脚本test_infoReg:

Thu, 24 Dec 2020 08:42:35-run_all_case.py-test_personalInfoReg.py-[line:38]-INFO-[日志信息]: 对个人信息企业信息进行删除操作
Thu, 24 Dec 2020 08:42:47-test_infoReg-Assert.py-[line:124]-INFO-[日志信息]: except_result = actul_result, except_result is 首页, actul_result is 首页
Thu, 24 Dec 2020 08:42:47-run_all_case.py-test_personalInfoReg.py-[line:60]-INFO-[日志信息]: 进入登陆页面
Thu, 24 Dec 2020 08:43:00-test_infoReg-Assert.py-[line:124]-INFO-[日志信息]: except_result = actul_result, except_result is 认证中, actul_result is 认证中
Thu, 24 Dec 2020 08:43:00-run_all_case.py-test_personalInfoReg.py-[line:84]-INFO-[日志信息]: 实名认证中画面显示
Thu, 24 Dec 2020 08:43:01-test_infoReg-Assert.py-[line:124]-INFO-[日志信息]: except_result = actul_result, except_result is 李涛, actul_result is 李涛
Thu, 24 Dec 2020 08:43:01-test_infoReg-Assert.py-[line:124]-INFO-[日志信息]: except_result = actul_result, except_result is 410184198105155611, actul_result is 410184198105155611
Thu, 24 Dec 2020 08:43:01-test_infoReg-Assert.py-[line:124]-INFO-[日志信息]: except_result = actul_result, except_result is 17621100020, actul_result is 17621100020
Thu, 24 Dec 2020 08:43:10-test_infoReg-Assert.py-[line:124]-INFO-[日志信息]: except_result = actul_result, except_result is 认证成功, actul_result is 认证成功
Thu, 24 Dec 2020 08:43:10-run_all_case.py-test_personalInfoReg.py-[line:98]-INFO-[日志信息]: 实名认证成功画面显示
Thu, 24 Dec 2020 08:43:11-test_infoReg-Assert.py-[line:124]-INFO-[日志信息]: except_result = actul_result, except_result is 实名认证, actul_result is 实名认证
Thu, 24 Dec 2020 08:43:11-run_all_case.py-test_personalInfoReg.py-[line:103]-INFO-[日志信息]: 点击查看认证信息按钮，跳转到实名认证画面
Thu, 24 Dec 2020 08:43:13-run_all_case.py-test_businessInfoReg.py-[line:37]-INFO-[日志信息]: 开始执行脚本test_businessInforReg:

Thu, 24 Dec 2020 08:43:24-test_businessInforReg-Assert.py-[line:124]-INFO-[日志信息]: except_result = actul_result, except_result is 企业基本资料, actul_result is 企业基本资料
Thu, 24 Dec 2020 08:43:24-run_all_case.py-test_businessInfoReg.py-[line:56]-INFO-[日志信息]: 企业基本资料画面正常显示
Thu, 24 Dec 2020 08:43:40-test_businessInforReg-Assert.py-[line:124]-INFO-[日志信息]: except_result = actul_result, except_result is 请确认协议内容, actul_result is 请确认协议内容
Thu, 24 Dec 2020 08:43:40-run_all_case.py-test_businessInfoReg.py-[line:160]-INFO-[日志信息]: 协议确认画面正常显示
Thu, 24 Dec 2020 08:43:47-test_businessInforReg-Assert.py-[line:124]-INFO-[日志信息]: except_result = actul_result, except_result is 认证中, actul_result is 认证中
Thu, 24 Dec 2020 08:43:47-run_all_case.py-test_businessInfoReg.py-[line:170]-INFO-[日志信息]: 企业信息认证中画面正常显示
Thu, 24 Dec 2020 08:44:10-test_businessInforReg-Assert.py-[line:124]-INFO-[日志信息]: except_result = actul_result, except_result is 审核中, actul_result is 审核中
Thu, 24 Dec 2020 08:44:10-run_all_case.py-test_businessInfoReg.py-[line:184]-INFO-[日志信息]: 企业信息审核中画面正常显示
Thu, 24 Dec 2020 08:44:10-test_businessInforReg-Assert.py-[line:124]-INFO-[日志信息]: except_result = actul_result, except_result is 企业基本资料, actul_result is 企业基本资料
Thu, 24 Dec 2020 08:44:10-run_all_case.py-test_businessInfoReg.py-[line:191]-INFO-[日志信息]: 企业基本资料画面正常显示
Thu, 24 Dec 2020 08:44:12-run_all_case.py-test_backStage_examine.py-[line:25]-INFO-[日志信息]: 开始执行脚本test_backstage_examine:

Thu, 24 Dec 2020 08:44:23-run_all_case.py-test_backStage_examine.py-[line:95]-INFO-[日志信息]: 成功登录后台系统
Thu, 24 Dec 2020 08:44:28-test_backstage_examine-Assert.py-[line:124]-INFO-[日志信息]: except_result = actul_result, except_result is 用户基本信息, actul_result is 用户基本信息
Thu, 24 Dec 2020 08:44:28-run_all_case.py-test_backStage_examine.py-[line:65]-INFO-[日志信息]: 成功进入企业信息审核画面
Thu, 24 Dec 2020 08:44:30-run_all_case.py-test_backStage_examine.py-[line:82]-INFO-[日志信息]: 企业认证通过
Thu, 24 Dec 2020 08:44:47-run_all_case.py-run_all_case.py-[line:57]-INFO-[日志信息]: ==================================2020-12-24 08:44:47===================================
Thu, 24 Dec 2020 08:44:48-run_all_case.py-test_login.py-[line:54]-INFO-[日志信息]: 开始执行脚本test_companyRegister:

Thu, 24 Dec 2020 08:44:59-run_all_case.py-test_login.py-[line:70]-INFO-[日志信息]: 对已注册的账户进行删除操作
Thu, 24 Dec 2020 08:45:03-test_companyRegister-Assert.py-[line:124]-INFO-[日志信息]: except_result = actul_result, except_result is 中小微企业金融服务聚合平台, actul_result is 中小微企业金融服务聚合平台
Thu, 24 Dec 2020 08:45:03-run_all_case.py-test_login.py-[line:98]-INFO-[日志信息]: 注册成功，返回到登陆页面
Thu, 24 Dec 2020 08:45:06-run_all_case.py-test_personalInfoReg.py-[line:34]-INFO-[日志信息]: 开始执行脚本test_infoReg:

Thu, 24 Dec 2020 08:45:06-run_all_case.py-test_personalInfoReg.py-[line:38]-INFO-[日志信息]: 对个人信息企业信息进行删除操作
Thu, 24 Dec 2020 08:45:17-test_infoReg-Assert.py-[line:124]-INFO-[日志信息]: except_result = actul_result, except_result is 首页, actul_result is 首页
Thu, 24 Dec 2020 08:45:17-run_all_case.py-test_personalInfoReg.py-[line:60]-INFO-[日志信息]: 进入登陆页面
Thu, 24 Dec 2020 08:45:31-test_infoReg-Assert.py-[line:124]-INFO-[日志信息]: except_result = actul_result, except_result is 认证中, actul_result is 认证中
Thu, 24 Dec 2020 08:45:31-run_all_case.py-test_personalInfoReg.py-[line:84]-INFO-[日志信息]: 实名认证中画面显示
Thu, 24 Dec 2020 08:45:31-test_infoReg-Assert.py-[line:124]-INFO-[日志信息]: except_result = actul_result, except_result is 李涛, actul_result is 李涛
Thu, 24 Dec 2020 08:45:31-test_infoReg-Assert.py-[line:124]-INFO-[日志信息]: except_result = actul_result, except_result is 410184198105155611, actul_result is 410184198105155611
Thu, 24 Dec 2020 08:45:31-test_infoReg-Assert.py-[line:124]-INFO-[日志信息]: except_result = actul_result, except_result is 17621100030, actul_result is 17621100030
Thu, 24 Dec 2020 08:45:41-test_infoReg-Assert.py-[line:124]-INFO-[日志信息]: except_result = actul_result, except_result is 认证成功, actul_result is 认证成功
Thu, 24 Dec 2020 08:45:41-run_all_case.py-test_personalInfoReg.py-[line:98]-INFO-[日志信息]: 实名认证成功画面显示
Thu, 24 Dec 2020 08:45:41-test_infoReg-Assert.py-[line:124]-INFO-[日志信息]: except_result = actul_result, except_result is 实名认证, actul_result is 实名认证
Thu, 24 Dec 2020 08:45:41-run_all_case.py-test_personalInfoReg.py-[line:103]-INFO-[日志信息]: 点击查看认证信息按钮，跳转到实名认证画面
Thu, 24 Dec 2020 08:45:44-run_all_case.py-test_businessInfoReg.py-[line:37]-INFO-[日志信息]: 开始执行脚本test_businessInforReg:

Thu, 24 Dec 2020 08:45:54-test_businessInforReg-Assert.py-[line:124]-INFO-[日志信息]: except_result = actul_result, except_result is 企业基本资料, actul_result is 企业基本资料
Thu, 24 Dec 2020 08:45:54-run_all_case.py-test_businessInfoReg.py-[line:56]-INFO-[日志信息]: 企业基本资料画面正常显示
Thu, 24 Dec 2020 08:46:11-test_businessInforReg-Assert.py-[line:124]-INFO-[日志信息]: except_result = actul_result, except_result is 请确认协议内容, actul_result is 请确认协议内容
Thu, 24 Dec 2020 08:46:11-run_all_case.py-test_businessInfoReg.py-[line:160]-INFO-[日志信息]: 协议确认画面正常显示
Thu, 24 Dec 2020 08:46:17-test_businessInforReg-Assert.py-[line:124]-INFO-[日志信息]: except_result = actul_result, except_result is 认证中, actul_result is 认证中
Thu, 24 Dec 2020 08:46:17-run_all_case.py-test_businessInfoReg.py-[line:170]-INFO-[日志信息]: 企业信息认证中画面正常显示
Thu, 24 Dec 2020 08:46:40-test_businessInforReg-Assert.py-[line:124]-INFO-[日志信息]: except_result = actul_result, except_result is 审核中, actul_result is 审核中
Thu, 24 Dec 2020 08:46:40-run_all_case.py-test_businessInfoReg.py-[line:184]-INFO-[日志信息]: 企业信息审核中画面正常显示
Thu, 24 Dec 2020 08:46:41-test_businessInforReg-Assert.py-[line:124]-INFO-[日志信息]: except_result = actul_result, except_result is 企业基本资料, actul_result is 企业基本资料
Thu, 24 Dec 2020 08:46:41-run_all_case.py-test_businessInfoReg.py-[line:191]-INFO-[日志信息]: 企业基本资料画面正常显示
Thu, 24 Dec 2020 08:46:43-run_all_case.py-test_backStage_examine.py-[line:25]-INFO-[日志信息]: 开始执行脚本test_backstage_examine:

Thu, 24 Dec 2020 08:46:54-run_all_case.py-test_backStage_examine.py-[line:95]-INFO-[日志信息]: 成功登录后台系统
Thu, 24 Dec 2020 08:46:59-test_backstage_examine-Assert.py-[line:124]-INFO-[日志信息]: except_result = actul_result, except_result is 用户基本信息, actul_result is 用户基本信息
Thu, 24 Dec 2020 08:46:59-run_all_case.py-test_backStage_examine.py-[line:65]-INFO-[日志信息]: 成功进入企业信息审核画面
Thu, 24 Dec 2020 08:47:00-run_all_case.py-test_backStage_examine.py-[line:82]-INFO-[日志信息]: 企业认证通过
Thu, 24 Dec 2020 08:47:03-run_all_case.py-test_backStage_authentication.py-[line:176]-INFO-[日志信息]: 开始执行脚本test_backStageActCreate:

Thu, 24 Dec 2020 08:47:13-run_all_case.py-test_backStage_examine.py-[line:95]-INFO-[日志信息]: 成功登录后台系统
Thu, 24 Dec 2020 08:47:14-run_all_case.py-test_backStage_authentication.py-[line:194]-INFO-[日志信息]: 机构信息DB删除
Thu, 24 Dec 2020 08:47:19-run_all_case.py-test_backStage_authentication.py-[line:292]-INFO-[日志信息]: 开始执行脚本test_backStage_authentication:

Thu, 24 Dec 2020 08:47:19-run_all_case.py-test_backStage_authentication.py-[line:295]-INFO-[日志信息]: 开始执行脚本test_backStage_authentication:

