Fri, 07 Aug 2020 08:21:49-run_all_uicase.py-run_all_uicase.py-[line:27]-INFO-[日志信息]: ==================================2020-08-07 08:21:49===================================
Fri, 07 Aug 2020 08:21:50-run_all_uicase.py-test_login.py-[line:51]-INFO-[日志信息]: 开始执行脚本test_companyRegister:

Fri, 07 Aug 2020 08:22:01-run_all_uicase.py-test_login.py-[line:58]-INFO-[日志信息]: 对已注册的账户进行删除操作
Fri, 07 Aug 2020 08:22:14-run_all_uicase.py-test_login.py-[line:89]-INFO-[日志信息]: 开始执行脚本test_companyPassForget:

Fri, 07 Aug 2020 08:22:36-test_companyPassForget-Assert.py-[line:126]-ERROR-[日志信息]: except_result ！= actul_result, except_result is 重置密码, actul_result is 安全验证
Fri, 07 Aug 2020 08:22:36-run_all_uicase.py-test_login.py-[line:26]-INFO-[日志信息]: 开始执行脚本test_companyLoginOn:

Fri, 07 Aug 2020 08:22:46-test_companyLoginOn-Assert.py-[line:123]-INFO-[日志信息]: except_result = actul_result, except_result is 首页, actul_result is 首页
Fri, 07 Aug 2020 08:22:46-run_all_uicase.py-test_login.py-[line:40]-INFO-[日志信息]: 中小微企业金融服务聚合平台登录成功！
Fri, 07 Aug 2020 08:24:45-run_all_uicase.py-run_all_uicase.py-[line:27]-INFO-[日志信息]: ==================================2020-08-07 08:24:45===================================
Fri, 07 Aug 2020 08:24:46-run_all_uicase.py-test_login.py-[line:51]-INFO-[日志信息]: 开始执行脚本test_companyRegister:

Fri, 07 Aug 2020 08:24:56-run_all_uicase.py-test_login.py-[line:58]-INFO-[日志信息]: 对已注册的账户进行删除操作
Fri, 07 Aug 2020 08:25:09-test_companyRegister-Assert.py-[line:123]-INFO-[日志信息]: except_result = actul_result, except_result is 中小微企业金融服务聚合平台, actul_result is 中小微企业金融服务聚合平台
Fri, 07 Aug 2020 08:25:09-run_all_uicase.py-test_login.py-[line:78]-INFO-[日志信息]: 注册成功，返回到登陆页面
Fri, 07 Aug 2020 08:25:11-run_all_uicase.py-test_login.py-[line:89]-INFO-[日志信息]: 开始执行脚本test_companyPassForget:

Fri, 07 Aug 2020 08:25:33-test_companyPassForget-Assert.py-[line:126]-ERROR-[日志信息]: except_result ！= actul_result, except_result is 重置密码, actul_result is 安全验证
Fri, 07 Aug 2020 08:25:33-run_all_uicase.py-test_login.py-[line:26]-INFO-[日志信息]: 开始执行脚本test_companyLoginOn:

Fri, 07 Aug 2020 08:25:44-test_companyLoginOn-Assert.py-[line:123]-INFO-[日志信息]: except_result = actul_result, except_result is 首页, actul_result is 首页
Fri, 07 Aug 2020 08:25:44-run_all_uicase.py-test_login.py-[line:40]-INFO-[日志信息]: 中小微企业金融服务聚合平台登录成功！
Fri, 07 Aug 2020 08:26:30-run_all_uicase.py-run_all_uicase.py-[line:27]-INFO-[日志信息]: ==================================2020-08-07 08:26:30===================================
Fri, 07 Aug 2020 08:26:30-run_all_uicase.py-test_login.py-[line:51]-INFO-[日志信息]: 开始执行脚本test_companyRegister:

Fri, 07 Aug 2020 08:26:40-run_all_uicase.py-test_login.py-[line:58]-INFO-[日志信息]: 对已注册的账户进行删除操作
Fri, 07 Aug 2020 08:26:53-test_companyRegister-Assert.py-[line:123]-INFO-[日志信息]: except_result = actul_result, except_result is 中小微企业金融服务聚合平台, actul_result is 中小微企业金融服务聚合平台
Fri, 07 Aug 2020 08:26:53-run_all_uicase.py-test_login.py-[line:78]-INFO-[日志信息]: 注册成功，返回到登陆页面
Fri, 07 Aug 2020 08:26:55-run_all_uicase.py-test_login.py-[line:89]-INFO-[日志信息]: 开始执行脚本test_companyPassForget:

Fri, 07 Aug 2020 08:27:18-test_companyPassForget-Assert.py-[line:126]-ERROR-[日志信息]: except_result ！= actul_result, except_result is 重置密码, actul_result is 安全验证
Fri, 07 Aug 2020 08:27:18-run_all_uicase.py-test_login.py-[line:26]-INFO-[日志信息]: 开始执行脚本test_companyLoginOn:

Fri, 07 Aug 2020 08:27:28-test_companyLoginOn-Assert.py-[line:123]-INFO-[日志信息]: except_result = actul_result, except_result is 首页, actul_result is 首页
Fri, 07 Aug 2020 08:27:28-run_all_uicase.py-test_login.py-[line:40]-INFO-[日志信息]: 中小微企业金融服务聚合平台登录成功！
Fri, 07 Aug 2020 08:28:00-run_all_uicase.py-run_all_uicase.py-[line:27]-INFO-[日志信息]: ==================================2020-08-07 08:28:00===================================
Fri, 07 Aug 2020 08:28:01-run_all_uicase.py-test_login.py-[line:89]-INFO-[日志信息]: 开始执行脚本test_companyPassForget:

Fri, 07 Aug 2020 08:29:22-run_all_uicase.py-run_all_uicase.py-[line:27]-INFO-[日志信息]: ==================================2020-08-07 08:29:22===================================
Fri, 07 Aug 2020 08:29:22-run_all_uicase.py-test_login.py-[line:89]-INFO-[日志信息]: 开始执行脚本test_companyPassForget:

Fri, 07 Aug 2020 08:29:31-run_all_uicase.py-run_all_uicase.py-[line:27]-INFO-[日志信息]: ==================================2020-08-07 08:29:31===================================
Fri, 07 Aug 2020 08:29:31-run_all_uicase.py-test_login.py-[line:89]-INFO-[日志信息]: 开始执行脚本test_companyPassForget:

Fri, 07 Aug 2020 08:29:54-test_companyPassForget-Assert.py-[line:123]-INFO-[日志信息]: except_result = actul_result, except_result is 重置密码, actul_result is 重置密码
Fri, 07 Aug 2020 08:29:54-run_all_uicase.py-test_login.py-[line:110]-INFO-[日志信息]: 成功进入到密码重置页面
Fri, 07 Aug 2020 08:30:07-run_all_uicase.py-run_all_uicase.py-[line:27]-INFO-[日志信息]: ==================================2020-08-07 08:30:07===================================
Fri, 07 Aug 2020 08:30:08-run_all_uicase.py-test_login.py-[line:51]-INFO-[日志信息]: 开始执行脚本test_companyRegister:

Fri, 07 Aug 2020 08:30:18-run_all_uicase.py-test_login.py-[line:58]-INFO-[日志信息]: 对已注册的账户进行删除操作
Fri, 07 Aug 2020 08:30:30-test_companyRegister-Assert.py-[line:123]-INFO-[日志信息]: except_result = actul_result, except_result is 中小微企业金融服务聚合平台, actul_result is 中小微企业金融服务聚合平台
Fri, 07 Aug 2020 08:30:30-run_all_uicase.py-test_login.py-[line:78]-INFO-[日志信息]: 注册成功，返回到登陆页面
Fri, 07 Aug 2020 08:30:32-run_all_uicase.py-test_login.py-[line:89]-INFO-[日志信息]: 开始执行脚本test_companyPassForget:

Fri, 07 Aug 2020 08:30:55-test_companyPassForget-Assert.py-[line:123]-INFO-[日志信息]: except_result = actul_result, except_result is 重置密码, actul_result is 重置密码
Fri, 07 Aug 2020 08:30:55-run_all_uicase.py-test_login.py-[line:110]-INFO-[日志信息]: 成功进入到密码重置页面
Fri, 07 Aug 2020 08:31:10-run_all_uicase.py-test_login.py-[line:26]-INFO-[日志信息]: 开始执行脚本test_companyLoginOn:

Fri, 07 Aug 2020 08:33:39-run_all_uicase.py-run_all_uicase.py-[line:27]-INFO-[日志信息]: ==================================2020-08-07 08:33:39===================================
Fri, 07 Aug 2020 08:33:40-run_all_uicase.py-test_login.py-[line:51]-INFO-[日志信息]: 开始执行脚本test_companyRegister:

Fri, 07 Aug 2020 08:33:50-run_all_uicase.py-test_login.py-[line:58]-INFO-[日志信息]: 对已注册的账户进行删除操作
Fri, 07 Aug 2020 08:34:04-test_companyRegister-Assert.py-[line:123]-INFO-[日志信息]: except_result = actul_result, except_result is 中小微企业金融服务聚合平台, actul_result is 中小微企业金融服务聚合平台
Fri, 07 Aug 2020 08:34:04-run_all_uicase.py-test_login.py-[line:78]-INFO-[日志信息]: 注册成功，返回到登陆页面
Fri, 07 Aug 2020 08:34:06-run_all_uicase.py-test_login.py-[line:89]-INFO-[日志信息]: 开始执行脚本test_companyPassForget:

Fri, 07 Aug 2020 08:34:28-test_companyPassForget-Assert.py-[line:123]-INFO-[日志信息]: except_result = actul_result, except_result is 重置密码, actul_result is 重置密码
Fri, 07 Aug 2020 08:34:28-run_all_uicase.py-test_login.py-[line:110]-INFO-[日志信息]: 成功进入到密码重置页面
Fri, 07 Aug 2020 08:34:48-run_all_uicase.py-test_login.py-[line:26]-INFO-[日志信息]: 开始执行脚本test_companyLoginOn:

Fri, 07 Aug 2020 08:34:58-test_companyLoginOn-Assert.py-[line:123]-INFO-[日志信息]: except_result = actul_result, except_result is 首页, actul_result is 首页
Fri, 07 Aug 2020 08:34:58-run_all_uicase.py-test_login.py-[line:40]-INFO-[日志信息]: 中小微企业金融服务聚合平台登录成功！
Fri, 07 Aug 2020 08:36:56-run_all_uicase.py-run_all_uicase.py-[line:27]-INFO-[日志信息]: ==================================2020-08-07 08:36:56===================================
Fri, 07 Aug 2020 08:36:57-run_all_uicase.py-test_login.py-[line:51]-INFO-[日志信息]: 开始执行脚本test_companyRegister:

Fri, 07 Aug 2020 08:37:07-run_all_uicase.py-test_login.py-[line:58]-INFO-[日志信息]: 对已注册的账户进行删除操作
Fri, 07 Aug 2020 08:38:35-run_all_uicase.py-run_all_uicase.py-[line:27]-INFO-[日志信息]: ==================================2020-08-07 08:38:35===================================
Fri, 07 Aug 2020 08:38:36-run_all_uicase.py-test_login.py-[line:51]-INFO-[日志信息]: 开始执行脚本test_companyRegister:

Fri, 07 Aug 2020 08:38:46-run_all_uicase.py-test_login.py-[line:58]-INFO-[日志信息]: 对已注册的账户进行删除操作
Fri, 07 Aug 2020 08:39:25-test_companyRegister-Assert.py-[line:123]-INFO-[日志信息]: except_result = actul_result, except_result is 中小微企业金融服务聚合平台, actul_result is 中小微企业金融服务聚合平台
Fri, 07 Aug 2020 08:39:25-run_all_uicase.py-test_login.py-[line:78]-INFO-[日志信息]: 注册成功，返回到登陆页面
Fri, 07 Aug 2020 08:39:27-run_all_uicase.py-test_login.py-[line:89]-INFO-[日志信息]: 开始执行脚本test_companyPassForget:

Fri, 07 Aug 2020 08:40:00-test_companyPassForget-Assert.py-[line:123]-INFO-[日志信息]: except_result = actul_result, except_result is 重置密码, actul_result is 重置密码
Fri, 07 Aug 2020 08:40:00-run_all_uicase.py-test_login.py-[line:110]-INFO-[日志信息]: 成功进入到密码重置页面
Fri, 07 Aug 2020 08:40:03-test_companyPassForget-Assert.py-[line:123]-INFO-[日志信息]: except_result = actul_result, except_result is 完成修改, actul_result is 完成修改
Fri, 07 Aug 2020 08:40:03-run_all_uicase.py-test_login.py-[line:121]-INFO-[日志信息]: 成功进入到密码修改完成页面
Fri, 07 Aug 2020 08:40:05-run_all_uicase.py-test_login.py-[line:26]-INFO-[日志信息]: 开始执行脚本test_companyLoginOn:

Fri, 07 Aug 2020 08:40:15-test_companyLoginOn-Assert.py-[line:123]-INFO-[日志信息]: except_result = actul_result, except_result is 首页, actul_result is 首页
Fri, 07 Aug 2020 08:40:15-run_all_uicase.py-test_login.py-[line:40]-INFO-[日志信息]: 中小微企业金融服务聚合平台登录成功！
Fri, 07 Aug 2020 08:40:43-run_all_uicase.py-run_all_uicase.py-[line:27]-INFO-[日志信息]: ==================================2020-08-07 08:40:43===================================
Fri, 07 Aug 2020 08:40:43-run_all_uicase.py-test_login.py-[line:51]-INFO-[日志信息]: 开始执行脚本test_companyRegister:

Fri, 07 Aug 2020 08:40:53-run_all_uicase.py-test_login.py-[line:58]-INFO-[日志信息]: 对已注册的账户进行删除操作
Fri, 07 Aug 2020 08:41:20-test_companyRegister-Assert.py-[line:123]-INFO-[日志信息]: except_result = actul_result, except_result is 中小微企业金融服务聚合平台, actul_result is 中小微企业金融服务聚合平台
Fri, 07 Aug 2020 08:41:20-run_all_uicase.py-test_login.py-[line:78]-INFO-[日志信息]: 注册成功，返回到登陆页面
Fri, 07 Aug 2020 08:41:22-run_all_uicase.py-test_login.py-[line:89]-INFO-[日志信息]: 开始执行脚本test_companyPassForget:

Fri, 07 Aug 2020 08:41:44-test_companyPassForget-Assert.py-[line:123]-INFO-[日志信息]: except_result = actul_result, except_result is 重置密码, actul_result is 重置密码
Fri, 07 Aug 2020 08:41:44-run_all_uicase.py-test_login.py-[line:110]-INFO-[日志信息]: 成功进入到密码重置页面
Fri, 07 Aug 2020 08:41:47-test_companyPassForget-Assert.py-[line:123]-INFO-[日志信息]: except_result = actul_result, except_result is 完成修改, actul_result is 完成修改
Fri, 07 Aug 2020 08:41:47-run_all_uicase.py-test_login.py-[line:121]-INFO-[日志信息]: 成功进入到密码修改完成页面
Fri, 07 Aug 2020 08:41:49-run_all_uicase.py-test_login.py-[line:26]-INFO-[日志信息]: 开始执行脚本test_companyLoginOn:

Fri, 07 Aug 2020 08:42:00-test_companyLoginOn-Assert.py-[line:123]-INFO-[日志信息]: except_result = actul_result, except_result is 首页, actul_result is 首页
Fri, 07 Aug 2020 08:42:00-run_all_uicase.py-test_login.py-[line:40]-INFO-[日志信息]: 中小微企业金融服务聚合平台登录成功！
Fri, 07 Aug 2020 08:42:17-run_all_uicase.py-run_all_uicase.py-[line:27]-INFO-[日志信息]: ==================================2020-08-07 08:42:17===================================
Fri, 07 Aug 2020 08:42:17-run_all_uicase.py-test_login.py-[line:51]-INFO-[日志信息]: 开始执行脚本test_companyRegister:

Fri, 07 Aug 2020 08:42:27-run_all_uicase.py-test_login.py-[line:58]-INFO-[日志信息]: 对已注册的账户进行删除操作
Fri, 07 Aug 2020 08:42:40-test_companyRegister-Assert.py-[line:123]-INFO-[日志信息]: except_result = actul_result, except_result is 中小微企业金融服务聚合平台, actul_result is 中小微企业金融服务聚合平台
Fri, 07 Aug 2020 08:42:40-run_all_uicase.py-test_login.py-[line:78]-INFO-[日志信息]: 注册成功，返回到登陆页面
Fri, 07 Aug 2020 08:42:42-run_all_uicase.py-test_login.py-[line:89]-INFO-[日志信息]: 开始执行脚本test_companyPassForget:

Fri, 07 Aug 2020 08:43:04-test_companyPassForget-Assert.py-[line:123]-INFO-[日志信息]: except_result = actul_result, except_result is 重置密码, actul_result is 重置密码
Fri, 07 Aug 2020 08:43:04-run_all_uicase.py-test_login.py-[line:110]-INFO-[日志信息]: 成功进入到密码重置页面
Fri, 07 Aug 2020 08:43:07-test_companyPassForget-Assert.py-[line:123]-INFO-[日志信息]: except_result = actul_result, except_result is 完成修改, actul_result is 完成修改
Fri, 07 Aug 2020 08:43:07-run_all_uicase.py-test_login.py-[line:121]-INFO-[日志信息]: 成功进入到密码修改完成页面
Fri, 07 Aug 2020 08:43:09-run_all_uicase.py-test_login.py-[line:26]-INFO-[日志信息]: 开始执行脚本test_companyLoginOn:

Fri, 07 Aug 2020 08:43:19-test_companyLoginOn-Assert.py-[line:123]-INFO-[日志信息]: except_result = actul_result, except_result is 首页, actul_result is 首页
Fri, 07 Aug 2020 08:43:19-run_all_uicase.py-test_login.py-[line:40]-INFO-[日志信息]: 中小微企业金融服务聚合平台登录成功！
Fri, 07 Aug 2020 08:45:03-run_all_uicase.py-run_all_uicase.py-[line:27]-INFO-[日志信息]: ==================================2020-08-07 08:45:03===================================
Fri, 07 Aug 2020 08:45:03-run_all_uicase.py-test_personalInfoReg.py-[line:31]-INFO-[日志信息]: 开始执行脚本test_infoReg:

Fri, 07 Aug 2020 08:45:03-run_all_uicase.py-test_personalInfoReg.py-[line:35]-INFO-[日志信息]: 对个人信息企业信息进行删除操作
Fri, 07 Aug 2020 08:45:14-test_infoReg-Assert.py-[line:123]-INFO-[日志信息]: except_result = actul_result, except_result is 首页, actul_result is 首页
Fri, 07 Aug 2020 08:45:14-run_all_uicase.py-test_personalInfoReg.py-[line:48]-INFO-[日志信息]: 进入登陆页面
Fri, 07 Aug 2020 08:45:14-test_infoReg-Assert.py-[line:123]-INFO-[日志信息]: except_result = actul_result, except_result is 实名认证, actul_result is 实名认证
Fri, 07 Aug 2020 08:45:14-run_all_uicase.py-test_personalInfoReg.py-[line:53]-INFO-[日志信息]: 实名认证画面成功显示
Fri, 07 Aug 2020 08:48:30-run_all_uicase.py-run_all_uicase.py-[line:27]-INFO-[日志信息]: ==================================2020-08-07 08:48:30===================================
Fri, 07 Aug 2020 08:48:30-run_all_uicase.py-test_personalInfoReg.py-[line:31]-INFO-[日志信息]: 开始执行脚本test_infoReg:

Fri, 07 Aug 2020 08:48:30-run_all_uicase.py-test_personalInfoReg.py-[line:35]-INFO-[日志信息]: 对个人信息企业信息进行删除操作
Fri, 07 Aug 2020 08:48:40-test_infoReg-Assert.py-[line:123]-INFO-[日志信息]: except_result = actul_result, except_result is 首页, actul_result is 首页
Fri, 07 Aug 2020 08:48:40-run_all_uicase.py-test_personalInfoReg.py-[line:48]-INFO-[日志信息]: 进入登陆页面
Fri, 07 Aug 2020 08:48:41-test_infoReg-Assert.py-[line:123]-INFO-[日志信息]: except_result = actul_result, except_result is 实名认证, actul_result is 实名认证
Fri, 07 Aug 2020 08:48:41-run_all_uicase.py-test_personalInfoReg.py-[line:53]-INFO-[日志信息]: 实名认证画面成功显示
Fri, 07 Aug 2020 08:49:07-run_all_uicase.py-run_all_uicase.py-[line:27]-INFO-[日志信息]: ==================================2020-08-07 08:49:07===================================
Fri, 07 Aug 2020 08:49:07-run_all_uicase.py-test_personalInfoReg.py-[line:31]-INFO-[日志信息]: 开始执行脚本test_infoReg:

Fri, 07 Aug 2020 08:49:07-run_all_uicase.py-test_personalInfoReg.py-[line:35]-INFO-[日志信息]: 对个人信息企业信息进行删除操作
Fri, 07 Aug 2020 08:49:17-test_infoReg-Assert.py-[line:123]-INFO-[日志信息]: except_result = actul_result, except_result is 首页, actul_result is 首页
Fri, 07 Aug 2020 08:49:17-run_all_uicase.py-test_personalInfoReg.py-[line:48]-INFO-[日志信息]: 进入登陆页面
Fri, 07 Aug 2020 08:49:18-test_infoReg-Assert.py-[line:123]-INFO-[日志信息]: except_result = actul_result, except_result is 实名认证, actul_result is 实名认证
Fri, 07 Aug 2020 08:49:18-run_all_uicase.py-test_personalInfoReg.py-[line:53]-INFO-[日志信息]: 实名认证画面成功显示
Fri, 07 Aug 2020 08:50:12-run_all_uicase.py-run_all_uicase.py-[line:27]-INFO-[日志信息]: ==================================2020-08-07 08:50:12===================================
Fri, 07 Aug 2020 08:50:12-run_all_uicase.py-test_personalInfoReg.py-[line:31]-INFO-[日志信息]: 开始执行脚本test_infoReg:

Fri, 07 Aug 2020 08:50:12-run_all_uicase.py-test_personalInfoReg.py-[line:35]-INFO-[日志信息]: 对个人信息企业信息进行删除操作
Fri, 07 Aug 2020 08:50:23-test_infoReg-Assert.py-[line:123]-INFO-[日志信息]: except_result = actul_result, except_result is 首页, actul_result is 首页
Fri, 07 Aug 2020 08:50:23-run_all_uicase.py-test_personalInfoReg.py-[line:48]-INFO-[日志信息]: 进入登陆页面
Fri, 07 Aug 2020 08:50:23-test_infoReg-Assert.py-[line:123]-INFO-[日志信息]: except_result = actul_result, except_result is 实名认证, actul_result is 实名认证
Fri, 07 Aug 2020 08:50:23-run_all_uicase.py-test_personalInfoReg.py-[line:53]-INFO-[日志信息]: 实名认证画面成功显示
Fri, 07 Aug 2020 08:50:36-test_infoReg-Assert.py-[line:123]-INFO-[日志信息]: except_result = actul_result, except_result is 认证中, actul_result is 认证中
Fri, 07 Aug 2020 08:50:36-run_all_uicase.py-test_personalInfoReg.py-[line:82]-INFO-[日志信息]: 实名认证中画面显示
Fri, 07 Aug 2020 08:50:36-test_infoReg-Assert.py-[line:123]-INFO-[日志信息]: except_result = actul_result, except_result is 测试用户, actul_result is 测试用户
Fri, 07 Aug 2020 08:50:36-test_infoReg-Assert.py-[line:123]-INFO-[日志信息]: except_result = actul_result, except_result is 11010119900307475X, actul_result is 11010119900307475X
Fri, 07 Aug 2020 08:50:36-test_infoReg-Assert.py-[line:123]-INFO-[日志信息]: except_result = actul_result, except_result is 17621198933, actul_result is 17621198933
Fri, 07 Aug 2020 08:53:03-run_all_uicase.py-run_all_uicase.py-[line:27]-INFO-[日志信息]: ==================================2020-08-07 08:53:03===================================
Fri, 07 Aug 2020 08:53:03-run_all_uicase.py-test_personalInfoReg.py-[line:31]-INFO-[日志信息]: 开始执行脚本test_infoReg:

Fri, 07 Aug 2020 08:53:03-run_all_uicase.py-test_personalInfoReg.py-[line:35]-INFO-[日志信息]: 对个人信息企业信息进行删除操作
Fri, 07 Aug 2020 08:53:13-test_infoReg-Assert.py-[line:123]-INFO-[日志信息]: except_result = actul_result, except_result is 首页, actul_result is 首页
Fri, 07 Aug 2020 08:53:13-run_all_uicase.py-test_personalInfoReg.py-[line:48]-INFO-[日志信息]: 进入登陆页面
Fri, 07 Aug 2020 08:53:14-test_infoReg-Assert.py-[line:123]-INFO-[日志信息]: except_result = actul_result, except_result is 实名认证, actul_result is 实名认证
Fri, 07 Aug 2020 08:53:14-run_all_uicase.py-test_personalInfoReg.py-[line:53]-INFO-[日志信息]: 实名认证画面成功显示
Fri, 07 Aug 2020 08:53:25-test_infoReg-Assert.py-[line:123]-INFO-[日志信息]: except_result = actul_result, except_result is 认证中, actul_result is 认证中
Fri, 07 Aug 2020 08:53:25-run_all_uicase.py-test_personalInfoReg.py-[line:82]-INFO-[日志信息]: 实名认证中画面显示
Fri, 07 Aug 2020 08:53:25-test_infoReg-Assert.py-[line:123]-INFO-[日志信息]: except_result = actul_result, except_result is 测试用户, actul_result is 测试用户
Fri, 07 Aug 2020 08:53:25-test_infoReg-Assert.py-[line:123]-INFO-[日志信息]: except_result = actul_result, except_result is 11010119900307475X, actul_result is 11010119900307475X
Fri, 07 Aug 2020 08:53:25-test_infoReg-Assert.py-[line:123]-INFO-[日志信息]: except_result = actul_result, except_result is 17621198933, actul_result is 17621198933
Fri, 07 Aug 2020 08:58:16-run_all_uicase.py-run_all_uicase.py-[line:27]-INFO-[日志信息]: ==================================2020-08-07 08:58:16===================================
Fri, 07 Aug 2020 08:58:17-run_all_uicase.py-test_personalInfoReg.py-[line:31]-INFO-[日志信息]: 开始执行脚本test_infoReg:

Fri, 07 Aug 2020 08:58:17-run_all_uicase.py-test_personalInfoReg.py-[line:35]-INFO-[日志信息]: 对个人信息企业信息进行删除操作
Fri, 07 Aug 2020 08:58:27-test_infoReg-Assert.py-[line:123]-INFO-[日志信息]: except_result = actul_result, except_result is 首页, actul_result is 首页
Fri, 07 Aug 2020 08:58:27-run_all_uicase.py-test_personalInfoReg.py-[line:48]-INFO-[日志信息]: 进入登陆页面
Fri, 07 Aug 2020 08:58:28-test_infoReg-Assert.py-[line:123]-INFO-[日志信息]: except_result = actul_result, except_result is 实名认证, actul_result is 实名认证
Fri, 07 Aug 2020 08:58:28-run_all_uicase.py-test_personalInfoReg.py-[line:53]-INFO-[日志信息]: 实名认证画面成功显示
Fri, 07 Aug 2020 08:58:39-test_infoReg-Assert.py-[line:123]-INFO-[日志信息]: except_result = actul_result, except_result is 认证中, actul_result is 认证中
Fri, 07 Aug 2020 08:58:39-run_all_uicase.py-test_personalInfoReg.py-[line:82]-INFO-[日志信息]: 实名认证中画面显示
Fri, 07 Aug 2020 08:58:39-test_infoReg-Assert.py-[line:123]-INFO-[日志信息]: except_result = actul_result, except_result is 测试用户, actul_result is 测试用户
Fri, 07 Aug 2020 08:58:39-test_infoReg-Assert.py-[line:123]-INFO-[日志信息]: except_result = actul_result, except_result is 11010119900307475X, actul_result is 11010119900307475X
Fri, 07 Aug 2020 08:58:39-test_infoReg-Assert.py-[line:123]-INFO-[日志信息]: except_result = actul_result, except_result is 17621198933, actul_result is 17621198933
Fri, 07 Aug 2020 09:02:54-run_all_uicase.py-run_all_uicase.py-[line:27]-INFO-[日志信息]: ==================================2020-08-07 09:02:54===================================
Fri, 07 Aug 2020 09:02:55-run_all_uicase.py-test_personalInfoReg.py-[line:31]-INFO-[日志信息]: 开始执行脚本test_infoReg:

Fri, 07 Aug 2020 09:02:55-run_all_uicase.py-test_personalInfoReg.py-[line:35]-INFO-[日志信息]: 对个人信息企业信息进行删除操作
Fri, 07 Aug 2020 09:03:05-test_infoReg-Assert.py-[line:123]-INFO-[日志信息]: except_result = actul_result, except_result is 首页, actul_result is 首页
Fri, 07 Aug 2020 09:03:05-run_all_uicase.py-test_personalInfoReg.py-[line:48]-INFO-[日志信息]: 进入登陆页面
Fri, 07 Aug 2020 09:03:06-test_infoReg-Assert.py-[line:123]-INFO-[日志信息]: except_result = actul_result, except_result is 实名认证, actul_result is 实名认证
Fri, 07 Aug 2020 09:03:06-run_all_uicase.py-test_personalInfoReg.py-[line:53]-INFO-[日志信息]: 实名认证画面成功显示
Fri, 07 Aug 2020 09:03:17-test_infoReg-Assert.py-[line:123]-INFO-[日志信息]: except_result = actul_result, except_result is 认证中, actul_result is 认证中
Fri, 07 Aug 2020 09:03:17-run_all_uicase.py-test_personalInfoReg.py-[line:83]-INFO-[日志信息]: 实名认证中画面显示
Fri, 07 Aug 2020 09:03:17-test_infoReg-Assert.py-[line:123]-INFO-[日志信息]: except_result = actul_result, except_result is 测试用户, actul_result is 测试用户
Fri, 07 Aug 2020 09:03:17-test_infoReg-Assert.py-[line:123]-INFO-[日志信息]: except_result = actul_result, except_result is 11010119900307475X, actul_result is 11010119900307475X
Fri, 07 Aug 2020 09:03:17-test_infoReg-Assert.py-[line:123]-INFO-[日志信息]: except_result = actul_result, except_result is 17621198933, actul_result is 17621198933
Fri, 07 Aug 2020 09:04:32-run_all_uicase.py-run_all_uicase.py-[line:27]-INFO-[日志信息]: ==================================2020-08-07 09:04:32===================================
Fri, 07 Aug 2020 09:04:32-run_all_uicase.py-test_personalInfoReg.py-[line:31]-INFO-[日志信息]: 开始执行脚本test_infoReg:

Fri, 07 Aug 2020 09:04:32-run_all_uicase.py-test_personalInfoReg.py-[line:35]-INFO-[日志信息]: 对个人信息企业信息进行删除操作
Fri, 07 Aug 2020 09:04:43-test_infoReg-Assert.py-[line:123]-INFO-[日志信息]: except_result = actul_result, except_result is 首页, actul_result is 首页
Fri, 07 Aug 2020 09:04:43-run_all_uicase.py-test_personalInfoReg.py-[line:48]-INFO-[日志信息]: 进入登陆页面
Fri, 07 Aug 2020 09:04:43-test_infoReg-Assert.py-[line:123]-INFO-[日志信息]: except_result = actul_result, except_result is 实名认证, actul_result is 实名认证
Fri, 07 Aug 2020 09:04:43-run_all_uicase.py-test_personalInfoReg.py-[line:53]-INFO-[日志信息]: 实名认证画面成功显示
Fri, 07 Aug 2020 09:04:55-test_infoReg-Assert.py-[line:123]-INFO-[日志信息]: except_result = actul_result, except_result is 认证中, actul_result is 认证中
Fri, 07 Aug 2020 09:04:55-run_all_uicase.py-test_personalInfoReg.py-[line:83]-INFO-[日志信息]: 实名认证中画面显示
Fri, 07 Aug 2020 09:04:55-test_infoReg-Assert.py-[line:123]-INFO-[日志信息]: except_result = actul_result, except_result is 测试用户, actul_result is 测试用户
Fri, 07 Aug 2020 09:04:55-test_infoReg-Assert.py-[line:123]-INFO-[日志信息]: except_result = actul_result, except_result is 11010119900307475X, actul_result is 11010119900307475X
Fri, 07 Aug 2020 09:04:55-test_infoReg-Assert.py-[line:123]-INFO-[日志信息]: except_result = actul_result, except_result is 17621198933, actul_result is 17621198933
Fri, 07 Aug 2020 09:10:42-run_all_uicase.py-run_all_uicase.py-[line:27]-INFO-[日志信息]: ==================================2020-08-07 09:10:42===================================
Fri, 07 Aug 2020 09:10:42-run_all_uicase.py-test_personalInfoReg.py-[line:31]-INFO-[日志信息]: 开始执行脚本test_infoReg:

Fri, 07 Aug 2020 09:10:42-run_all_uicase.py-test_personalInfoReg.py-[line:35]-INFO-[日志信息]: 对个人信息企业信息进行删除操作
Fri, 07 Aug 2020 09:10:53-test_infoReg-Assert.py-[line:123]-INFO-[日志信息]: except_result = actul_result, except_result is 首页, actul_result is 首页
Fri, 07 Aug 2020 09:10:53-run_all_uicase.py-test_personalInfoReg.py-[line:48]-INFO-[日志信息]: 进入登陆页面
Fri, 07 Aug 2020 09:10:53-test_infoReg-Assert.py-[line:123]-INFO-[日志信息]: except_result = actul_result, except_result is 实名认证, actul_result is 实名认证
Fri, 07 Aug 2020 09:10:53-run_all_uicase.py-test_personalInfoReg.py-[line:53]-INFO-[日志信息]: 实名认证画面成功显示
Fri, 07 Aug 2020 09:11:04-test_infoReg-Assert.py-[line:123]-INFO-[日志信息]: except_result = actul_result, except_result is 认证中, actul_result is 认证中
Fri, 07 Aug 2020 09:11:04-run_all_uicase.py-test_personalInfoReg.py-[line:83]-INFO-[日志信息]: 实名认证中画面显示
Fri, 07 Aug 2020 09:11:04-test_infoReg-Assert.py-[line:123]-INFO-[日志信息]: except_result = actul_result, except_result is 测试用户, actul_result is 测试用户
Fri, 07 Aug 2020 09:11:04-test_infoReg-Assert.py-[line:123]-INFO-[日志信息]: except_result = actul_result, except_result is 11010119900307475X, actul_result is 11010119900307475X
Fri, 07 Aug 2020 09:11:04-test_infoReg-Assert.py-[line:123]-INFO-[日志信息]: except_result = actul_result, except_result is 17621198933, actul_result is 17621198933
Fri, 07 Aug 2020 09:12:54-run_all_uicase.py-run_all_uicase.py-[line:27]-INFO-[日志信息]: ==================================2020-08-07 09:12:54===================================
Fri, 07 Aug 2020 09:12:54-run_all_uicase.py-test_personalInfoReg.py-[line:31]-INFO-[日志信息]: 开始执行脚本test_infoReg:

Fri, 07 Aug 2020 09:12:54-run_all_uicase.py-test_personalInfoReg.py-[line:35]-INFO-[日志信息]: 对个人信息企业信息进行删除操作
Fri, 07 Aug 2020 09:13:04-test_infoReg-Assert.py-[line:123]-INFO-[日志信息]: except_result = actul_result, except_result is 首页, actul_result is 首页
Fri, 07 Aug 2020 09:13:04-run_all_uicase.py-test_personalInfoReg.py-[line:48]-INFO-[日志信息]: 进入登陆页面
Fri, 07 Aug 2020 09:14:22-run_all_uicase.py-run_all_uicase.py-[line:27]-INFO-[日志信息]: ==================================2020-08-07 09:14:22===================================
Fri, 07 Aug 2020 09:14:23-run_all_uicase.py-test_personalInfoReg.py-[line:33]-INFO-[日志信息]: 开始执行脚本test_infoReg:

Fri, 07 Aug 2020 09:14:23-run_all_uicase.py-test_personalInfoReg.py-[line:37]-INFO-[日志信息]: 对个人信息企业信息进行删除操作
Fri, 07 Aug 2020 09:14:34-run_all_uicase.py-test_login.py-[line:51]-INFO-[日志信息]: 开始执行脚本test_companyRegister:

Fri, 07 Aug 2020 09:14:44-run_all_uicase.py-test_login.py-[line:58]-INFO-[日志信息]: 对已注册的账户进行删除操作
Fri, 07 Aug 2020 09:14:56-test_companyRegister-Assert.py-[line:123]-INFO-[日志信息]: except_result = actul_result, except_result is 中小微企业金融服务聚合平台, actul_result is 中小微企业金融服务聚合平台
Fri, 07 Aug 2020 09:14:56-run_all_uicase.py-test_login.py-[line:78]-INFO-[日志信息]: 注册成功，返回到登陆页面
Fri, 07 Aug 2020 09:15:38-run_all_uicase.py-run_all_uicase.py-[line:27]-INFO-[日志信息]: ==================================2020-08-07 09:15:38===================================
Fri, 07 Aug 2020 09:15:39-run_all_uicase.py-test_personalInfoReg.py-[line:33]-INFO-[日志信息]: 开始执行脚本test_infoReg:

Fri, 07 Aug 2020 09:15:39-run_all_uicase.py-test_personalInfoReg.py-[line:37]-INFO-[日志信息]: 对个人信息企业信息进行删除操作
Fri, 07 Aug 2020 09:15:49-test_infoReg-Assert.py-[line:123]-INFO-[日志信息]: except_result = actul_result, except_result is 首页, actul_result is 首页
Fri, 07 Aug 2020 09:15:49-run_all_uicase.py-test_personalInfoReg.py-[line:51]-INFO-[日志信息]: 进入登陆页面
Fri, 07 Aug 2020 09:15:49-test_infoReg-Assert.py-[line:123]-INFO-[日志信息]: except_result = actul_result, except_result is 实名认证, actul_result is 实名认证
Fri, 07 Aug 2020 09:15:49-run_all_uicase.py-test_personalInfoReg.py-[line:56]-INFO-[日志信息]: 实名认证画面成功显示
Fri, 07 Aug 2020 09:16:01-test_infoReg-Assert.py-[line:123]-INFO-[日志信息]: except_result = actul_result, except_result is 认证中, actul_result is 认证中
Fri, 07 Aug 2020 09:16:01-run_all_uicase.py-test_personalInfoReg.py-[line:86]-INFO-[日志信息]: 实名认证中画面显示
Fri, 07 Aug 2020 09:16:01-test_infoReg-Assert.py-[line:123]-INFO-[日志信息]: except_result = actul_result, except_result is 测试用户, actul_result is 测试用户
Fri, 07 Aug 2020 09:16:01-test_infoReg-Assert.py-[line:123]-INFO-[日志信息]: except_result = actul_result, except_result is 11010119900307475X, actul_result is 11010119900307475X
Fri, 07 Aug 2020 09:16:01-test_infoReg-Assert.py-[line:123]-INFO-[日志信息]: except_result = actul_result, except_result is 17621198933, actul_result is 17621198933
Fri, 07 Aug 2020 09:17:04-run_all_uicase.py-run_all_uicase.py-[line:27]-INFO-[日志信息]: ==================================2020-08-07 09:17:04===================================
Fri, 07 Aug 2020 09:17:05-run_all_uicase.py-test_personalInfoReg.py-[line:33]-INFO-[日志信息]: 开始执行脚本test_infoReg:

Fri, 07 Aug 2020 09:17:05-run_all_uicase.py-test_personalInfoReg.py-[line:37]-INFO-[日志信息]: 对个人信息企业信息进行删除操作
Fri, 07 Aug 2020 09:17:15-test_infoReg-Assert.py-[line:123]-INFO-[日志信息]: except_result = actul_result, except_result is 首页, actul_result is 首页
Fri, 07 Aug 2020 09:17:15-run_all_uicase.py-test_personalInfoReg.py-[line:51]-INFO-[日志信息]: 进入登陆页面
Fri, 07 Aug 2020 09:17:16-test_infoReg-Assert.py-[line:123]-INFO-[日志信息]: except_result = actul_result, except_result is 实名认证, actul_result is 实名认证
Fri, 07 Aug 2020 09:17:16-run_all_uicase.py-test_personalInfoReg.py-[line:56]-INFO-[日志信息]: 实名认证画面成功显示
Fri, 07 Aug 2020 09:17:27-test_infoReg-Assert.py-[line:123]-INFO-[日志信息]: except_result = actul_result, except_result is 认证中, actul_result is 认证中
Fri, 07 Aug 2020 09:17:27-run_all_uicase.py-test_personalInfoReg.py-[line:86]-INFO-[日志信息]: 实名认证中画面显示
Fri, 07 Aug 2020 09:17:27-test_infoReg-Assert.py-[line:123]-INFO-[日志信息]: except_result = actul_result, except_result is 测试用户, actul_result is 测试用户
Fri, 07 Aug 2020 09:17:27-test_infoReg-Assert.py-[line:123]-INFO-[日志信息]: except_result = actul_result, except_result is 11010119900307475X, actul_result is 11010119900307475X
Fri, 07 Aug 2020 09:17:27-test_infoReg-Assert.py-[line:123]-INFO-[日志信息]: except_result = actul_result, except_result is 17621198933, actul_result is 17621198933
Fri, 07 Aug 2020 09:18:07-test_infoReg-Assert.py-[line:123]-INFO-[日志信息]: except_result = actul_result, except_result is 认证成功, actul_result is 认证成功
Fri, 07 Aug 2020 09:18:07-run_all_uicase.py-test_personalInfoReg.py-[line:100]-INFO-[日志信息]: 实名认证成功画面显示
Fri, 07 Aug 2020 09:18:07-test_infoReg-Assert.py-[line:123]-INFO-[日志信息]: except_result = actul_result, except_result is 实名认证, actul_result is 实名认证
Fri, 07 Aug 2020 09:18:07-run_all_uicase.py-test_personalInfoReg.py-[line:105]-INFO-[日志信息]: 点击查看认证信息按钮，跳转到实名认证画面
Fri, 07 Aug 2020 09:19:17-run_all_uicase.py-run_all_uicase.py-[line:27]-INFO-[日志信息]: ==================================2020-08-07 09:19:17===================================
Fri, 07 Aug 2020 09:19:17-run_all_uicase.py-test_personalInfoReg.py-[line:33]-INFO-[日志信息]: 开始执行脚本test_infoReg:

Fri, 07 Aug 2020 09:19:17-run_all_uicase.py-test_personalInfoReg.py-[line:37]-INFO-[日志信息]: 对个人信息企业信息进行删除操作
Fri, 07 Aug 2020 09:19:28-test_infoReg-Assert.py-[line:123]-INFO-[日志信息]: except_result = actul_result, except_result is 首页, actul_result is 首页
Fri, 07 Aug 2020 09:19:28-run_all_uicase.py-test_personalInfoReg.py-[line:51]-INFO-[日志信息]: 进入登陆页面
Fri, 07 Aug 2020 09:20:22-run_all_uicase.py-run_all_uicase.py-[line:27]-INFO-[日志信息]: ==================================2020-08-07 09:20:22===================================
Fri, 07 Aug 2020 09:20:22-run_all_uicase.py-test_login.py-[line:51]-INFO-[日志信息]: 开始执行脚本test_companyRegister:

Fri, 07 Aug 2020 09:20:32-run_all_uicase.py-test_login.py-[line:58]-INFO-[日志信息]: 对已注册的账户进行删除操作
Fri, 07 Aug 2020 09:20:45-test_companyRegister-Assert.py-[line:123]-INFO-[日志信息]: except_result = actul_result, except_result is 中小微企业金融服务聚合平台, actul_result is 中小微企业金融服务聚合平台
Fri, 07 Aug 2020 09:20:45-run_all_uicase.py-test_login.py-[line:78]-INFO-[日志信息]: 注册成功，返回到登陆页面
Fri, 07 Aug 2020 09:20:48-run_all_uicase.py-test_personalInfoReg.py-[line:33]-INFO-[日志信息]: 开始执行脚本test_infoReg:

Fri, 07 Aug 2020 09:20:48-run_all_uicase.py-test_personalInfoReg.py-[line:37]-INFO-[日志信息]: 对个人信息企业信息进行删除操作
Fri, 07 Aug 2020 09:20:58-test_infoReg-Assert.py-[line:123]-INFO-[日志信息]: except_result = actul_result, except_result is 首页, actul_result is 首页
Fri, 07 Aug 2020 09:20:58-run_all_uicase.py-test_personalInfoReg.py-[line:51]-INFO-[日志信息]: 进入登陆页面
Fri, 07 Aug 2020 09:20:58-test_infoReg-Assert.py-[line:123]-INFO-[日志信息]: except_result = actul_result, except_result is 实名认证, actul_result is 实名认证
Fri, 07 Aug 2020 09:20:58-run_all_uicase.py-test_personalInfoReg.py-[line:56]-INFO-[日志信息]: 实名认证画面成功显示
Fri, 07 Aug 2020 09:21:09-test_infoReg-Assert.py-[line:123]-INFO-[日志信息]: except_result = actul_result, except_result is 认证中, actul_result is 认证中
Fri, 07 Aug 2020 09:21:09-run_all_uicase.py-test_personalInfoReg.py-[line:86]-INFO-[日志信息]: 实名认证中画面显示
Fri, 07 Aug 2020 09:21:09-test_infoReg-Assert.py-[line:123]-INFO-[日志信息]: except_result = actul_result, except_result is 测试用户, actul_result is 测试用户
Fri, 07 Aug 2020 09:21:09-test_infoReg-Assert.py-[line:123]-INFO-[日志信息]: except_result = actul_result, except_result is 11010119900307475X, actul_result is 11010119900307475X
Fri, 07 Aug 2020 09:21:09-test_infoReg-Assert.py-[line:123]-INFO-[日志信息]: except_result = actul_result, except_result is 17621198933, actul_result is 17621198933
Fri, 07 Aug 2020 09:22:00-run_all_uicase.py-test_login.py-[line:89]-INFO-[日志信息]: 开始执行脚本test_companyPassForget:

Fri, 07 Aug 2020 09:22:22-test_companyPassForget-Assert.py-[line:123]-INFO-[日志信息]: except_result = actul_result, except_result is 重置密码, actul_result is 重置密码
Fri, 07 Aug 2020 09:22:22-run_all_uicase.py-test_login.py-[line:110]-INFO-[日志信息]: 成功进入到密码重置页面
Fri, 07 Aug 2020 09:22:25-test_companyPassForget-Assert.py-[line:123]-INFO-[日志信息]: except_result = actul_result, except_result is 完成修改, actul_result is 完成修改
Fri, 07 Aug 2020 09:22:25-run_all_uicase.py-test_login.py-[line:121]-INFO-[日志信息]: 成功进入到密码修改完成页面
Fri, 07 Aug 2020 09:22:27-run_all_uicase.py-test_login.py-[line:26]-INFO-[日志信息]: 开始执行脚本test_companyLoginOn:

Fri, 07 Aug 2020 09:22:37-test_companyLoginOn-Assert.py-[line:123]-INFO-[日志信息]: except_result = actul_result, except_result is 首页, actul_result is 首页
Fri, 07 Aug 2020 09:22:37-run_all_uicase.py-test_login.py-[line:40]-INFO-[日志信息]: 中小微企业金融服务聚合平台登录成功！
Fri, 07 Aug 2020 09:23:01-run_all_uicase.py-run_all_uicase.py-[line:27]-INFO-[日志信息]: ==================================2020-08-07 09:23:01===================================
Fri, 07 Aug 2020 09:23:03-run_all_uicase.py-run_all_uicase.py-[line:27]-INFO-[日志信息]: ==================================2020-08-07 09:23:03===================================
Fri, 07 Aug 2020 09:23:03-run_all_uicase.py-test_login.py-[line:51]-INFO-[日志信息]: 开始执行脚本test_companyRegister:

Fri, 07 Aug 2020 09:23:13-run_all_uicase.py-test_login.py-[line:58]-INFO-[日志信息]: 对已注册的账户进行删除操作
Fri, 07 Aug 2020 09:23:26-test_companyRegister-Assert.py-[line:123]-INFO-[日志信息]: except_result = actul_result, except_result is 中小微企业金融服务聚合平台, actul_result is 中小微企业金融服务聚合平台
Fri, 07 Aug 2020 09:23:26-run_all_uicase.py-test_login.py-[line:78]-INFO-[日志信息]: 注册成功，返回到登陆页面
Fri, 07 Aug 2020 09:23:28-run_all_uicase.py-test_personalInfoReg.py-[line:33]-INFO-[日志信息]: 开始执行脚本test_infoReg:

Fri, 07 Aug 2020 09:23:28-run_all_uicase.py-test_personalInfoReg.py-[line:37]-INFO-[日志信息]: 对个人信息企业信息进行删除操作
Fri, 07 Aug 2020 09:23:39-test_infoReg-Assert.py-[line:123]-INFO-[日志信息]: except_result = actul_result, except_result is 首页, actul_result is 首页
Fri, 07 Aug 2020 09:23:39-run_all_uicase.py-test_personalInfoReg.py-[line:51]-INFO-[日志信息]: 进入登陆页面
Fri, 07 Aug 2020 09:23:39-test_infoReg-Assert.py-[line:123]-INFO-[日志信息]: except_result = actul_result, except_result is 实名认证, actul_result is 实名认证
Fri, 07 Aug 2020 09:23:39-run_all_uicase.py-test_personalInfoReg.py-[line:56]-INFO-[日志信息]: 实名认证画面成功显示
Fri, 07 Aug 2020 09:23:50-test_infoReg-Assert.py-[line:123]-INFO-[日志信息]: except_result = actul_result, except_result is 认证中, actul_result is 认证中
Fri, 07 Aug 2020 09:23:50-run_all_uicase.py-test_personalInfoReg.py-[line:86]-INFO-[日志信息]: 实名认证中画面显示
Fri, 07 Aug 2020 09:23:50-test_infoReg-Assert.py-[line:123]-INFO-[日志信息]: except_result = actul_result, except_result is 测试用户, actul_result is 测试用户
Fri, 07 Aug 2020 09:23:50-test_infoReg-Assert.py-[line:123]-INFO-[日志信息]: except_result = actul_result, except_result is 11010119900307475X, actul_result is 11010119900307475X
Fri, 07 Aug 2020 09:23:50-test_infoReg-Assert.py-[line:123]-INFO-[日志信息]: except_result = actul_result, except_result is 17621198933, actul_result is 17621198933
Fri, 07 Aug 2020 09:24:51-test_infoReg-Assert.py-[line:123]-INFO-[日志信息]: except_result = actul_result, except_result is 认证成功, actul_result is 认证成功
Fri, 07 Aug 2020 09:24:51-run_all_uicase.py-test_personalInfoReg.py-[line:100]-INFO-[日志信息]: 实名认证成功画面显示
Fri, 07 Aug 2020 09:24:51-test_infoReg-Assert.py-[line:123]-INFO-[日志信息]: except_result = actul_result, except_result is 实名认证, actul_result is 实名认证
Fri, 07 Aug 2020 09:24:51-run_all_uicase.py-test_personalInfoReg.py-[line:105]-INFO-[日志信息]: 点击查看认证信息按钮，跳转到实名认证画面
Fri, 07 Aug 2020 09:24:53-run_all_uicase.py-test_login.py-[line:89]-INFO-[日志信息]: 开始执行脚本test_companyPassForget:

Fri, 07 Aug 2020 09:25:15-test_companyPassForget-Assert.py-[line:123]-INFO-[日志信息]: except_result = actul_result, except_result is 重置密码, actul_result is 重置密码
Fri, 07 Aug 2020 09:25:15-run_all_uicase.py-test_login.py-[line:110]-INFO-[日志信息]: 成功进入到密码重置页面
Fri, 07 Aug 2020 09:25:18-test_companyPassForget-Assert.py-[line:123]-INFO-[日志信息]: except_result = actul_result, except_result is 完成修改, actul_result is 完成修改
Fri, 07 Aug 2020 09:25:18-run_all_uicase.py-test_login.py-[line:121]-INFO-[日志信息]: 成功进入到密码修改完成页面
Fri, 07 Aug 2020 09:25:20-run_all_uicase.py-test_login.py-[line:26]-INFO-[日志信息]: 开始执行脚本test_companyLoginOn:

Fri, 07 Aug 2020 09:25:30-test_companyLoginOn-Assert.py-[line:123]-INFO-[日志信息]: except_result = actul_result, except_result is 首页, actul_result is 首页
Fri, 07 Aug 2020 09:25:30-run_all_uicase.py-test_login.py-[line:40]-INFO-[日志信息]: 中小微企业金融服务聚合平台登录成功！
Fri, 07 Aug 2020 09:26:41-run_all_uicase.py-run_all_uicase.py-[line:27]-INFO-[日志信息]: ==================================2020-08-07 09:26:41===================================
Fri, 07 Aug 2020 09:26:41-run_all_uicase.py-test_login.py-[line:51]-INFO-[日志信息]: 开始执行脚本test_companyRegister:

Fri, 07 Aug 2020 09:27:04-run_all_uicase.py-run_all_uicase.py-[line:27]-INFO-[日志信息]: ==================================2020-08-07 09:27:04===================================
Fri, 07 Aug 2020 09:27:05-run_all_uicase.py-test_personalInfoReg.py-[line:33]-INFO-[日志信息]: 开始执行脚本test_infoReg:

Fri, 07 Aug 2020 09:27:05-run_all_uicase.py-test_personalInfoReg.py-[line:37]-INFO-[日志信息]: 对个人信息企业信息进行删除操作
Fri, 07 Aug 2020 09:27:05-run_all_uicase.py-test_login.py-[line:51]-INFO-[日志信息]: 开始执行脚本test_companyRegister:

Fri, 07 Aug 2020 09:27:14-run_all_uicase.py-test_login.py-[line:58]-INFO-[日志信息]: 对已注册的账户进行删除操作
Fri, 07 Aug 2020 09:27:27-test_companyRegister-Assert.py-[line:123]-INFO-[日志信息]: except_result = actul_result, except_result is 中小微企业金融服务聚合平台, actul_result is 中小微企业金融服务聚合平台
Fri, 07 Aug 2020 09:27:27-run_all_uicase.py-test_login.py-[line:78]-INFO-[日志信息]: 注册成功，返回到登陆页面
Fri, 07 Aug 2020 09:27:40-test_infoReg-Assert.py-[line:123]-INFO-[日志信息]: except_result = actul_result, except_result is 首页, actul_result is 首页
Fri, 07 Aug 2020 09:27:40-run_all_uicase.py-test_personalInfoReg.py-[line:52]-INFO-[日志信息]: 进入登陆页面
Fri, 07 Aug 2020 09:27:40-test_infoReg-Assert.py-[line:123]-INFO-[日志信息]: except_result = actul_result, except_result is 实名认证, actul_result is 实名认证
Fri, 07 Aug 2020 09:27:40-run_all_uicase.py-test_personalInfoReg.py-[line:57]-INFO-[日志信息]: 实名认证画面成功显示
Fri, 07 Aug 2020 09:27:51-test_infoReg-Assert.py-[line:123]-INFO-[日志信息]: except_result = actul_result, except_result is 认证中, actul_result is 认证中
Fri, 07 Aug 2020 09:27:51-run_all_uicase.py-test_personalInfoReg.py-[line:87]-INFO-[日志信息]: 实名认证中画面显示
Fri, 07 Aug 2020 09:27:51-test_infoReg-Assert.py-[line:123]-INFO-[日志信息]: except_result = actul_result, except_result is 测试用户, actul_result is 测试用户
Fri, 07 Aug 2020 09:27:51-test_infoReg-Assert.py-[line:123]-INFO-[日志信息]: except_result = actul_result, except_result is 11010119900307475X, actul_result is 11010119900307475X
Fri, 07 Aug 2020 09:27:51-test_infoReg-Assert.py-[line:123]-INFO-[日志信息]: except_result = actul_result, except_result is 17621198933, actul_result is 17621198933
Fri, 07 Aug 2020 09:28:41-test_infoReg-Assert.py-[line:123]-INFO-[日志信息]: except_result = actul_result, except_result is 认证成功, actul_result is 认证成功
Fri, 07 Aug 2020 09:28:41-run_all_uicase.py-test_personalInfoReg.py-[line:101]-INFO-[日志信息]: 实名认证成功画面显示
Fri, 07 Aug 2020 09:28:41-test_infoReg-Assert.py-[line:123]-INFO-[日志信息]: except_result = actul_result, except_result is 实名认证, actul_result is 实名认证
Fri, 07 Aug 2020 09:28:41-run_all_uicase.py-test_personalInfoReg.py-[line:106]-INFO-[日志信息]: 点击查看认证信息按钮，跳转到实名认证画面
