Mon, 21 Sep 2020 08:30:11-run_all_case.py-run_all_case.py-[line:26]-INFO-[日志信息]: ==================================2020-09-21 08:30:11===================================
Mon, 21 Sep 2020 08:30:12-run_all_case.py-test_login.py-[line:53]-INFO-[日志信息]: 开始执行脚本test_companyRegister:

Mon, 21 Sep 2020 08:30:23-run_all_case.py-test_login.py-[line:60]-INFO-[日志信息]: 对已注册的账户进行删除操作
Mon, 21 Sep 2020 08:30:26-test_companyRegister-Assert.py-[line:123]-INFO-[日志信息]: except_result = actul_result, except_result is 中小微企业金融服务聚合平台, actul_result is 中小微企业金融服务聚合平台
Mon, 21 Sep 2020 08:30:26-run_all_case.py-test_login.py-[line:88]-INFO-[日志信息]: 注册成功，返回到登陆页面
Mon, 21 Sep 2020 08:30:29-run_all_case.py-test_personalInfoReg.py-[line:33]-INFO-[日志信息]: 开始执行脚本test_infoReg:

Mon, 21 Sep 2020 08:30:30-run_all_case.py-test_personalInfoReg.py-[line:37]-INFO-[日志信息]: 对个人信息企业信息进行删除操作
Mon, 21 Sep 2020 08:30:41-test_infoReg-Assert.py-[line:123]-INFO-[日志信息]: except_result = actul_result, except_result is 首页, actul_result is 首页
Mon, 21 Sep 2020 08:30:41-run_all_case.py-test_personalInfoReg.py-[line:51]-INFO-[日志信息]: 进入登陆页面
Mon, 21 Sep 2020 08:30:45-test_infoReg-Assert.py-[line:123]-INFO-[日志信息]: except_result = actul_result, except_result is 实名认证, actul_result is 实名认证
Mon, 21 Sep 2020 08:30:45-run_all_case.py-test_personalInfoReg.py-[line:57]-INFO-[日志信息]: 实名认证画面成功显示
Mon, 21 Sep 2020 08:30:58-test_infoReg-Assert.py-[line:123]-INFO-[日志信息]: except_result = actul_result, except_result is 认证中, actul_result is 认证中
Mon, 21 Sep 2020 08:30:58-run_all_case.py-test_personalInfoReg.py-[line:95]-INFO-[日志信息]: 实名认证中画面显示
Mon, 21 Sep 2020 08:30:58-test_infoReg-Assert.py-[line:123]-INFO-[日志信息]: except_result = actul_result, except_result is 马化腾, actul_result is 马化腾
Mon, 21 Sep 2020 08:30:58-test_infoReg-Assert.py-[line:123]-INFO-[日志信息]: except_result = actul_result, except_result is 11010119900307475X, actul_result is 11010119900307475X
Mon, 21 Sep 2020 08:30:58-test_infoReg-Assert.py-[line:123]-INFO-[日志信息]: except_result = actul_result, except_result is 18621198966, actul_result is 18621198966
Mon, 21 Sep 2020 08:40:54-run_all_case.py-run_all_case.py-[line:26]-INFO-[日志信息]: ==================================2020-09-21 08:40:54===================================
Mon, 21 Sep 2020 08:40:55-run_all_case.py-test_login.py-[line:53]-INFO-[日志信息]: 开始执行脚本test_companyRegister:

Mon, 21 Sep 2020 08:41:05-run_all_case.py-test_login.py-[line:60]-INFO-[日志信息]: 对已注册的账户进行删除操作
Mon, 21 Sep 2020 08:41:08-test_companyRegister-Assert.py-[line:123]-INFO-[日志信息]: except_result = actul_result, except_result is 中小微企业金融服务聚合平台, actul_result is 中小微企业金融服务聚合平台
Mon, 21 Sep 2020 08:41:08-run_all_case.py-test_login.py-[line:88]-INFO-[日志信息]: 注册成功，返回到登陆页面
Mon, 21 Sep 2020 08:41:11-run_all_case.py-test_personalInfoReg.py-[line:33]-INFO-[日志信息]: 开始执行脚本test_infoReg:

Mon, 21 Sep 2020 08:41:11-run_all_case.py-test_personalInfoReg.py-[line:37]-INFO-[日志信息]: 对个人信息企业信息进行删除操作
Mon, 21 Sep 2020 08:41:23-test_infoReg-Assert.py-[line:123]-INFO-[日志信息]: except_result = actul_result, except_result is 首页, actul_result is 首页
Mon, 21 Sep 2020 08:41:23-run_all_case.py-test_personalInfoReg.py-[line:51]-INFO-[日志信息]: 进入登陆页面
Mon, 21 Sep 2020 08:41:24-test_infoReg-Assert.py-[line:123]-INFO-[日志信息]: except_result = actul_result, except_result is 实名认证, actul_result is 实名认证
Mon, 21 Sep 2020 08:41:24-run_all_case.py-test_personalInfoReg.py-[line:57]-INFO-[日志信息]: 实名认证画面成功显示
Mon, 21 Sep 2020 08:41:37-test_infoReg-Assert.py-[line:123]-INFO-[日志信息]: except_result = actul_result, except_result is 认证中, actul_result is 认证中
Mon, 21 Sep 2020 08:41:37-run_all_case.py-test_personalInfoReg.py-[line:95]-INFO-[日志信息]: 实名认证中画面显示
Mon, 21 Sep 2020 08:41:37-test_infoReg-Assert.py-[line:123]-INFO-[日志信息]: except_result = actul_result, except_result is 马化腾, actul_result is 马化腾
Mon, 21 Sep 2020 08:41:37-test_infoReg-Assert.py-[line:123]-INFO-[日志信息]: except_result = actul_result, except_result is 11010119900307475X, actul_result is 11010119900307475X
Mon, 21 Sep 2020 08:41:37-test_infoReg-Assert.py-[line:123]-INFO-[日志信息]: except_result = actul_result, except_result is 18621198966, actul_result is 18621198966
Mon, 21 Sep 2020 10:43:32-run_all_case.py-run_all_case.py-[line:26]-INFO-[日志信息]: ==================================2020-09-21 10:43:32===================================
Mon, 21 Sep 2020 10:43:32-run_all_case.py-test_login.py-[line:53]-INFO-[日志信息]: 开始执行脚本test_companyRegister:

Mon, 21 Sep 2020 10:43:43-run_all_case.py-test_login.py-[line:60]-INFO-[日志信息]: 对已注册的账户进行删除操作
Mon, 21 Sep 2020 10:43:47-test_companyRegister-Assert.py-[line:123]-INFO-[日志信息]: except_result = actul_result, except_result is 中小微企业金融服务聚合平台, actul_result is 中小微企业金融服务聚合平台
Mon, 21 Sep 2020 10:43:47-run_all_case.py-test_login.py-[line:88]-INFO-[日志信息]: 注册成功，返回到登陆页面
Mon, 21 Sep 2020 10:43:50-run_all_case.py-test_personalInfoReg.py-[line:33]-INFO-[日志信息]: 开始执行脚本test_infoReg:

Mon, 21 Sep 2020 10:43:50-run_all_case.py-test_personalInfoReg.py-[line:37]-INFO-[日志信息]: 对个人信息企业信息进行删除操作
Mon, 21 Sep 2020 10:44:01-test_infoReg-Assert.py-[line:123]-INFO-[日志信息]: except_result = actul_result, except_result is 首页, actul_result is 首页
Mon, 21 Sep 2020 10:44:01-run_all_case.py-test_personalInfoReg.py-[line:51]-INFO-[日志信息]: 进入登陆页面
Mon, 21 Sep 2020 10:44:05-test_infoReg-Assert.py-[line:123]-INFO-[日志信息]: except_result = actul_result, except_result is 实名认证, actul_result is 实名认证
Mon, 21 Sep 2020 10:44:05-run_all_case.py-test_personalInfoReg.py-[line:57]-INFO-[日志信息]: 实名认证画面成功显示
Mon, 21 Sep 2020 10:44:19-test_infoReg-Assert.py-[line:123]-INFO-[日志信息]: except_result = actul_result, except_result is 认证中, actul_result is 认证中
Mon, 21 Sep 2020 10:44:19-run_all_case.py-test_personalInfoReg.py-[line:95]-INFO-[日志信息]: 实名认证中画面显示
Mon, 21 Sep 2020 10:44:19-test_infoReg-Assert.py-[line:123]-INFO-[日志信息]: except_result = actul_result, except_result is 马化腾, actul_result is 马化腾
Mon, 21 Sep 2020 10:44:19-test_infoReg-Assert.py-[line:123]-INFO-[日志信息]: except_result = actul_result, except_result is 11010119900307475X, actul_result is 11010119900307475X
Mon, 21 Sep 2020 10:44:19-test_infoReg-Assert.py-[line:123]-INFO-[日志信息]: except_result = actul_result, except_result is 18621198966, actul_result is 18621198966
Mon, 21 Sep 2020 10:44:28-test_infoReg-Assert.py-[line:123]-INFO-[日志信息]: except_result = actul_result, except_result is 认证成功, actul_result is 认证成功
Mon, 21 Sep 2020 10:44:28-run_all_case.py-test_personalInfoReg.py-[line:109]-INFO-[日志信息]: 实名认证成功画面显示
Mon, 21 Sep 2020 10:44:28-test_infoReg-Assert.py-[line:123]-INFO-[日志信息]: except_result = actul_result, except_result is 实名认证, actul_result is 实名认证
Mon, 21 Sep 2020 10:44:28-run_all_case.py-test_personalInfoReg.py-[line:114]-INFO-[日志信息]: 点击查看认证信息按钮，跳转到实名认证画面
Mon, 21 Sep 2020 10:44:31-run_all_case.py-test_businessInfoReg.py-[line:33]-INFO-[日志信息]: 开始执行脚本test_businessInforReg:

Mon, 21 Sep 2020 10:44:41-test_businessInforReg-Assert.py-[line:123]-INFO-[日志信息]: except_result = actul_result, except_result is 企业基本资料, actul_result is 企业基本资料
Mon, 21 Sep 2020 10:44:41-run_all_case.py-test_businessInfoReg.py-[line:44]-INFO-[日志信息]: 企业基本资料画面正常显示
Mon, 21 Sep 2020 10:44:51-test_businessInforReg-Assert.py-[line:123]-INFO-[日志信息]: except_result = actul_result, except_result is 请确认协议内容, actul_result is 请确认协议内容
Mon, 21 Sep 2020 10:44:51-run_all_case.py-test_businessInfoReg.py-[line:106]-INFO-[日志信息]: 协议确认画面正常显示
Mon, 21 Sep 2020 10:45:00-test_businessInforReg-Assert.py-[line:123]-INFO-[日志信息]: except_result = actul_result, except_result is 认证中, actul_result is 认证中
Mon, 21 Sep 2020 10:45:00-run_all_case.py-test_businessInfoReg.py-[line:116]-INFO-[日志信息]: 企业信息认证中画面正常显示
Mon, 21 Sep 2020 10:45:30-test_businessInforReg-Assert.py-[line:123]-INFO-[日志信息]: except_result = actul_result, except_result is 审核中, actul_result is 审核中
Mon, 21 Sep 2020 10:45:30-run_all_case.py-test_businessInfoReg.py-[line:130]-INFO-[日志信息]: 企业信息审核中画面正常显示
Mon, 21 Sep 2020 10:45:31-test_businessInforReg-Assert.py-[line:123]-INFO-[日志信息]: except_result = actul_result, except_result is 企业基本资料, actul_result is 企业基本资料
Mon, 21 Sep 2020 10:45:31-run_all_case.py-test_businessInfoReg.py-[line:137]-INFO-[日志信息]: 企业基本资料画面正常显示
Mon, 21 Sep 2020 10:45:33-run_all_case.py-test_backStage_examine.py-[line:24]-INFO-[日志信息]: 开始执行脚本test_backstage_examine:

Mon, 21 Sep 2020 10:45:44-run_all_case.py-test_backStage_examine.py-[line:73]-INFO-[日志信息]: 成功登录后台系统
Mon, 21 Sep 2020 10:45:49-test_backstage_examine-Assert.py-[line:123]-INFO-[日志信息]: except_result = actul_result, except_result is 用户基本信息, actul_result is 用户基本信息
Mon, 21 Sep 2020 10:45:49-run_all_case.py-test_backStage_examine.py-[line:54]-INFO-[日志信息]: 成功进入企业信息审核画面
Mon, 21 Sep 2020 10:45:50-run_all_case.py-test_backStage_examine.py-[line:60]-INFO-[日志信息]: 企业认证通过
Mon, 21 Sep 2020 10:45:52-run_all_case.py-test_backStage_authentication.py-[line:169]-INFO-[日志信息]: 开始执行脚本test_backStageActCreate:

Mon, 21 Sep 2020 10:46:03-run_all_case.py-test_backStage_examine.py-[line:73]-INFO-[日志信息]: 成功登录后台系统
Mon, 21 Sep 2020 10:46:03-run_all_case.py-test_backStage_authentication.py-[line:179]-INFO-[日志信息]: 机构信息DB删除
Mon, 21 Sep 2020 10:46:07-run_all_case.py-test_backStage_authentication.py-[line:274]-INFO-[日志信息]: 开始执行脚本test_backStage_authentication:

Mon, 21 Sep 2020 10:46:07-run_all_case.py-test_backStage_authentication.py-[line:277]-INFO-[日志信息]: 开始执行脚本test_backStage_authentication:

Mon, 21 Sep 2020 10:46:21-run_all_case.py-test_login.py-[line:126]-INFO-[日志信息]: 成功进入到密码重置页面
Mon, 21 Sep 2020 10:46:24-run_all_case.py-test_login.py-[line:133]-INFO-[日志信息]: 成功进入到密码修改完成页面
Mon, 21 Sep 2020 10:46:47-run_all_case.py-test_Tripartite_interaction.py-[line:137]-INFO-[日志信息]: 开始执行脚本test_Tripartite_interaction:

Mon, 21 Sep 2020 13:07:53-run_all_case.py-run_all_case.py-[line:27]-INFO-[日志信息]: ==================================2020-09-21 13:07:53===================================
Mon, 21 Sep 2020 13:09:44-run_all_case.py-run_all_case.py-[line:27]-INFO-[日志信息]: ==================================2020-09-21 13:09:44===================================
Mon, 21 Sep 2020 13:10:20-run_all_case.py-run_all_case.py-[line:27]-INFO-[日志信息]: ==================================2020-09-21 13:10:20===================================
Mon, 21 Sep 2020 13:12:46-run_all_case.py-run_all_case.py-[line:27]-INFO-[日志信息]: ==================================2020-09-21 13:12:46===================================
Mon, 21 Sep 2020 13:14:43-run_all_case.py-run_all_case.py-[line:27]-INFO-[日志信息]: ==================================2020-09-21 13:14:43===================================
Mon, 21 Sep 2020 13:15:14-run_all_case.py-run_all_case.py-[line:27]-INFO-[日志信息]: ==================================2020-09-21 13:15:14===================================
Mon, 21 Sep 2020 13:15:31-run_all_case.py-run_all_case.py-[line:27]-INFO-[日志信息]: ==================================2020-09-21 13:15:31===================================
Mon, 21 Sep 2020 13:20:31-run_all_case.py-run_all_case.py-[line:27]-INFO-[日志信息]: ==================================2020-09-21 13:20:31===================================
Mon, 21 Sep 2020 13:20:32-run_all_case.py-test_login.py-[line:53]-INFO-[日志信息]: 开始执行脚本test_companyRegister:

Mon, 21 Sep 2020 13:20:46-run_all_case.py-test_login.py-[line:60]-INFO-[日志信息]: 对已注册的账户进行删除操作
Mon, 21 Sep 2020 13:20:50-test_companyRegister-Assert.py-[line:124]-INFO-[日志信息]: except_result = actul_result, except_result is 中小微企业金融服务聚合平台, actul_result is 中小微企业金融服务聚合平台
Mon, 21 Sep 2020 13:20:50-run_all_case.py-test_login.py-[line:88]-INFO-[日志信息]: 注册成功，返回到登陆页面
Mon, 21 Sep 2020 13:20:53-run_all_case.py-test_personalInfoReg.py-[line:33]-INFO-[日志信息]: 开始执行脚本test_infoReg:

Mon, 21 Sep 2020 13:20:53-run_all_case.py-test_personalInfoReg.py-[line:37]-INFO-[日志信息]: 对个人信息企业信息进行删除操作
Mon, 21 Sep 2020 13:21:04-test_infoReg-Assert.py-[line:124]-INFO-[日志信息]: except_result = actul_result, except_result is 首页, actul_result is 首页
Mon, 21 Sep 2020 13:21:04-run_all_case.py-test_personalInfoReg.py-[line:51]-INFO-[日志信息]: 进入登陆页面
Mon, 21 Sep 2020 13:21:05-test_infoReg-Assert.py-[line:124]-INFO-[日志信息]: except_result = actul_result, except_result is 实名认证, actul_result is 实名认证
Mon, 21 Sep 2020 13:21:05-run_all_case.py-test_personalInfoReg.py-[line:57]-INFO-[日志信息]: 实名认证画面成功显示
Mon, 21 Sep 2020 13:21:18-test_infoReg-Assert.py-[line:124]-INFO-[日志信息]: except_result = actul_result, except_result is 认证中, actul_result is 认证中
Mon, 21 Sep 2020 13:21:18-run_all_case.py-test_personalInfoReg.py-[line:95]-INFO-[日志信息]: 实名认证中画面显示
Mon, 21 Sep 2020 13:21:18-test_infoReg-Assert.py-[line:124]-INFO-[日志信息]: except_result = actul_result, except_result is 马化腾, actul_result is 马化腾
Mon, 21 Sep 2020 13:21:18-test_infoReg-Assert.py-[line:124]-INFO-[日志信息]: except_result = actul_result, except_result is 11010119900307475X, actul_result is 11010119900307475X
Mon, 21 Sep 2020 13:21:18-test_infoReg-Assert.py-[line:124]-INFO-[日志信息]: except_result = actul_result, except_result is 18621198966, actul_result is 18621198966
Mon, 21 Sep 2020 13:21:28-test_infoReg-Assert.py-[line:124]-INFO-[日志信息]: except_result = actul_result, except_result is 认证成功, actul_result is 认证成功
Mon, 21 Sep 2020 13:21:28-run_all_case.py-test_personalInfoReg.py-[line:109]-INFO-[日志信息]: 实名认证成功画面显示
Mon, 21 Sep 2020 13:21:28-test_infoReg-Assert.py-[line:124]-INFO-[日志信息]: except_result = actul_result, except_result is 实名认证, actul_result is 实名认证
Mon, 21 Sep 2020 13:21:28-run_all_case.py-test_personalInfoReg.py-[line:114]-INFO-[日志信息]: 点击查看认证信息按钮，跳转到实名认证画面
Mon, 21 Sep 2020 13:21:30-run_all_case.py-test_businessInfoReg.py-[line:33]-INFO-[日志信息]: 开始执行脚本test_businessInforReg:

Mon, 21 Sep 2020 13:21:41-test_businessInforReg-Assert.py-[line:124]-INFO-[日志信息]: except_result = actul_result, except_result is 企业基本资料, actul_result is 企业基本资料
Mon, 21 Sep 2020 13:21:41-run_all_case.py-test_businessInfoReg.py-[line:44]-INFO-[日志信息]: 企业基本资料画面正常显示
Mon, 21 Sep 2020 13:21:51-test_businessInforReg-Assert.py-[line:124]-INFO-[日志信息]: except_result = actul_result, except_result is 请确认协议内容, actul_result is 请确认协议内容
Mon, 21 Sep 2020 13:21:51-run_all_case.py-test_businessInfoReg.py-[line:106]-INFO-[日志信息]: 协议确认画面正常显示
Mon, 21 Sep 2020 13:21:54-test_businessInforReg-Assert.py-[line:124]-INFO-[日志信息]: except_result = actul_result, except_result is 认证中, actul_result is 认证中
Mon, 21 Sep 2020 13:21:54-run_all_case.py-test_businessInfoReg.py-[line:116]-INFO-[日志信息]: 企业信息认证中画面正常显示
Mon, 21 Sep 2020 13:22:17-test_businessInforReg-Assert.py-[line:124]-INFO-[日志信息]: except_result = actul_result, except_result is 审核中, actul_result is 审核中
Mon, 21 Sep 2020 13:22:17-run_all_case.py-test_businessInfoReg.py-[line:130]-INFO-[日志信息]: 企业信息审核中画面正常显示
Mon, 21 Sep 2020 13:22:18-test_businessInforReg-Assert.py-[line:124]-INFO-[日志信息]: except_result = actul_result, except_result is 企业基本资料, actul_result is 企业基本资料
Mon, 21 Sep 2020 13:22:18-run_all_case.py-test_businessInfoReg.py-[line:137]-INFO-[日志信息]: 企业基本资料画面正常显示
Mon, 21 Sep 2020 13:22:20-run_all_case.py-test_backStage_examine.py-[line:24]-INFO-[日志信息]: 开始执行脚本test_backstage_examine:

Mon, 21 Sep 2020 13:22:31-run_all_case.py-test_backStage_examine.py-[line:73]-INFO-[日志信息]: 成功登录后台系统
Mon, 21 Sep 2020 13:22:35-test_backstage_examine-Assert.py-[line:124]-INFO-[日志信息]: except_result = actul_result, except_result is 用户基本信息, actul_result is 用户基本信息
Mon, 21 Sep 2020 13:22:35-run_all_case.py-test_backStage_examine.py-[line:54]-INFO-[日志信息]: 成功进入企业信息审核画面
Mon, 21 Sep 2020 13:22:37-run_all_case.py-test_backStage_examine.py-[line:60]-INFO-[日志信息]: 企业认证通过
Mon, 21 Sep 2020 13:22:39-run_all_case.py-test_backStage_authentication.py-[line:169]-INFO-[日志信息]: 开始执行脚本test_backStageActCreate:

Mon, 21 Sep 2020 13:35:57-run_all_case.py-run_all_case.py-[line:27]-INFO-[日志信息]: ==================================2020-09-21 13:35:57===================================
Mon, 21 Sep 2020 13:35:57-run_all_case.py-test_login.py-[line:53]-INFO-[日志信息]: 开始执行脚本test_companyRegister:

Mon, 21 Sep 2020 13:36:07-run_all_case.py-test_login.py-[line:60]-INFO-[日志信息]: 对已注册的账户进行删除操作
Mon, 21 Sep 2020 13:36:11-test_companyRegister-Assert.py-[line:124]-INFO-[日志信息]: except_result = actul_result, except_result is 中小微企业金融服务聚合平台, actul_result is 中小微企业金融服务聚合平台
Mon, 21 Sep 2020 13:36:11-run_all_case.py-test_login.py-[line:88]-INFO-[日志信息]: 注册成功，返回到登陆页面
Mon, 21 Sep 2020 13:36:14-run_all_case.py-test_personalInfoReg.py-[line:33]-INFO-[日志信息]: 开始执行脚本test_infoReg:

Mon, 21 Sep 2020 13:36:14-run_all_case.py-test_personalInfoReg.py-[line:37]-INFO-[日志信息]: 对个人信息企业信息进行删除操作
Mon, 21 Sep 2020 13:36:26-test_infoReg-Assert.py-[line:124]-INFO-[日志信息]: except_result = actul_result, except_result is 首页, actul_result is 首页
Mon, 21 Sep 2020 13:36:26-run_all_case.py-test_personalInfoReg.py-[line:51]-INFO-[日志信息]: 进入登陆页面
Mon, 21 Sep 2020 13:36:30-test_infoReg-Assert.py-[line:124]-INFO-[日志信息]: except_result = actul_result, except_result is 实名认证, actul_result is 实名认证
Mon, 21 Sep 2020 13:36:30-run_all_case.py-test_personalInfoReg.py-[line:57]-INFO-[日志信息]: 实名认证画面成功显示
Mon, 21 Sep 2020 13:36:44-test_infoReg-Assert.py-[line:124]-INFO-[日志信息]: except_result = actul_result, except_result is 认证中, actul_result is 认证中
Mon, 21 Sep 2020 13:36:44-run_all_case.py-test_personalInfoReg.py-[line:95]-INFO-[日志信息]: 实名认证中画面显示
Mon, 21 Sep 2020 13:36:44-test_infoReg-Assert.py-[line:124]-INFO-[日志信息]: except_result = actul_result, except_result is 马化腾, actul_result is 马化腾
Mon, 21 Sep 2020 13:36:44-test_infoReg-Assert.py-[line:124]-INFO-[日志信息]: except_result = actul_result, except_result is 11010119900307475X, actul_result is 11010119900307475X
Mon, 21 Sep 2020 13:36:44-test_infoReg-Assert.py-[line:124]-INFO-[日志信息]: except_result = actul_result, except_result is 18621198966, actul_result is 18621198966
Mon, 21 Sep 2020 13:36:54-test_infoReg-Assert.py-[line:124]-INFO-[日志信息]: except_result = actul_result, except_result is 认证成功, actul_result is 认证成功
Mon, 21 Sep 2020 13:36:54-run_all_case.py-test_personalInfoReg.py-[line:109]-INFO-[日志信息]: 实名认证成功画面显示
Mon, 21 Sep 2020 13:36:54-test_infoReg-Assert.py-[line:124]-INFO-[日志信息]: except_result = actul_result, except_result is 实名认证, actul_result is 实名认证
Mon, 21 Sep 2020 13:36:54-run_all_case.py-test_personalInfoReg.py-[line:114]-INFO-[日志信息]: 点击查看认证信息按钮，跳转到实名认证画面
Mon, 21 Sep 2020 13:36:56-run_all_case.py-test_businessInfoReg.py-[line:33]-INFO-[日志信息]: 开始执行脚本test_businessInforReg:

