Tue, 11 Aug 2020 10:59:03-run_all_uicase.py-run_all_uicase.py-[line:27]-INFO-[日志信息]: ==================================2020-08-11 10:59:03===================================
Tue, 11 Aug 2020 10:59:04-run_all_uicase.py-test_login.py-[line:51]-INFO-[日志信息]: 开始执行脚本test_companyRegister:

Tue, 11 Aug 2020 10:59:14-run_all_uicase.py-test_login.py-[line:58]-INFO-[日志信息]: 对已注册的账户进行删除操作
Tue, 11 Aug 2020 10:59:28-test_companyRegister-Assert.py-[line:123]-INFO-[日志信息]: except_result = actul_result, except_result is 中小微企业金融服务聚合平台, actul_result is 中小微企业金融服务聚合平台
Tue, 11 Aug 2020 10:59:28-run_all_uicase.py-test_login.py-[line:78]-INFO-[日志信息]: 注册成功，返回到登陆页面
Tue, 11 Aug 2020 10:59:30-run_all_uicase.py-test_personalInfoReg.py-[line:32]-INFO-[日志信息]: 开始执行脚本test_infoReg:

Tue, 11 Aug 2020 10:59:30-run_all_uicase.py-test_personalInfoReg.py-[line:36]-INFO-[日志信息]: 对个人信息企业信息进行删除操作
Tue, 11 Aug 2020 10:59:40-test_infoReg-Assert.py-[line:123]-INFO-[日志信息]: except_result = actul_result, except_result is 首页, actul_result is 首页
Tue, 11 Aug 2020 10:59:40-run_all_uicase.py-test_personalInfoReg.py-[line:49]-INFO-[日志信息]: 进入登陆页面
Tue, 11 Aug 2020 10:59:41-test_infoReg-Assert.py-[line:123]-INFO-[日志信息]: except_result = actul_result, except_result is 实名认证, actul_result is 实名认证
Tue, 11 Aug 2020 10:59:41-run_all_uicase.py-test_personalInfoReg.py-[line:54]-INFO-[日志信息]: 实名认证画面成功显示
Tue, 11 Aug 2020 10:59:52-test_infoReg-Assert.py-[line:123]-INFO-[日志信息]: except_result = actul_result, except_result is 认证中, actul_result is 认证中
Tue, 11 Aug 2020 10:59:52-run_all_uicase.py-test_personalInfoReg.py-[line:84]-INFO-[日志信息]: 实名认证中画面显示
Tue, 11 Aug 2020 10:59:52-test_infoReg-Assert.py-[line:123]-INFO-[日志信息]: except_result = actul_result, except_result is 测试用户, actul_result is 测试用户
Tue, 11 Aug 2020 10:59:52-test_infoReg-Assert.py-[line:123]-INFO-[日志信息]: except_result = actul_result, except_result is 11010119900307475X, actul_result is 11010119900307475X
Tue, 11 Aug 2020 10:59:52-test_infoReg-Assert.py-[line:123]-INFO-[日志信息]: except_result = actul_result, except_result is 17621198933, actul_result is 17621198933
Tue, 11 Aug 2020 11:00:22-test_infoReg-Assert.py-[line:123]-INFO-[日志信息]: except_result = actul_result, except_result is 认证成功, actul_result is 认证成功
Tue, 11 Aug 2020 11:00:22-run_all_uicase.py-test_personalInfoReg.py-[line:98]-INFO-[日志信息]: 实名认证成功画面显示
Tue, 11 Aug 2020 11:00:22-test_infoReg-Assert.py-[line:123]-INFO-[日志信息]: except_result = actul_result, except_result is 实名认证, actul_result is 实名认证
Tue, 11 Aug 2020 11:00:22-run_all_uicase.py-test_personalInfoReg.py-[line:103]-INFO-[日志信息]: 点击查看认证信息按钮，跳转到实名认证画面
Tue, 11 Aug 2020 11:00:24-run_all_uicase.py-test_businessInfoReg.py-[line:29]-INFO-[日志信息]: 开始执行脚本test_businessInforReg:

Tue, 11 Aug 2020 11:00:35-test_businessInforReg-Assert.py-[line:123]-INFO-[日志信息]: except_result = actul_result, except_result is 企业基本资料, actul_result is 企业基本资料
Tue, 11 Aug 2020 11:00:35-run_all_uicase.py-test_businessInfoReg.py-[line:40]-INFO-[日志信息]: 企业基本资料画面正常显示
Tue, 11 Aug 2020 11:00:40-test_businessInforReg-Assert.py-[line:123]-INFO-[日志信息]: except_result = actul_result, except_result is 请确认协议内容, actul_result is 请确认协议内容
Tue, 11 Aug 2020 11:00:40-run_all_uicase.py-test_businessInfoReg.py-[line:95]-INFO-[日志信息]: 协议确认画面正常显示
Tue, 11 Aug 2020 11:00:43-test_businessInforReg-Assert.py-[line:123]-INFO-[日志信息]: except_result = actul_result, except_result is 认证中, actul_result is 认证中
Tue, 11 Aug 2020 11:00:43-run_all_uicase.py-test_businessInfoReg.py-[line:104]-INFO-[日志信息]: 企业信息认证中画面正常显示
Tue, 11 Aug 2020 11:02:08-run_all_uicase.py-test_backStage_examine.py-[line:24]-INFO-[日志信息]: 开始执行脚本test_backstage_examine:

Tue, 11 Aug 2020 11:02:26-run_all_uicase.py-run_all_uicase.py-[line:27]-INFO-[日志信息]: ==================================2020-08-11 11:02:26===================================
Tue, 11 Aug 2020 11:02:27-run_all_uicase.py-test_login.py-[line:51]-INFO-[日志信息]: 开始执行脚本test_companyRegister:

Tue, 11 Aug 2020 11:02:37-run_all_uicase.py-test_login.py-[line:58]-INFO-[日志信息]: 对已注册的账户进行删除操作
Tue, 11 Aug 2020 11:02:50-test_companyRegister-Assert.py-[line:123]-INFO-[日志信息]: except_result = actul_result, except_result is 中小微企业金融服务聚合平台, actul_result is 中小微企业金融服务聚合平台
Tue, 11 Aug 2020 11:02:50-run_all_uicase.py-test_login.py-[line:78]-INFO-[日志信息]: 注册成功，返回到登陆页面
Tue, 11 Aug 2020 11:02:52-run_all_uicase.py-test_personalInfoReg.py-[line:32]-INFO-[日志信息]: 开始执行脚本test_infoReg:

Tue, 11 Aug 2020 11:02:52-run_all_uicase.py-test_personalInfoReg.py-[line:36]-INFO-[日志信息]: 对个人信息企业信息进行删除操作
Tue, 11 Aug 2020 11:03:03-test_infoReg-Assert.py-[line:123]-INFO-[日志信息]: except_result = actul_result, except_result is 首页, actul_result is 首页
Tue, 11 Aug 2020 11:03:03-run_all_uicase.py-test_personalInfoReg.py-[line:49]-INFO-[日志信息]: 进入登陆页面
Tue, 11 Aug 2020 11:03:03-test_infoReg-Assert.py-[line:123]-INFO-[日志信息]: except_result = actul_result, except_result is 实名认证, actul_result is 实名认证
Tue, 11 Aug 2020 11:03:03-run_all_uicase.py-test_personalInfoReg.py-[line:54]-INFO-[日志信息]: 实名认证画面成功显示
Tue, 11 Aug 2020 11:03:14-test_infoReg-Assert.py-[line:123]-INFO-[日志信息]: except_result = actul_result, except_result is 认证中, actul_result is 认证中
Tue, 11 Aug 2020 11:03:14-run_all_uicase.py-test_personalInfoReg.py-[line:84]-INFO-[日志信息]: 实名认证中画面显示
Tue, 11 Aug 2020 11:03:14-test_infoReg-Assert.py-[line:123]-INFO-[日志信息]: except_result = actul_result, except_result is 测试用户, actul_result is 测试用户
Tue, 11 Aug 2020 11:03:14-test_infoReg-Assert.py-[line:123]-INFO-[日志信息]: except_result = actul_result, except_result is 11010119900307475X, actul_result is 11010119900307475X
Tue, 11 Aug 2020 11:03:14-test_infoReg-Assert.py-[line:123]-INFO-[日志信息]: except_result = actul_result, except_result is 17621198933, actul_result is 17621198933
Tue, 11 Aug 2020 11:04:04-test_infoReg-Assert.py-[line:123]-INFO-[日志信息]: except_result = actul_result, except_result is 认证成功, actul_result is 认证成功
Tue, 11 Aug 2020 11:04:04-run_all_uicase.py-test_personalInfoReg.py-[line:98]-INFO-[日志信息]: 实名认证成功画面显示
Tue, 11 Aug 2020 11:04:04-test_infoReg-Assert.py-[line:123]-INFO-[日志信息]: except_result = actul_result, except_result is 实名认证, actul_result is 实名认证
Tue, 11 Aug 2020 11:04:04-run_all_uicase.py-test_personalInfoReg.py-[line:103]-INFO-[日志信息]: 点击查看认证信息按钮，跳转到实名认证画面
Tue, 11 Aug 2020 11:04:07-run_all_uicase.py-test_businessInfoReg.py-[line:29]-INFO-[日志信息]: 开始执行脚本test_businessInforReg:

Tue, 11 Aug 2020 11:04:17-test_businessInforReg-Assert.py-[line:123]-INFO-[日志信息]: except_result = actul_result, except_result is 企业基本资料, actul_result is 企业基本资料
Tue, 11 Aug 2020 11:04:17-run_all_uicase.py-test_businessInfoReg.py-[line:40]-INFO-[日志信息]: 企业基本资料画面正常显示
Tue, 11 Aug 2020 11:04:19-run_all_uicase.py-test_backStage_examine.py-[line:24]-INFO-[日志信息]: 开始执行脚本test_backstage_examine:

Tue, 11 Aug 2020 11:04:39-run_all_uicase.py-test_login.py-[line:26]-INFO-[日志信息]: 开始执行脚本test_companyLoginOn:

Tue, 11 Aug 2020 11:04:49-test_companyLoginOn-Assert.py-[line:123]-INFO-[日志信息]: except_result = actul_result, except_result is 首页, actul_result is 首页
Tue, 11 Aug 2020 11:04:49-run_all_uicase.py-test_login.py-[line:40]-INFO-[日志信息]: 中小微企业金融服务聚合平台登录成功！
Tue, 11 Aug 2020 11:04:51-run_all_uicase.py-test_login.py-[line:89]-INFO-[日志信息]: 开始执行脚本test_companyPassForget:

Tue, 11 Aug 2020 11:05:07-run_all_uicase.py-run_all_uicase.py-[line:27]-INFO-[日志信息]: ==================================2020-08-11 11:05:07===================================
Tue, 11 Aug 2020 11:05:08-run_all_uicase.py-test_login.py-[line:51]-INFO-[日志信息]: 开始执行脚本test_companyRegister:

Tue, 11 Aug 2020 11:05:18-run_all_uicase.py-test_login.py-[line:58]-INFO-[日志信息]: 对已注册的账户进行删除操作
Tue, 11 Aug 2020 11:05:31-test_companyRegister-Assert.py-[line:123]-INFO-[日志信息]: except_result = actul_result, except_result is 中小微企业金融服务聚合平台, actul_result is 中小微企业金融服务聚合平台
Tue, 11 Aug 2020 11:05:31-run_all_uicase.py-test_login.py-[line:78]-INFO-[日志信息]: 注册成功，返回到登陆页面
Tue, 11 Aug 2020 11:05:33-run_all_uicase.py-test_personalInfoReg.py-[line:32]-INFO-[日志信息]: 开始执行脚本test_infoReg:

Tue, 11 Aug 2020 11:05:33-run_all_uicase.py-test_personalInfoReg.py-[line:36]-INFO-[日志信息]: 对个人信息企业信息进行删除操作
Tue, 11 Aug 2020 11:05:44-test_infoReg-Assert.py-[line:123]-INFO-[日志信息]: except_result = actul_result, except_result is 首页, actul_result is 首页
Tue, 11 Aug 2020 11:05:44-run_all_uicase.py-test_personalInfoReg.py-[line:49]-INFO-[日志信息]: 进入登陆页面
Tue, 11 Aug 2020 11:05:44-test_infoReg-Assert.py-[line:123]-INFO-[日志信息]: except_result = actul_result, except_result is 实名认证, actul_result is 实名认证
Tue, 11 Aug 2020 11:05:44-run_all_uicase.py-test_personalInfoReg.py-[line:54]-INFO-[日志信息]: 实名认证画面成功显示
Tue, 11 Aug 2020 11:05:55-test_infoReg-Assert.py-[line:123]-INFO-[日志信息]: except_result = actul_result, except_result is 认证中, actul_result is 认证中
Tue, 11 Aug 2020 11:05:55-run_all_uicase.py-test_personalInfoReg.py-[line:84]-INFO-[日志信息]: 实名认证中画面显示
Tue, 11 Aug 2020 11:05:55-test_infoReg-Assert.py-[line:123]-INFO-[日志信息]: except_result = actul_result, except_result is 测试用户, actul_result is 测试用户
Tue, 11 Aug 2020 11:05:55-test_infoReg-Assert.py-[line:123]-INFO-[日志信息]: except_result = actul_result, except_result is 11010119900307475X, actul_result is 11010119900307475X
Tue, 11 Aug 2020 11:05:55-test_infoReg-Assert.py-[line:123]-INFO-[日志信息]: except_result = actul_result, except_result is 17621198933, actul_result is 17621198933
Tue, 11 Aug 2020 11:06:35-test_infoReg-Assert.py-[line:123]-INFO-[日志信息]: except_result = actul_result, except_result is 认证成功, actul_result is 认证成功
Tue, 11 Aug 2020 11:06:35-run_all_uicase.py-test_personalInfoReg.py-[line:98]-INFO-[日志信息]: 实名认证成功画面显示
Tue, 11 Aug 2020 11:06:35-test_infoReg-Assert.py-[line:123]-INFO-[日志信息]: except_result = actul_result, except_result is 实名认证, actul_result is 实名认证
Tue, 11 Aug 2020 11:06:35-run_all_uicase.py-test_personalInfoReg.py-[line:103]-INFO-[日志信息]: 点击查看认证信息按钮，跳转到实名认证画面
Tue, 11 Aug 2020 11:06:38-run_all_uicase.py-test_businessInfoReg.py-[line:29]-INFO-[日志信息]: 开始执行脚本test_businessInforReg:

Tue, 11 Aug 2020 11:06:48-test_businessInforReg-Assert.py-[line:123]-INFO-[日志信息]: except_result = actul_result, except_result is 企业基本资料, actul_result is 企业基本资料
Tue, 11 Aug 2020 11:06:48-run_all_uicase.py-test_businessInfoReg.py-[line:40]-INFO-[日志信息]: 企业基本资料画面正常显示
Tue, 11 Aug 2020 11:06:53-test_businessInforReg-Assert.py-[line:123]-INFO-[日志信息]: except_result = actul_result, except_result is 请确认协议内容, actul_result is 请确认协议内容
Tue, 11 Aug 2020 11:06:53-run_all_uicase.py-test_businessInfoReg.py-[line:95]-INFO-[日志信息]: 协议确认画面正常显示
Tue, 11 Aug 2020 11:06:57-test_businessInforReg-Assert.py-[line:123]-INFO-[日志信息]: except_result = actul_result, except_result is 认证中, actul_result is 认证中
Tue, 11 Aug 2020 11:06:57-run_all_uicase.py-test_businessInfoReg.py-[line:104]-INFO-[日志信息]: 企业信息认证中画面正常显示
Tue, 11 Aug 2020 11:08:57-run_all_uicase.py-test_backStage_examine.py-[line:24]-INFO-[日志信息]: 开始执行脚本test_backstage_examine:

Tue, 11 Aug 2020 11:09:17-run_all_uicase.py-test_login.py-[line:26]-INFO-[日志信息]: 开始执行脚本test_companyLoginOn:

Tue, 11 Aug 2020 11:09:27-test_companyLoginOn-Assert.py-[line:123]-INFO-[日志信息]: except_result = actul_result, except_result is 首页, actul_result is 首页
Tue, 11 Aug 2020 11:09:27-run_all_uicase.py-test_login.py-[line:40]-INFO-[日志信息]: 中小微企业金融服务聚合平台登录成功！
Tue, 11 Aug 2020 11:09:29-run_all_uicase.py-test_login.py-[line:89]-INFO-[日志信息]: 开始执行脚本test_companyPassForget:

Tue, 11 Aug 2020 11:09:52-test_companyPassForget-Assert.py-[line:123]-INFO-[日志信息]: except_result = actul_result, except_result is 重置密码, actul_result is 重置密码
Tue, 11 Aug 2020 11:09:52-run_all_uicase.py-test_login.py-[line:110]-INFO-[日志信息]: 成功进入到密码重置页面
Tue, 11 Aug 2020 11:09:55-test_companyPassForget-Assert.py-[line:123]-INFO-[日志信息]: except_result = actul_result, except_result is 完成修改, actul_result is 完成修改
Tue, 11 Aug 2020 11:09:55-run_all_uicase.py-test_login.py-[line:121]-INFO-[日志信息]: 成功进入到密码修改完成页面
Tue, 11 Aug 2020 11:10:31-run_all_uicase.py-run_all_uicase.py-[line:27]-INFO-[日志信息]: ==================================2020-08-11 11:10:31===================================
Tue, 11 Aug 2020 11:10:32-run_all_uicase.py-test_login.py-[line:51]-INFO-[日志信息]: 开始执行脚本test_companyRegister:

Tue, 11 Aug 2020 11:10:42-run_all_uicase.py-test_login.py-[line:58]-INFO-[日志信息]: 对已注册的账户进行删除操作
Tue, 11 Aug 2020 11:10:55-test_companyRegister-Assert.py-[line:123]-INFO-[日志信息]: except_result = actul_result, except_result is 中小微企业金融服务聚合平台, actul_result is 中小微企业金融服务聚合平台
Tue, 11 Aug 2020 11:10:55-run_all_uicase.py-test_login.py-[line:78]-INFO-[日志信息]: 注册成功，返回到登陆页面
Tue, 11 Aug 2020 11:10:57-run_all_uicase.py-test_personalInfoReg.py-[line:32]-INFO-[日志信息]: 开始执行脚本test_infoReg:

Tue, 11 Aug 2020 11:10:57-run_all_uicase.py-test_personalInfoReg.py-[line:36]-INFO-[日志信息]: 对个人信息企业信息进行删除操作
Tue, 11 Aug 2020 11:11:08-test_infoReg-Assert.py-[line:123]-INFO-[日志信息]: except_result = actul_result, except_result is 首页, actul_result is 首页
Tue, 11 Aug 2020 11:11:08-run_all_uicase.py-test_personalInfoReg.py-[line:49]-INFO-[日志信息]: 进入登陆页面
Tue, 11 Aug 2020 11:11:08-test_infoReg-Assert.py-[line:123]-INFO-[日志信息]: except_result = actul_result, except_result is 实名认证, actul_result is 实名认证
Tue, 11 Aug 2020 11:11:08-run_all_uicase.py-test_personalInfoReg.py-[line:54]-INFO-[日志信息]: 实名认证画面成功显示
Tue, 11 Aug 2020 11:11:19-test_infoReg-Assert.py-[line:123]-INFO-[日志信息]: except_result = actul_result, except_result is 认证中, actul_result is 认证中
Tue, 11 Aug 2020 11:11:19-run_all_uicase.py-test_personalInfoReg.py-[line:84]-INFO-[日志信息]: 实名认证中画面显示
Tue, 11 Aug 2020 11:11:19-test_infoReg-Assert.py-[line:123]-INFO-[日志信息]: except_result = actul_result, except_result is 测试用户, actul_result is 测试用户
Tue, 11 Aug 2020 11:11:19-test_infoReg-Assert.py-[line:123]-INFO-[日志信息]: except_result = actul_result, except_result is 11010119900307475X, actul_result is 11010119900307475X
Tue, 11 Aug 2020 11:11:19-test_infoReg-Assert.py-[line:123]-INFO-[日志信息]: except_result = actul_result, except_result is 17621198933, actul_result is 17621198933
Tue, 11 Aug 2020 11:11:50-test_infoReg-Assert.py-[line:123]-INFO-[日志信息]: except_result = actul_result, except_result is 认证成功, actul_result is 认证成功
Tue, 11 Aug 2020 11:11:50-run_all_uicase.py-test_personalInfoReg.py-[line:98]-INFO-[日志信息]: 实名认证成功画面显示
Tue, 11 Aug 2020 11:11:50-test_infoReg-Assert.py-[line:123]-INFO-[日志信息]: except_result = actul_result, except_result is 实名认证, actul_result is 实名认证
Tue, 11 Aug 2020 11:11:50-run_all_uicase.py-test_personalInfoReg.py-[line:103]-INFO-[日志信息]: 点击查看认证信息按钮，跳转到实名认证画面
Tue, 11 Aug 2020 11:11:52-run_all_uicase.py-test_businessInfoReg.py-[line:29]-INFO-[日志信息]: 开始执行脚本test_businessInforReg:

Tue, 11 Aug 2020 11:12:03-test_businessInforReg-Assert.py-[line:123]-INFO-[日志信息]: except_result = actul_result, except_result is 企业基本资料, actul_result is 企业基本资料
Tue, 11 Aug 2020 11:12:03-run_all_uicase.py-test_businessInfoReg.py-[line:40]-INFO-[日志信息]: 企业基本资料画面正常显示
Tue, 11 Aug 2020 11:12:08-test_businessInforReg-Assert.py-[line:123]-INFO-[日志信息]: except_result = actul_result, except_result is 请确认协议内容, actul_result is 请确认协议内容
Tue, 11 Aug 2020 11:12:08-run_all_uicase.py-test_businessInfoReg.py-[line:95]-INFO-[日志信息]: 协议确认画面正常显示
Tue, 11 Aug 2020 11:12:11-test_businessInforReg-Assert.py-[line:123]-INFO-[日志信息]: except_result = actul_result, except_result is 认证中, actul_result is 认证中
Tue, 11 Aug 2020 11:12:11-run_all_uicase.py-test_businessInfoReg.py-[line:104]-INFO-[日志信息]: 企业信息认证中画面正常显示
Tue, 11 Aug 2020 11:12:44-test_businessInforReg-Assert.py-[line:123]-INFO-[日志信息]: except_result = actul_result, except_result is 审核中, actul_result is 审核中
Tue, 11 Aug 2020 11:12:44-run_all_uicase.py-test_businessInfoReg.py-[line:115]-INFO-[日志信息]: 企业信息审核中画面正常显示
Tue, 11 Aug 2020 11:12:44-test_businessInforReg-Assert.py-[line:123]-INFO-[日志信息]: except_result = actul_result, except_result is 企业基本资料, actul_result is 企业基本资料
Tue, 11 Aug 2020 11:12:44-run_all_uicase.py-test_businessInfoReg.py-[line:122]-INFO-[日志信息]: 企业基本资料画面正常显示
Tue, 11 Aug 2020 11:12:47-run_all_uicase.py-test_backStage_examine.py-[line:24]-INFO-[日志信息]: 开始执行脚本test_backstage_examine:

Tue, 11 Aug 2020 11:12:57-test_backstage_examine-Assert.py-[line:123]-INFO-[日志信息]: except_result = actul_result, except_result is 财金通企业后台管理系统, actul_result is 财金通企业后台管理系统
Tue, 11 Aug 2020 11:12:57-run_all_uicase.py-test_backStage_examine.py-[line:69]-INFO-[日志信息]: 成功登录后台系统
Tue, 11 Aug 2020 11:13:02-test_backstage_examine-Assert.py-[line:123]-INFO-[日志信息]: except_result = actul_result, except_result is 用户基本信息, actul_result is 用户基本信息
Tue, 11 Aug 2020 11:13:02-run_all_uicase.py-test_backStage_examine.py-[line:51]-INFO-[日志信息]: 成功进入企业信息审核画面
Tue, 11 Aug 2020 11:13:02-run_all_uicase.py-test_backStage_examine.py-[line:57]-INFO-[日志信息]: 企业认证通过
Tue, 11 Aug 2020 11:13:02-run_all_uicase.py-test_login.py-[line:26]-INFO-[日志信息]: 开始执行脚本test_companyLoginOn:

Tue, 11 Aug 2020 11:13:15-test_companyLoginOn-Assert.py-[line:123]-INFO-[日志信息]: except_result = actul_result, except_result is 首页, actul_result is 首页
Tue, 11 Aug 2020 11:13:15-run_all_uicase.py-test_login.py-[line:40]-INFO-[日志信息]: 中小微企业金融服务聚合平台登录成功！
Tue, 11 Aug 2020 11:13:17-run_all_uicase.py-test_login.py-[line:89]-INFO-[日志信息]: 开始执行脚本test_companyPassForget:

Tue, 11 Aug 2020 11:13:40-test_companyPassForget-Assert.py-[line:123]-INFO-[日志信息]: except_result = actul_result, except_result is 重置密码, actul_result is 重置密码
Tue, 11 Aug 2020 11:13:40-run_all_uicase.py-test_login.py-[line:110]-INFO-[日志信息]: 成功进入到密码重置页面
Tue, 11 Aug 2020 11:13:43-test_companyPassForget-Assert.py-[line:123]-INFO-[日志信息]: except_result = actul_result, except_result is 完成修改, actul_result is 完成修改
Tue, 11 Aug 2020 11:13:43-run_all_uicase.py-test_login.py-[line:121]-INFO-[日志信息]: 成功进入到密码修改完成页面
