Wed, 14 Oct 2020 08:31:09-run_all_case.py-run_all_case.py-[line:41]-INFO-[日志信息]: ==================================2020-10-14 08:31:09===================================
Wed, 14 Oct 2020 08:32:57-run_all_case.py-run_all_case.py-[line:41]-INFO-[日志信息]: ==================================2020-10-14 08:32:57===================================
Wed, 14 Oct 2020 08:34:45-run_all_case.py-run_all_case.py-[line:41]-INFO-[日志信息]: ==================================2020-10-14 08:34:45===================================
Wed, 14 Oct 2020 08:35:40-run_all_case.py-run_all_case.py-[line:41]-INFO-[日志信息]: ==================================2020-10-14 08:35:40===================================
Wed, 14 Oct 2020 08:36:29-run_all_case.py-test_login.py-[line:106]-INFO-[日志信息]: PC 端进行密码修改
Wed, 14 Oct 2020 08:36:29-run_all_case.py-test_login.py-[line:108]-INFO-[日志信息]: 小程序个人实名认证页面
Wed, 14 Oct 2020 08:38:59-run_all_case.py-run_all_case.py-[line:41]-INFO-[日志信息]: ==================================2020-10-14 08:38:59===================================
Wed, 14 Oct 2020 08:39:19-run_all_case.py-test_login.py-[line:107]-INFO-[日志信息]: PC 端进行密码修改
Wed, 14 Oct 2020 08:39:19-run_all_case.py-test_login.py-[line:109]-INFO-[日志信息]: 小程序个人实名认证页面
Wed, 14 Oct 2020 08:41:44-run_all_case.py-run_all_case.py-[line:41]-INFO-[日志信息]: ==================================2020-10-14 08:41:44===================================
Wed, 14 Oct 2020 08:42:03-run_all_case.py-test_login.py-[line:107]-INFO-[日志信息]: PC 端进行密码修改
Wed, 14 Oct 2020 08:42:14-run_all_case.py-test_login.py-[line:188]-INFO-[日志信息]: 登录页面
Wed, 14 Oct 2020 08:42:15-run_all_case.py-test_login.py-[line:193]-INFO-[日志信息]: 安全验证页面
Wed, 14 Oct 2020 08:42:17-run_all_case.py-test_login.py-[line:209]-INFO-[日志信息]: 重置密码页面
Wed, 14 Oct 2020 08:42:20-run_all_case.py-test_login.py-[line:109]-INFO-[日志信息]: 小程序个人实名认证页面
Wed, 14 Oct 2020 08:44:52-run_all_case.py-run_all_case.py-[line:41]-INFO-[日志信息]: ==================================2020-10-14 08:44:52===================================
Wed, 14 Oct 2020 08:45:12-run_all_case.py-test_login.py-[line:107]-INFO-[日志信息]: PC 端进行密码修改
Wed, 14 Oct 2020 08:45:22-run_all_case.py-test_login.py-[line:188]-INFO-[日志信息]: 登录页面
Wed, 14 Oct 2020 08:45:23-run_all_case.py-test_login.py-[line:193]-INFO-[日志信息]: 安全验证页面
Wed, 14 Oct 2020 08:45:25-run_all_case.py-test_login.py-[line:209]-INFO-[日志信息]: 重置密码页面
Wed, 14 Oct 2020 08:45:28-run_all_case.py-test_login.py-[line:109]-INFO-[日志信息]: 小程序个人实名认证页面
Wed, 14 Oct 2020 08:48:43-run_all_case.py-run_all_case.py-[line:41]-INFO-[日志信息]: ==================================2020-10-14 08:48:43===================================
Wed, 14 Oct 2020 08:49:02-run_all_case.py-test_login.py-[line:107]-INFO-[日志信息]: PC 端进行密码修改
Wed, 14 Oct 2020 08:49:13-run_all_case.py-test_login.py-[line:188]-INFO-[日志信息]: 登录页面
Wed, 14 Oct 2020 08:49:14-run_all_case.py-test_login.py-[line:193]-INFO-[日志信息]: 安全验证页面
Wed, 14 Oct 2020 08:49:16-run_all_case.py-test_login.py-[line:209]-INFO-[日志信息]: 重置密码页面
Wed, 14 Oct 2020 08:49:19-run_all_case.py-test_login.py-[line:109]-INFO-[日志信息]: 小程序个人实名认证页面
Wed, 14 Oct 2020 08:52:37-run_all_case.py-run_all_case.py-[line:41]-INFO-[日志信息]: ==================================2020-10-14 08:52:37===================================
Wed, 14 Oct 2020 08:53:31-run_all_case.py-run_all_case.py-[line:41]-INFO-[日志信息]: ==================================2020-10-14 08:53:31===================================
Wed, 14 Oct 2020 08:53:52-run_all_case.py-test_login.py-[line:107]-INFO-[日志信息]: PC 端进行密码修改
Wed, 14 Oct 2020 08:54:02-run_all_case.py-test_login.py-[line:188]-INFO-[日志信息]: 登录页面
Wed, 14 Oct 2020 08:54:03-run_all_case.py-test_login.py-[line:193]-INFO-[日志信息]: 安全验证页面
Wed, 14 Oct 2020 08:54:05-run_all_case.py-test_login.py-[line:209]-INFO-[日志信息]: 重置密码页面
Wed, 14 Oct 2020 08:54:09-run_all_case.py-test_login.py-[line:109]-INFO-[日志信息]: 小程序个人实名认证页面
Wed, 14 Oct 2020 08:59:59-run_all_case.py-run_all_case.py-[line:41]-INFO-[日志信息]: ==================================2020-10-14 08:59:59===================================
Wed, 14 Oct 2020 09:00:20-run_all_case.py-test_login.py-[line:107]-INFO-[日志信息]: PC 端进行密码修改
Wed, 14 Oct 2020 09:00:31-run_all_case.py-test_login.py-[line:188]-INFO-[日志信息]: 登录页面
Wed, 14 Oct 2020 09:00:32-run_all_case.py-test_login.py-[line:193]-INFO-[日志信息]: 安全验证页面
Wed, 14 Oct 2020 09:00:34-run_all_case.py-test_login.py-[line:209]-INFO-[日志信息]: 重置密码页面
Wed, 14 Oct 2020 09:00:37-run_all_case.py-test_login.py-[line:109]-INFO-[日志信息]: 小程序个人实名认证页面
Wed, 14 Oct 2020 09:07:22-run_all_case.py-run_all_case.py-[line:41]-INFO-[日志信息]: ==================================2020-10-14 09:07:22===================================
Wed, 14 Oct 2020 09:09:44-run_all_case.py-run_all_case.py-[line:41]-INFO-[日志信息]: ==================================2020-10-14 09:09:44===================================
Wed, 14 Oct 2020 09:10:54-run_all_case.py-run_all_case.py-[line:41]-INFO-[日志信息]: ==================================2020-10-14 09:10:54===================================
Wed, 14 Oct 2020 09:11:18-run_all_case.py-run_all_case.py-[line:41]-INFO-[日志信息]: ==================================2020-10-14 09:11:18===================================
Wed, 14 Oct 2020 09:20:47-run_all_case.py-run_all_case.py-[line:41]-INFO-[日志信息]: ==================================2020-10-14 09:20:47===================================
Wed, 14 Oct 2020 09:22:41-run_all_case.py-run_all_case.py-[line:41]-INFO-[日志信息]: ==================================2020-10-14 09:22:41===================================
Wed, 14 Oct 2020 09:31:15-run_all_case.py-run_all_case.py-[line:41]-INFO-[日志信息]: ==================================2020-10-14 09:31:15===================================
Wed, 14 Oct 2020 09:36:24-run_all_case.py-run_all_case.py-[line:41]-INFO-[日志信息]: ==================================2020-10-14 09:36:24===================================
Wed, 14 Oct 2020 09:38:26-run_all_case.py-run_all_case.py-[line:41]-INFO-[日志信息]: ==================================2020-10-14 09:38:26===================================
Wed, 14 Oct 2020 09:39:20-run_all_case.py-run_all_case.py-[line:41]-INFO-[日志信息]: ==================================2020-10-14 09:39:20===================================
Wed, 14 Oct 2020 09:40:55-run_all_case.py-run_all_case.py-[line:41]-INFO-[日志信息]: ==================================2020-10-14 09:40:55===================================
Wed, 14 Oct 2020 09:41:54-run_all_case.py-run_all_case.py-[line:41]-INFO-[日志信息]: ==================================2020-10-14 09:41:54===================================
Wed, 14 Oct 2020 09:43:26-run_all_case.py-run_all_case.py-[line:41]-INFO-[日志信息]: ==================================2020-10-14 09:43:26===================================
Wed, 14 Oct 2020 09:44:01-run_all_case.py-run_all_case.py-[line:41]-INFO-[日志信息]: ==================================2020-10-14 09:44:01===================================
Wed, 14 Oct 2020 09:45:16-run_all_case.py-run_all_case.py-[line:41]-INFO-[日志信息]: ==================================2020-10-14 09:45:16===================================
Wed, 14 Oct 2020 09:46:32-run_all_case.py-run_all_case.py-[line:41]-INFO-[日志信息]: ==================================2020-10-14 09:46:32===================================
Wed, 14 Oct 2020 09:47:29-run_all_case.py-run_all_case.py-[line:41]-INFO-[日志信息]: ==================================2020-10-14 09:47:29===================================
Wed, 14 Oct 2020 09:49:05-run_all_case.py-run_all_case.py-[line:41]-INFO-[日志信息]: ==================================2020-10-14 09:49:05===================================
Wed, 14 Oct 2020 09:49:37-run_all_case.py-run_all_case.py-[line:41]-INFO-[日志信息]: ==================================2020-10-14 09:49:37===================================
Wed, 14 Oct 2020 09:51:07-run_all_case.py-run_all_case.py-[line:41]-INFO-[日志信息]: ==================================2020-10-14 09:51:07===================================
Wed, 14 Oct 2020 09:52:05-run_all_case.py-run_all_case.py-[line:41]-INFO-[日志信息]: ==================================2020-10-14 09:52:05===================================
Wed, 14 Oct 2020 09:52:55-run_all_case.py-run_all_case.py-[line:41]-INFO-[日志信息]: ==================================2020-10-14 09:52:55===================================
Wed, 14 Oct 2020 10:00:54-run_all_case.py-run_all_case.py-[line:41]-INFO-[日志信息]: ==================================2020-10-14 10:00:54===================================
Wed, 14 Oct 2020 10:01:26-run_all_case.py-run_all_case.py-[line:41]-INFO-[日志信息]: ==================================2020-10-14 10:01:26===================================
Wed, 14 Oct 2020 10:06:17-run_all_case.py-run_all_case.py-[line:41]-INFO-[日志信息]: ==================================2020-10-14 10:06:17===================================
Wed, 14 Oct 2020 10:07:02-run_all_case.py-run_all_case.py-[line:41]-INFO-[日志信息]: ==================================2020-10-14 10:07:02===================================
Wed, 14 Oct 2020 10:08:26-run_all_case.py-run_all_case.py-[line:41]-INFO-[日志信息]: ==================================2020-10-14 10:08:26===================================
Wed, 14 Oct 2020 10:10:47-run_all_case.py-run_all_case.py-[line:41]-INFO-[日志信息]: ==================================2020-10-14 10:10:47===================================
Wed, 14 Oct 2020 10:12:33-run_all_case.py-run_all_case.py-[line:41]-INFO-[日志信息]: ==================================2020-10-14 10:12:33===================================
Wed, 14 Oct 2020 10:18:40-run_all_case.py-run_all_case.py-[line:41]-INFO-[日志信息]: ==================================2020-10-14 10:18:40===================================
Wed, 14 Oct 2020 10:22:57-run_all_case.py-run_all_case.py-[line:41]-INFO-[日志信息]: ==================================2020-10-14 10:22:57===================================
Wed, 14 Oct 2020 10:24:35-run_all_case.py-run_all_case.py-[line:41]-INFO-[日志信息]: ==================================2020-10-14 10:24:35===================================
Wed, 14 Oct 2020 10:25:12-run_all_case.py-run_all_case.py-[line:41]-INFO-[日志信息]: ==================================2020-10-14 10:25:12===================================
Wed, 14 Oct 2020 10:25:51-run_all_case.py-run_all_case.py-[line:41]-INFO-[日志信息]: ==================================2020-10-14 10:25:51===================================
Wed, 14 Oct 2020 10:26:24-run_all_case.py-run_all_case.py-[line:41]-INFO-[日志信息]: ==================================2020-10-14 10:26:24===================================
Wed, 14 Oct 2020 10:27:31-run_all_case.py-run_all_case.py-[line:41]-INFO-[日志信息]: ==================================2020-10-14 10:27:31===================================
Wed, 14 Oct 2020 10:28:03-run_all_case.py-run_all_case.py-[line:41]-INFO-[日志信息]: ==================================2020-10-14 10:28:03===================================
Wed, 14 Oct 2020 10:28:52-run_all_case.py-run_all_case.py-[line:41]-INFO-[日志信息]: ==================================2020-10-14 10:28:52===================================
Wed, 14 Oct 2020 10:33:30-run_all_case.py-run_all_case.py-[line:41]-INFO-[日志信息]: ==================================2020-10-14 10:33:30===================================
Wed, 14 Oct 2020 10:34:52-run_all_case.py-run_all_case.py-[line:41]-INFO-[日志信息]: ==================================2020-10-14 10:34:52===================================
Wed, 14 Oct 2020 10:36:23-run_all_case.py-run_all_case.py-[line:41]-INFO-[日志信息]: ==================================2020-10-14 10:36:23===================================
Wed, 14 Oct 2020 10:39:11-run_all_case.py-run_all_case.py-[line:41]-INFO-[日志信息]: ==================================2020-10-14 10:39:11===================================
Wed, 14 Oct 2020 10:39:45-run_all_case.py-run_all_case.py-[line:41]-INFO-[日志信息]: ==================================2020-10-14 10:39:45===================================
Wed, 14 Oct 2020 10:46:12-run_all_case.py-run_all_case.py-[line:41]-INFO-[日志信息]: ==================================2020-10-14 10:46:12===================================
Wed, 14 Oct 2020 10:46:56-run_all_case.py-run_all_case.py-[line:41]-INFO-[日志信息]: ==================================2020-10-14 10:46:56===================================
Wed, 14 Oct 2020 10:47:36-run_all_case.py-run_all_case.py-[line:41]-INFO-[日志信息]: ==================================2020-10-14 10:47:36===================================
Wed, 14 Oct 2020 10:48:18-run_all_case.py-run_all_case.py-[line:41]-INFO-[日志信息]: ==================================2020-10-14 10:48:18===================================
Wed, 14 Oct 2020 10:49:20-run_all_case.py-run_all_case.py-[line:41]-INFO-[日志信息]: ==================================2020-10-14 10:49:20===================================
Wed, 14 Oct 2020 10:49:48-run_all_case.py-run_all_case.py-[line:41]-INFO-[日志信息]: ==================================2020-10-14 10:49:48===================================
Wed, 14 Oct 2020 10:53:04-run_all_case.py-run_all_case.py-[line:41]-INFO-[日志信息]: ==================================2020-10-14 10:53:04===================================
Wed, 14 Oct 2020 10:54:54-run_all_case.py-run_all_case.py-[line:41]-INFO-[日志信息]: ==================================2020-10-14 10:54:54===================================
Wed, 14 Oct 2020 10:55:16-run_all_case.py-run_all_case.py-[line:41]-INFO-[日志信息]: ==================================2020-10-14 10:55:16===================================
Wed, 14 Oct 2020 10:56:51-run_all_case.py-run_all_case.py-[line:41]-INFO-[日志信息]: ==================================2020-10-14 10:56:51===================================
Wed, 14 Oct 2020 10:58:15-run_all_case.py-run_all_case.py-[line:41]-INFO-[日志信息]: ==================================2020-10-14 10:58:15===================================
Wed, 14 Oct 2020 10:59:30-run_all_case.py-run_all_case.py-[line:41]-INFO-[日志信息]: ==================================2020-10-14 10:59:30===================================
Wed, 14 Oct 2020 11:01:02-run_all_case.py-run_all_case.py-[line:41]-INFO-[日志信息]: ==================================2020-10-14 11:01:02===================================
Wed, 14 Oct 2020 11:02:10-run_all_case.py-run_all_case.py-[line:41]-INFO-[日志信息]: ==================================2020-10-14 11:02:10===================================
Wed, 14 Oct 2020 11:03:22-run_all_case.py-run_all_case.py-[line:41]-INFO-[日志信息]: ==================================2020-10-14 11:03:22===================================
Wed, 14 Oct 2020 11:06:17-run_all_case.py-run_all_case.py-[line:41]-INFO-[日志信息]: ==================================2020-10-14 11:06:17===================================
Wed, 14 Oct 2020 11:13:23-run_all_case.py-run_all_case.py-[line:41]-INFO-[日志信息]: ==================================2020-10-14 11:13:23===================================
Wed, 14 Oct 2020 11:16:35-run_all_case.py-run_all_case.py-[line:41]-INFO-[日志信息]: ==================================2020-10-14 11:16:35===================================
Wed, 14 Oct 2020 12:48:15-run_all_case.py-run_all_case.py-[line:41]-INFO-[日志信息]: ==================================2020-10-14 12:48:15===================================
Wed, 14 Oct 2020 12:54:02-run_all_case.py-run_all_case.py-[line:41]-INFO-[日志信息]: ==================================2020-10-14 12:54:02===================================
Wed, 14 Oct 2020 12:55:05-run_all_case.py-run_all_case.py-[line:41]-INFO-[日志信息]: ==================================2020-10-14 12:55:05===================================
Wed, 14 Oct 2020 12:56:10-run_all_case.py-run_all_case.py-[line:41]-INFO-[日志信息]: ==================================2020-10-14 12:56:10===================================
Wed, 14 Oct 2020 12:59:24-run_all_case.py-run_all_case.py-[line:41]-INFO-[日志信息]: ==================================2020-10-14 12:59:24===================================
Wed, 14 Oct 2020 13:01:28-run_all_case.py-run_all_case.py-[line:41]-INFO-[日志信息]: ==================================2020-10-14 13:01:28===================================
Wed, 14 Oct 2020 13:03:21-run_all_case.py-run_all_case.py-[line:41]-INFO-[日志信息]: ==================================2020-10-14 13:03:21===================================
Wed, 14 Oct 2020 13:04:36-run_all_case.py-run_all_case.py-[line:41]-INFO-[日志信息]: ==================================2020-10-14 13:04:36===================================
Wed, 14 Oct 2020 13:07:50-run_all_case.py-run_all_case.py-[line:41]-INFO-[日志信息]: ==================================2020-10-14 13:07:50===================================
Wed, 14 Oct 2020 13:09:14-run_all_case.py-run_all_case.py-[line:41]-INFO-[日志信息]: ==================================2020-10-14 13:09:14===================================
Wed, 14 Oct 2020 13:22:13-run_all_case.py-run_all_case.py-[line:41]-INFO-[日志信息]: ==================================2020-10-14 13:22:13===================================
Wed, 14 Oct 2020 13:23:32-run_all_case.py-run_all_case.py-[line:41]-INFO-[日志信息]: ==================================2020-10-14 13:23:32===================================
Wed, 14 Oct 2020 13:30:42-run_all_case.py-run_all_case.py-[line:41]-INFO-[日志信息]: ==================================2020-10-14 13:30:42===================================
Wed, 14 Oct 2020 13:38:05-run_all_case.py-run_all_case.py-[line:41]-INFO-[日志信息]: ==================================2020-10-14 13:38:05===================================
Wed, 14 Oct 2020 13:40:39-run_all_case.py-run_all_case.py-[line:41]-INFO-[日志信息]: ==================================2020-10-14 13:40:39===================================
Wed, 14 Oct 2020 13:41:51-run_all_case.py-run_all_case.py-[line:41]-INFO-[日志信息]: ==================================2020-10-14 13:41:51===================================
Wed, 14 Oct 2020 13:45:05-run_all_case.py-run_all_case.py-[line:41]-INFO-[日志信息]: ==================================2020-10-14 13:45:05===================================
Wed, 14 Oct 2020 13:48:23-run_all_case.py-run_all_case.py-[line:41]-INFO-[日志信息]: ==================================2020-10-14 13:48:23===================================
Wed, 14 Oct 2020 13:49:03-run_all_case.py-run_all_case.py-[line:41]-INFO-[日志信息]: ==================================2020-10-14 13:49:03===================================
Wed, 14 Oct 2020 13:50:01-run_all_case.py-run_all_case.py-[line:41]-INFO-[日志信息]: ==================================2020-10-14 13:50:01===================================
Wed, 14 Oct 2020 13:50:53-run_all_case.py-run_all_case.py-[line:41]-INFO-[日志信息]: ==================================2020-10-14 13:50:53===================================
Wed, 14 Oct 2020 13:51:55-run_all_case.py-run_all_case.py-[line:41]-INFO-[日志信息]: ==================================2020-10-14 13:51:55===================================
Wed, 14 Oct 2020 13:52:21-run_all_case.py-run_all_case.py-[line:41]-INFO-[日志信息]: ==================================2020-10-14 13:52:21===================================
Wed, 14 Oct 2020 13:53:00-run_all_case.py-run_all_case.py-[line:41]-INFO-[日志信息]: ==================================2020-10-14 13:53:00===================================
Wed, 14 Oct 2020 13:53:14-run_all_case.py-run_all_case.py-[line:41]-INFO-[日志信息]: ==================================2020-10-14 13:53:14===================================
Wed, 14 Oct 2020 13:53:52-run_all_case.py-run_all_case.py-[line:41]-INFO-[日志信息]: ==================================2020-10-14 13:53:52===================================
Wed, 14 Oct 2020 13:56:48-run_all_case.py-run_all_case.py-[line:41]-INFO-[日志信息]: ==================================2020-10-14 13:56:48===================================
Wed, 14 Oct 2020 13:58:44-run_all_case.py-run_all_case.py-[line:41]-INFO-[日志信息]: ==================================2020-10-14 13:58:44===================================
Wed, 14 Oct 2020 14:10:12-run_all_case.py-run_all_case.py-[line:41]-INFO-[日志信息]: ==================================2020-10-14 14:10:12===================================
Wed, 14 Oct 2020 14:10:13-run_all_case.py-test_businessInfoReg.py-[line:144]-INFO-[日志信息]: 企业认证画面
Wed, 14 Oct 2020 14:12:13-run_all_case.py-run_all_case.py-[line:41]-INFO-[日志信息]: ==================================2020-10-14 14:12:13===================================
Wed, 14 Oct 2020 14:12:13-run_all_case.py-test_businessInfoReg.py-[line:144]-INFO-[日志信息]: 企业认证画面
Wed, 14 Oct 2020 14:13:45-run_all_case.py-run_all_case.py-[line:41]-INFO-[日志信息]: ==================================2020-10-14 14:13:45===================================
Wed, 14 Oct 2020 14:13:45-run_all_case.py-test_businessInfoReg.py-[line:144]-INFO-[日志信息]: 企业认证画面
Wed, 14 Oct 2020 14:16:54-run_all_case.py-run_all_case.py-[line:41]-INFO-[日志信息]: ==================================2020-10-14 14:16:54===================================
Wed, 14 Oct 2020 14:16:55-run_all_case.py-test_businessInfoReg.py-[line:144]-INFO-[日志信息]: 企业认证画面
Wed, 14 Oct 2020 14:18:30-run_all_case.py-run_all_case.py-[line:41]-INFO-[日志信息]: ==================================2020-10-14 14:18:30===================================
Wed, 14 Oct 2020 14:18:30-run_all_case.py-test_businessInfoReg.py-[line:144]-INFO-[日志信息]: 企业认证画面
Wed, 14 Oct 2020 14:19:37-run_all_case.py-run_all_case.py-[line:41]-INFO-[日志信息]: ==================================2020-10-14 14:19:37===================================
Wed, 14 Oct 2020 14:19:38-run_all_case.py-test_businessInfoReg.py-[line:144]-INFO-[日志信息]: 企业认证画面
Wed, 14 Oct 2020 14:20:31-run_all_case.py-run_all_case.py-[line:41]-INFO-[日志信息]: ==================================2020-10-14 14:20:31===================================
Wed, 14 Oct 2020 14:20:32-run_all_case.py-test_businessInfoReg.py-[line:144]-INFO-[日志信息]: 企业认证画面
Wed, 14 Oct 2020 14:22:26-run_all_case.py-run_all_case.py-[line:41]-INFO-[日志信息]: ==================================2020-10-14 14:22:26===================================
Wed, 14 Oct 2020 14:22:27-run_all_case.py-test_businessInfoReg.py-[line:144]-INFO-[日志信息]: 企业认证画面
Wed, 14 Oct 2020 14:24:20-run_all_case.py-run_all_case.py-[line:41]-INFO-[日志信息]: ==================================2020-10-14 14:24:20===================================
Wed, 14 Oct 2020 14:25:46-run_all_case.py-run_all_case.py-[line:41]-INFO-[日志信息]: ==================================2020-10-14 14:25:46===================================
Wed, 14 Oct 2020 14:26:44-run_all_case.py-run_all_case.py-[line:41]-INFO-[日志信息]: ==================================2020-10-14 14:26:44===================================
Wed, 14 Oct 2020 14:26:44-run_all_case.py-test_businessInfoReg.py-[line:144]-INFO-[日志信息]: 企业认证画面
Wed, 14 Oct 2020 14:35:32-run_all_case.py-run_all_case.py-[line:41]-INFO-[日志信息]: ==================================2020-10-14 14:35:32===================================
Wed, 14 Oct 2020 14:37:17-run_all_case.py-run_all_case.py-[line:41]-INFO-[日志信息]: ==================================2020-10-14 14:37:17===================================
Wed, 14 Oct 2020 14:38:37-run_all_case.py-run_all_case.py-[line:41]-INFO-[日志信息]: ==================================2020-10-14 14:38:37===================================
Wed, 14 Oct 2020 14:41:28-run_all_case.py-run_all_case.py-[line:41]-INFO-[日志信息]: ==================================2020-10-14 14:41:28===================================
Wed, 14 Oct 2020 14:42:13-run_all_case.py-run_all_case.py-[line:41]-INFO-[日志信息]: ==================================2020-10-14 14:42:13===================================
Wed, 14 Oct 2020 14:53:18-run_all_case.py-run_all_case.py-[line:41]-INFO-[日志信息]: ==================================2020-10-14 14:53:18===================================
Wed, 14 Oct 2020 15:03:23-run_all_case.py-run_all_case.py-[line:41]-INFO-[日志信息]: ==================================2020-10-14 15:03:23===================================
Wed, 14 Oct 2020 15:05:36-run_all_case.py-run_all_case.py-[line:41]-INFO-[日志信息]: ==================================2020-10-14 15:05:36===================================
Wed, 14 Oct 2020 15:05:37-run_all_case.py-test_businessInfoReg.py-[line:144]-INFO-[日志信息]: 企业认证画面
Wed, 14 Oct 2020 15:06:31-run_all_case.py-run_all_case.py-[line:41]-INFO-[日志信息]: ==================================2020-10-14 15:06:31===================================
Wed, 14 Oct 2020 15:06:31-run_all_case.py-test_businessInfoReg.py-[line:144]-INFO-[日志信息]: 企业认证画面
Wed, 14 Oct 2020 15:07:42-run_all_case.py-run_all_case.py-[line:41]-INFO-[日志信息]: ==================================2020-10-14 15:07:42===================================
Wed, 14 Oct 2020 15:07:42-run_all_case.py-test_businessInfoReg.py-[line:144]-INFO-[日志信息]: 企业认证画面
Wed, 14 Oct 2020 15:10:18-run_all_case.py-run_all_case.py-[line:41]-INFO-[日志信息]: ==================================2020-10-14 15:10:18===================================
Wed, 14 Oct 2020 15:13:37-run_all_case.py-run_all_case.py-[line:41]-INFO-[日志信息]: ==================================2020-10-14 15:13:37===================================
Wed, 14 Oct 2020 15:14:12-run_all_case.py-run_all_case.py-[line:41]-INFO-[日志信息]: ==================================2020-10-14 15:14:12===================================
Wed, 14 Oct 2020 15:14:50-run_all_case.py-run_all_case.py-[line:41]-INFO-[日志信息]: ==================================2020-10-14 15:14:50===================================
Wed, 14 Oct 2020 15:15:20-run_all_case.py-run_all_case.py-[line:41]-INFO-[日志信息]: ==================================2020-10-14 15:15:20===================================
Wed, 14 Oct 2020 15:15:42-run_all_case.py-run_all_case.py-[line:41]-INFO-[日志信息]: ==================================2020-10-14 15:15:42===================================
Wed, 14 Oct 2020 15:17:01-run_all_case.py-run_all_case.py-[line:41]-INFO-[日志信息]: ==================================2020-10-14 15:17:01===================================
Wed, 14 Oct 2020 15:18:29-run_all_case.py-run_all_case.py-[line:41]-INFO-[日志信息]: ==================================2020-10-14 15:18:29===================================
Wed, 14 Oct 2020 15:19:23-run_all_case.py-run_all_case.py-[line:41]-INFO-[日志信息]: ==================================2020-10-14 15:19:23===================================
Wed, 14 Oct 2020 15:20:18-run_all_case.py-run_all_case.py-[line:41]-INFO-[日志信息]: ==================================2020-10-14 15:20:18===================================
Wed, 14 Oct 2020 15:21:23-run_all_case.py-run_all_case.py-[line:41]-INFO-[日志信息]: ==================================2020-10-14 15:21:23===================================
Wed, 14 Oct 2020 15:23:15-run_all_case.py-run_all_case.py-[line:41]-INFO-[日志信息]: ==================================2020-10-14 15:23:15===================================
Wed, 14 Oct 2020 15:24:01-run_all_case.py-run_all_case.py-[line:41]-INFO-[日志信息]: ==================================2020-10-14 15:24:01===================================
Wed, 14 Oct 2020 15:26:56-run_all_case.py-run_all_case.py-[line:41]-INFO-[日志信息]: ==================================2020-10-14 15:26:56===================================
Wed, 14 Oct 2020 15:29:02-run_all_case.py-run_all_case.py-[line:41]-INFO-[日志信息]: ==================================2020-10-14 15:29:02===================================
Wed, 14 Oct 2020 15:29:26-run_all_case.py-run_all_case.py-[line:41]-INFO-[日志信息]: ==================================2020-10-14 15:29:26===================================
Wed, 14 Oct 2020 15:30:22-run_all_case.py-run_all_case.py-[line:41]-INFO-[日志信息]: ==================================2020-10-14 15:30:22===================================
Wed, 14 Oct 2020 15:32:15-run_all_case.py-run_all_case.py-[line:41]-INFO-[日志信息]: ==================================2020-10-14 15:32:15===================================
Wed, 14 Oct 2020 15:32:56-run_all_case.py-run_all_case.py-[line:41]-INFO-[日志信息]: ==================================2020-10-14 15:32:56===================================
Wed, 14 Oct 2020 15:33:33-run_all_case.py-run_all_case.py-[line:41]-INFO-[日志信息]: ==================================2020-10-14 15:33:33===================================
Wed, 14 Oct 2020 15:35:42-run_all_case.py-run_all_case.py-[line:41]-INFO-[日志信息]: ==================================2020-10-14 15:35:42===================================
Wed, 14 Oct 2020 15:37:51-run_all_case.py-run_all_case.py-[line:41]-INFO-[日志信息]: ==================================2020-10-14 15:37:51===================================
Wed, 14 Oct 2020 15:38:30-run_all_case.py-run_all_case.py-[line:41]-INFO-[日志信息]: ==================================2020-10-14 15:38:30===================================
Wed, 14 Oct 2020 15:39:53-run_all_case.py-run_all_case.py-[line:41]-INFO-[日志信息]: ==================================2020-10-14 15:39:53===================================
Wed, 14 Oct 2020 15:39:53-run_all_case.py-test_businessInfoReg.py-[line:144]-INFO-[日志信息]: 企业认证画面
Wed, 14 Oct 2020 15:40:47-run_all_case.py-run_all_case.py-[line:41]-INFO-[日志信息]: ==================================2020-10-14 15:40:47===================================
Wed, 14 Oct 2020 15:40:48-run_all_case.py-test_businessInfoReg.py-[line:144]-INFO-[日志信息]: 企业认证画面
Wed, 14 Oct 2020 15:41:30-run_all_case.py-run_all_case.py-[line:41]-INFO-[日志信息]: ==================================2020-10-14 15:41:30===================================
Wed, 14 Oct 2020 15:41:30-run_all_case.py-test_businessInfoReg.py-[line:144]-INFO-[日志信息]: 企业认证画面
Wed, 14 Oct 2020 15:43:23-run_all_case.py-run_all_case.py-[line:41]-INFO-[日志信息]: ==================================2020-10-14 15:43:23===================================
Wed, 14 Oct 2020 15:43:23-run_all_case.py-test_businessInfoReg.py-[line:144]-INFO-[日志信息]: 企业认证画面
Wed, 14 Oct 2020 15:45:16-run_all_case.py-run_all_case.py-[line:41]-INFO-[日志信息]: ==================================2020-10-14 15:45:16===================================
Wed, 14 Oct 2020 15:46:06-run_all_case.py-run_all_case.py-[line:41]-INFO-[日志信息]: ==================================2020-10-14 15:46:06===================================
Wed, 14 Oct 2020 15:46:06-run_all_case.py-test_businessInfoReg.py-[line:144]-INFO-[日志信息]: 企业认证画面
Wed, 14 Oct 2020 15:48:12-run_all_case.py-run_all_case.py-[line:41]-INFO-[日志信息]: ==================================2020-10-14 15:48:12===================================
Wed, 14 Oct 2020 15:48:12-run_all_case.py-test_businessInfoReg.py-[line:144]-INFO-[日志信息]: 企业认证画面
Wed, 14 Oct 2020 15:49:47-run_all_case.py-test_businessInfoReg.py-[line:181]-INFO-[日志信息]: 企业认证画面
Wed, 14 Oct 2020 15:58:20-run_all_case.py-run_all_case.py-[line:41]-INFO-[日志信息]: ==================================2020-10-14 15:58:20===================================
Wed, 14 Oct 2020 15:58:40-run_all_case.py-test_login.py-[line:107]-INFO-[日志信息]: PC 端进行密码修改
Wed, 14 Oct 2020 15:58:50-run_all_case.py-test_login.py-[line:188]-INFO-[日志信息]: 登录页面
Wed, 14 Oct 2020 15:58:52-run_all_case.py-test_login.py-[line:193]-INFO-[日志信息]: 安全验证页面
Wed, 14 Oct 2020 15:58:54-run_all_case.py-test_login.py-[line:209]-INFO-[日志信息]: 重置密码页面
Wed, 14 Oct 2020 15:58:57-run_all_case.py-test_login.py-[line:109]-INFO-[日志信息]: 小程序个人实名认证页面
Wed, 14 Oct 2020 15:59:49-run_all_case.py-test_businessInfoReg.py-[line:144]-INFO-[日志信息]: 企业认证画面
Wed, 14 Oct 2020 16:10:02-run_all_case.py-run_all_case.py-[line:41]-INFO-[日志信息]: ==================================2020-10-14 16:10:02===================================
Wed, 14 Oct 2020 16:10:02-run_all_case.py-test_businessInfoReg.py-[line:144]-INFO-[日志信息]: 企业认证画面
Wed, 14 Oct 2020 16:11:16-run_all_case.py-test_businessInfoReg.py-[line:181]-INFO-[日志信息]: 企业认证画面
Wed, 14 Oct 2020 16:12:45-run_all_case.py-run_all_case.py-[line:41]-INFO-[日志信息]: ==================================2020-10-14 16:12:45===================================
Wed, 14 Oct 2020 16:12:45-run_all_case.py-test_businessInfoReg.py-[line:181]-INFO-[日志信息]: 平台服务协议画面
Wed, 14 Oct 2020 16:16:56-run_all_case.py-run_all_case.py-[line:41]-INFO-[日志信息]: ==================================2020-10-14 16:16:56===================================
Wed, 14 Oct 2020 16:17:37-run_all_case.py-run_all_case.py-[line:41]-INFO-[日志信息]: ==================================2020-10-14 16:17:37===================================
Wed, 14 Oct 2020 16:20:00-run_all_case.py-run_all_case.py-[line:41]-INFO-[日志信息]: ==================================2020-10-14 16:20:00===================================
Wed, 14 Oct 2020 16:39:57-run_all_case.py-run_all_case.py-[line:41]-INFO-[日志信息]: ==================================2020-10-14 16:39:57===================================
Wed, 14 Oct 2020 16:39:57-run_all_case.py-test_businessInfoReg.py-[line:36]-INFO-[日志信息]: 开始执行脚本test_businessInforReg:

Wed, 14 Oct 2020 16:48:07-run_all_case.py-run_all_case.py-[line:41]-INFO-[日志信息]: ==================================2020-10-14 16:48:07===================================
Wed, 14 Oct 2020 16:48:07-run_all_case.py-test_businessInfoReg.py-[line:36]-INFO-[日志信息]: 开始执行脚本test_businessInforReg:

Wed, 14 Oct 2020 16:49:12-run_all_case.py-run_all_case.py-[line:41]-INFO-[日志信息]: ==================================2020-10-14 16:49:12===================================
Wed, 14 Oct 2020 16:49:12-run_all_case.py-test_businessInfoReg.py-[line:36]-INFO-[日志信息]: 开始执行脚本test_businessInforReg:

Wed, 14 Oct 2020 16:50:17-run_all_case.py-run_all_case.py-[line:41]-INFO-[日志信息]: ==================================2020-10-14 16:50:17===================================
Wed, 14 Oct 2020 16:50:18-run_all_case.py-test_login.py-[line:56]-INFO-[日志信息]: 开始执行脚本test_companyRegister:

Wed, 14 Oct 2020 16:51:08-run_all_case.py-run_all_case.py-[line:41]-INFO-[日志信息]: ==================================2020-10-14 16:51:08===================================
Wed, 14 Oct 2020 16:52:31-run_all_case.py-run_all_case.py-[line:41]-INFO-[日志信息]: ==================================2020-10-14 16:52:31===================================
Wed, 14 Oct 2020 16:52:51-run_all_case.py-test_login.py-[line:107]-INFO-[日志信息]: PC 端进行密码修改
Wed, 14 Oct 2020 16:53:01-run_all_case.py-test_login.py-[line:188]-INFO-[日志信息]: 登录页面
Wed, 14 Oct 2020 16:53:02-run_all_case.py-test_login.py-[line:193]-INFO-[日志信息]: 安全验证页面
Wed, 14 Oct 2020 16:53:04-run_all_case.py-test_login.py-[line:209]-INFO-[日志信息]: 重置密码页面
Wed, 14 Oct 2020 16:53:07-run_all_case.py-test_login.py-[line:109]-INFO-[日志信息]: 小程序个人实名认证页面
Wed, 14 Oct 2020 16:53:33-run_all_case.py-test_businessInfoReg.py-[line:144]-INFO-[日志信息]: 企业认证画面
Wed, 14 Oct 2020 16:58:53-run_all_case.py-run_all_case.py-[line:41]-INFO-[日志信息]: ==================================2020-10-14 16:58:53===================================
Wed, 14 Oct 2020 16:59:14-run_all_case.py-test_login.py-[line:107]-INFO-[日志信息]: PC 端进行密码修改
Wed, 14 Oct 2020 16:59:24-run_all_case.py-test_login.py-[line:188]-INFO-[日志信息]: 登录页面
Wed, 14 Oct 2020 16:59:26-run_all_case.py-test_login.py-[line:193]-INFO-[日志信息]: 安全验证页面
Wed, 14 Oct 2020 16:59:27-run_all_case.py-test_login.py-[line:209]-INFO-[日志信息]: 重置密码页面
Wed, 14 Oct 2020 16:59:31-run_all_case.py-test_login.py-[line:109]-INFO-[日志信息]: 小程序个人实名认证页面
Wed, 14 Oct 2020 17:00:17-run_all_case.py-test_businessInfoReg.py-[line:144]-INFO-[日志信息]: 企业认证画面
Wed, 14 Oct 2020 17:01:30-run_all_case.py-test_businessInfoReg.py-[line:181]-INFO-[日志信息]: 平台服务协议画面
Wed, 14 Oct 2020 17:01:44-run_all_case.py-test_backStage_examine.py-[line:24]-INFO-[日志信息]: 开始执行脚本test_backstage_examine:

Wed, 14 Oct 2020 17:01:55-run_all_case.py-test_backStage_examine.py-[line:73]-INFO-[日志信息]: 成功登录后台系统
Wed, 14 Oct 2020 17:02:00-test_backstage_examine-Assert.py-[line:124]-INFO-[日志信息]: except_result = actul_result, except_result is 用户基本信息, actul_result is 用户基本信息
Wed, 14 Oct 2020 17:02:00-run_all_case.py-test_backStage_examine.py-[line:54]-INFO-[日志信息]: 成功进入企业信息审核画面
Wed, 14 Oct 2020 17:02:01-run_all_case.py-test_backStage_examine.py-[line:60]-INFO-[日志信息]: 企业认证通过
Wed, 14 Oct 2020 17:02:03-run_all_case.py-test_backStage_authentication.py-[line:169]-INFO-[日志信息]: 开始执行脚本test_backStageActCreate:

Wed, 14 Oct 2020 17:02:14-run_all_case.py-test_backStage_examine.py-[line:73]-INFO-[日志信息]: 成功登录后台系统
Wed, 14 Oct 2020 17:02:14-run_all_case.py-test_backStage_authentication.py-[line:274]-INFO-[日志信息]: 开始执行脚本test_backStage_authentication:

Wed, 14 Oct 2020 17:02:14-run_all_case.py-test_backStage_authentication.py-[line:277]-INFO-[日志信息]: 开始执行脚本test_backStage_authentication:

Wed, 14 Oct 2020 17:03:05-run_all_case.py-run_all_case.py-[line:41]-INFO-[日志信息]: ==================================2020-10-14 17:03:05===================================
Wed, 14 Oct 2020 17:06:31-run_all_case.py-run_all_case.py-[line:41]-INFO-[日志信息]: ==================================2020-10-14 17:06:31===================================
Wed, 14 Oct 2020 17:06:46-run_all_case.py-test_businessInfoReg.py-[line:144]-INFO-[日志信息]: 企业认证画面
Wed, 14 Oct 2020 17:07:32-run_all_case.py-run_all_case.py-[line:41]-INFO-[日志信息]: ==================================2020-10-14 17:07:32===================================
Wed, 14 Oct 2020 17:07:52-run_all_case.py-test_login.py-[line:107]-INFO-[日志信息]: PC 端进行密码修改
Wed, 14 Oct 2020 17:08:02-run_all_case.py-test_login.py-[line:188]-INFO-[日志信息]: 登录页面
Wed, 14 Oct 2020 17:08:03-run_all_case.py-test_login.py-[line:193]-INFO-[日志信息]: 安全验证页面
Wed, 14 Oct 2020 17:08:05-run_all_case.py-test_login.py-[line:209]-INFO-[日志信息]: 重置密码页面
Wed, 14 Oct 2020 17:08:08-run_all_case.py-test_login.py-[line:109]-INFO-[日志信息]: 小程序个人实名认证页面
Wed, 14 Oct 2020 17:08:54-run_all_case.py-test_businessInfoReg.py-[line:144]-INFO-[日志信息]: 企业认证画面
Wed, 14 Oct 2020 17:10:06-run_all_case.py-test_businessInfoReg.py-[line:181]-INFO-[日志信息]: 平台服务协议画面
Wed, 14 Oct 2020 17:10:20-run_all_case.py-test_backStage_examine.py-[line:24]-INFO-[日志信息]: 开始执行脚本test_backstage_examine:

Wed, 14 Oct 2020 17:10:31-run_all_case.py-test_backStage_examine.py-[line:73]-INFO-[日志信息]: 成功登录后台系统
Wed, 14 Oct 2020 17:10:36-test_backstage_examine-Assert.py-[line:124]-INFO-[日志信息]: except_result = actul_result, except_result is 用户基本信息, actul_result is 用户基本信息
Wed, 14 Oct 2020 17:10:36-run_all_case.py-test_backStage_examine.py-[line:54]-INFO-[日志信息]: 成功进入企业信息审核画面
Wed, 14 Oct 2020 17:10:37-run_all_case.py-test_backStage_examine.py-[line:60]-INFO-[日志信息]: 企业认证通过
Wed, 14 Oct 2020 17:10:39-run_all_case.py-test_backStage_authentication.py-[line:169]-INFO-[日志信息]: 开始执行脚本test_backStageActCreate:

Wed, 14 Oct 2020 17:10:50-run_all_case.py-test_backStage_examine.py-[line:73]-INFO-[日志信息]: 成功登录后台系统
Wed, 14 Oct 2020 17:10:50-run_all_case.py-test_backStage_authentication.py-[line:274]-INFO-[日志信息]: 开始执行脚本test_backStage_authentication:

Wed, 14 Oct 2020 17:10:50-run_all_case.py-test_backStage_authentication.py-[line:277]-INFO-[日志信息]: 开始执行脚本test_backStage_authentication:

Wed, 14 Oct 2020 17:11:04-run_all_case.py-test_login.py-[line:173]-INFO-[日志信息]: 成功进入到密码重置页面
Wed, 14 Oct 2020 17:11:07-run_all_case.py-test_login.py-[line:180]-INFO-[日志信息]: 成功进入到密码修改完成页面
Wed, 14 Oct 2020 17:11:37-run_all_case.py-test_Tripartite_interaction.py-[line:137]-INFO-[日志信息]: 开始执行脚本test_Tripartite_interaction:

Wed, 14 Oct 2020 17:11:48-run_all_case.py-test_Tripartite_interaction.py-[line:143]-INFO-[日志信息]: 前端账户登录授信申请
Wed, 14 Oct 2020 17:11:49-run_all_case.py-test_Tripartite_interaction.py-[line:186]-INFO-[日志信息]: 进入到前端首页
Wed, 14 Oct 2020 17:11:49-run_all_case.py-test_Tripartite_interaction.py-[line:189]-INFO-[日志信息]: 进入到前端进入产品选择首页
Wed, 14 Oct 2020 17:11:51-run_all_case.py-test_Tripartite_interaction.py-[line:194]-INFO-[日志信息]: 进入到前端进入产品详情页
Wed, 14 Oct 2020 17:20:16-run_all_case.py-run_all_case.py-[line:41]-INFO-[日志信息]: ==================================2020-10-14 17:20:16===================================
Wed, 14 Oct 2020 17:20:37-run_all_case.py-test_login.py-[line:107]-INFO-[日志信息]: PC 端进行密码修改
Wed, 14 Oct 2020 17:20:47-run_all_case.py-test_login.py-[line:188]-INFO-[日志信息]: 登录页面
Wed, 14 Oct 2020 17:20:48-run_all_case.py-test_login.py-[line:193]-INFO-[日志信息]: 安全验证页面
Wed, 14 Oct 2020 17:20:50-run_all_case.py-test_login.py-[line:209]-INFO-[日志信息]: 重置密码页面
Wed, 14 Oct 2020 17:20:53-run_all_case.py-test_login.py-[line:109]-INFO-[日志信息]: 小程序个人实名认证页面
Wed, 14 Oct 2020 17:21:40-run_all_case.py-test_businessInfoReg.py-[line:144]-INFO-[日志信息]: 企业认证画面
Wed, 14 Oct 2020 17:22:52-run_all_case.py-test_businessInfoReg.py-[line:181]-INFO-[日志信息]: 平台服务协议画面
Wed, 14 Oct 2020 17:23:06-run_all_case.py-test_backStage_examine.py-[line:24]-INFO-[日志信息]: 开始执行脚本test_backstage_examine:

Wed, 14 Oct 2020 17:23:17-run_all_case.py-test_backStage_examine.py-[line:73]-INFO-[日志信息]: 成功登录后台系统
Wed, 14 Oct 2020 17:23:22-test_backstage_examine-Assert.py-[line:124]-INFO-[日志信息]: except_result = actul_result, except_result is 用户基本信息, actul_result is 用户基本信息
Wed, 14 Oct 2020 17:23:22-run_all_case.py-test_backStage_examine.py-[line:54]-INFO-[日志信息]: 成功进入企业信息审核画面
Wed, 14 Oct 2020 17:23:23-run_all_case.py-test_backStage_examine.py-[line:60]-INFO-[日志信息]: 企业认证通过
Wed, 14 Oct 2020 17:23:25-run_all_case.py-test_backStage_authentication.py-[line:169]-INFO-[日志信息]: 开始执行脚本test_backStageActCreate:

Wed, 14 Oct 2020 17:23:37-run_all_case.py-test_backStage_examine.py-[line:73]-INFO-[日志信息]: 成功登录后台系统
Wed, 14 Oct 2020 17:23:37-run_all_case.py-test_backStage_authentication.py-[line:274]-INFO-[日志信息]: 开始执行脚本test_backStage_authentication:

Wed, 14 Oct 2020 17:23:37-run_all_case.py-test_backStage_authentication.py-[line:277]-INFO-[日志信息]: 开始执行脚本test_backStage_authentication:

Wed, 14 Oct 2020 17:23:51-run_all_case.py-test_login.py-[line:173]-INFO-[日志信息]: 成功进入到密码重置页面
Wed, 14 Oct 2020 17:23:54-run_all_case.py-test_login.py-[line:180]-INFO-[日志信息]: 成功进入到密码修改完成页面
Wed, 14 Oct 2020 17:24:24-run_all_case.py-test_Tripartite_interaction.py-[line:137]-INFO-[日志信息]: 开始执行脚本test_Tripartite_interaction:

Wed, 14 Oct 2020 17:24:34-run_all_case.py-test_Tripartite_interaction.py-[line:143]-INFO-[日志信息]: 前端账户登录授信申请
Wed, 14 Oct 2020 17:24:36-run_all_case.py-test_Tripartite_interaction.py-[line:186]-INFO-[日志信息]: 进入到前端首页
Wed, 14 Oct 2020 17:24:36-run_all_case.py-test_Tripartite_interaction.py-[line:189]-INFO-[日志信息]: 进入到前端进入产品选择首页
Wed, 14 Oct 2020 17:24:38-run_all_case.py-test_Tripartite_interaction.py-[line:194]-INFO-[日志信息]: 进入到前端进入产品详情页
Wed, 14 Oct 2020 17:29:07-run_all_case.py-run_all_case.py-[line:41]-INFO-[日志信息]: ==================================2020-10-14 17:29:07===================================
Wed, 14 Oct 2020 17:29:27-run_all_case.py-test_login.py-[line:107]-INFO-[日志信息]: PC 端进行密码修改
Wed, 14 Oct 2020 17:29:38-run_all_case.py-test_login.py-[line:188]-INFO-[日志信息]: 登录页面
Wed, 14 Oct 2020 17:29:39-run_all_case.py-test_login.py-[line:193]-INFO-[日志信息]: 安全验证页面
Wed, 14 Oct 2020 17:29:41-run_all_case.py-test_login.py-[line:209]-INFO-[日志信息]: 重置密码页面
Wed, 14 Oct 2020 17:29:44-run_all_case.py-test_login.py-[line:109]-INFO-[日志信息]: 小程序个人实名认证页面
Wed, 14 Oct 2020 17:30:30-run_all_case.py-test_businessInfoReg.py-[line:144]-INFO-[日志信息]: 企业认证画面
Wed, 14 Oct 2020 17:31:42-run_all_case.py-test_businessInfoReg.py-[line:181]-INFO-[日志信息]: 平台服务协议画面
Wed, 14 Oct 2020 17:31:55-run_all_case.py-test_backStage_examine.py-[line:24]-INFO-[日志信息]: 开始执行脚本test_backstage_examine:

Wed, 14 Oct 2020 17:32:06-run_all_case.py-test_backStage_examine.py-[line:73]-INFO-[日志信息]: 成功登录后台系统
Wed, 14 Oct 2020 17:32:11-test_backstage_examine-Assert.py-[line:124]-INFO-[日志信息]: except_result = actul_result, except_result is 用户基本信息, actul_result is 用户基本信息
Wed, 14 Oct 2020 17:32:11-run_all_case.py-test_backStage_examine.py-[line:54]-INFO-[日志信息]: 成功进入企业信息审核画面
Wed, 14 Oct 2020 17:32:12-run_all_case.py-test_backStage_examine.py-[line:60]-INFO-[日志信息]: 企业认证通过
Wed, 14 Oct 2020 17:32:15-run_all_case.py-test_backStage_authentication.py-[line:169]-INFO-[日志信息]: 开始执行脚本test_backStageActCreate:

Wed, 14 Oct 2020 17:32:26-run_all_case.py-test_backStage_examine.py-[line:73]-INFO-[日志信息]: 成功登录后台系统
Wed, 14 Oct 2020 17:32:26-run_all_case.py-test_backStage_authentication.py-[line:179]-INFO-[日志信息]: 机构信息DB删除
Wed, 14 Oct 2020 17:32:44-run_all_case.py-test_backStage_authentication.py-[line:337]-INFO-[日志信息]: 进入担保公司创建页面
Wed, 14 Oct 2020 17:32:47-run_all_case.py-test_backStage_authentication.py-[line:335]-INFO-[日志信息]: 进入银行账户创建页面
Wed, 14 Oct 2020 17:32:52-run_all_case.py-test_backStage_authentication.py-[line:274]-INFO-[日志信息]: 开始执行脚本test_backStage_authentication:

Wed, 14 Oct 2020 17:32:52-run_all_case.py-test_backStage_authentication.py-[line:277]-INFO-[日志信息]: 开始执行脚本test_backStage_authentication:

Wed, 14 Oct 2020 17:33:06-run_all_case.py-test_login.py-[line:173]-INFO-[日志信息]: 成功进入到密码重置页面
Wed, 14 Oct 2020 17:33:09-run_all_case.py-test_login.py-[line:180]-INFO-[日志信息]: 成功进入到密码修改完成页面
Wed, 14 Oct 2020 17:33:13-run_all_case.py-test_login.py-[line:173]-INFO-[日志信息]: 成功进入到密码重置页面
Wed, 14 Oct 2020 17:33:15-run_all_case.py-test_login.py-[line:180]-INFO-[日志信息]: 成功进入到密码修改完成页面
Wed, 14 Oct 2020 17:33:16-run_all_case.py-test_backStage_examine.py-[line:73]-INFO-[日志信息]: 成功登录后台系统
Wed, 14 Oct 2020 17:33:22-run_all_case.py-test_backStage_authentication.py-[line:232]-INFO-[日志信息]: 企业信息认证
Wed, 14 Oct 2020 17:33:36-run_all_case.py-test_backStage_authentication.py-[line:249]-INFO-[日志信息]: 协议内容确认页面
Wed, 14 Oct 2020 17:33:38-run_all_case.py-test_Tripartite_interaction.py-[line:137]-INFO-[日志信息]: 开始执行脚本test_Tripartite_interaction:

Wed, 14 Oct 2020 17:33:48-run_all_case.py-test_Tripartite_interaction.py-[line:144]-INFO-[日志信息]: 前端账户登录授信申请
Wed, 14 Oct 2020 17:33:50-run_all_case.py-test_Tripartite_interaction.py-[line:189]-INFO-[日志信息]: 进入到前端首页
Wed, 14 Oct 2020 17:33:50-run_all_case.py-test_Tripartite_interaction.py-[line:192]-INFO-[日志信息]: 进入到前端进入产品选择首页
Wed, 14 Oct 2020 17:33:52-run_all_case.py-test_Tripartite_interaction.py-[line:197]-INFO-[日志信息]: 进入到前端进入产品详情页
