Fri, 18 Sep 2020 09:29:37-run_all_uicase.py-run_all_uicase.py-[line:26]-INFO-[日志信息]: ==================================2020-09-18 09:29:37===================================
Fri, 18 Sep 2020 09:29:37-run_all_uicase.py-test_login.py-[line:53]-INFO-[日志信息]: 开始执行脚本test_companyRegister:

Fri, 18 Sep 2020 09:29:48-run_all_uicase.py-test_login.py-[line:60]-INFO-[日志信息]: 对已注册的账户进行删除操作
Fri, 18 Sep 2020 09:29:52-test_companyRegister-Assert.py-[line:123]-INFO-[日志信息]: except_result = actul_result, except_result is 中小微企业金融服务聚合平台, actul_result is 中小微企业金融服务聚合平台
Fri, 18 Sep 2020 09:29:52-run_all_uicase.py-test_login.py-[line:88]-INFO-[日志信息]: 注册成功，返回到登陆页面
Fri, 18 Sep 2020 09:29:55-run_all_uicase.py-test_personalInfoReg.py-[line:33]-INFO-[日志信息]: 开始执行脚本test_infoReg:

Fri, 18 Sep 2020 09:29:55-run_all_uicase.py-test_personalInfoReg.py-[line:37]-INFO-[日志信息]: 对个人信息企业信息进行删除操作
Fri, 18 Sep 2020 09:30:06-test_infoReg-Assert.py-[line:123]-INFO-[日志信息]: except_result = actul_result, except_result is 首页, actul_result is 首页
Fri, 18 Sep 2020 09:30:06-run_all_uicase.py-test_personalInfoReg.py-[line:51]-INFO-[日志信息]: 进入登陆页面
Fri, 18 Sep 2020 09:30:08-test_infoReg-Assert.py-[line:123]-INFO-[日志信息]: except_result = actul_result, except_result is 实名认证, actul_result is 实名认证
Fri, 18 Sep 2020 09:30:08-run_all_uicase.py-test_personalInfoReg.py-[line:57]-INFO-[日志信息]: 实名认证画面成功显示
Fri, 18 Sep 2020 09:30:21-test_infoReg-Assert.py-[line:123]-INFO-[日志信息]: except_result = actul_result, except_result is 认证中, actul_result is 认证中
Fri, 18 Sep 2020 09:30:21-run_all_uicase.py-test_personalInfoReg.py-[line:95]-INFO-[日志信息]: 实名认证中画面显示
Fri, 18 Sep 2020 09:30:21-test_infoReg-Assert.py-[line:123]-INFO-[日志信息]: except_result = actul_result, except_result is 马化腾, actul_result is 马化腾
Fri, 18 Sep 2020 09:30:21-test_infoReg-Assert.py-[line:123]-INFO-[日志信息]: except_result = actul_result, except_result is 11010119900307475X, actul_result is 11010119900307475X
Fri, 18 Sep 2020 09:30:21-test_infoReg-Assert.py-[line:123]-INFO-[日志信息]: except_result = actul_result, except_result is 18621198965, actul_result is 18621198965
Fri, 18 Sep 2020 09:30:30-test_infoReg-Assert.py-[line:123]-INFO-[日志信息]: except_result = actul_result, except_result is 认证成功, actul_result is 认证成功
Fri, 18 Sep 2020 09:30:30-run_all_uicase.py-test_personalInfoReg.py-[line:109]-INFO-[日志信息]: 实名认证成功画面显示
Fri, 18 Sep 2020 09:30:30-test_infoReg-Assert.py-[line:123]-INFO-[日志信息]: except_result = actul_result, except_result is 实名认证, actul_result is 实名认证
Fri, 18 Sep 2020 09:30:30-run_all_uicase.py-test_personalInfoReg.py-[line:114]-INFO-[日志信息]: 点击查看认证信息按钮，跳转到实名认证画面
Fri, 18 Sep 2020 09:30:33-run_all_uicase.py-test_businessInfoReg.py-[line:33]-INFO-[日志信息]: 开始执行脚本test_businessInforReg:

Fri, 18 Sep 2020 09:30:43-test_businessInforReg-Assert.py-[line:123]-INFO-[日志信息]: except_result = actul_result, except_result is 企业基本资料, actul_result is 企业基本资料
Fri, 18 Sep 2020 09:30:43-run_all_uicase.py-test_businessInfoReg.py-[line:44]-INFO-[日志信息]: 企业基本资料画面正常显示
Fri, 18 Sep 2020 09:31:08-test_businessInforReg-Assert.py-[line:123]-INFO-[日志信息]: except_result = actul_result, except_result is 请确认协议内容, actul_result is 请确认协议内容
Fri, 18 Sep 2020 09:31:08-run_all_uicase.py-test_businessInfoReg.py-[line:106]-INFO-[日志信息]: 协议确认画面正常显示
Fri, 18 Sep 2020 09:31:18-test_businessInforReg-Assert.py-[line:123]-INFO-[日志信息]: except_result = actul_result, except_result is 认证中, actul_result is 认证中
Fri, 18 Sep 2020 09:31:18-run_all_uicase.py-test_businessInfoReg.py-[line:116]-INFO-[日志信息]: 企业信息认证中画面正常显示
Fri, 18 Sep 2020 09:31:42-test_businessInforReg-Assert.py-[line:123]-INFO-[日志信息]: except_result = actul_result, except_result is 审核中, actul_result is 审核中
Fri, 18 Sep 2020 09:31:42-run_all_uicase.py-test_businessInfoReg.py-[line:130]-INFO-[日志信息]: 企业信息审核中画面正常显示
Fri, 18 Sep 2020 09:31:42-test_businessInforReg-Assert.py-[line:123]-INFO-[日志信息]: except_result = actul_result, except_result is 企业基本资料, actul_result is 企业基本资料
Fri, 18 Sep 2020 09:31:42-run_all_uicase.py-test_businessInfoReg.py-[line:137]-INFO-[日志信息]: 企业基本资料画面正常显示
Fri, 18 Sep 2020 09:31:44-run_all_uicase.py-test_backStage_examine.py-[line:24]-INFO-[日志信息]: 开始执行脚本test_backstage_examine:

Fri, 18 Sep 2020 09:31:55-run_all_uicase.py-test_backStage_examine.py-[line:73]-INFO-[日志信息]: 成功登录后台系统
Fri, 18 Sep 2020 09:32:00-test_backstage_examine-Assert.py-[line:123]-INFO-[日志信息]: except_result = actul_result, except_result is 用户基本信息, actul_result is 用户基本信息
Fri, 18 Sep 2020 09:32:00-run_all_uicase.py-test_backStage_examine.py-[line:54]-INFO-[日志信息]: 成功进入企业信息审核画面
Fri, 18 Sep 2020 09:32:01-run_all_uicase.py-test_backStage_examine.py-[line:60]-INFO-[日志信息]: 企业认证通过
Fri, 18 Sep 2020 09:43:51-run_all_uicase.py-run_all_uicase.py-[line:26]-INFO-[日志信息]: ==================================2020-09-18 09:43:51===================================
Fri, 18 Sep 2020 09:43:52-run_all_uicase.py-test_login.py-[line:53]-INFO-[日志信息]: 开始执行脚本test_companyRegister:

Fri, 18 Sep 2020 09:44:02-run_all_uicase.py-test_login.py-[line:60]-INFO-[日志信息]: 对已注册的账户进行删除操作
Fri, 18 Sep 2020 09:44:06-test_companyRegister-Assert.py-[line:123]-INFO-[日志信息]: except_result = actul_result, except_result is 中小微企业金融服务聚合平台, actul_result is 中小微企业金融服务聚合平台
Fri, 18 Sep 2020 09:44:06-run_all_uicase.py-test_login.py-[line:88]-INFO-[日志信息]: 注册成功，返回到登陆页面
Fri, 18 Sep 2020 09:44:09-run_all_uicase.py-test_personalInfoReg.py-[line:33]-INFO-[日志信息]: 开始执行脚本test_infoReg:

Fri, 18 Sep 2020 09:44:09-run_all_uicase.py-test_personalInfoReg.py-[line:37]-INFO-[日志信息]: 对个人信息企业信息进行删除操作
Fri, 18 Sep 2020 09:44:20-test_infoReg-Assert.py-[line:123]-INFO-[日志信息]: except_result = actul_result, except_result is 首页, actul_result is 首页
Fri, 18 Sep 2020 09:44:20-run_all_uicase.py-test_personalInfoReg.py-[line:51]-INFO-[日志信息]: 进入登陆页面
Fri, 18 Sep 2020 09:44:22-test_infoReg-Assert.py-[line:123]-INFO-[日志信息]: except_result = actul_result, except_result is 实名认证, actul_result is 实名认证
Fri, 18 Sep 2020 09:44:22-run_all_uicase.py-test_personalInfoReg.py-[line:57]-INFO-[日志信息]: 实名认证画面成功显示
Fri, 18 Sep 2020 09:44:35-test_infoReg-Assert.py-[line:123]-INFO-[日志信息]: except_result = actul_result, except_result is 认证中, actul_result is 认证中
Fri, 18 Sep 2020 09:44:35-run_all_uicase.py-test_personalInfoReg.py-[line:95]-INFO-[日志信息]: 实名认证中画面显示
Fri, 18 Sep 2020 09:44:35-test_infoReg-Assert.py-[line:123]-INFO-[日志信息]: except_result = actul_result, except_result is 马化腾, actul_result is 马化腾
Fri, 18 Sep 2020 09:44:35-test_infoReg-Assert.py-[line:123]-INFO-[日志信息]: except_result = actul_result, except_result is 11010119900307475X, actul_result is 11010119900307475X
Fri, 18 Sep 2020 09:44:35-test_infoReg-Assert.py-[line:123]-INFO-[日志信息]: except_result = actul_result, except_result is 18621198965, actul_result is 18621198965
Fri, 18 Sep 2020 09:44:44-test_infoReg-Assert.py-[line:123]-INFO-[日志信息]: except_result = actul_result, except_result is 认证成功, actul_result is 认证成功
Fri, 18 Sep 2020 09:44:44-run_all_uicase.py-test_personalInfoReg.py-[line:109]-INFO-[日志信息]: 实名认证成功画面显示
Fri, 18 Sep 2020 09:44:45-test_infoReg-Assert.py-[line:123]-INFO-[日志信息]: except_result = actul_result, except_result is 实名认证, actul_result is 实名认证
Fri, 18 Sep 2020 09:44:45-run_all_uicase.py-test_personalInfoReg.py-[line:114]-INFO-[日志信息]: 点击查看认证信息按钮，跳转到实名认证画面
Fri, 18 Sep 2020 09:44:47-run_all_uicase.py-test_businessInfoReg.py-[line:33]-INFO-[日志信息]: 开始执行脚本test_businessInforReg:

Fri, 18 Sep 2020 09:44:58-test_businessInforReg-Assert.py-[line:123]-INFO-[日志信息]: except_result = actul_result, except_result is 企业基本资料, actul_result is 企业基本资料
Fri, 18 Sep 2020 09:44:58-run_all_uicase.py-test_businessInfoReg.py-[line:44]-INFO-[日志信息]: 企业基本资料画面正常显示
Fri, 18 Sep 2020 09:45:10-test_businessInforReg-Assert.py-[line:123]-INFO-[日志信息]: except_result = actul_result, except_result is 请确认协议内容, actul_result is 请确认协议内容
Fri, 18 Sep 2020 09:45:10-run_all_uicase.py-test_businessInfoReg.py-[line:106]-INFO-[日志信息]: 协议确认画面正常显示
Fri, 18 Sep 2020 09:45:13-test_businessInforReg-Assert.py-[line:123]-INFO-[日志信息]: except_result = actul_result, except_result is 认证中, actul_result is 认证中
Fri, 18 Sep 2020 09:45:13-run_all_uicase.py-test_businessInfoReg.py-[line:116]-INFO-[日志信息]: 企业信息认证中画面正常显示
Fri, 18 Sep 2020 09:45:36-test_businessInforReg-Assert.py-[line:123]-INFO-[日志信息]: except_result = actul_result, except_result is 审核中, actul_result is 审核中
Fri, 18 Sep 2020 09:45:36-run_all_uicase.py-test_businessInfoReg.py-[line:130]-INFO-[日志信息]: 企业信息审核中画面正常显示
Fri, 18 Sep 2020 09:45:37-test_businessInforReg-Assert.py-[line:123]-INFO-[日志信息]: except_result = actul_result, except_result is 企业基本资料, actul_result is 企业基本资料
Fri, 18 Sep 2020 09:45:37-run_all_uicase.py-test_businessInfoReg.py-[line:137]-INFO-[日志信息]: 企业基本资料画面正常显示
Fri, 18 Sep 2020 09:45:39-run_all_uicase.py-test_backStage_examine.py-[line:24]-INFO-[日志信息]: 开始执行脚本test_backstage_examine:

Fri, 18 Sep 2020 09:45:50-run_all_uicase.py-test_backStage_examine.py-[line:73]-INFO-[日志信息]: 成功登录后台系统
Fri, 18 Sep 2020 09:45:54-test_backstage_examine-Assert.py-[line:123]-INFO-[日志信息]: except_result = actul_result, except_result is 用户基本信息, actul_result is 用户基本信息
Fri, 18 Sep 2020 09:45:54-run_all_uicase.py-test_backStage_examine.py-[line:54]-INFO-[日志信息]: 成功进入企业信息审核画面
Fri, 18 Sep 2020 09:45:55-run_all_uicase.py-test_backStage_examine.py-[line:60]-INFO-[日志信息]: 企业认证通过
Fri, 18 Sep 2020 09:45:58-run_all_uicase.py-test_backStage_authentication.py-[line:169]-INFO-[日志信息]: 开始执行脚本test_backStageActCreate:

Fri, 18 Sep 2020 09:46:09-run_all_uicase.py-test_backStage_examine.py-[line:73]-INFO-[日志信息]: 成功登录后台系统
Fri, 18 Sep 2020 09:46:09-run_all_uicase.py-test_backStage_authentication.py-[line:179]-INFO-[日志信息]: 机构信息DB删除
Fri, 18 Sep 2020 09:46:27-run_all_uicase.py-test_backStage_authentication.py-[line:337]-INFO-[日志信息]: 进入担保公司创建页面
Fri, 18 Sep 2020 09:46:30-run_all_uicase.py-test_backStage_authentication.py-[line:335]-INFO-[日志信息]: 进入银行账户创建页面
Fri, 18 Sep 2020 09:46:35-run_all_uicase.py-test_backStage_authentication.py-[line:274]-INFO-[日志信息]: 开始执行脚本test_backStage_authentication:

Fri, 18 Sep 2020 09:46:35-run_all_uicase.py-test_backStage_authentication.py-[line:277]-INFO-[日志信息]: 开始执行脚本test_backStage_authentication:

Fri, 18 Sep 2020 09:46:49-run_all_uicase.py-test_login.py-[line:126]-INFO-[日志信息]: 成功进入到密码重置页面
Fri, 18 Sep 2020 09:46:52-run_all_uicase.py-test_login.py-[line:133]-INFO-[日志信息]: 成功进入到密码修改完成页面
Fri, 18 Sep 2020 09:46:56-run_all_uicase.py-test_login.py-[line:126]-INFO-[日志信息]: 成功进入到密码重置页面
Fri, 18 Sep 2020 09:46:58-run_all_uicase.py-test_login.py-[line:133]-INFO-[日志信息]: 成功进入到密码修改完成页面
Fri, 18 Sep 2020 09:46:59-run_all_uicase.py-test_backStage_examine.py-[line:73]-INFO-[日志信息]: 成功登录后台系统
Fri, 18 Sep 2020 09:47:05-run_all_uicase.py-test_backStage_authentication.py-[line:232]-INFO-[日志信息]: 企业信息认证
Fri, 18 Sep 2020 09:47:07-run_all_uicase.py-test_backStage_authentication.py-[line:249]-INFO-[日志信息]: 协议内容确认页面
Fri, 18 Sep 2020 09:47:17-run_all_uicase.py-test_backStage_authentication.py-[line:261]-INFO-[日志信息]: 二维码认证页面
Fri, 18 Sep 2020 09:47:33-run_all_uicase.py-test_backStage_examine.py-[line:73]-INFO-[日志信息]: 成功登录后台系统
Fri, 18 Sep 2020 09:47:38-run_all_uicase.py-test_backStage_authentication.py-[line:232]-INFO-[日志信息]: 企业信息认证
Fri, 18 Sep 2020 09:47:40-run_all_uicase.py-test_backStage_authentication.py-[line:249]-INFO-[日志信息]: 协议内容确认页面
Fri, 18 Sep 2020 09:47:49-run_all_uicase.py-test_backStage_authentication.py-[line:261]-INFO-[日志信息]: 二维码认证页面
Fri, 18 Sep 2020 09:47:55-run_all_uicase.py-test_backStage_authentication.py-[line:44]-INFO-[日志信息]: 首页
Fri, 18 Sep 2020 09:47:57-run_all_uicase.py-test_backStage_authentication.py-[line:48]-INFO-[日志信息]: 产品基本信息
Fri, 18 Sep 2020 09:48:04-run_all_uicase.py-test_backStage_authentication.py-[line:135]-INFO-[日志信息]: 产品特性
Fri, 18 Sep 2020 09:48:06-run_all_uicase.py-test_backStage_authentication.py-[line:150]-INFO-[日志信息]: 计分卡
Fri, 18 Sep 2020 09:48:08-run_all_uicase.py-test_backStage_authentication.py-[line:157]-INFO-[日志信息]: 进件信息
Fri, 18 Sep 2020 09:48:11-run_all_uicase.py-test_Tripartite_interaction.py-[line:137]-INFO-[日志信息]: 开始执行脚本test_Tripartite_interaction:

Fri, 18 Sep 2020 09:48:21-run_all_uicase.py-test_Tripartite_interaction.py-[line:143]-INFO-[日志信息]: 前端账户登录授信申请
Fri, 18 Sep 2020 09:48:23-run_all_uicase.py-test_Tripartite_interaction.py-[line:186]-INFO-[日志信息]: 进入到前端首页
Fri, 18 Sep 2020 09:48:23-run_all_uicase.py-test_Tripartite_interaction.py-[line:189]-INFO-[日志信息]: 进入到前端进入产品选择首页
Fri, 18 Sep 2020 09:48:24-run_all_uicase.py-test_Tripartite_interaction.py-[line:194]-INFO-[日志信息]: 进入到前端进入产品详情页
Fri, 18 Sep 2020 09:48:24-run_all_uicase.py-test_Tripartite_interaction.py-[line:198]-INFO-[日志信息]: 进入到前端进入产品借款页
Fri, 18 Sep 2020 09:48:27-run_all_uicase.py-test_Tripartite_interaction.py-[line:204]-INFO-[日志信息]: 进入授信采购信息页面
Fri, 18 Sep 2020 09:48:29-run_all_uicase.py-test_Tripartite_interaction.py-[line:227]-INFO-[日志信息]: 进入授信基本资料页面
Fri, 18 Sep 2020 09:48:30-run_all_uicase.py-test_Tripartite_interaction.py-[line:232]-INFO-[日志信息]: 授信资料完善页面
Fri, 18 Sep 2020 09:48:30-run_all_uicase.py-test_Tripartite_interaction.py-[line:238]-INFO-[日志信息]: 授信完成页面
Fri, 18 Sep 2020 09:48:41-run_all_uicase.py-test_Tripartite_interaction.py-[line:151]-INFO-[日志信息]: 银行授信审核
Fri, 18 Sep 2020 09:48:42-run_all_uicase.py-test_backStage_examine.py-[line:73]-INFO-[日志信息]: 成功登录后台系统
Fri, 18 Sep 2020 09:48:42-run_all_uicase.py-test_Tripartite_interaction.py-[line:245]-INFO-[日志信息]: 银行授信审核首页
Fri, 18 Sep 2020 09:48:44-run_all_uicase.py-test_Tripartite_interaction.py-[line:250]-INFO-[日志信息]: 银行待审批授信页面
Fri, 18 Sep 2020 09:48:45-run_all_uicase.py-test_Tripartite_interaction.py-[line:254]-INFO-[日志信息]: 审批授信评分卡页面
Fri, 18 Sep 2020 09:48:48-run_all_uicase.py-test_Tripartite_interaction.py-[line:260]-INFO-[日志信息]: 审批授信审核页面
Fri, 18 Sep 2020 09:48:59-run_all_uicase.py-test_Tripartite_interaction.py-[line:159]-INFO-[日志信息]: 担保公司审核
Fri, 18 Sep 2020 09:49:00-run_all_uicase.py-test_backStage_examine.py-[line:73]-INFO-[日志信息]: 成功登录后台系统
Fri, 18 Sep 2020 09:49:00-run_all_uicase.py-test_Tripartite_interaction.py-[line:280]-INFO-[日志信息]: 担保公司授信审核首页
Fri, 18 Sep 2020 09:49:02-run_all_uicase.py-test_Tripartite_interaction.py-[line:285]-INFO-[日志信息]: 银行待审批授信页面
Fri, 18 Sep 2020 09:49:02-run_all_uicase.py-test_Tripartite_interaction.py-[line:289]-INFO-[日志信息]: 审批授信评分卡页面
Fri, 18 Sep 2020 09:49:04-run_all_uicase.py-test_Tripartite_interaction.py-[line:293]-INFO-[日志信息]: 审批授信审核页面
Fri, 18 Sep 2020 09:49:07-run_all_uicase.py-test_Tripartite_interaction.py-[line:431]-INFO-[日志信息]: 进入借款检索一览画面
Fri, 18 Sep 2020 09:49:12-run_all_uicase.py-test_Tripartite_interaction.py-[line:309]-INFO-[日志信息]: 进入收款账户管理画面
Fri, 18 Sep 2020 09:49:15-run_all_uicase.py-test_Tripartite_interaction.py-[line:331]-INFO-[日志信息]: 银行卡已经添加
Fri, 18 Sep 2020 09:49:15-run_all_uicase.py-test_Tripartite_interaction.py-[line:333]-INFO-[日志信息]: 进入借款申请画面
Fri, 18 Sep 2020 09:49:20-run_all_uicase.py-test_Tripartite_interaction.py-[line:359]-INFO-[日志信息]: 银行借款审核首页
Fri, 18 Sep 2020 09:49:22-run_all_uicase.py-test_Tripartite_interaction.py-[line:365]-INFO-[日志信息]: 银行借款审核列表首页
Fri, 18 Sep 2020 09:49:23-run_all_uicase.py-test_Tripartite_interaction.py-[line:369]-INFO-[日志信息]: 银行审核页面
Fri, 18 Sep 2020 09:49:26-run_all_uicase.py-test_Tripartite_interaction.py-[line:380]-INFO-[日志信息]: 担保公司借款审核首页
Fri, 18 Sep 2020 09:49:28-run_all_uicase.py-test_Tripartite_interaction.py-[line:386]-INFO-[日志信息]: 担保公司借款审核列表首页
Fri, 18 Sep 2020 09:49:29-run_all_uicase.py-test_Tripartite_interaction.py-[line:390]-INFO-[日志信息]: 担保公司审核页面
Fri, 18 Sep 2020 09:49:45-run_all_uicase.py-test_Tripartite_interaction.py-[line:416]-INFO-[日志信息]: 担保费缴费画面
Fri, 18 Sep 2020 09:49:46-run_all_uicase.py-test_Tripartite_interaction.py-[line:422]-INFO-[日志信息]: 担保费缴费完了画面
Fri, 18 Sep 2020 09:50:00-run_all_uicase.py-test_Tripartite_interaction.py-[line:58]-INFO-[日志信息]: 银行放款审核首页
Fri, 18 Sep 2020 09:50:01-run_all_uicase.py-test_Tripartite_interaction.py-[line:64]-INFO-[日志信息]: 银行放款审核列表
Fri, 18 Sep 2020 09:50:02-run_all_uicase.py-test_Tripartite_interaction.py-[line:68]-INFO-[日志信息]: 银行放款审核页面
Fri, 18 Sep 2020 09:50:07-run_all_uicase.py-test_Tripartite_interaction.py-[line:90]-INFO-[日志信息]: 还款申请页面
Fri, 18 Sep 2020 09:50:08-run_all_uicase.py-test_Tripartite_interaction.py-[line:103]-INFO-[日志信息]: 还款申请提交完成页面
Fri, 18 Sep 2020 09:50:13-run_all_uicase.py-test_Tripartite_interaction.py-[line:113]-INFO-[日志信息]: 银行还款审核首页
Fri, 18 Sep 2020 09:50:13-run_all_uicase.py-test_Tripartite_interaction.py-[line:118]-INFO-[日志信息]: 银行还款审核列表
Fri, 18 Sep 2020 09:50:14-run_all_uicase.py-test_Tripartite_interaction.py-[line:122]-INFO-[日志信息]: 银行还款审核
Fri, 18 Sep 2020 09:50:54-run_all_uicase.py-run_all_uicase.py-[line:26]-INFO-[日志信息]: ==================================2020-09-18 09:50:54===================================
Fri, 18 Sep 2020 09:50:55-run_all_uicase.py-test_login.py-[line:53]-INFO-[日志信息]: 开始执行脚本test_companyRegister:

Fri, 18 Sep 2020 09:51:05-run_all_uicase.py-test_login.py-[line:60]-INFO-[日志信息]: 对已注册的账户进行删除操作
Fri, 18 Sep 2020 09:51:09-test_companyRegister-Assert.py-[line:123]-INFO-[日志信息]: except_result = actul_result, except_result is 中小微企业金融服务聚合平台, actul_result is 中小微企业金融服务聚合平台
Fri, 18 Sep 2020 09:51:09-run_all_uicase.py-test_login.py-[line:88]-INFO-[日志信息]: 注册成功，返回到登陆页面
Fri, 18 Sep 2020 09:51:12-run_all_uicase.py-test_personalInfoReg.py-[line:33]-INFO-[日志信息]: 开始执行脚本test_infoReg:

Fri, 18 Sep 2020 09:51:12-run_all_uicase.py-test_personalInfoReg.py-[line:37]-INFO-[日志信息]: 对个人信息企业信息进行删除操作
Fri, 18 Sep 2020 09:51:23-test_infoReg-Assert.py-[line:123]-INFO-[日志信息]: except_result = actul_result, except_result is 首页, actul_result is 首页
Fri, 18 Sep 2020 09:51:23-run_all_uicase.py-test_personalInfoReg.py-[line:51]-INFO-[日志信息]: 进入登陆页面
Fri, 18 Sep 2020 09:51:24-test_infoReg-Assert.py-[line:123]-INFO-[日志信息]: except_result = actul_result, except_result is 实名认证, actul_result is 实名认证
Fri, 18 Sep 2020 09:51:24-run_all_uicase.py-test_personalInfoReg.py-[line:57]-INFO-[日志信息]: 实名认证画面成功显示
Fri, 18 Sep 2020 09:51:37-test_infoReg-Assert.py-[line:123]-INFO-[日志信息]: except_result = actul_result, except_result is 认证中, actul_result is 认证中
Fri, 18 Sep 2020 09:51:37-run_all_uicase.py-test_personalInfoReg.py-[line:95]-INFO-[日志信息]: 实名认证中画面显示
Fri, 18 Sep 2020 09:51:37-test_infoReg-Assert.py-[line:123]-INFO-[日志信息]: except_result = actul_result, except_result is 马化腾, actul_result is 马化腾
Fri, 18 Sep 2020 09:51:37-test_infoReg-Assert.py-[line:123]-INFO-[日志信息]: except_result = actul_result, except_result is 11010119900307475X, actul_result is 11010119900307475X
Fri, 18 Sep 2020 09:51:37-test_infoReg-Assert.py-[line:123]-INFO-[日志信息]: except_result = actul_result, except_result is 18621198965, actul_result is 18621198965
Fri, 18 Sep 2020 09:51:47-test_infoReg-Assert.py-[line:123]-INFO-[日志信息]: except_result = actul_result, except_result is 认证成功, actul_result is 认证成功
Fri, 18 Sep 2020 09:51:47-run_all_uicase.py-test_personalInfoReg.py-[line:109]-INFO-[日志信息]: 实名认证成功画面显示
Fri, 18 Sep 2020 09:51:47-test_infoReg-Assert.py-[line:123]-INFO-[日志信息]: except_result = actul_result, except_result is 实名认证, actul_result is 实名认证
Fri, 18 Sep 2020 09:51:47-run_all_uicase.py-test_personalInfoReg.py-[line:114]-INFO-[日志信息]: 点击查看认证信息按钮，跳转到实名认证画面
Fri, 18 Sep 2020 09:51:50-run_all_uicase.py-test_businessInfoReg.py-[line:33]-INFO-[日志信息]: 开始执行脚本test_businessInforReg:

Fri, 18 Sep 2020 09:52:00-test_businessInforReg-Assert.py-[line:123]-INFO-[日志信息]: except_result = actul_result, except_result is 企业基本资料, actul_result is 企业基本资料
Fri, 18 Sep 2020 09:52:00-run_all_uicase.py-test_businessInfoReg.py-[line:44]-INFO-[日志信息]: 企业基本资料画面正常显示
Fri, 18 Sep 2020 09:52:12-test_businessInforReg-Assert.py-[line:123]-INFO-[日志信息]: except_result = actul_result, except_result is 请确认协议内容, actul_result is 请确认协议内容
Fri, 18 Sep 2020 09:52:12-run_all_uicase.py-test_businessInfoReg.py-[line:106]-INFO-[日志信息]: 协议确认画面正常显示
Fri, 18 Sep 2020 09:52:15-test_businessInforReg-Assert.py-[line:123]-INFO-[日志信息]: except_result = actul_result, except_result is 认证中, actul_result is 认证中
Fri, 18 Sep 2020 09:52:15-run_all_uicase.py-test_businessInfoReg.py-[line:116]-INFO-[日志信息]: 企业信息认证中画面正常显示
Fri, 18 Sep 2020 09:52:39-test_businessInforReg-Assert.py-[line:123]-INFO-[日志信息]: except_result = actul_result, except_result is 审核中, actul_result is 审核中
Fri, 18 Sep 2020 09:52:39-run_all_uicase.py-test_businessInfoReg.py-[line:130]-INFO-[日志信息]: 企业信息审核中画面正常显示
Fri, 18 Sep 2020 09:52:39-test_businessInforReg-Assert.py-[line:123]-INFO-[日志信息]: except_result = actul_result, except_result is 企业基本资料, actul_result is 企业基本资料
Fri, 18 Sep 2020 09:52:39-run_all_uicase.py-test_businessInfoReg.py-[line:137]-INFO-[日志信息]: 企业基本资料画面正常显示
Fri, 18 Sep 2020 09:52:41-run_all_uicase.py-test_backStage_examine.py-[line:24]-INFO-[日志信息]: 开始执行脚本test_backstage_examine:

Fri, 18 Sep 2020 09:52:52-run_all_uicase.py-test_backStage_examine.py-[line:73]-INFO-[日志信息]: 成功登录后台系统
Fri, 18 Sep 2020 09:52:57-test_backstage_examine-Assert.py-[line:123]-INFO-[日志信息]: except_result = actul_result, except_result is 用户基本信息, actul_result is 用户基本信息
Fri, 18 Sep 2020 09:52:57-run_all_uicase.py-test_backStage_examine.py-[line:54]-INFO-[日志信息]: 成功进入企业信息审核画面
Fri, 18 Sep 2020 09:52:58-run_all_uicase.py-test_backStage_examine.py-[line:60]-INFO-[日志信息]: 企业认证通过
Fri, 18 Sep 2020 10:04:48-run_all_uicase.py-run_all_uicase.py-[line:26]-INFO-[日志信息]: ==================================2020-09-18 10:04:48===================================
Fri, 18 Sep 2020 10:04:48-run_all_uicase.py-test_login.py-[line:53]-INFO-[日志信息]: 开始执行脚本test_companyRegister:

Fri, 18 Sep 2020 10:04:58-run_all_uicase.py-test_login.py-[line:60]-INFO-[日志信息]: 对已注册的账户进行删除操作
Fri, 18 Sep 2020 10:05:02-test_companyRegister-Assert.py-[line:123]-INFO-[日志信息]: except_result = actul_result, except_result is 中小微企业金融服务聚合平台, actul_result is 中小微企业金融服务聚合平台
Fri, 18 Sep 2020 10:05:02-run_all_uicase.py-test_login.py-[line:88]-INFO-[日志信息]: 注册成功，返回到登陆页面
Fri, 18 Sep 2020 10:05:06-run_all_uicase.py-test_personalInfoReg.py-[line:33]-INFO-[日志信息]: 开始执行脚本test_infoReg:

Fri, 18 Sep 2020 10:05:06-run_all_uicase.py-test_personalInfoReg.py-[line:37]-INFO-[日志信息]: 对个人信息企业信息进行删除操作
Fri, 18 Sep 2020 10:05:17-test_infoReg-Assert.py-[line:123]-INFO-[日志信息]: except_result = actul_result, except_result is 首页, actul_result is 首页
Fri, 18 Sep 2020 10:05:17-run_all_uicase.py-test_personalInfoReg.py-[line:51]-INFO-[日志信息]: 进入登陆页面
Fri, 18 Sep 2020 10:05:18-test_infoReg-Assert.py-[line:123]-INFO-[日志信息]: except_result = actul_result, except_result is 实名认证, actul_result is 实名认证
Fri, 18 Sep 2020 10:05:18-run_all_uicase.py-test_personalInfoReg.py-[line:57]-INFO-[日志信息]: 实名认证画面成功显示
Fri, 18 Sep 2020 10:05:31-test_infoReg-Assert.py-[line:123]-INFO-[日志信息]: except_result = actul_result, except_result is 认证中, actul_result is 认证中
Fri, 18 Sep 2020 10:05:31-run_all_uicase.py-test_personalInfoReg.py-[line:95]-INFO-[日志信息]: 实名认证中画面显示
Fri, 18 Sep 2020 10:05:31-test_infoReg-Assert.py-[line:123]-INFO-[日志信息]: except_result = actul_result, except_result is 马化腾, actul_result is 马化腾
Fri, 18 Sep 2020 10:05:31-test_infoReg-Assert.py-[line:123]-INFO-[日志信息]: except_result = actul_result, except_result is 11010119900307475X, actul_result is 11010119900307475X
Fri, 18 Sep 2020 10:05:31-test_infoReg-Assert.py-[line:123]-INFO-[日志信息]: except_result = actul_result, except_result is 18621198966, actul_result is 18621198966
Fri, 18 Sep 2020 10:05:41-test_infoReg-Assert.py-[line:123]-INFO-[日志信息]: except_result = actul_result, except_result is 认证成功, actul_result is 认证成功
Fri, 18 Sep 2020 10:05:41-run_all_uicase.py-test_personalInfoReg.py-[line:109]-INFO-[日志信息]: 实名认证成功画面显示
Fri, 18 Sep 2020 10:05:41-test_infoReg-Assert.py-[line:123]-INFO-[日志信息]: except_result = actul_result, except_result is 实名认证, actul_result is 实名认证
Fri, 18 Sep 2020 10:05:41-run_all_uicase.py-test_personalInfoReg.py-[line:114]-INFO-[日志信息]: 点击查看认证信息按钮，跳转到实名认证画面
Fri, 18 Sep 2020 10:05:43-run_all_uicase.py-test_businessInfoReg.py-[line:33]-INFO-[日志信息]: 开始执行脚本test_businessInforReg:

Fri, 18 Sep 2020 10:05:54-test_businessInforReg-Assert.py-[line:123]-INFO-[日志信息]: except_result = actul_result, except_result is 企业基本资料, actul_result is 企业基本资料
Fri, 18 Sep 2020 10:05:54-run_all_uicase.py-test_businessInfoReg.py-[line:44]-INFO-[日志信息]: 企业基本资料画面正常显示
Fri, 18 Sep 2020 10:06:06-test_businessInforReg-Assert.py-[line:123]-INFO-[日志信息]: except_result = actul_result, except_result is 请确认协议内容, actul_result is 请确认协议内容
Fri, 18 Sep 2020 10:06:06-run_all_uicase.py-test_businessInfoReg.py-[line:106]-INFO-[日志信息]: 协议确认画面正常显示
Fri, 18 Sep 2020 10:06:09-test_businessInforReg-Assert.py-[line:123]-INFO-[日志信息]: except_result = actul_result, except_result is 认证中, actul_result is 认证中
Fri, 18 Sep 2020 10:06:09-run_all_uicase.py-test_businessInfoReg.py-[line:116]-INFO-[日志信息]: 企业信息认证中画面正常显示
Fri, 18 Sep 2020 10:06:32-test_businessInforReg-Assert.py-[line:123]-INFO-[日志信息]: except_result = actul_result, except_result is 审核中, actul_result is 审核中
Fri, 18 Sep 2020 10:06:32-run_all_uicase.py-test_businessInfoReg.py-[line:130]-INFO-[日志信息]: 企业信息审核中画面正常显示
Fri, 18 Sep 2020 10:06:33-test_businessInforReg-Assert.py-[line:123]-INFO-[日志信息]: except_result = actul_result, except_result is 企业基本资料, actul_result is 企业基本资料
Fri, 18 Sep 2020 10:06:33-run_all_uicase.py-test_businessInfoReg.py-[line:137]-INFO-[日志信息]: 企业基本资料画面正常显示
Fri, 18 Sep 2020 10:06:35-run_all_uicase.py-test_backStage_examine.py-[line:24]-INFO-[日志信息]: 开始执行脚本test_backstage_examine:

Fri, 18 Sep 2020 10:06:46-run_all_uicase.py-test_backStage_examine.py-[line:73]-INFO-[日志信息]: 成功登录后台系统
Fri, 18 Sep 2020 10:06:50-test_backstage_examine-Assert.py-[line:123]-INFO-[日志信息]: except_result = actul_result, except_result is 用户基本信息, actul_result is 用户基本信息
Fri, 18 Sep 2020 10:06:50-run_all_uicase.py-test_backStage_examine.py-[line:54]-INFO-[日志信息]: 成功进入企业信息审核画面
Fri, 18 Sep 2020 10:06:51-run_all_uicase.py-test_backStage_examine.py-[line:60]-INFO-[日志信息]: 企业认证通过
Fri, 18 Sep 2020 13:06:33-run_all_uicase.py-run_all_uicase.py-[line:26]-INFO-[日志信息]: ==================================2020-09-18 13:06:33===================================
Fri, 18 Sep 2020 13:06:33-run_all_uicase.py-test_login.py-[line:53]-INFO-[日志信息]: 开始执行脚本test_companyRegister:

Fri, 18 Sep 2020 13:06:44-run_all_uicase.py-test_login.py-[line:60]-INFO-[日志信息]: 对已注册的账户进行删除操作
Fri, 18 Sep 2020 13:06:48-test_companyRegister-Assert.py-[line:123]-INFO-[日志信息]: except_result = actul_result, except_result is 中小微企业金融服务聚合平台, actul_result is 中小微企业金融服务聚合平台
Fri, 18 Sep 2020 13:06:48-run_all_uicase.py-test_login.py-[line:88]-INFO-[日志信息]: 注册成功，返回到登陆页面
Fri, 18 Sep 2020 13:06:51-run_all_uicase.py-test_personalInfoReg.py-[line:33]-INFO-[日志信息]: 开始执行脚本test_infoReg:

Fri, 18 Sep 2020 13:06:51-run_all_uicase.py-test_personalInfoReg.py-[line:37]-INFO-[日志信息]: 对个人信息企业信息进行删除操作
Fri, 18 Sep 2020 13:07:02-test_infoReg-Assert.py-[line:123]-INFO-[日志信息]: except_result = actul_result, except_result is 首页, actul_result is 首页
Fri, 18 Sep 2020 13:07:02-run_all_uicase.py-test_personalInfoReg.py-[line:51]-INFO-[日志信息]: 进入登陆页面
Fri, 18 Sep 2020 13:07:03-test_infoReg-Assert.py-[line:123]-INFO-[日志信息]: except_result = actul_result, except_result is 实名认证, actul_result is 实名认证
Fri, 18 Sep 2020 13:07:03-run_all_uicase.py-test_personalInfoReg.py-[line:57]-INFO-[日志信息]: 实名认证画面成功显示
Fri, 18 Sep 2020 13:07:16-test_infoReg-Assert.py-[line:123]-INFO-[日志信息]: except_result = actul_result, except_result is 认证中, actul_result is 认证中
Fri, 18 Sep 2020 13:07:16-run_all_uicase.py-test_personalInfoReg.py-[line:95]-INFO-[日志信息]: 实名认证中画面显示
Fri, 18 Sep 2020 13:07:16-test_infoReg-Assert.py-[line:123]-INFO-[日志信息]: except_result = actul_result, except_result is 马化腾, actul_result is 马化腾
Fri, 18 Sep 2020 13:07:16-test_infoReg-Assert.py-[line:123]-INFO-[日志信息]: except_result = actul_result, except_result is 11010119900307475X, actul_result is 11010119900307475X
Fri, 18 Sep 2020 13:07:16-test_infoReg-Assert.py-[line:123]-INFO-[日志信息]: except_result = actul_result, except_result is 18621198966, actul_result is 18621198966
Fri, 18 Sep 2020 13:07:26-test_infoReg-Assert.py-[line:123]-INFO-[日志信息]: except_result = actul_result, except_result is 认证成功, actul_result is 认证成功
Fri, 18 Sep 2020 13:07:26-run_all_uicase.py-test_personalInfoReg.py-[line:109]-INFO-[日志信息]: 实名认证成功画面显示
Fri, 18 Sep 2020 13:07:26-test_infoReg-Assert.py-[line:123]-INFO-[日志信息]: except_result = actul_result, except_result is 实名认证, actul_result is 实名认证
Fri, 18 Sep 2020 13:07:26-run_all_uicase.py-test_personalInfoReg.py-[line:114]-INFO-[日志信息]: 点击查看认证信息按钮，跳转到实名认证画面
Fri, 18 Sep 2020 13:07:28-run_all_uicase.py-test_businessInfoReg.py-[line:33]-INFO-[日志信息]: 开始执行脚本test_businessInforReg:

Fri, 18 Sep 2020 13:07:39-test_businessInforReg-Assert.py-[line:123]-INFO-[日志信息]: except_result = actul_result, except_result is 企业基本资料, actul_result is 企业基本资料
Fri, 18 Sep 2020 13:07:39-run_all_uicase.py-test_businessInfoReg.py-[line:44]-INFO-[日志信息]: 企业基本资料画面正常显示
Fri, 18 Sep 2020 13:07:51-test_businessInforReg-Assert.py-[line:123]-INFO-[日志信息]: except_result = actul_result, except_result is 请确认协议内容, actul_result is 请确认协议内容
Fri, 18 Sep 2020 13:07:51-run_all_uicase.py-test_businessInfoReg.py-[line:106]-INFO-[日志信息]: 协议确认画面正常显示
Fri, 18 Sep 2020 13:07:54-test_businessInforReg-Assert.py-[line:123]-INFO-[日志信息]: except_result = actul_result, except_result is 认证中, actul_result is 认证中
Fri, 18 Sep 2020 13:07:54-run_all_uicase.py-test_businessInfoReg.py-[line:116]-INFO-[日志信息]: 企业信息认证中画面正常显示
Fri, 18 Sep 2020 13:08:17-test_businessInforReg-Assert.py-[line:123]-INFO-[日志信息]: except_result = actul_result, except_result is 审核中, actul_result is 审核中
Fri, 18 Sep 2020 13:08:17-run_all_uicase.py-test_businessInfoReg.py-[line:130]-INFO-[日志信息]: 企业信息审核中画面正常显示
Fri, 18 Sep 2020 13:08:17-test_businessInforReg-Assert.py-[line:123]-INFO-[日志信息]: except_result = actul_result, except_result is 企业基本资料, actul_result is 企业基本资料
Fri, 18 Sep 2020 13:08:17-run_all_uicase.py-test_businessInfoReg.py-[line:137]-INFO-[日志信息]: 企业基本资料画面正常显示
Fri, 18 Sep 2020 13:08:19-run_all_uicase.py-test_backStage_examine.py-[line:24]-INFO-[日志信息]: 开始执行脚本test_backstage_examine:

Fri, 18 Sep 2020 13:08:30-run_all_uicase.py-test_backStage_examine.py-[line:73]-INFO-[日志信息]: 成功登录后台系统
Fri, 18 Sep 2020 13:08:35-test_backstage_examine-Assert.py-[line:123]-INFO-[日志信息]: except_result = actul_result, except_result is 用户基本信息, actul_result is 用户基本信息
Fri, 18 Sep 2020 13:08:35-run_all_uicase.py-test_backStage_examine.py-[line:54]-INFO-[日志信息]: 成功进入企业信息审核画面
Fri, 18 Sep 2020 13:08:36-run_all_uicase.py-test_backStage_examine.py-[line:60]-INFO-[日志信息]: 企业认证通过
Fri, 18 Sep 2020 13:08:38-run_all_uicase.py-test_backStage_authentication.py-[line:169]-INFO-[日志信息]: 开始执行脚本test_backStageActCreate:

Fri, 18 Sep 2020 13:08:49-run_all_uicase.py-test_backStage_examine.py-[line:73]-INFO-[日志信息]: 成功登录后台系统
Fri, 18 Sep 2020 13:08:50-run_all_uicase.py-test_backStage_authentication.py-[line:179]-INFO-[日志信息]: 机构信息DB删除
Fri, 18 Sep 2020 13:09:07-run_all_uicase.py-test_backStage_authentication.py-[line:337]-INFO-[日志信息]: 进入担保公司创建页面
Fri, 18 Sep 2020 13:09:11-run_all_uicase.py-test_backStage_authentication.py-[line:335]-INFO-[日志信息]: 进入银行账户创建页面
Fri, 18 Sep 2020 13:09:15-run_all_uicase.py-test_backStage_authentication.py-[line:274]-INFO-[日志信息]: 开始执行脚本test_backStage_authentication:

Fri, 18 Sep 2020 13:09:15-run_all_uicase.py-test_backStage_authentication.py-[line:277]-INFO-[日志信息]: 开始执行脚本test_backStage_authentication:

Fri, 18 Sep 2020 13:09:30-run_all_uicase.py-test_login.py-[line:126]-INFO-[日志信息]: 成功进入到密码重置页面
Fri, 18 Sep 2020 13:09:32-run_all_uicase.py-test_login.py-[line:133]-INFO-[日志信息]: 成功进入到密码修改完成页面
Fri, 18 Sep 2020 13:09:36-run_all_uicase.py-test_login.py-[line:126]-INFO-[日志信息]: 成功进入到密码重置页面
Fri, 18 Sep 2020 13:09:39-run_all_uicase.py-test_login.py-[line:133]-INFO-[日志信息]: 成功进入到密码修改完成页面
Fri, 18 Sep 2020 13:09:40-run_all_uicase.py-test_backStage_examine.py-[line:73]-INFO-[日志信息]: 成功登录后台系统
Fri, 18 Sep 2020 13:09:45-run_all_uicase.py-test_backStage_authentication.py-[line:232]-INFO-[日志信息]: 企业信息认证
Fri, 18 Sep 2020 13:09:48-run_all_uicase.py-test_backStage_authentication.py-[line:249]-INFO-[日志信息]: 协议内容确认页面
Fri, 18 Sep 2020 13:10:08-run_all_uicase.py-test_backStage_authentication.py-[line:261]-INFO-[日志信息]: 二维码认证页面
Fri, 18 Sep 2020 13:10:24-run_all_uicase.py-test_backStage_examine.py-[line:73]-INFO-[日志信息]: 成功登录后台系统
Fri, 18 Sep 2020 13:10:29-run_all_uicase.py-test_backStage_authentication.py-[line:232]-INFO-[日志信息]: 企业信息认证
Fri, 18 Sep 2020 13:10:32-run_all_uicase.py-test_backStage_authentication.py-[line:249]-INFO-[日志信息]: 协议内容确认页面
Fri, 18 Sep 2020 13:10:41-run_all_uicase.py-test_backStage_authentication.py-[line:261]-INFO-[日志信息]: 二维码认证页面
Fri, 18 Sep 2020 13:10:47-run_all_uicase.py-test_backStage_authentication.py-[line:44]-INFO-[日志信息]: 首页
Fri, 18 Sep 2020 13:10:49-run_all_uicase.py-test_backStage_authentication.py-[line:48]-INFO-[日志信息]: 产品基本信息
Fri, 18 Sep 2020 13:10:56-run_all_uicase.py-test_backStage_authentication.py-[line:135]-INFO-[日志信息]: 产品特性
Fri, 18 Sep 2020 13:10:58-run_all_uicase.py-test_backStage_authentication.py-[line:150]-INFO-[日志信息]: 计分卡
Fri, 18 Sep 2020 13:11:00-run_all_uicase.py-test_backStage_authentication.py-[line:157]-INFO-[日志信息]: 进件信息
Fri, 18 Sep 2020 13:11:03-run_all_uicase.py-test_Tripartite_interaction.py-[line:137]-INFO-[日志信息]: 开始执行脚本test_Tripartite_interaction:

Fri, 18 Sep 2020 13:33:09-run_all_uicase.py-run_all_uicase.py-[line:26]-INFO-[日志信息]: ==================================2020-09-18 13:33:09===================================
Fri, 18 Sep 2020 13:33:10-run_all_uicase.py-test_login.py-[line:53]-INFO-[日志信息]: 开始执行脚本test_companyRegister:

Fri, 18 Sep 2020 13:33:20-run_all_uicase.py-test_login.py-[line:60]-INFO-[日志信息]: 对已注册的账户进行删除操作
Fri, 18 Sep 2020 13:33:24-test_companyRegister-Assert.py-[line:123]-INFO-[日志信息]: except_result = actul_result, except_result is 中小微企业金融服务聚合平台, actul_result is 中小微企业金融服务聚合平台
Fri, 18 Sep 2020 13:33:24-run_all_uicase.py-test_login.py-[line:88]-INFO-[日志信息]: 注册成功，返回到登陆页面
Fri, 18 Sep 2020 13:33:27-run_all_uicase.py-test_personalInfoReg.py-[line:33]-INFO-[日志信息]: 开始执行脚本test_infoReg:

Fri, 18 Sep 2020 13:33:28-run_all_uicase.py-test_personalInfoReg.py-[line:37]-INFO-[日志信息]: 对个人信息企业信息进行删除操作
Fri, 18 Sep 2020 13:33:39-test_infoReg-Assert.py-[line:123]-INFO-[日志信息]: except_result = actul_result, except_result is 首页, actul_result is 首页
Fri, 18 Sep 2020 13:33:39-run_all_uicase.py-test_personalInfoReg.py-[line:51]-INFO-[日志信息]: 进入登陆页面
Fri, 18 Sep 2020 13:33:40-test_infoReg-Assert.py-[line:123]-INFO-[日志信息]: except_result = actul_result, except_result is 实名认证, actul_result is 实名认证
Fri, 18 Sep 2020 13:33:40-run_all_uicase.py-test_personalInfoReg.py-[line:57]-INFO-[日志信息]: 实名认证画面成功显示
Fri, 18 Sep 2020 13:33:53-test_infoReg-Assert.py-[line:123]-INFO-[日志信息]: except_result = actul_result, except_result is 认证中, actul_result is 认证中
Fri, 18 Sep 2020 13:33:53-run_all_uicase.py-test_personalInfoReg.py-[line:95]-INFO-[日志信息]: 实名认证中画面显示
Fri, 18 Sep 2020 13:33:53-test_infoReg-Assert.py-[line:123]-INFO-[日志信息]: except_result = actul_result, except_result is 马化腾, actul_result is 马化腾
Fri, 18 Sep 2020 13:33:53-test_infoReg-Assert.py-[line:123]-INFO-[日志信息]: except_result = actul_result, except_result is 11010119900307475X, actul_result is 11010119900307475X
Fri, 18 Sep 2020 13:33:53-test_infoReg-Assert.py-[line:123]-INFO-[日志信息]: except_result = actul_result, except_result is 18621198966, actul_result is 18621198966
Fri, 18 Sep 2020 13:34:03-test_infoReg-Assert.py-[line:123]-INFO-[日志信息]: except_result = actul_result, except_result is 认证成功, actul_result is 认证成功
Fri, 18 Sep 2020 13:34:03-run_all_uicase.py-test_personalInfoReg.py-[line:109]-INFO-[日志信息]: 实名认证成功画面显示
Fri, 18 Sep 2020 13:34:03-test_infoReg-Assert.py-[line:123]-INFO-[日志信息]: except_result = actul_result, except_result is 实名认证, actul_result is 实名认证
Fri, 18 Sep 2020 13:34:03-run_all_uicase.py-test_personalInfoReg.py-[line:114]-INFO-[日志信息]: 点击查看认证信息按钮，跳转到实名认证画面
Fri, 18 Sep 2020 13:34:05-run_all_uicase.py-test_businessInfoReg.py-[line:33]-INFO-[日志信息]: 开始执行脚本test_businessInforReg:

Fri, 18 Sep 2020 13:34:16-test_businessInforReg-Assert.py-[line:123]-INFO-[日志信息]: except_result = actul_result, except_result is 企业基本资料, actul_result is 企业基本资料
Fri, 18 Sep 2020 13:34:16-run_all_uicase.py-test_businessInfoReg.py-[line:44]-INFO-[日志信息]: 企业基本资料画面正常显示
Fri, 18 Sep 2020 13:34:28-test_businessInforReg-Assert.py-[line:123]-INFO-[日志信息]: except_result = actul_result, except_result is 请确认协议内容, actul_result is 请确认协议内容
Fri, 18 Sep 2020 13:34:28-run_all_uicase.py-test_businessInfoReg.py-[line:106]-INFO-[日志信息]: 协议确认画面正常显示
Fri, 18 Sep 2020 13:34:30-test_businessInforReg-Assert.py-[line:123]-INFO-[日志信息]: except_result = actul_result, except_result is 认证中, actul_result is 认证中
Fri, 18 Sep 2020 13:34:30-run_all_uicase.py-test_businessInfoReg.py-[line:116]-INFO-[日志信息]: 企业信息认证中画面正常显示
Fri, 18 Sep 2020 13:34:54-test_businessInforReg-Assert.py-[line:123]-INFO-[日志信息]: except_result = actul_result, except_result is 审核中, actul_result is 审核中
Fri, 18 Sep 2020 13:34:54-run_all_uicase.py-test_businessInfoReg.py-[line:130]-INFO-[日志信息]: 企业信息审核中画面正常显示
Fri, 18 Sep 2020 13:34:54-test_businessInforReg-Assert.py-[line:123]-INFO-[日志信息]: except_result = actul_result, except_result is 企业基本资料, actul_result is 企业基本资料
Fri, 18 Sep 2020 13:34:54-run_all_uicase.py-test_businessInfoReg.py-[line:137]-INFO-[日志信息]: 企业基本资料画面正常显示
Fri, 18 Sep 2020 13:34:56-run_all_uicase.py-test_backStage_examine.py-[line:24]-INFO-[日志信息]: 开始执行脚本test_backstage_examine:

Fri, 18 Sep 2020 13:35:07-run_all_uicase.py-test_backStage_examine.py-[line:73]-INFO-[日志信息]: 成功登录后台系统
Fri, 18 Sep 2020 13:35:12-test_backstage_examine-Assert.py-[line:123]-INFO-[日志信息]: except_result = actul_result, except_result is 用户基本信息, actul_result is 用户基本信息
Fri, 18 Sep 2020 13:35:12-run_all_uicase.py-test_backStage_examine.py-[line:54]-INFO-[日志信息]: 成功进入企业信息审核画面
Fri, 18 Sep 2020 13:35:13-run_all_uicase.py-test_backStage_examine.py-[line:60]-INFO-[日志信息]: 企业认证通过
Fri, 18 Sep 2020 13:35:15-run_all_uicase.py-test_backStage_authentication.py-[line:169]-INFO-[日志信息]: 开始执行脚本test_backStageActCreate:

Fri, 18 Sep 2020 13:35:26-run_all_uicase.py-test_backStage_examine.py-[line:73]-INFO-[日志信息]: 成功登录后台系统
Fri, 18 Sep 2020 13:35:26-run_all_uicase.py-test_backStage_authentication.py-[line:179]-INFO-[日志信息]: 机构信息DB删除
Fri, 18 Sep 2020 13:35:44-run_all_uicase.py-test_backStage_authentication.py-[line:337]-INFO-[日志信息]: 进入担保公司创建页面
Fri, 18 Sep 2020 13:35:47-run_all_uicase.py-test_backStage_authentication.py-[line:335]-INFO-[日志信息]: 进入银行账户创建页面
Fri, 18 Sep 2020 13:35:52-run_all_uicase.py-test_backStage_authentication.py-[line:274]-INFO-[日志信息]: 开始执行脚本test_backStage_authentication:

Fri, 18 Sep 2020 13:35:52-run_all_uicase.py-test_backStage_authentication.py-[line:277]-INFO-[日志信息]: 开始执行脚本test_backStage_authentication:

Fri, 18 Sep 2020 13:36:06-run_all_uicase.py-test_login.py-[line:126]-INFO-[日志信息]: 成功进入到密码重置页面
Fri, 18 Sep 2020 13:36:08-run_all_uicase.py-test_login.py-[line:133]-INFO-[日志信息]: 成功进入到密码修改完成页面
Fri, 18 Sep 2020 13:36:12-run_all_uicase.py-test_login.py-[line:126]-INFO-[日志信息]: 成功进入到密码重置页面
Fri, 18 Sep 2020 13:36:15-run_all_uicase.py-test_login.py-[line:133]-INFO-[日志信息]: 成功进入到密码修改完成页面
Fri, 18 Sep 2020 13:36:16-run_all_uicase.py-test_backStage_examine.py-[line:73]-INFO-[日志信息]: 成功登录后台系统
Fri, 18 Sep 2020 13:36:21-run_all_uicase.py-test_backStage_authentication.py-[line:232]-INFO-[日志信息]: 企业信息认证
Fri, 18 Sep 2020 13:36:24-run_all_uicase.py-test_backStage_authentication.py-[line:249]-INFO-[日志信息]: 协议内容确认页面
Fri, 18 Sep 2020 13:36:33-run_all_uicase.py-test_backStage_authentication.py-[line:261]-INFO-[日志信息]: 二维码认证页面
Fri, 18 Sep 2020 13:36:50-run_all_uicase.py-test_backStage_examine.py-[line:73]-INFO-[日志信息]: 成功登录后台系统
Fri, 18 Sep 2020 13:36:55-run_all_uicase.py-test_backStage_authentication.py-[line:232]-INFO-[日志信息]: 企业信息认证
Fri, 18 Sep 2020 13:36:58-run_all_uicase.py-test_backStage_authentication.py-[line:249]-INFO-[日志信息]: 协议内容确认页面
Fri, 18 Sep 2020 13:37:08-run_all_uicase.py-test_backStage_authentication.py-[line:261]-INFO-[日志信息]: 二维码认证页面
Fri, 18 Sep 2020 13:37:13-run_all_uicase.py-test_backStage_authentication.py-[line:44]-INFO-[日志信息]: 首页
Fri, 18 Sep 2020 13:37:15-run_all_uicase.py-test_backStage_authentication.py-[line:48]-INFO-[日志信息]: 产品基本信息
Fri, 18 Sep 2020 13:37:23-run_all_uicase.py-test_backStage_authentication.py-[line:135]-INFO-[日志信息]: 产品特性
Fri, 18 Sep 2020 13:37:26-run_all_uicase.py-test_Tripartite_interaction.py-[line:137]-INFO-[日志信息]: 开始执行脚本test_Tripartite_interaction:

Fri, 18 Sep 2020 13:37:36-run_all_uicase.py-test_Tripartite_interaction.py-[line:143]-INFO-[日志信息]: 前端账户登录授信申请
Fri, 18 Sep 2020 13:37:37-run_all_uicase.py-test_Tripartite_interaction.py-[line:186]-INFO-[日志信息]: 进入到前端首页
Fri, 18 Sep 2020 13:37:38-run_all_uicase.py-test_Tripartite_interaction.py-[line:189]-INFO-[日志信息]: 进入到前端进入产品选择首页
Fri, 18 Sep 2020 13:37:39-run_all_uicase.py-test_Tripartite_interaction.py-[line:194]-INFO-[日志信息]: 进入到前端进入产品详情页
Fri, 18 Sep 2020 14:08:41-run_all_uicase.py-run_all_uicase.py-[line:26]-INFO-[日志信息]: ==================================2020-09-18 14:08:41===================================
Fri, 18 Sep 2020 14:08:42-run_all_uicase.py-test_login.py-[line:53]-INFO-[日志信息]: 开始执行脚本test_companyRegister:

Fri, 18 Sep 2020 14:08:52-run_all_uicase.py-test_login.py-[line:60]-INFO-[日志信息]: 对已注册的账户进行删除操作
Fri, 18 Sep 2020 14:08:55-test_companyRegister-Assert.py-[line:123]-INFO-[日志信息]: except_result = actul_result, except_result is 中小微企业金融服务聚合平台, actul_result is 中小微企业金融服务聚合平台
Fri, 18 Sep 2020 14:08:55-run_all_uicase.py-test_login.py-[line:88]-INFO-[日志信息]: 注册成功，返回到登陆页面
Fri, 18 Sep 2020 14:08:59-run_all_uicase.py-test_personalInfoReg.py-[line:33]-INFO-[日志信息]: 开始执行脚本test_infoReg:

Fri, 18 Sep 2020 14:08:59-run_all_uicase.py-test_personalInfoReg.py-[line:37]-INFO-[日志信息]: 对个人信息企业信息进行删除操作
Fri, 18 Sep 2020 14:09:10-test_infoReg-Assert.py-[line:123]-INFO-[日志信息]: except_result = actul_result, except_result is 首页, actul_result is 首页
Fri, 18 Sep 2020 14:09:10-run_all_uicase.py-test_personalInfoReg.py-[line:51]-INFO-[日志信息]: 进入登陆页面
Fri, 18 Sep 2020 14:09:14-test_infoReg-Assert.py-[line:123]-INFO-[日志信息]: except_result = actul_result, except_result is 实名认证, actul_result is 实名认证
Fri, 18 Sep 2020 14:09:14-run_all_uicase.py-test_personalInfoReg.py-[line:57]-INFO-[日志信息]: 实名认证画面成功显示
Fri, 18 Sep 2020 14:09:27-test_infoReg-Assert.py-[line:123]-INFO-[日志信息]: except_result = actul_result, except_result is 认证中, actul_result is 认证中
Fri, 18 Sep 2020 14:09:27-run_all_uicase.py-test_personalInfoReg.py-[line:95]-INFO-[日志信息]: 实名认证中画面显示
Fri, 18 Sep 2020 14:09:27-test_infoReg-Assert.py-[line:123]-INFO-[日志信息]: except_result = actul_result, except_result is 马化腾, actul_result is 马化腾
Fri, 18 Sep 2020 14:09:27-test_infoReg-Assert.py-[line:123]-INFO-[日志信息]: except_result = actul_result, except_result is 11010119900307475X, actul_result is 11010119900307475X
Fri, 18 Sep 2020 14:09:27-test_infoReg-Assert.py-[line:123]-INFO-[日志信息]: except_result = actul_result, except_result is 18621198966, actul_result is 18621198966
Fri, 18 Sep 2020 14:09:37-test_infoReg-Assert.py-[line:123]-INFO-[日志信息]: except_result = actul_result, except_result is 认证成功, actul_result is 认证成功
Fri, 18 Sep 2020 14:09:37-run_all_uicase.py-test_personalInfoReg.py-[line:109]-INFO-[日志信息]: 实名认证成功画面显示
Fri, 18 Sep 2020 14:09:37-test_infoReg-Assert.py-[line:123]-INFO-[日志信息]: except_result = actul_result, except_result is 实名认证, actul_result is 实名认证
Fri, 18 Sep 2020 14:09:37-run_all_uicase.py-test_personalInfoReg.py-[line:114]-INFO-[日志信息]: 点击查看认证信息按钮，跳转到实名认证画面
Fri, 18 Sep 2020 14:09:39-run_all_uicase.py-test_businessInfoReg.py-[line:33]-INFO-[日志信息]: 开始执行脚本test_businessInforReg:

Fri, 18 Sep 2020 14:09:50-test_businessInforReg-Assert.py-[line:123]-INFO-[日志信息]: except_result = actul_result, except_result is 企业基本资料, actul_result is 企业基本资料
Fri, 18 Sep 2020 14:09:50-run_all_uicase.py-test_businessInfoReg.py-[line:44]-INFO-[日志信息]: 企业基本资料画面正常显示
Fri, 18 Sep 2020 14:10:02-test_businessInforReg-Assert.py-[line:123]-INFO-[日志信息]: except_result = actul_result, except_result is 请确认协议内容, actul_result is 请确认协议内容
Fri, 18 Sep 2020 14:10:02-run_all_uicase.py-test_businessInfoReg.py-[line:106]-INFO-[日志信息]: 协议确认画面正常显示
Fri, 18 Sep 2020 14:10:05-test_businessInforReg-Assert.py-[line:123]-INFO-[日志信息]: except_result = actul_result, except_result is 认证中, actul_result is 认证中
Fri, 18 Sep 2020 14:10:05-run_all_uicase.py-test_businessInfoReg.py-[line:116]-INFO-[日志信息]: 企业信息认证中画面正常显示
Fri, 18 Sep 2020 14:10:30-test_businessInforReg-Assert.py-[line:123]-INFO-[日志信息]: except_result = actul_result, except_result is 审核中, actul_result is 审核中
Fri, 18 Sep 2020 14:10:30-run_all_uicase.py-test_businessInfoReg.py-[line:130]-INFO-[日志信息]: 企业信息审核中画面正常显示
Fri, 18 Sep 2020 14:10:30-test_businessInforReg-Assert.py-[line:123]-INFO-[日志信息]: except_result = actul_result, except_result is 企业基本资料, actul_result is 企业基本资料
Fri, 18 Sep 2020 14:10:30-run_all_uicase.py-test_businessInfoReg.py-[line:137]-INFO-[日志信息]: 企业基本资料画面正常显示
Fri, 18 Sep 2020 14:10:32-run_all_uicase.py-test_backStage_examine.py-[line:24]-INFO-[日志信息]: 开始执行脚本test_backstage_examine:

Fri, 18 Sep 2020 14:10:43-run_all_uicase.py-test_backStage_examine.py-[line:73]-INFO-[日志信息]: 成功登录后台系统
Fri, 18 Sep 2020 14:10:48-test_backstage_examine-Assert.py-[line:123]-INFO-[日志信息]: except_result = actul_result, except_result is 用户基本信息, actul_result is 用户基本信息
Fri, 18 Sep 2020 14:10:48-run_all_uicase.py-test_backStage_examine.py-[line:54]-INFO-[日志信息]: 成功进入企业信息审核画面
Fri, 18 Sep 2020 14:10:49-run_all_uicase.py-test_backStage_examine.py-[line:60]-INFO-[日志信息]: 企业认证通过
Fri, 18 Sep 2020 14:10:51-run_all_uicase.py-test_backStage_authentication.py-[line:169]-INFO-[日志信息]: 开始执行脚本test_backStageActCreate:

Fri, 18 Sep 2020 14:11:02-run_all_uicase.py-test_backStage_examine.py-[line:73]-INFO-[日志信息]: 成功登录后台系统
Fri, 18 Sep 2020 14:11:02-run_all_uicase.py-test_backStage_authentication.py-[line:179]-INFO-[日志信息]: 机构信息DB删除
Fri, 18 Sep 2020 14:11:20-run_all_uicase.py-test_backStage_authentication.py-[line:337]-INFO-[日志信息]: 进入担保公司创建页面
Fri, 18 Sep 2020 14:11:24-run_all_uicase.py-test_backStage_authentication.py-[line:335]-INFO-[日志信息]: 进入银行账户创建页面
Fri, 18 Sep 2020 14:11:28-run_all_uicase.py-test_backStage_authentication.py-[line:274]-INFO-[日志信息]: 开始执行脚本test_backStage_authentication:

Fri, 18 Sep 2020 14:11:28-run_all_uicase.py-test_backStage_authentication.py-[line:277]-INFO-[日志信息]: 开始执行脚本test_backStage_authentication:

Fri, 18 Sep 2020 14:11:42-run_all_uicase.py-test_login.py-[line:126]-INFO-[日志信息]: 成功进入到密码重置页面
Fri, 18 Sep 2020 14:11:45-run_all_uicase.py-test_login.py-[line:133]-INFO-[日志信息]: 成功进入到密码修改完成页面
Fri, 18 Sep 2020 14:11:49-run_all_uicase.py-test_login.py-[line:126]-INFO-[日志信息]: 成功进入到密码重置页面
Fri, 18 Sep 2020 14:11:52-run_all_uicase.py-test_login.py-[line:133]-INFO-[日志信息]: 成功进入到密码修改完成页面
Fri, 18 Sep 2020 14:11:53-run_all_uicase.py-test_backStage_examine.py-[line:73]-INFO-[日志信息]: 成功登录后台系统
Fri, 18 Sep 2020 14:11:58-run_all_uicase.py-test_backStage_authentication.py-[line:232]-INFO-[日志信息]: 企业信息认证
Fri, 18 Sep 2020 14:12:01-run_all_uicase.py-test_backStage_authentication.py-[line:249]-INFO-[日志信息]: 协议内容确认页面
Fri, 18 Sep 2020 14:12:10-run_all_uicase.py-test_backStage_authentication.py-[line:261]-INFO-[日志信息]: 二维码认证页面
Fri, 18 Sep 2020 14:12:27-run_all_uicase.py-test_backStage_examine.py-[line:73]-INFO-[日志信息]: 成功登录后台系统
Fri, 18 Sep 2020 14:12:32-run_all_uicase.py-test_backStage_authentication.py-[line:232]-INFO-[日志信息]: 企业信息认证
Fri, 18 Sep 2020 14:12:35-run_all_uicase.py-test_backStage_authentication.py-[line:249]-INFO-[日志信息]: 协议内容确认页面
Fri, 18 Sep 2020 14:12:44-run_all_uicase.py-test_backStage_authentication.py-[line:261]-INFO-[日志信息]: 二维码认证页面
Fri, 18 Sep 2020 14:12:50-run_all_uicase.py-test_backStage_authentication.py-[line:44]-INFO-[日志信息]: 首页
Fri, 18 Sep 2020 14:12:52-run_all_uicase.py-test_backStage_authentication.py-[line:48]-INFO-[日志信息]: 产品基本信息
Fri, 18 Sep 2020 14:13:15-run_all_uicase.py-test_backStage_authentication.py-[line:135]-INFO-[日志信息]: 产品特性
Fri, 18 Sep 2020 14:13:17-run_all_uicase.py-test_backStage_authentication.py-[line:150]-INFO-[日志信息]: 计分卡
Fri, 18 Sep 2020 14:13:18-run_all_uicase.py-test_backStage_authentication.py-[line:157]-INFO-[日志信息]: 进件信息
Fri, 18 Sep 2020 14:40:50-run_all_uicase.py-run_all_uicase.py-[line:26]-INFO-[日志信息]: ==================================2020-09-18 14:40:50===================================
Fri, 18 Sep 2020 14:40:54-run_all_uicase.py-test_login.py-[line:53]-INFO-[日志信息]: 开始执行脚本test_companyRegister:

Fri, 18 Sep 2020 14:41:32-run_all_uicase.py-run_all_uicase.py-[line:26]-INFO-[日志信息]: ==================================2020-09-18 14:41:32===================================
Fri, 18 Sep 2020 14:41:32-run_all_uicase.py-test_login.py-[line:53]-INFO-[日志信息]: 开始执行脚本test_companyRegister:

Fri, 18 Sep 2020 14:43:06-run_all_case.py-run_all_case.py-[line:19]-INFO-[日志信息]: ==================================2020-09-18 14:43:06===================================
Fri, 18 Sep 2020 14:43:07-run_all_case.py-test_demo.py-[line:26]-INFO-[日志信息]: 开始执行脚本test_config_common:

Fri, 18 Sep 2020 14:45:31-run_all_case.py-run_all_case.py-[line:26]-INFO-[日志信息]: ==================================2020-09-18 14:45:31===================================
Fri, 18 Sep 2020 14:46:24-run_all_uicase.py-run_all_uicase.py-[line:26]-INFO-[日志信息]: ==================================2020-09-18 14:46:24===================================
Fri, 18 Sep 2020 14:46:24-run_all_uicase.py-test_login.py-[line:53]-INFO-[日志信息]: 开始执行脚本test_companyRegister:

Fri, 18 Sep 2020 14:46:42-run_all_case.py-run_all_case.py-[line:26]-INFO-[日志信息]: ==================================2020-09-18 14:46:42===================================
Fri, 18 Sep 2020 14:46:42-run_all_case.py-test_login.py-[line:53]-INFO-[日志信息]: 开始执行脚本test_companyRegister:

Fri, 18 Sep 2020 14:46:52-run_all_case.py-test_login.py-[line:60]-INFO-[日志信息]: 对已注册的账户进行删除操作
Fri, 18 Sep 2020 14:46:56-run_all_case.py-run_all_case.py-[line:26]-INFO-[日志信息]: ==================================2020-09-18 14:46:57===================================
Fri, 18 Sep 2020 14:46:57-run_all_case.py-test_login.py-[line:53]-INFO-[日志信息]: 开始执行脚本test_companyRegister:

Fri, 18 Sep 2020 14:47:07-run_all_case.py-test_login.py-[line:60]-INFO-[日志信息]: 对已注册的账户进行删除操作
Fri, 18 Sep 2020 14:47:11-test_companyRegister-Assert.py-[line:123]-INFO-[日志信息]: except_result = actul_result, except_result is 中小微企业金融服务聚合平台, actul_result is 中小微企业金融服务聚合平台
Fri, 18 Sep 2020 14:47:11-run_all_case.py-test_login.py-[line:88]-INFO-[日志信息]: 注册成功，返回到登陆页面
Fri, 18 Sep 2020 14:48:02-run_all_case.py-run_all_case.py-[line:26]-INFO-[日志信息]: ==================================2020-09-18 14:48:02===================================
Fri, 18 Sep 2020 14:48:46-run_all_case.py-run_all_case.py-[line:26]-INFO-[日志信息]: ==================================2020-09-18 14:48:46===================================
Fri, 18 Sep 2020 14:49:16-run_all_case.py-run_all_case.py-[line:26]-INFO-[日志信息]: ==================================2020-09-18 14:49:16===================================
Fri, 18 Sep 2020 14:50:32-run_all_case.py-run_all_case.py-[line:26]-INFO-[日志信息]: ==================================2020-09-18 14:50:32===================================
Fri, 18 Sep 2020 14:50:32-run_all_case.py-test_login.py-[line:53]-INFO-[日志信息]: 开始执行脚本test_companyRegister:

Fri, 18 Sep 2020 14:52:00-run_all_case.py-run_all_case.py-[line:26]-INFO-[日志信息]: ==================================2020-09-18 14:52:00===================================
Fri, 18 Sep 2020 14:52:00-run_all_case.py-test_login.py-[line:53]-INFO-[日志信息]: 开始执行脚本test_companyRegister:

Fri, 18 Sep 2020 14:52:11-run_all_case.py-run_all_case.py-[line:26]-INFO-[日志信息]: ==================================2020-09-18 14:52:11===================================
Fri, 18 Sep 2020 14:54:51-run_all_case.py-run_all_case.py-[line:26]-INFO-[日志信息]: ==================================2020-09-18 14:54:51===================================
Fri, 18 Sep 2020 14:54:52-run_all_case.py-test_login.py-[line:53]-INFO-[日志信息]: 开始执行脚本test_companyRegister:

Fri, 18 Sep 2020 14:55:02-run_all_case.py-test_login.py-[line:60]-INFO-[日志信息]: 对已注册的账户进行删除操作
Fri, 18 Sep 2020 14:55:27-run_all_case.py-run_all_case.py-[line:26]-INFO-[日志信息]: ==================================2020-09-18 14:55:27===================================
Fri, 18 Sep 2020 14:57:16-run_all_case.py-run_all_case.py-[line:26]-INFO-[日志信息]: ==================================2020-09-18 14:57:16===================================
Fri, 18 Sep 2020 14:59:43-run_all_case.py-run_all_case.py-[line:26]-INFO-[日志信息]: ==================================2020-09-18 14:59:43===================================
Fri, 18 Sep 2020 15:00:21-run_all_case.py-run_all_case.py-[line:26]-INFO-[日志信息]: ==================================2020-09-18 15:00:21===================================
Fri, 18 Sep 2020 15:00:48-run_all_case.py-test_login.py-[line:53]-INFO-[日志信息]: 开始执行脚本test_companyRegister:

Fri, 18 Sep 2020 15:01:00-run_all_case.py-run_all_case.py-[line:26]-INFO-[日志信息]: ==================================2020-09-18 15:01:00===================================
Fri, 18 Sep 2020 15:01:32-run_all_case.py-run_all_case.py-[line:26]-INFO-[日志信息]: ==================================2020-09-18 15:01:32===================================
Fri, 18 Sep 2020 15:01:43-run_all_case.py-run_all_case.py-[line:26]-INFO-[日志信息]: ==================================2020-09-18 15:01:43===================================
Fri, 18 Sep 2020 15:01:51-run_all_case.py-run_all_case.py-[line:26]-INFO-[日志信息]: ==================================2020-09-18 15:01:51===================================
Fri, 18 Sep 2020 15:02:41-run_all_case.py-run_all_case.py-[line:26]-INFO-[日志信息]: ==================================2020-09-18 15:02:41===================================
Fri, 18 Sep 2020 15:05:52-run_all_case.py-run_all_case.py-[line:19]-INFO-[日志信息]: ==================================2020-09-18 15:05:52===================================
Fri, 18 Sep 2020 15:05:52-run_all_case.py-test_demo.py-[line:30]-INFO-[日志信息]: 开始执行脚本test_config_common:

Fri, 18 Sep 2020 15:06:28-run_all_case.py-run_all_case.py-[line:30]-INFO-[日志信息]: ==================================2020-09-18 15:06:28===================================
Fri, 18 Sep 2020 15:06:39-run_all_case.py-run_all_case.py-[line:26]-INFO-[日志信息]: ==================================2020-09-18 15:06:39===================================
Fri, 18 Sep 2020 15:06:50-run_all_case.py-run_all_case.py-[line:26]-INFO-[日志信息]: ==================================2020-09-18 15:06:50===================================
Fri, 18 Sep 2020 15:06:51-run_all_case.py-test_login.py-[line:53]-INFO-[日志信息]: 开始执行脚本test_companyRegister:

Fri, 18 Sep 2020 15:07:56-run_all_case.py-run_all_case.py-[line:26]-INFO-[日志信息]: ==================================2020-09-18 15:07:56===================================
Fri, 18 Sep 2020 15:07:56-run_all_case.py-test_demo.py-[line:30]-INFO-[日志信息]: 开始执行脚本test_config_common:

Fri, 18 Sep 2020 15:08:46-run_all_case.py-run_all_case.py-[line:26]-INFO-[日志信息]: ==================================2020-09-18 15:08:46===================================
Fri, 18 Sep 2020 15:08:47-run_all_case.py-test_demo.py-[line:30]-INFO-[日志信息]: 开始执行脚本test_config_common:

