Thu, 27 Aug 2020 15:48:33-run_all_uicase.py-run_all_uicase.py-[line:27]-INFO-[日志信息]: ==================================2020-08-27 15:48:33===================================
Thu, 27 Aug 2020 15:48:34-run_all_uicase.py-test_login.py-[line:51]-INFO-[日志信息]: 开始执行脚本test_companyRegister:

Thu, 27 Aug 2020 15:48:46-run_all_uicase.py-run_all_uicase.py-[line:27]-INFO-[日志信息]: ==================================2020-08-27 15:48:46===================================
Thu, 27 Aug 2020 15:49:16-run_all_uicase.py-run_all_uicase.py-[line:27]-INFO-[日志信息]: ==================================2020-08-27 15:49:16===================================
Thu, 27 Aug 2020 15:49:54-run_all_uicase.py-run_all_uicase.py-[line:27]-INFO-[日志信息]: ==================================2020-08-27 15:49:54===================================
Thu, 27 Aug 2020 15:49:54-run_all_uicase.py-test_login.py-[line:51]-INFO-[日志信息]: 开始执行脚本test_companyRegister:

Thu, 27 Aug 2020 15:54:35-run_all_uicase.py-run_all_uicase.py-[line:27]-INFO-[日志信息]: ==================================2020-08-27 15:54:35===================================
Thu, 27 Aug 2020 15:54:35-run_all_uicase.py-test_login.py-[line:51]-INFO-[日志信息]: 开始执行脚本test_companyRegister:

Thu, 27 Aug 2020 15:54:45-run_all_uicase.py-test_login.py-[line:58]-INFO-[日志信息]: 对已注册的账户进行删除操作
Thu, 27 Aug 2020 15:54:49-test_companyRegister-Assert.py-[line:123]-INFO-[日志信息]: except_result = actul_result, except_result is 中小微企业金融服务聚合平台, actul_result is 中小微企业金融服务聚合平台
Thu, 27 Aug 2020 15:54:49-run_all_uicase.py-test_login.py-[line:85]-INFO-[日志信息]: 注册成功，返回到登陆页面
Thu, 27 Aug 2020 15:54:52-run_all_uicase.py-test_personalInfoReg.py-[line:32]-INFO-[日志信息]: 开始执行脚本test_infoReg:

Thu, 27 Aug 2020 15:54:52-run_all_uicase.py-test_personalInfoReg.py-[line:36]-INFO-[日志信息]: 对个人信息企业信息进行删除操作
Thu, 27 Aug 2020 15:55:02-test_infoReg-Assert.py-[line:123]-INFO-[日志信息]: except_result = actul_result, except_result is 首页, actul_result is 首页
Thu, 27 Aug 2020 15:55:02-run_all_uicase.py-test_personalInfoReg.py-[line:49]-INFO-[日志信息]: 进入登陆页面
Thu, 27 Aug 2020 15:55:06-test_infoReg-Assert.py-[line:123]-INFO-[日志信息]: except_result = actul_result, except_result is 实名认证, actul_result is 实名认证
Thu, 27 Aug 2020 15:55:06-run_all_uicase.py-test_personalInfoReg.py-[line:54]-INFO-[日志信息]: 实名认证画面成功显示
Thu, 27 Aug 2020 15:55:08-test_infoReg-Assert.py-[line:123]-INFO-[日志信息]: except_result = actul_result, except_result is 认证中, actul_result is 认证中
Thu, 27 Aug 2020 15:55:08-run_all_uicase.py-test_personalInfoReg.py-[line:89]-INFO-[日志信息]: 实名认证中画面显示
Thu, 27 Aug 2020 15:55:08-test_infoReg-Assert.py-[line:123]-INFO-[日志信息]: except_result = actul_result, except_result is 测试用户, actul_result is 测试用户
Thu, 27 Aug 2020 15:55:08-test_infoReg-Assert.py-[line:123]-INFO-[日志信息]: except_result = actul_result, except_result is 11010119900307475X, actul_result is 11010119900307475X
Thu, 27 Aug 2020 15:55:08-test_infoReg-Assert.py-[line:123]-INFO-[日志信息]: except_result = actul_result, except_result is 17621198933, actul_result is 17621198933
Thu, 27 Aug 2020 15:57:09-run_all_uicase.py-test_businessInfoReg.py-[line:29]-INFO-[日志信息]: 开始执行脚本test_businessInforReg:

Thu, 27 Aug 2020 15:57:39-run_all_uicase.py-run_all_uicase.py-[line:27]-INFO-[日志信息]: ==================================2020-08-27 15:57:39===================================
Thu, 27 Aug 2020 15:57:39-run_all_uicase.py-test_login.py-[line:51]-INFO-[日志信息]: 开始执行脚本test_companyRegister:

Thu, 27 Aug 2020 15:57:49-run_all_uicase.py-test_login.py-[line:58]-INFO-[日志信息]: 对已注册的账户进行删除操作
Thu, 27 Aug 2020 15:57:53-test_companyRegister-Assert.py-[line:123]-INFO-[日志信息]: except_result = actul_result, except_result is 中小微企业金融服务聚合平台, actul_result is 中小微企业金融服务聚合平台
Thu, 27 Aug 2020 15:57:53-run_all_uicase.py-test_login.py-[line:85]-INFO-[日志信息]: 注册成功，返回到登陆页面
Thu, 27 Aug 2020 15:57:55-run_all_uicase.py-test_personalInfoReg.py-[line:32]-INFO-[日志信息]: 开始执行脚本test_infoReg:

Thu, 27 Aug 2020 15:57:55-run_all_uicase.py-test_personalInfoReg.py-[line:36]-INFO-[日志信息]: 对个人信息企业信息进行删除操作
Thu, 27 Aug 2020 15:58:05-test_infoReg-Assert.py-[line:123]-INFO-[日志信息]: except_result = actul_result, except_result is 首页, actul_result is 首页
Thu, 27 Aug 2020 15:58:05-run_all_uicase.py-test_personalInfoReg.py-[line:49]-INFO-[日志信息]: 进入登陆页面
Thu, 27 Aug 2020 15:58:06-test_infoReg-Assert.py-[line:123]-INFO-[日志信息]: except_result = actul_result, except_result is 实名认证, actul_result is 实名认证
Thu, 27 Aug 2020 15:58:06-run_all_uicase.py-test_personalInfoReg.py-[line:54]-INFO-[日志信息]: 实名认证画面成功显示
Thu, 27 Aug 2020 15:58:07-test_infoReg-Assert.py-[line:123]-INFO-[日志信息]: except_result = actul_result, except_result is 认证中, actul_result is 认证中
Thu, 27 Aug 2020 15:58:07-run_all_uicase.py-test_personalInfoReg.py-[line:89]-INFO-[日志信息]: 实名认证中画面显示
Thu, 27 Aug 2020 15:58:07-test_infoReg-Assert.py-[line:123]-INFO-[日志信息]: except_result = actul_result, except_result is 测试用户, actul_result is 测试用户
Thu, 27 Aug 2020 15:58:07-test_infoReg-Assert.py-[line:123]-INFO-[日志信息]: except_result = actul_result, except_result is 11010119900307475X, actul_result is 11010119900307475X
Thu, 27 Aug 2020 15:58:07-test_infoReg-Assert.py-[line:123]-INFO-[日志信息]: except_result = actul_result, except_result is 17621198933, actul_result is 17621198933
Thu, 27 Aug 2020 15:58:47-test_infoReg-Assert.py-[line:123]-INFO-[日志信息]: except_result = actul_result, except_result is 认证成功, actul_result is 认证成功
Thu, 27 Aug 2020 15:58:47-run_all_uicase.py-test_personalInfoReg.py-[line:103]-INFO-[日志信息]: 实名认证成功画面显示
Thu, 27 Aug 2020 15:58:47-test_infoReg-Assert.py-[line:123]-INFO-[日志信息]: except_result = actul_result, except_result is 实名认证, actul_result is 实名认证
Thu, 27 Aug 2020 15:58:47-run_all_uicase.py-test_personalInfoReg.py-[line:108]-INFO-[日志信息]: 点击查看认证信息按钮，跳转到实名认证画面
Thu, 27 Aug 2020 15:58:49-run_all_uicase.py-test_businessInfoReg.py-[line:29]-INFO-[日志信息]: 开始执行脚本test_businessInforReg:

Thu, 27 Aug 2020 15:59:00-test_businessInforReg-Assert.py-[line:123]-INFO-[日志信息]: except_result = actul_result, except_result is 企业基本资料, actul_result is 企业基本资料
Thu, 27 Aug 2020 15:59:00-run_all_uicase.py-test_businessInfoReg.py-[line:40]-INFO-[日志信息]: 企业基本资料画面正常显示
Thu, 27 Aug 2020 15:59:01-run_all_uicase.py-test_backStage_examine.py-[line:24]-INFO-[日志信息]: 开始执行脚本test_backstage_examine:

Thu, 27 Aug 2020 15:59:12-test_backstage_examine-Assert.py-[line:123]-INFO-[日志信息]: except_result = actul_result, except_result is 财金通企业后台管理系统, actul_result is 财金通企业后台管理系统
Thu, 27 Aug 2020 15:59:12-run_all_uicase.py-test_backStage_examine.py-[line:69]-INFO-[日志信息]: 成功登录后台系统
Thu, 27 Aug 2020 15:59:16-test_backstage_examine-Assert.py-[line:123]-INFO-[日志信息]: except_result = actul_result, except_result is 用户基本信息, actul_result is 用户基本信息
Thu, 27 Aug 2020 15:59:16-run_all_uicase.py-test_backStage_examine.py-[line:51]-INFO-[日志信息]: 成功进入企业信息审核画面
Thu, 27 Aug 2020 15:59:19-run_all_uicase.py-test_login.py-[line:26]-INFO-[日志信息]: 开始执行脚本test_companyLoginOn:

Thu, 27 Aug 2020 15:59:30-test_companyLoginOn-Assert.py-[line:123]-INFO-[日志信息]: except_result = actul_result, except_result is 首页, actul_result is 首页
Thu, 27 Aug 2020 15:59:30-run_all_uicase.py-test_login.py-[line:40]-INFO-[日志信息]: 中小微企业金融服务聚合平台登录成功！
Thu, 27 Aug 2020 15:59:32-run_all_uicase.py-test_login.py-[line:96]-INFO-[日志信息]: 开始执行脚本test_companyPassForget:

Thu, 27 Aug 2020 15:59:48-run_all_uicase.py-run_all_uicase.py-[line:27]-INFO-[日志信息]: ==================================2020-08-27 15:59:48===================================
Thu, 27 Aug 2020 15:59:48-run_all_uicase.py-test_login.py-[line:51]-INFO-[日志信息]: 开始执行脚本test_companyRegister:

Thu, 27 Aug 2020 15:59:58-run_all_uicase.py-test_login.py-[line:58]-INFO-[日志信息]: 对已注册的账户进行删除操作
Thu, 27 Aug 2020 16:00:02-test_companyRegister-Assert.py-[line:123]-INFO-[日志信息]: except_result = actul_result, except_result is 中小微企业金融服务聚合平台, actul_result is 中小微企业金融服务聚合平台
Thu, 27 Aug 2020 16:00:02-run_all_uicase.py-test_login.py-[line:85]-INFO-[日志信息]: 注册成功，返回到登陆页面
Thu, 27 Aug 2020 16:00:04-run_all_uicase.py-test_personalInfoReg.py-[line:32]-INFO-[日志信息]: 开始执行脚本test_infoReg:

Thu, 27 Aug 2020 16:00:04-run_all_uicase.py-test_personalInfoReg.py-[line:36]-INFO-[日志信息]: 对个人信息企业信息进行删除操作
Thu, 27 Aug 2020 16:00:14-test_infoReg-Assert.py-[line:123]-INFO-[日志信息]: except_result = actul_result, except_result is 首页, actul_result is 首页
Thu, 27 Aug 2020 16:00:14-run_all_uicase.py-test_personalInfoReg.py-[line:49]-INFO-[日志信息]: 进入登陆页面
Thu, 27 Aug 2020 16:00:15-test_infoReg-Assert.py-[line:123]-INFO-[日志信息]: except_result = actul_result, except_result is 实名认证, actul_result is 实名认证
Thu, 27 Aug 2020 16:00:15-run_all_uicase.py-test_personalInfoReg.py-[line:54]-INFO-[日志信息]: 实名认证画面成功显示
Thu, 27 Aug 2020 16:00:16-test_infoReg-Assert.py-[line:123]-INFO-[日志信息]: except_result = actul_result, except_result is 认证中, actul_result is 认证中
Thu, 27 Aug 2020 16:00:16-run_all_uicase.py-test_personalInfoReg.py-[line:89]-INFO-[日志信息]: 实名认证中画面显示
Thu, 27 Aug 2020 16:00:16-test_infoReg-Assert.py-[line:123]-INFO-[日志信息]: except_result = actul_result, except_result is 测试用户, actul_result is 测试用户
Thu, 27 Aug 2020 16:00:16-test_infoReg-Assert.py-[line:123]-INFO-[日志信息]: except_result = actul_result, except_result is 11010119900307475X, actul_result is 11010119900307475X
Thu, 27 Aug 2020 16:00:16-test_infoReg-Assert.py-[line:123]-INFO-[日志信息]: except_result = actul_result, except_result is 17621198933, actul_result is 17621198933
Thu, 27 Aug 2020 16:00:56-test_infoReg-Assert.py-[line:123]-INFO-[日志信息]: except_result = actul_result, except_result is 认证成功, actul_result is 认证成功
Thu, 27 Aug 2020 16:00:56-run_all_uicase.py-test_personalInfoReg.py-[line:103]-INFO-[日志信息]: 实名认证成功画面显示
Thu, 27 Aug 2020 16:00:56-test_infoReg-Assert.py-[line:123]-INFO-[日志信息]: except_result = actul_result, except_result is 实名认证, actul_result is 实名认证
Thu, 27 Aug 2020 16:00:56-run_all_uicase.py-test_personalInfoReg.py-[line:108]-INFO-[日志信息]: 点击查看认证信息按钮，跳转到实名认证画面
Thu, 27 Aug 2020 16:00:58-run_all_uicase.py-test_businessInfoReg.py-[line:29]-INFO-[日志信息]: 开始执行脚本test_businessInforReg:

Thu, 27 Aug 2020 16:01:09-test_businessInforReg-Assert.py-[line:123]-INFO-[日志信息]: except_result = actul_result, except_result is 企业基本资料, actul_result is 企业基本资料
Thu, 27 Aug 2020 16:01:09-run_all_uicase.py-test_businessInfoReg.py-[line:40]-INFO-[日志信息]: 企业基本资料画面正常显示
Thu, 27 Aug 2020 16:41:18-run_all_uicase.py-run_all_uicase.py-[line:27]-INFO-[日志信息]: ==================================2020-08-27 16:41:18===================================
Thu, 27 Aug 2020 16:41:18-run_all_uicase.py-test_login.py-[line:51]-INFO-[日志信息]: 开始执行脚本test_companyRegister:

Thu, 27 Aug 2020 16:41:28-run_all_uicase.py-test_login.py-[line:58]-INFO-[日志信息]: 对已注册的账户进行删除操作
Thu, 27 Aug 2020 16:41:32-test_companyRegister-Assert.py-[line:123]-INFO-[日志信息]: except_result = actul_result, except_result is 中小微企业金融服务聚合平台, actul_result is 中小微企业金融服务聚合平台
Thu, 27 Aug 2020 16:41:32-run_all_uicase.py-test_login.py-[line:85]-INFO-[日志信息]: 注册成功，返回到登陆页面
Thu, 27 Aug 2020 16:41:34-run_all_uicase.py-test_personalInfoReg.py-[line:32]-INFO-[日志信息]: 开始执行脚本test_infoReg:

Thu, 27 Aug 2020 16:41:34-run_all_uicase.py-test_personalInfoReg.py-[line:36]-INFO-[日志信息]: 对个人信息企业信息进行删除操作
Thu, 27 Aug 2020 16:41:44-test_infoReg-Assert.py-[line:123]-INFO-[日志信息]: except_result = actul_result, except_result is 首页, actul_result is 首页
Thu, 27 Aug 2020 16:41:44-run_all_uicase.py-test_personalInfoReg.py-[line:49]-INFO-[日志信息]: 进入登陆页面
Thu, 27 Aug 2020 16:41:45-test_infoReg-Assert.py-[line:123]-INFO-[日志信息]: except_result = actul_result, except_result is 实名认证, actul_result is 实名认证
Thu, 27 Aug 2020 16:41:45-run_all_uicase.py-test_personalInfoReg.py-[line:54]-INFO-[日志信息]: 实名认证画面成功显示
Thu, 27 Aug 2020 16:41:46-test_infoReg-Assert.py-[line:123]-INFO-[日志信息]: except_result = actul_result, except_result is 认证中, actul_result is 认证中
Thu, 27 Aug 2020 16:41:46-run_all_uicase.py-test_personalInfoReg.py-[line:89]-INFO-[日志信息]: 实名认证中画面显示
Thu, 27 Aug 2020 16:41:46-test_infoReg-Assert.py-[line:123]-INFO-[日志信息]: except_result = actul_result, except_result is 测试用户, actul_result is 测试用户
Thu, 27 Aug 2020 16:41:46-test_infoReg-Assert.py-[line:123]-INFO-[日志信息]: except_result = actul_result, except_result is 11010119900307475X, actul_result is 11010119900307475X
Thu, 27 Aug 2020 16:41:46-test_infoReg-Assert.py-[line:123]-INFO-[日志信息]: except_result = actul_result, except_result is 17621198933, actul_result is 17621198933
Thu, 27 Aug 2020 16:42:26-test_infoReg-Assert.py-[line:123]-INFO-[日志信息]: except_result = actul_result, except_result is 认证成功, actul_result is 认证成功
Thu, 27 Aug 2020 16:42:26-run_all_uicase.py-test_personalInfoReg.py-[line:103]-INFO-[日志信息]: 实名认证成功画面显示
Thu, 27 Aug 2020 16:42:26-test_infoReg-Assert.py-[line:123]-INFO-[日志信息]: except_result = actul_result, except_result is 实名认证, actul_result is 实名认证
Thu, 27 Aug 2020 16:42:26-run_all_uicase.py-test_personalInfoReg.py-[line:108]-INFO-[日志信息]: 点击查看认证信息按钮，跳转到实名认证画面
Thu, 27 Aug 2020 16:42:29-run_all_uicase.py-test_businessInfoReg.py-[line:29]-INFO-[日志信息]: 开始执行脚本test_businessInforReg:

Thu, 27 Aug 2020 16:42:39-test_businessInforReg-Assert.py-[line:123]-INFO-[日志信息]: except_result = actul_result, except_result is 企业基本资料, actul_result is 企业基本资料
Thu, 27 Aug 2020 16:42:39-run_all_uicase.py-test_businessInfoReg.py-[line:40]-INFO-[日志信息]: 企业基本资料画面正常显示
Thu, 27 Aug 2020 16:42:57-run_all_uicase.py-test_backStage_examine.py-[line:24]-INFO-[日志信息]: 开始执行脚本test_backstage_examine:

Thu, 27 Aug 2020 16:43:15-run_all_uicase.py-test_login.py-[line:26]-INFO-[日志信息]: 开始执行脚本test_companyLoginOn:

Thu, 27 Aug 2020 16:43:33-run_all_uicase.py-test_login.py-[line:96]-INFO-[日志信息]: 开始执行脚本test_companyPassForget:

Thu, 27 Aug 2020 16:43:51-run_all_uicase.py-test_backStage_authentication.py-[line:27]-INFO-[日志信息]: 开始执行脚本test_backStage_authentication:

Thu, 27 Aug 2020 16:44:01-test_backStage_authentication-Assert.py-[line:123]-INFO-[日志信息]: except_result = actul_result, except_result is 财金通企业后台管理系统, actul_result is 财金通企业后台管理系统
Thu, 27 Aug 2020 16:44:01-run_all_uicase.py-test_backStage_examine.py-[line:69]-INFO-[日志信息]: 成功登录后台系统
Thu, 27 Aug 2020 16:44:13-run_all_uicase.py-run_all_uicase.py-[line:27]-INFO-[日志信息]: ==================================2020-08-27 16:44:13===================================
Thu, 27 Aug 2020 16:44:14-run_all_uicase.py-test_login.py-[line:51]-INFO-[日志信息]: 开始执行脚本test_companyRegister:

Thu, 27 Aug 2020 16:44:24-run_all_uicase.py-test_login.py-[line:58]-INFO-[日志信息]: 对已注册的账户进行删除操作
Thu, 27 Aug 2020 16:44:27-test_companyRegister-Assert.py-[line:123]-INFO-[日志信息]: except_result = actul_result, except_result is 中小微企业金融服务聚合平台, actul_result is 中小微企业金融服务聚合平台
Thu, 27 Aug 2020 16:44:27-run_all_uicase.py-test_login.py-[line:85]-INFO-[日志信息]: 注册成功，返回到登陆页面
Thu, 27 Aug 2020 16:44:30-run_all_uicase.py-test_personalInfoReg.py-[line:32]-INFO-[日志信息]: 开始执行脚本test_infoReg:

Thu, 27 Aug 2020 16:44:30-run_all_uicase.py-test_personalInfoReg.py-[line:36]-INFO-[日志信息]: 对个人信息企业信息进行删除操作
Thu, 27 Aug 2020 16:44:40-test_infoReg-Assert.py-[line:123]-INFO-[日志信息]: except_result = actul_result, except_result is 首页, actul_result is 首页
Thu, 27 Aug 2020 16:44:40-run_all_uicase.py-test_personalInfoReg.py-[line:49]-INFO-[日志信息]: 进入登陆页面
Thu, 27 Aug 2020 16:44:40-test_infoReg-Assert.py-[line:123]-INFO-[日志信息]: except_result = actul_result, except_result is 实名认证, actul_result is 实名认证
Thu, 27 Aug 2020 16:44:40-run_all_uicase.py-test_personalInfoReg.py-[line:54]-INFO-[日志信息]: 实名认证画面成功显示
Thu, 27 Aug 2020 16:44:41-test_infoReg-Assert.py-[line:123]-INFO-[日志信息]: except_result = actul_result, except_result is 认证中, actul_result is 认证中
Thu, 27 Aug 2020 16:44:41-run_all_uicase.py-test_personalInfoReg.py-[line:89]-INFO-[日志信息]: 实名认证中画面显示
Thu, 27 Aug 2020 16:44:41-test_infoReg-Assert.py-[line:123]-INFO-[日志信息]: except_result = actul_result, except_result is 测试用户, actul_result is 测试用户
Thu, 27 Aug 2020 16:44:41-test_infoReg-Assert.py-[line:123]-INFO-[日志信息]: except_result = actul_result, except_result is 11010119900307475X, actul_result is 11010119900307475X
Thu, 27 Aug 2020 16:44:41-test_infoReg-Assert.py-[line:123]-INFO-[日志信息]: except_result = actul_result, except_result is 17621198933, actul_result is 17621198933
Thu, 27 Aug 2020 16:45:11-test_infoReg-Assert.py-[line:123]-INFO-[日志信息]: except_result = actul_result, except_result is 认证成功, actul_result is 认证成功
Thu, 27 Aug 2020 16:45:11-run_all_uicase.py-test_personalInfoReg.py-[line:103]-INFO-[日志信息]: 实名认证成功画面显示
Thu, 27 Aug 2020 16:45:11-test_infoReg-Assert.py-[line:123]-INFO-[日志信息]: except_result = actul_result, except_result is 实名认证, actul_result is 实名认证
Thu, 27 Aug 2020 16:45:11-run_all_uicase.py-test_personalInfoReg.py-[line:108]-INFO-[日志信息]: 点击查看认证信息按钮，跳转到实名认证画面
Thu, 27 Aug 2020 16:45:14-run_all_uicase.py-test_businessInfoReg.py-[line:29]-INFO-[日志信息]: 开始执行脚本test_businessInforReg:

Thu, 27 Aug 2020 16:45:24-test_businessInforReg-Assert.py-[line:123]-INFO-[日志信息]: except_result = actul_result, except_result is 企业基本资料, actul_result is 企业基本资料
Thu, 27 Aug 2020 16:45:24-run_all_uicase.py-test_businessInfoReg.py-[line:40]-INFO-[日志信息]: 企业基本资料画面正常显示
Thu, 27 Aug 2020 16:45:25-run_all_uicase.py-test_backStage_examine.py-[line:24]-INFO-[日志信息]: 开始执行脚本test_backstage_examine:

Thu, 27 Aug 2020 16:45:50-run_all_uicase.py-run_all_uicase.py-[line:27]-INFO-[日志信息]: ==================================2020-08-27 16:45:50===================================
Thu, 27 Aug 2020 16:45:50-run_all_uicase.py-test_login.py-[line:51]-INFO-[日志信息]: 开始执行脚本test_companyRegister:

Thu, 27 Aug 2020 16:46:00-run_all_uicase.py-test_login.py-[line:58]-INFO-[日志信息]: 对已注册的账户进行删除操作
Thu, 27 Aug 2020 16:46:04-test_companyRegister-Assert.py-[line:123]-INFO-[日志信息]: except_result = actul_result, except_result is 中小微企业金融服务聚合平台, actul_result is 中小微企业金融服务聚合平台
Thu, 27 Aug 2020 16:46:04-run_all_uicase.py-test_login.py-[line:85]-INFO-[日志信息]: 注册成功，返回到登陆页面
Thu, 27 Aug 2020 16:46:06-run_all_uicase.py-test_personalInfoReg.py-[line:32]-INFO-[日志信息]: 开始执行脚本test_infoReg:

Thu, 27 Aug 2020 16:46:06-run_all_uicase.py-test_personalInfoReg.py-[line:36]-INFO-[日志信息]: 对个人信息企业信息进行删除操作
Thu, 27 Aug 2020 16:46:16-test_infoReg-Assert.py-[line:123]-INFO-[日志信息]: except_result = actul_result, except_result is 首页, actul_result is 首页
Thu, 27 Aug 2020 16:46:16-run_all_uicase.py-test_personalInfoReg.py-[line:49]-INFO-[日志信息]: 进入登陆页面
Thu, 27 Aug 2020 16:46:17-test_infoReg-Assert.py-[line:123]-INFO-[日志信息]: except_result = actul_result, except_result is 实名认证, actul_result is 实名认证
Thu, 27 Aug 2020 16:46:17-run_all_uicase.py-test_personalInfoReg.py-[line:54]-INFO-[日志信息]: 实名认证画面成功显示
Thu, 27 Aug 2020 16:46:18-test_infoReg-Assert.py-[line:123]-INFO-[日志信息]: except_result = actul_result, except_result is 认证中, actul_result is 认证中
Thu, 27 Aug 2020 16:46:18-run_all_uicase.py-test_personalInfoReg.py-[line:89]-INFO-[日志信息]: 实名认证中画面显示
Thu, 27 Aug 2020 16:46:18-test_infoReg-Assert.py-[line:123]-INFO-[日志信息]: except_result = actul_result, except_result is 测试用户, actul_result is 测试用户
Thu, 27 Aug 2020 16:46:18-test_infoReg-Assert.py-[line:123]-INFO-[日志信息]: except_result = actul_result, except_result is 11010119900307475X, actul_result is 11010119900307475X
Thu, 27 Aug 2020 16:46:18-test_infoReg-Assert.py-[line:123]-INFO-[日志信息]: except_result = actul_result, except_result is 17621198933, actul_result is 17621198933
Thu, 27 Aug 2020 16:46:48-test_infoReg-Assert.py-[line:123]-INFO-[日志信息]: except_result = actul_result, except_result is 认证成功, actul_result is 认证成功
Thu, 27 Aug 2020 16:46:48-run_all_uicase.py-test_personalInfoReg.py-[line:103]-INFO-[日志信息]: 实名认证成功画面显示
Thu, 27 Aug 2020 16:46:48-test_infoReg-Assert.py-[line:123]-INFO-[日志信息]: except_result = actul_result, except_result is 实名认证, actul_result is 实名认证
Thu, 27 Aug 2020 16:46:48-run_all_uicase.py-test_personalInfoReg.py-[line:108]-INFO-[日志信息]: 点击查看认证信息按钮，跳转到实名认证画面
Thu, 27 Aug 2020 16:46:50-run_all_uicase.py-test_businessInfoReg.py-[line:29]-INFO-[日志信息]: 开始执行脚本test_businessInforReg:

Thu, 27 Aug 2020 16:47:01-test_businessInforReg-Assert.py-[line:123]-INFO-[日志信息]: except_result = actul_result, except_result is 企业基本资料, actul_result is 企业基本资料
Thu, 27 Aug 2020 16:47:01-run_all_uicase.py-test_businessInfoReg.py-[line:40]-INFO-[日志信息]: 企业基本资料画面正常显示
Thu, 27 Aug 2020 16:49:22-run_all_uicase.py-run_all_uicase.py-[line:27]-INFO-[日志信息]: ==================================2020-08-27 16:49:22===================================
Thu, 27 Aug 2020 16:49:22-run_all_uicase.py-test_login.py-[line:51]-INFO-[日志信息]: 开始执行脚本test_companyRegister:

Thu, 27 Aug 2020 16:49:32-run_all_uicase.py-test_login.py-[line:58]-INFO-[日志信息]: 对已注册的账户进行删除操作
Thu, 27 Aug 2020 16:49:35-test_companyRegister-Assert.py-[line:123]-INFO-[日志信息]: except_result = actul_result, except_result is 中小微企业金融服务聚合平台, actul_result is 中小微企业金融服务聚合平台
Thu, 27 Aug 2020 16:49:35-run_all_uicase.py-test_login.py-[line:85]-INFO-[日志信息]: 注册成功，返回到登陆页面
Thu, 27 Aug 2020 16:49:38-run_all_uicase.py-test_personalInfoReg.py-[line:32]-INFO-[日志信息]: 开始执行脚本test_infoReg:

Thu, 27 Aug 2020 16:49:38-run_all_uicase.py-test_personalInfoReg.py-[line:36]-INFO-[日志信息]: 对个人信息企业信息进行删除操作
Thu, 27 Aug 2020 16:49:48-test_infoReg-Assert.py-[line:123]-INFO-[日志信息]: except_result = actul_result, except_result is 首页, actul_result is 首页
Thu, 27 Aug 2020 16:49:48-run_all_uicase.py-test_personalInfoReg.py-[line:49]-INFO-[日志信息]: 进入登陆页面
Thu, 27 Aug 2020 16:49:49-test_infoReg-Assert.py-[line:123]-INFO-[日志信息]: except_result = actul_result, except_result is 实名认证, actul_result is 实名认证
Thu, 27 Aug 2020 16:49:49-run_all_uicase.py-test_personalInfoReg.py-[line:54]-INFO-[日志信息]: 实名认证画面成功显示
Thu, 27 Aug 2020 16:49:50-test_infoReg-Assert.py-[line:123]-INFO-[日志信息]: except_result = actul_result, except_result is 认证中, actul_result is 认证中
Thu, 27 Aug 2020 16:49:50-run_all_uicase.py-test_personalInfoReg.py-[line:89]-INFO-[日志信息]: 实名认证中画面显示
Thu, 27 Aug 2020 16:49:50-test_infoReg-Assert.py-[line:123]-INFO-[日志信息]: except_result = actul_result, except_result is 测试用户, actul_result is 测试用户
Thu, 27 Aug 2020 16:49:50-test_infoReg-Assert.py-[line:123]-INFO-[日志信息]: except_result = actul_result, except_result is 11010119900307475X, actul_result is 11010119900307475X
Thu, 27 Aug 2020 16:49:50-test_infoReg-Assert.py-[line:123]-INFO-[日志信息]: except_result = actul_result, except_result is 17621198933, actul_result is 17621198933
Thu, 27 Aug 2020 16:50:20-test_infoReg-Assert.py-[line:123]-INFO-[日志信息]: except_result = actul_result, except_result is 认证成功, actul_result is 认证成功
Thu, 27 Aug 2020 16:50:20-run_all_uicase.py-test_personalInfoReg.py-[line:103]-INFO-[日志信息]: 实名认证成功画面显示
Thu, 27 Aug 2020 16:50:20-test_infoReg-Assert.py-[line:123]-INFO-[日志信息]: except_result = actul_result, except_result is 实名认证, actul_result is 实名认证
Thu, 27 Aug 2020 16:50:20-run_all_uicase.py-test_personalInfoReg.py-[line:108]-INFO-[日志信息]: 点击查看认证信息按钮，跳转到实名认证画面
Thu, 27 Aug 2020 16:50:22-run_all_uicase.py-test_businessInfoReg.py-[line:29]-INFO-[日志信息]: 开始执行脚本test_businessInforReg:

Thu, 27 Aug 2020 16:50:33-test_businessInforReg-Assert.py-[line:123]-INFO-[日志信息]: except_result = actul_result, except_result is 企业基本资料, actul_result is 企业基本资料
Thu, 27 Aug 2020 16:50:33-run_all_uicase.py-test_businessInfoReg.py-[line:40]-INFO-[日志信息]: 企业基本资料画面正常显示
Thu, 27 Aug 2020 16:50:36-run_all_uicase.py-test_backStage_examine.py-[line:24]-INFO-[日志信息]: 开始执行脚本test_backstage_examine:

Thu, 27 Aug 2020 16:50:47-test_backstage_examine-Assert.py-[line:123]-INFO-[日志信息]: except_result = actul_result, except_result is 财金通企业后台管理系统, actul_result is 财金通企业后台管理系统
Thu, 27 Aug 2020 16:50:47-run_all_uicase.py-test_backStage_examine.py-[line:69]-INFO-[日志信息]: 成功登录后台系统
Thu, 27 Aug 2020 16:50:51-test_backstage_examine-Assert.py-[line:123]-INFO-[日志信息]: except_result = actul_result, except_result is 用户基本信息, actul_result is 用户基本信息
Thu, 27 Aug 2020 16:50:51-run_all_uicase.py-test_backStage_examine.py-[line:51]-INFO-[日志信息]: 成功进入企业信息审核画面
Thu, 27 Aug 2020 16:50:54-run_all_uicase.py-run_all_uicase.py-[line:27]-INFO-[日志信息]: ==================================2020-08-27 16:50:54===================================
Thu, 27 Aug 2020 16:50:54-run_all_uicase.py-test_login.py-[line:51]-INFO-[日志信息]: 开始执行脚本test_companyRegister:

Thu, 27 Aug 2020 16:51:04-run_all_uicase.py-test_login.py-[line:58]-INFO-[日志信息]: 对已注册的账户进行删除操作
Thu, 27 Aug 2020 16:51:08-test_companyRegister-Assert.py-[line:123]-INFO-[日志信息]: except_result = actul_result, except_result is 中小微企业金融服务聚合平台, actul_result is 中小微企业金融服务聚合平台
Thu, 27 Aug 2020 16:51:08-run_all_uicase.py-test_login.py-[line:85]-INFO-[日志信息]: 注册成功，返回到登陆页面
Thu, 27 Aug 2020 16:51:10-run_all_uicase.py-test_personalInfoReg.py-[line:32]-INFO-[日志信息]: 开始执行脚本test_infoReg:

Thu, 27 Aug 2020 16:51:10-run_all_uicase.py-test_personalInfoReg.py-[line:36]-INFO-[日志信息]: 对个人信息企业信息进行删除操作
Thu, 27 Aug 2020 16:51:20-test_infoReg-Assert.py-[line:123]-INFO-[日志信息]: except_result = actul_result, except_result is 首页, actul_result is 首页
Thu, 27 Aug 2020 16:51:20-run_all_uicase.py-test_personalInfoReg.py-[line:49]-INFO-[日志信息]: 进入登陆页面
Thu, 27 Aug 2020 16:51:21-test_infoReg-Assert.py-[line:123]-INFO-[日志信息]: except_result = actul_result, except_result is 实名认证, actul_result is 实名认证
Thu, 27 Aug 2020 16:51:21-run_all_uicase.py-test_personalInfoReg.py-[line:54]-INFO-[日志信息]: 实名认证画面成功显示
Thu, 27 Aug 2020 16:51:23-test_infoReg-Assert.py-[line:123]-INFO-[日志信息]: except_result = actul_result, except_result is 认证中, actul_result is 认证中
Thu, 27 Aug 2020 16:51:23-run_all_uicase.py-test_personalInfoReg.py-[line:89]-INFO-[日志信息]: 实名认证中画面显示
Thu, 27 Aug 2020 16:51:23-test_infoReg-Assert.py-[line:123]-INFO-[日志信息]: except_result = actul_result, except_result is 测试用户, actul_result is 测试用户
Thu, 27 Aug 2020 16:51:23-test_infoReg-Assert.py-[line:123]-INFO-[日志信息]: except_result = actul_result, except_result is 11010119900307475X, actul_result is 11010119900307475X
Thu, 27 Aug 2020 16:51:23-test_infoReg-Assert.py-[line:123]-INFO-[日志信息]: except_result = actul_result, except_result is 17621198933, actul_result is 17621198933
Thu, 27 Aug 2020 16:51:43-test_infoReg-Assert.py-[line:123]-INFO-[日志信息]: except_result = actul_result, except_result is 认证成功, actul_result is 认证成功
Thu, 27 Aug 2020 16:51:43-run_all_uicase.py-test_personalInfoReg.py-[line:103]-INFO-[日志信息]: 实名认证成功画面显示
Thu, 27 Aug 2020 16:51:43-test_infoReg-Assert.py-[line:123]-INFO-[日志信息]: except_result = actul_result, except_result is 实名认证, actul_result is 实名认证
Thu, 27 Aug 2020 16:51:43-run_all_uicase.py-test_personalInfoReg.py-[line:108]-INFO-[日志信息]: 点击查看认证信息按钮，跳转到实名认证画面
Thu, 27 Aug 2020 16:51:45-run_all_uicase.py-test_businessInfoReg.py-[line:29]-INFO-[日志信息]: 开始执行脚本test_businessInforReg:

Thu, 27 Aug 2020 16:51:56-test_businessInforReg-Assert.py-[line:123]-INFO-[日志信息]: except_result = actul_result, except_result is 企业基本资料, actul_result is 企业基本资料
Thu, 27 Aug 2020 16:51:56-run_all_uicase.py-test_businessInfoReg.py-[line:40]-INFO-[日志信息]: 企业基本资料画面正常显示
Thu, 27 Aug 2020 16:52:03-test_businessInforReg-Assert.py-[line:123]-INFO-[日志信息]: except_result = actul_result, except_result is 请确认协议内容, actul_result is 请确认协议内容
Thu, 27 Aug 2020 16:52:03-run_all_uicase.py-test_businessInfoReg.py-[line:97]-INFO-[日志信息]: 协议确认画面正常显示
Thu, 27 Aug 2020 16:52:06-test_businessInforReg-Assert.py-[line:123]-INFO-[日志信息]: except_result = actul_result, except_result is 认证中, actul_result is 认证中
Thu, 27 Aug 2020 16:52:06-run_all_uicase.py-test_businessInfoReg.py-[line:107]-INFO-[日志信息]: 企业信息认证中画面正常显示
Thu, 27 Aug 2020 16:52:38-test_businessInforReg-Assert.py-[line:123]-INFO-[日志信息]: except_result = actul_result, except_result is 审核中, actul_result is 审核中
Thu, 27 Aug 2020 16:52:38-run_all_uicase.py-test_businessInfoReg.py-[line:118]-INFO-[日志信息]: 企业信息审核中画面正常显示
Thu, 27 Aug 2020 16:52:38-test_businessInforReg-Assert.py-[line:123]-INFO-[日志信息]: except_result = actul_result, except_result is 企业基本资料, actul_result is 企业基本资料
Thu, 27 Aug 2020 16:52:38-run_all_uicase.py-test_businessInfoReg.py-[line:125]-INFO-[日志信息]: 企业基本资料画面正常显示
Thu, 27 Aug 2020 16:52:41-run_all_uicase.py-test_backStage_examine.py-[line:24]-INFO-[日志信息]: 开始执行脚本test_backstage_examine:

Thu, 27 Aug 2020 16:52:51-test_backstage_examine-Assert.py-[line:123]-INFO-[日志信息]: except_result = actul_result, except_result is 财金通企业后台管理系统, actul_result is 财金通企业后台管理系统
Thu, 27 Aug 2020 16:52:51-run_all_uicase.py-test_backStage_examine.py-[line:69]-INFO-[日志信息]: 成功登录后台系统
Thu, 27 Aug 2020 16:52:56-test_backstage_examine-Assert.py-[line:123]-INFO-[日志信息]: except_result = actul_result, except_result is 用户基本信息, actul_result is 用户基本信息
Thu, 27 Aug 2020 16:52:56-run_all_uicase.py-test_backStage_examine.py-[line:51]-INFO-[日志信息]: 成功进入企业信息审核画面
Thu, 27 Aug 2020 16:52:56-run_all_uicase.py-test_backStage_examine.py-[line:57]-INFO-[日志信息]: 企业认证通过
Thu, 27 Aug 2020 16:52:58-run_all_uicase.py-test_login.py-[line:26]-INFO-[日志信息]: 开始执行脚本test_companyLoginOn:

Thu, 27 Aug 2020 16:53:08-test_companyLoginOn-Assert.py-[line:123]-INFO-[日志信息]: except_result = actul_result, except_result is 首页, actul_result is 首页
Thu, 27 Aug 2020 16:53:08-run_all_uicase.py-test_login.py-[line:40]-INFO-[日志信息]: 中小微企业金融服务聚合平台登录成功！
Thu, 27 Aug 2020 16:53:10-run_all_uicase.py-test_login.py-[line:96]-INFO-[日志信息]: 开始执行脚本test_companyPassForget:

Thu, 27 Aug 2020 16:53:24-test_companyPassForget-Assert.py-[line:123]-INFO-[日志信息]: except_result = actul_result, except_result is 重置密码, actul_result is 重置密码
Thu, 27 Aug 2020 16:53:24-run_all_uicase.py-test_login.py-[line:122]-INFO-[日志信息]: 成功进入到密码重置页面
Thu, 27 Aug 2020 16:53:26-test_companyPassForget-Assert.py-[line:123]-INFO-[日志信息]: except_result = actul_result, except_result is 完成修改, actul_result is 完成修改
Thu, 27 Aug 2020 16:53:26-run_all_uicase.py-test_login.py-[line:133]-INFO-[日志信息]: 成功进入到密码修改完成页面
Thu, 27 Aug 2020 16:53:29-run_all_uicase.py-test_backStage_authentication.py-[line:27]-INFO-[日志信息]: 开始执行脚本test_backStage_authentication:

Thu, 27 Aug 2020 16:53:39-test_backStage_authentication-Assert.py-[line:123]-INFO-[日志信息]: except_result = actul_result, except_result is 财金通企业后台管理系统, actul_result is 财金通企业后台管理系统
Thu, 27 Aug 2020 16:53:39-run_all_uicase.py-test_backStage_examine.py-[line:69]-INFO-[日志信息]: 成功登录后台系统
Thu, 27 Aug 2020 18:43:46-run_all_uicase.py-run_all_uicase.py-[line:27]-INFO-[日志信息]: ==================================2020-08-27 18:43:46===================================
Thu, 27 Aug 2020 18:43:46-run_all_uicase.py-test_login.py-[line:51]-INFO-[日志信息]: 开始执行脚本test_companyRegister:

Thu, 27 Aug 2020 18:43:56-run_all_uicase.py-test_login.py-[line:58]-INFO-[日志信息]: 对已注册的账户进行删除操作
Thu, 27 Aug 2020 18:44:00-test_companyRegister-Assert.py-[line:123]-INFO-[日志信息]: except_result = actul_result, except_result is 中小微企业金融服务聚合平台, actul_result is 中小微企业金融服务聚合平台
Thu, 27 Aug 2020 18:44:00-run_all_uicase.py-test_login.py-[line:85]-INFO-[日志信息]: 注册成功，返回到登陆页面
Thu, 27 Aug 2020 18:44:02-run_all_uicase.py-test_personalInfoReg.py-[line:32]-INFO-[日志信息]: 开始执行脚本test_infoReg:

Thu, 27 Aug 2020 18:44:02-run_all_uicase.py-test_personalInfoReg.py-[line:36]-INFO-[日志信息]: 对个人信息企业信息进行删除操作
Thu, 27 Aug 2020 18:44:12-test_infoReg-Assert.py-[line:123]-INFO-[日志信息]: except_result = actul_result, except_result is 首页, actul_result is 首页
Thu, 27 Aug 2020 18:44:12-run_all_uicase.py-test_personalInfoReg.py-[line:49]-INFO-[日志信息]: 进入登陆页面
Thu, 27 Aug 2020 18:44:16-test_infoReg-Assert.py-[line:123]-INFO-[日志信息]: except_result = actul_result, except_result is 实名认证, actul_result is 实名认证
Thu, 27 Aug 2020 18:44:16-run_all_uicase.py-test_personalInfoReg.py-[line:54]-INFO-[日志信息]: 实名认证画面成功显示
Thu, 27 Aug 2020 18:44:18-test_infoReg-Assert.py-[line:123]-INFO-[日志信息]: except_result = actul_result, except_result is 认证中, actul_result is 认证中
Thu, 27 Aug 2020 18:44:18-run_all_uicase.py-test_personalInfoReg.py-[line:89]-INFO-[日志信息]: 实名认证中画面显示
Thu, 27 Aug 2020 18:44:18-test_infoReg-Assert.py-[line:123]-INFO-[日志信息]: except_result = actul_result, except_result is 测试用户, actul_result is 测试用户
Thu, 27 Aug 2020 18:44:18-test_infoReg-Assert.py-[line:123]-INFO-[日志信息]: except_result = actul_result, except_result is 11010119900307475X, actul_result is 11010119900307475X
Thu, 27 Aug 2020 18:44:18-test_infoReg-Assert.py-[line:123]-INFO-[日志信息]: except_result = actul_result, except_result is 17621198933, actul_result is 17621198933
Thu, 27 Aug 2020 18:44:58-test_infoReg-Assert.py-[line:123]-INFO-[日志信息]: except_result = actul_result, except_result is 认证成功, actul_result is 认证成功
Thu, 27 Aug 2020 18:44:58-run_all_uicase.py-test_personalInfoReg.py-[line:103]-INFO-[日志信息]: 实名认证成功画面显示
Thu, 27 Aug 2020 18:44:58-test_infoReg-Assert.py-[line:123]-INFO-[日志信息]: except_result = actul_result, except_result is 实名认证, actul_result is 实名认证
Thu, 27 Aug 2020 18:44:58-run_all_uicase.py-test_personalInfoReg.py-[line:108]-INFO-[日志信息]: 点击查看认证信息按钮，跳转到实名认证画面
Thu, 27 Aug 2020 18:45:00-run_all_uicase.py-test_businessInfoReg.py-[line:29]-INFO-[日志信息]: 开始执行脚本test_businessInforReg:

Thu, 27 Aug 2020 18:45:11-test_businessInforReg-Assert.py-[line:123]-INFO-[日志信息]: except_result = actul_result, except_result is 企业基本资料, actul_result is 企业基本资料
Thu, 27 Aug 2020 18:45:11-run_all_uicase.py-test_businessInfoReg.py-[line:40]-INFO-[日志信息]: 企业基本资料画面正常显示
Thu, 27 Aug 2020 18:45:37-run_all_uicase.py-test_backStage_examine.py-[line:24]-INFO-[日志信息]: 开始执行脚本test_backstage_examine:

Thu, 27 Aug 2020 18:45:48-test_backstage_examine-Assert.py-[line:123]-INFO-[日志信息]: except_result = actul_result, except_result is 财金通企业后台管理系统, actul_result is 财金通企业后台管理系统
Thu, 27 Aug 2020 18:45:48-run_all_uicase.py-test_backStage_examine.py-[line:69]-INFO-[日志信息]: 成功登录后台系统
Thu, 27 Aug 2020 18:45:52-test_backstage_examine-Assert.py-[line:123]-INFO-[日志信息]: except_result = actul_result, except_result is 用户基本信息, actul_result is 用户基本信息
Thu, 27 Aug 2020 18:45:52-run_all_uicase.py-test_backStage_examine.py-[line:51]-INFO-[日志信息]: 成功进入企业信息审核画面
Thu, 27 Aug 2020 18:45:55-run_all_uicase.py-test_backStage_authentication.py-[line:27]-INFO-[日志信息]: 开始执行脚本test_backStage_authentication:

Thu, 27 Aug 2020 18:49:19-run_all_uicase.py-run_all_uicase.py-[line:27]-INFO-[日志信息]: ==================================2020-08-27 18:49:19===================================
Thu, 27 Aug 2020 18:49:19-run_all_uicase.py-test_login.py-[line:51]-INFO-[日志信息]: 开始执行脚本test_companyRegister:

Thu, 27 Aug 2020 18:49:29-run_all_uicase.py-test_login.py-[line:58]-INFO-[日志信息]: 对已注册的账户进行删除操作
Thu, 27 Aug 2020 18:49:33-test_companyRegister-Assert.py-[line:123]-INFO-[日志信息]: except_result = actul_result, except_result is 中小微企业金融服务聚合平台, actul_result is 中小微企业金融服务聚合平台
Thu, 27 Aug 2020 18:49:33-run_all_uicase.py-test_login.py-[line:85]-INFO-[日志信息]: 注册成功，返回到登陆页面
Thu, 27 Aug 2020 18:49:35-run_all_uicase.py-test_personalInfoReg.py-[line:32]-INFO-[日志信息]: 开始执行脚本test_infoReg:

Thu, 27 Aug 2020 18:49:35-run_all_uicase.py-test_personalInfoReg.py-[line:36]-INFO-[日志信息]: 对个人信息企业信息进行删除操作
Thu, 27 Aug 2020 18:49:45-test_infoReg-Assert.py-[line:123]-INFO-[日志信息]: except_result = actul_result, except_result is 首页, actul_result is 首页
Thu, 27 Aug 2020 18:49:45-run_all_uicase.py-test_personalInfoReg.py-[line:49]-INFO-[日志信息]: 进入登陆页面
Thu, 27 Aug 2020 18:49:46-test_infoReg-Assert.py-[line:123]-INFO-[日志信息]: except_result = actul_result, except_result is 实名认证, actul_result is 实名认证
Thu, 27 Aug 2020 18:49:46-run_all_uicase.py-test_personalInfoReg.py-[line:54]-INFO-[日志信息]: 实名认证画面成功显示
Thu, 27 Aug 2020 18:49:47-test_infoReg-Assert.py-[line:123]-INFO-[日志信息]: except_result = actul_result, except_result is 认证中, actul_result is 认证中
Thu, 27 Aug 2020 18:49:47-run_all_uicase.py-test_personalInfoReg.py-[line:89]-INFO-[日志信息]: 实名认证中画面显示
Thu, 27 Aug 2020 18:49:47-test_infoReg-Assert.py-[line:123]-INFO-[日志信息]: except_result = actul_result, except_result is 测试用户, actul_result is 测试用户
Thu, 27 Aug 2020 18:49:47-test_infoReg-Assert.py-[line:123]-INFO-[日志信息]: except_result = actul_result, except_result is 11010119900307475X, actul_result is 11010119900307475X
Thu, 27 Aug 2020 18:49:47-test_infoReg-Assert.py-[line:123]-INFO-[日志信息]: except_result = actul_result, except_result is 17621198933, actul_result is 17621198933
Thu, 27 Aug 2020 18:50:08-test_infoReg-Assert.py-[line:123]-INFO-[日志信息]: except_result = actul_result, except_result is 认证成功, actul_result is 认证成功
Thu, 27 Aug 2020 18:50:08-run_all_uicase.py-test_personalInfoReg.py-[line:103]-INFO-[日志信息]: 实名认证成功画面显示
Thu, 27 Aug 2020 18:50:08-test_infoReg-Assert.py-[line:123]-INFO-[日志信息]: except_result = actul_result, except_result is 实名认证, actul_result is 实名认证
Thu, 27 Aug 2020 18:50:08-run_all_uicase.py-test_personalInfoReg.py-[line:108]-INFO-[日志信息]: 点击查看认证信息按钮，跳转到实名认证画面
Thu, 27 Aug 2020 18:50:10-run_all_uicase.py-test_businessInfoReg.py-[line:29]-INFO-[日志信息]: 开始执行脚本test_businessInforReg:

Thu, 27 Aug 2020 18:50:21-test_businessInforReg-Assert.py-[line:123]-INFO-[日志信息]: except_result = actul_result, except_result is 企业基本资料, actul_result is 企业基本资料
Thu, 27 Aug 2020 18:50:21-run_all_uicase.py-test_businessInfoReg.py-[line:40]-INFO-[日志信息]: 企业基本资料画面正常显示
Thu, 27 Aug 2020 18:50:28-test_businessInforReg-Assert.py-[line:123]-INFO-[日志信息]: except_result = actul_result, except_result is 请确认协议内容, actul_result is 请确认协议内容
Thu, 27 Aug 2020 18:50:28-run_all_uicase.py-test_businessInfoReg.py-[line:97]-INFO-[日志信息]: 协议确认画面正常显示
Thu, 27 Aug 2020 18:50:31-test_businessInforReg-Assert.py-[line:123]-INFO-[日志信息]: except_result = actul_result, except_result is 认证中, actul_result is 认证中
Thu, 27 Aug 2020 18:50:31-run_all_uicase.py-test_businessInfoReg.py-[line:107]-INFO-[日志信息]: 企业信息认证中画面正常显示
Thu, 27 Aug 2020 18:51:03-test_businessInforReg-Assert.py-[line:123]-INFO-[日志信息]: except_result = actul_result, except_result is 审核中, actul_result is 审核中
Thu, 27 Aug 2020 18:51:03-run_all_uicase.py-test_businessInfoReg.py-[line:118]-INFO-[日志信息]: 企业信息审核中画面正常显示
Thu, 27 Aug 2020 18:51:03-test_businessInforReg-Assert.py-[line:123]-INFO-[日志信息]: except_result = actul_result, except_result is 企业基本资料, actul_result is 企业基本资料
Thu, 27 Aug 2020 18:51:03-run_all_uicase.py-test_businessInfoReg.py-[line:125]-INFO-[日志信息]: 企业基本资料画面正常显示
Thu, 27 Aug 2020 18:51:06-run_all_uicase.py-test_backStage_examine.py-[line:24]-INFO-[日志信息]: 开始执行脚本test_backstage_examine:

Thu, 27 Aug 2020 18:51:16-test_backstage_examine-Assert.py-[line:123]-INFO-[日志信息]: except_result = actul_result, except_result is 财金通企业后台管理系统, actul_result is 财金通企业后台管理系统
Thu, 27 Aug 2020 18:51:16-run_all_uicase.py-test_backStage_examine.py-[line:69]-INFO-[日志信息]: 成功登录后台系统
Thu, 27 Aug 2020 18:51:21-test_backstage_examine-Assert.py-[line:123]-INFO-[日志信息]: except_result = actul_result, except_result is 用户基本信息, actul_result is 用户基本信息
Thu, 27 Aug 2020 18:51:21-run_all_uicase.py-test_backStage_examine.py-[line:51]-INFO-[日志信息]: 成功进入企业信息审核画面
Thu, 27 Aug 2020 18:51:21-run_all_uicase.py-test_backStage_examine.py-[line:57]-INFO-[日志信息]: 企业认证通过
Thu, 27 Aug 2020 18:51:21-run_all_uicase.py-test_backStage_authentication.py-[line:27]-INFO-[日志信息]: 开始执行脚本test_backStage_authentication:

Thu, 27 Aug 2020 18:51:34-test_backStage_authentication-Assert.py-[line:123]-INFO-[日志信息]: except_result = actul_result, except_result is 财金通企业后台管理系统, actul_result is 财金通企业后台管理系统
Thu, 27 Aug 2020 18:51:34-run_all_uicase.py-test_backStage_examine.py-[line:69]-INFO-[日志信息]: 成功登录后台系统
Thu, 27 Aug 2020 18:51:37-run_all_uicase.py-test_login.py-[line:26]-INFO-[日志信息]: 开始执行脚本test_companyLoginOn:

Thu, 27 Aug 2020 18:51:47-test_companyLoginOn-Assert.py-[line:123]-INFO-[日志信息]: except_result = actul_result, except_result is 首页, actul_result is 首页
Thu, 27 Aug 2020 18:51:47-run_all_uicase.py-test_login.py-[line:40]-INFO-[日志信息]: 中小微企业金融服务聚合平台登录成功！
Thu, 27 Aug 2020 18:51:50-run_all_uicase.py-test_login.py-[line:96]-INFO-[日志信息]: 开始执行脚本test_companyPassForget:

Thu, 27 Aug 2020 18:52:03-test_companyPassForget-Assert.py-[line:123]-INFO-[日志信息]: except_result = actul_result, except_result is 重置密码, actul_result is 重置密码
Thu, 27 Aug 2020 18:52:03-run_all_uicase.py-test_login.py-[line:122]-INFO-[日志信息]: 成功进入到密码重置页面
Thu, 27 Aug 2020 18:52:06-test_companyPassForget-Assert.py-[line:123]-INFO-[日志信息]: except_result = actul_result, except_result is 完成修改, actul_result is 完成修改
Thu, 27 Aug 2020 18:52:06-run_all_uicase.py-test_login.py-[line:133]-INFO-[日志信息]: 成功进入到密码修改完成页面
Thu, 27 Aug 2020 18:55:22-run_all_uicase.py-run_all_uicase.py-[line:27]-INFO-[日志信息]: ==================================2020-08-27 18:55:22===================================
Thu, 27 Aug 2020 18:55:22-run_all_uicase.py-test_login.py-[line:48]-INFO-[日志信息]: 开始执行脚本test_companyRegister:

Thu, 27 Aug 2020 18:55:32-run_all_uicase.py-test_login.py-[line:55]-INFO-[日志信息]: 对已注册的账户进行删除操作
Thu, 27 Aug 2020 18:55:35-test_companyRegister-Assert.py-[line:123]-INFO-[日志信息]: except_result = actul_result, except_result is 中小微企业金融服务聚合平台, actul_result is 中小微企业金融服务聚合平台
Thu, 27 Aug 2020 18:55:35-run_all_uicase.py-test_login.py-[line:82]-INFO-[日志信息]: 注册成功，返回到登陆页面
Thu, 27 Aug 2020 18:55:38-run_all_uicase.py-test_personalInfoReg.py-[line:32]-INFO-[日志信息]: 开始执行脚本test_infoReg:

Thu, 27 Aug 2020 18:55:38-run_all_uicase.py-test_personalInfoReg.py-[line:36]-INFO-[日志信息]: 对个人信息企业信息进行删除操作
Thu, 27 Aug 2020 18:55:48-test_infoReg-Assert.py-[line:123]-INFO-[日志信息]: except_result = actul_result, except_result is 首页, actul_result is 首页
Thu, 27 Aug 2020 18:55:48-run_all_uicase.py-test_personalInfoReg.py-[line:49]-INFO-[日志信息]: 进入登陆页面
Thu, 27 Aug 2020 18:55:48-test_infoReg-Assert.py-[line:123]-INFO-[日志信息]: except_result = actul_result, except_result is 实名认证, actul_result is 实名认证
Thu, 27 Aug 2020 18:55:48-run_all_uicase.py-test_personalInfoReg.py-[line:54]-INFO-[日志信息]: 实名认证画面成功显示
Thu, 27 Aug 2020 18:55:49-test_infoReg-Assert.py-[line:123]-INFO-[日志信息]: except_result = actul_result, except_result is 认证中, actul_result is 认证中
Thu, 27 Aug 2020 18:55:49-run_all_uicase.py-test_personalInfoReg.py-[line:89]-INFO-[日志信息]: 实名认证中画面显示
Thu, 27 Aug 2020 18:55:49-test_infoReg-Assert.py-[line:123]-INFO-[日志信息]: except_result = actul_result, except_result is 测试用户, actul_result is 测试用户
Thu, 27 Aug 2020 18:55:49-test_infoReg-Assert.py-[line:123]-INFO-[日志信息]: except_result = actul_result, except_result is 11010119900307475X, actul_result is 11010119900307475X
Thu, 27 Aug 2020 18:55:49-test_infoReg-Assert.py-[line:123]-INFO-[日志信息]: except_result = actul_result, except_result is 17621198933, actul_result is 17621198933
Thu, 27 Aug 2020 18:56:20-test_infoReg-Assert.py-[line:123]-INFO-[日志信息]: except_result = actul_result, except_result is 认证成功, actul_result is 认证成功
Thu, 27 Aug 2020 18:56:20-run_all_uicase.py-test_personalInfoReg.py-[line:103]-INFO-[日志信息]: 实名认证成功画面显示
Thu, 27 Aug 2020 18:56:20-test_infoReg-Assert.py-[line:123]-INFO-[日志信息]: except_result = actul_result, except_result is 实名认证, actul_result is 实名认证
Thu, 27 Aug 2020 18:56:20-run_all_uicase.py-test_personalInfoReg.py-[line:108]-INFO-[日志信息]: 点击查看认证信息按钮，跳转到实名认证画面
Thu, 27 Aug 2020 18:56:22-run_all_uicase.py-test_businessInfoReg.py-[line:29]-INFO-[日志信息]: 开始执行脚本test_businessInforReg:

Thu, 27 Aug 2020 18:56:33-test_businessInforReg-Assert.py-[line:123]-INFO-[日志信息]: except_result = actul_result, except_result is 企业基本资料, actul_result is 企业基本资料
Thu, 27 Aug 2020 18:56:33-run_all_uicase.py-test_businessInfoReg.py-[line:40]-INFO-[日志信息]: 企业基本资料画面正常显示
Thu, 27 Aug 2020 18:56:40-test_businessInforReg-Assert.py-[line:123]-INFO-[日志信息]: except_result = actul_result, except_result is 请确认协议内容, actul_result is 请确认协议内容
Thu, 27 Aug 2020 18:56:40-run_all_uicase.py-test_businessInfoReg.py-[line:97]-INFO-[日志信息]: 协议确认画面正常显示
Thu, 27 Aug 2020 18:57:00-run_all_uicase.py-test_backStage_examine.py-[line:24]-INFO-[日志信息]: 开始执行脚本test_backstage_examine:

Thu, 27 Aug 2020 18:57:11-test_backstage_examine-Assert.py-[line:123]-INFO-[日志信息]: except_result = actul_result, except_result is 财金通企业后台管理系统, actul_result is 财金通企业后台管理系统
Thu, 27 Aug 2020 18:57:11-run_all_uicase.py-test_backStage_examine.py-[line:69]-INFO-[日志信息]: 成功登录后台系统
Thu, 27 Aug 2020 18:57:15-test_backstage_examine-Assert.py-[line:123]-INFO-[日志信息]: except_result = actul_result, except_result is 用户基本信息, actul_result is 用户基本信息
Thu, 27 Aug 2020 18:57:15-run_all_uicase.py-test_backStage_examine.py-[line:51]-INFO-[日志信息]: 成功进入企业信息审核画面
