Thu, 10 Sep 2020 08:40:30-run_all_uicase.py-run_all_uicase.py-[line:27]-INFO-[日志信息]: ==================================2020-09-10 08:40:30===================================
Thu, 10 Sep 2020 08:40:31-run_all_uicase.py-test_backStage_authentication.py-[line:219]-INFO-[日志信息]: 开始执行脚本test_backStage_authentication:

Thu, 10 Sep 2020 08:40:31-run_all_uicase.py-test_backStage_authentication.py-[line:222]-INFO-[日志信息]: 开始执行脚本test_backStage_authentication:

Thu, 10 Sep 2020 08:41:14-run_all_uicase.py-run_all_uicase.py-[line:27]-INFO-[日志信息]: ==================================2020-09-10 08:41:14===================================
Thu, 10 Sep 2020 08:41:15-run_all_uicase.py-test_backStage_authentication.py-[line:219]-INFO-[日志信息]: 开始执行脚本test_backStage_authentication:

Thu, 10 Sep 2020 08:41:15-run_all_uicase.py-test_backStage_authentication.py-[line:222]-INFO-[日志信息]: 开始执行脚本test_backStage_authentication:

Thu, 10 Sep 2020 08:42:05-run_all_uicase.py-run_all_uicase.py-[line:27]-INFO-[日志信息]: ==================================2020-09-10 08:42:05===================================
Thu, 10 Sep 2020 08:42:05-run_all_uicase.py-test_login.py-[line:53]-INFO-[日志信息]: 开始执行脚本test_companyRegister:

Thu, 10 Sep 2020 08:42:15-run_all_uicase.py-test_login.py-[line:60]-INFO-[日志信息]: 对已注册的账户进行删除操作
Thu, 10 Sep 2020 08:42:20-test_companyRegister-Assert.py-[line:123]-INFO-[日志信息]: except_result = actul_result, except_result is 中小微企业金融服务聚合平台, actul_result is 中小微企业金融服务聚合平台
Thu, 10 Sep 2020 08:42:20-run_all_uicase.py-test_login.py-[line:87]-INFO-[日志信息]: 注册成功，返回到登陆页面
Thu, 10 Sep 2020 08:42:22-run_all_uicase.py-test_personalInfoReg.py-[line:32]-INFO-[日志信息]: 开始执行脚本test_infoReg:

Thu, 10 Sep 2020 08:42:22-run_all_uicase.py-test_personalInfoReg.py-[line:36]-INFO-[日志信息]: 对个人信息企业信息进行删除操作
Thu, 10 Sep 2020 08:42:33-test_infoReg-Assert.py-[line:123]-INFO-[日志信息]: except_result = actul_result, except_result is 首页, actul_result is 首页
Thu, 10 Sep 2020 08:42:33-run_all_uicase.py-test_personalInfoReg.py-[line:50]-INFO-[日志信息]: 进入登陆页面
Thu, 10 Sep 2020 08:42:33-test_infoReg-Assert.py-[line:123]-INFO-[日志信息]: except_result = actul_result, except_result is 实名认证, actul_result is 实名认证
Thu, 10 Sep 2020 08:42:33-run_all_uicase.py-test_personalInfoReg.py-[line:55]-INFO-[日志信息]: 实名认证画面成功显示
Thu, 10 Sep 2020 08:42:36-test_infoReg-Assert.py-[line:123]-INFO-[日志信息]: except_result = actul_result, except_result is 认证中, actul_result is 认证中
Thu, 10 Sep 2020 08:42:36-run_all_uicase.py-test_personalInfoReg.py-[line:91]-INFO-[日志信息]: 实名认证中画面显示
Thu, 10 Sep 2020 08:42:36-test_infoReg-Assert.py-[line:123]-INFO-[日志信息]: except_result = actul_result, except_result is 大佬, actul_result is 大佬
Thu, 10 Sep 2020 08:42:36-test_infoReg-Assert.py-[line:123]-INFO-[日志信息]: except_result = actul_result, except_result is 11010119900307475X, actul_result is 11010119900307475X
Thu, 10 Sep 2020 08:42:36-test_infoReg-Assert.py-[line:123]-INFO-[日志信息]: except_result = actul_result, except_result is 17621198986, actul_result is 17621198986
Thu, 10 Sep 2020 08:44:26-run_all_uicase.py-run_all_uicase.py-[line:27]-INFO-[日志信息]: ==================================2020-09-10 08:44:26===================================
Thu, 10 Sep 2020 08:44:27-run_all_uicase.py-test_login.py-[line:53]-INFO-[日志信息]: 开始执行脚本test_companyRegister:

Thu, 10 Sep 2020 08:44:37-run_all_uicase.py-test_login.py-[line:60]-INFO-[日志信息]: 对已注册的账户进行删除操作
Thu, 10 Sep 2020 08:44:40-test_companyRegister-Assert.py-[line:123]-INFO-[日志信息]: except_result = actul_result, except_result is 中小微企业金融服务聚合平台, actul_result is 中小微企业金融服务聚合平台
Thu, 10 Sep 2020 08:44:40-run_all_uicase.py-test_login.py-[line:87]-INFO-[日志信息]: 注册成功，返回到登陆页面
Thu, 10 Sep 2020 08:44:42-run_all_uicase.py-test_personalInfoReg.py-[line:32]-INFO-[日志信息]: 开始执行脚本test_infoReg:

Thu, 10 Sep 2020 08:44:42-run_all_uicase.py-test_personalInfoReg.py-[line:36]-INFO-[日志信息]: 对个人信息企业信息进行删除操作
Thu, 10 Sep 2020 08:44:54-test_infoReg-Assert.py-[line:123]-INFO-[日志信息]: except_result = actul_result, except_result is 首页, actul_result is 首页
Thu, 10 Sep 2020 08:44:54-run_all_uicase.py-test_personalInfoReg.py-[line:50]-INFO-[日志信息]: 进入登陆页面
Thu, 10 Sep 2020 08:44:54-test_infoReg-Assert.py-[line:123]-INFO-[日志信息]: except_result = actul_result, except_result is 实名认证, actul_result is 实名认证
Thu, 10 Sep 2020 08:44:54-run_all_uicase.py-test_personalInfoReg.py-[line:55]-INFO-[日志信息]: 实名认证画面成功显示
Thu, 10 Sep 2020 08:45:36-run_all_uicase.py-run_all_uicase.py-[line:27]-INFO-[日志信息]: ==================================2020-09-10 08:45:36===================================
Thu, 10 Sep 2020 08:45:36-run_all_uicase.py-test_login.py-[line:53]-INFO-[日志信息]: 开始执行脚本test_companyRegister:

Thu, 10 Sep 2020 08:45:46-run_all_uicase.py-test_login.py-[line:60]-INFO-[日志信息]: 对已注册的账户进行删除操作
Thu, 10 Sep 2020 08:45:50-test_companyRegister-Assert.py-[line:123]-INFO-[日志信息]: except_result = actul_result, except_result is 中小微企业金融服务聚合平台, actul_result is 中小微企业金融服务聚合平台
Thu, 10 Sep 2020 08:45:50-run_all_uicase.py-test_login.py-[line:87]-INFO-[日志信息]: 注册成功，返回到登陆页面
Thu, 10 Sep 2020 08:45:52-run_all_uicase.py-test_personalInfoReg.py-[line:32]-INFO-[日志信息]: 开始执行脚本test_infoReg:

Thu, 10 Sep 2020 08:45:52-run_all_uicase.py-test_personalInfoReg.py-[line:36]-INFO-[日志信息]: 对个人信息企业信息进行删除操作
Thu, 10 Sep 2020 08:46:03-test_infoReg-Assert.py-[line:123]-INFO-[日志信息]: except_result = actul_result, except_result is 首页, actul_result is 首页
Thu, 10 Sep 2020 08:46:03-run_all_uicase.py-test_personalInfoReg.py-[line:50]-INFO-[日志信息]: 进入登陆页面
Thu, 10 Sep 2020 08:46:03-test_infoReg-Assert.py-[line:123]-INFO-[日志信息]: except_result = actul_result, except_result is 实名认证, actul_result is 实名认证
Thu, 10 Sep 2020 08:46:03-run_all_uicase.py-test_personalInfoReg.py-[line:55]-INFO-[日志信息]: 实名认证画面成功显示
Thu, 10 Sep 2020 08:46:06-test_infoReg-Assert.py-[line:123]-INFO-[日志信息]: except_result = actul_result, except_result is 认证中, actul_result is 认证中
Thu, 10 Sep 2020 08:46:06-run_all_uicase.py-test_personalInfoReg.py-[line:91]-INFO-[日志信息]: 实名认证中画面显示
Thu, 10 Sep 2020 08:46:06-test_infoReg-Assert.py-[line:123]-INFO-[日志信息]: except_result = actul_result, except_result is 大佬, actul_result is 大佬
Thu, 10 Sep 2020 08:46:06-test_infoReg-Assert.py-[line:123]-INFO-[日志信息]: except_result = actul_result, except_result is 11010119900307475X, actul_result is 11010119900307475X
Thu, 10 Sep 2020 08:46:06-test_infoReg-Assert.py-[line:123]-INFO-[日志信息]: except_result = actul_result, except_result is 17621198987, actul_result is 17621198987
Thu, 10 Sep 2020 08:46:36-test_infoReg-Assert.py-[line:123]-INFO-[日志信息]: except_result = actul_result, except_result is 认证成功, actul_result is 认证成功
Thu, 10 Sep 2020 08:46:36-run_all_uicase.py-test_personalInfoReg.py-[line:105]-INFO-[日志信息]: 实名认证成功画面显示
Thu, 10 Sep 2020 08:46:36-test_infoReg-Assert.py-[line:123]-INFO-[日志信息]: except_result = actul_result, except_result is 实名认证, actul_result is 实名认证
Thu, 10 Sep 2020 08:46:36-run_all_uicase.py-test_personalInfoReg.py-[line:110]-INFO-[日志信息]: 点击查看认证信息按钮，跳转到实名认证画面
Thu, 10 Sep 2020 08:46:39-run_all_uicase.py-test_businessInfoReg.py-[line:31]-INFO-[日志信息]: 开始执行脚本test_businessInforReg:

Thu, 10 Sep 2020 08:46:49-test_businessInforReg-Assert.py-[line:123]-INFO-[日志信息]: except_result = actul_result, except_result is 企业基本资料, actul_result is 企业基本资料
Thu, 10 Sep 2020 08:46:49-run_all_uicase.py-test_businessInfoReg.py-[line:42]-INFO-[日志信息]: 企业基本资料画面正常显示
Thu, 10 Sep 2020 08:47:00-test_businessInforReg-Assert.py-[line:123]-INFO-[日志信息]: except_result = actul_result, except_result is 请确认协议内容, actul_result is 请确认协议内容
Thu, 10 Sep 2020 08:47:00-run_all_uicase.py-test_businessInfoReg.py-[line:104]-INFO-[日志信息]: 协议确认画面正常显示
Thu, 10 Sep 2020 08:47:02-test_businessInforReg-Assert.py-[line:123]-INFO-[日志信息]: except_result = actul_result, except_result is 认证中, actul_result is 认证中
Thu, 10 Sep 2020 08:47:02-run_all_uicase.py-test_businessInfoReg.py-[line:114]-INFO-[日志信息]: 企业信息认证中画面正常显示
Thu, 10 Sep 2020 08:47:28-test_businessInforReg-Assert.py-[line:123]-INFO-[日志信息]: except_result = actul_result, except_result is 审核中, actul_result is 审核中
Thu, 10 Sep 2020 08:47:28-run_all_uicase.py-test_businessInfoReg.py-[line:125]-INFO-[日志信息]: 企业信息审核中画面正常显示
Thu, 10 Sep 2020 08:47:28-test_businessInforReg-Assert.py-[line:123]-INFO-[日志信息]: except_result = actul_result, except_result is 企业基本资料, actul_result is 企业基本资料
Thu, 10 Sep 2020 08:47:28-run_all_uicase.py-test_businessInfoReg.py-[line:132]-INFO-[日志信息]: 企业基本资料画面正常显示
Thu, 10 Sep 2020 08:47:31-run_all_uicase.py-test_backStage_authentication.py-[line:219]-INFO-[日志信息]: 开始执行脚本test_backStage_authentication:

Thu, 10 Sep 2020 08:47:31-run_all_uicase.py-test_backStage_authentication.py-[line:222]-INFO-[日志信息]: 开始执行脚本test_backStage_authentication:

Thu, 10 Sep 2020 08:48:11-run_all_uicase.py-test_backStage_examine.py-[line:24]-INFO-[日志信息]: 开始执行脚本test_backstage_examine:

Thu, 10 Sep 2020 08:48:22-run_all_uicase.py-test_backStage_examine.py-[line:73]-INFO-[日志信息]: 成功登录后台系统
Thu, 10 Sep 2020 08:48:27-test_backstage_examine-Assert.py-[line:123]-INFO-[日志信息]: except_result = actul_result, except_result is 用户基本信息, actul_result is 用户基本信息
Thu, 10 Sep 2020 08:48:27-run_all_uicase.py-test_backStage_examine.py-[line:54]-INFO-[日志信息]: 成功进入企业信息审核画面
Thu, 10 Sep 2020 08:48:28-run_all_uicase.py-test_backStage_examine.py-[line:60]-INFO-[日志信息]: 企业认证通过
Thu, 10 Sep 2020 08:49:08-run_all_uicase.py-run_all_uicase.py-[line:27]-INFO-[日志信息]: ==================================2020-09-10 08:49:08===================================
Thu, 10 Sep 2020 08:49:08-run_all_uicase.py-test_login.py-[line:53]-INFO-[日志信息]: 开始执行脚本test_companyRegister:

Thu, 10 Sep 2020 08:49:18-run_all_uicase.py-test_login.py-[line:60]-INFO-[日志信息]: 对已注册的账户进行删除操作
Thu, 10 Sep 2020 08:49:21-test_companyRegister-Assert.py-[line:123]-INFO-[日志信息]: except_result = actul_result, except_result is 中小微企业金融服务聚合平台, actul_result is 中小微企业金融服务聚合平台
Thu, 10 Sep 2020 08:49:21-run_all_uicase.py-test_login.py-[line:87]-INFO-[日志信息]: 注册成功，返回到登陆页面
Thu, 10 Sep 2020 08:49:24-run_all_uicase.py-test_personalInfoReg.py-[line:32]-INFO-[日志信息]: 开始执行脚本test_infoReg:

Thu, 10 Sep 2020 08:49:24-run_all_uicase.py-test_personalInfoReg.py-[line:36]-INFO-[日志信息]: 对个人信息企业信息进行删除操作
Thu, 10 Sep 2020 08:49:35-test_infoReg-Assert.py-[line:123]-INFO-[日志信息]: except_result = actul_result, except_result is 首页, actul_result is 首页
Thu, 10 Sep 2020 08:49:35-run_all_uicase.py-test_personalInfoReg.py-[line:50]-INFO-[日志信息]: 进入登陆页面
Thu, 10 Sep 2020 08:49:35-test_infoReg-Assert.py-[line:123]-INFO-[日志信息]: except_result = actul_result, except_result is 实名认证, actul_result is 实名认证
Thu, 10 Sep 2020 08:49:35-run_all_uicase.py-test_personalInfoReg.py-[line:55]-INFO-[日志信息]: 实名认证画面成功显示
Thu, 10 Sep 2020 08:50:22-run_all_uicase.py-run_all_uicase.py-[line:27]-INFO-[日志信息]: ==================================2020-09-10 08:50:22===================================
Thu, 10 Sep 2020 08:50:23-run_all_uicase.py-test_login.py-[line:53]-INFO-[日志信息]: 开始执行脚本test_companyRegister:

Thu, 10 Sep 2020 08:50:33-run_all_uicase.py-test_login.py-[line:60]-INFO-[日志信息]: 对已注册的账户进行删除操作
Thu, 10 Sep 2020 08:50:36-test_companyRegister-Assert.py-[line:123]-INFO-[日志信息]: except_result = actul_result, except_result is 中小微企业金融服务聚合平台, actul_result is 中小微企业金融服务聚合平台
Thu, 10 Sep 2020 08:50:36-run_all_uicase.py-test_login.py-[line:87]-INFO-[日志信息]: 注册成功，返回到登陆页面
Thu, 10 Sep 2020 08:50:38-run_all_uicase.py-test_personalInfoReg.py-[line:32]-INFO-[日志信息]: 开始执行脚本test_infoReg:

Thu, 10 Sep 2020 08:50:39-run_all_uicase.py-test_personalInfoReg.py-[line:36]-INFO-[日志信息]: 对个人信息企业信息进行删除操作
Thu, 10 Sep 2020 08:50:50-test_infoReg-Assert.py-[line:123]-INFO-[日志信息]: except_result = actul_result, except_result is 首页, actul_result is 首页
Thu, 10 Sep 2020 08:50:50-run_all_uicase.py-test_personalInfoReg.py-[line:50]-INFO-[日志信息]: 进入登陆页面
Thu, 10 Sep 2020 08:50:50-test_infoReg-Assert.py-[line:123]-INFO-[日志信息]: except_result = actul_result, except_result is 实名认证, actul_result is 实名认证
Thu, 10 Sep 2020 08:50:50-run_all_uicase.py-test_personalInfoReg.py-[line:55]-INFO-[日志信息]: 实名认证画面成功显示
Thu, 10 Sep 2020 08:50:52-test_infoReg-Assert.py-[line:123]-INFO-[日志信息]: except_result = actul_result, except_result is 认证中, actul_result is 认证中
Thu, 10 Sep 2020 08:50:52-run_all_uicase.py-test_personalInfoReg.py-[line:91]-INFO-[日志信息]: 实名认证中画面显示
Thu, 10 Sep 2020 08:50:52-test_infoReg-Assert.py-[line:123]-INFO-[日志信息]: except_result = actul_result, except_result is 大佬, actul_result is 大佬
Thu, 10 Sep 2020 08:50:52-test_infoReg-Assert.py-[line:123]-INFO-[日志信息]: except_result = actul_result, except_result is 11010119900307475X, actul_result is 11010119900307475X
Thu, 10 Sep 2020 08:50:52-test_infoReg-Assert.py-[line:123]-INFO-[日志信息]: except_result = actul_result, except_result is 17621198988, actul_result is 17621198988
Thu, 10 Sep 2020 08:51:32-test_infoReg-Assert.py-[line:123]-INFO-[日志信息]: except_result = actul_result, except_result is 认证成功, actul_result is 认证成功
Thu, 10 Sep 2020 08:51:32-run_all_uicase.py-test_personalInfoReg.py-[line:105]-INFO-[日志信息]: 实名认证成功画面显示
Thu, 10 Sep 2020 08:51:32-test_infoReg-Assert.py-[line:123]-INFO-[日志信息]: except_result = actul_result, except_result is 实名认证, actul_result is 实名认证
Thu, 10 Sep 2020 08:51:32-run_all_uicase.py-test_personalInfoReg.py-[line:110]-INFO-[日志信息]: 点击查看认证信息按钮，跳转到实名认证画面
Thu, 10 Sep 2020 08:51:35-run_all_uicase.py-test_businessInfoReg.py-[line:31]-INFO-[日志信息]: 开始执行脚本test_businessInforReg:

Thu, 10 Sep 2020 08:51:46-test_businessInforReg-Assert.py-[line:123]-INFO-[日志信息]: except_result = actul_result, except_result is 企业基本资料, actul_result is 企业基本资料
Thu, 10 Sep 2020 08:51:46-run_all_uicase.py-test_businessInfoReg.py-[line:42]-INFO-[日志信息]: 企业基本资料画面正常显示
Thu, 10 Sep 2020 08:51:56-test_businessInforReg-Assert.py-[line:123]-INFO-[日志信息]: except_result = actul_result, except_result is 请确认协议内容, actul_result is 请确认协议内容
Thu, 10 Sep 2020 08:51:56-run_all_uicase.py-test_businessInfoReg.py-[line:104]-INFO-[日志信息]: 协议确认画面正常显示
Thu, 10 Sep 2020 08:51:58-test_businessInforReg-Assert.py-[line:123]-INFO-[日志信息]: except_result = actul_result, except_result is 认证中, actul_result is 认证中
Thu, 10 Sep 2020 08:51:58-run_all_uicase.py-test_businessInfoReg.py-[line:114]-INFO-[日志信息]: 企业信息认证中画面正常显示
Thu, 10 Sep 2020 08:52:31-test_businessInforReg-Assert.py-[line:123]-INFO-[日志信息]: except_result = actul_result, except_result is 审核中, actul_result is 审核中
Thu, 10 Sep 2020 08:52:31-run_all_uicase.py-test_businessInfoReg.py-[line:125]-INFO-[日志信息]: 企业信息审核中画面正常显示
Thu, 10 Sep 2020 08:52:32-test_businessInforReg-Assert.py-[line:123]-INFO-[日志信息]: except_result = actul_result, except_result is 企业基本资料, actul_result is 企业基本资料
Thu, 10 Sep 2020 08:52:32-run_all_uicase.py-test_businessInfoReg.py-[line:132]-INFO-[日志信息]: 企业基本资料画面正常显示
Thu, 10 Sep 2020 08:52:34-run_all_uicase.py-test_backStage_examine.py-[line:24]-INFO-[日志信息]: 开始执行脚本test_backstage_examine:

Thu, 10 Sep 2020 08:52:45-run_all_uicase.py-test_backStage_examine.py-[line:73]-INFO-[日志信息]: 成功登录后台系统
Thu, 10 Sep 2020 08:52:49-test_backstage_examine-Assert.py-[line:123]-INFO-[日志信息]: except_result = actul_result, except_result is 用户基本信息, actul_result is 用户基本信息
Thu, 10 Sep 2020 08:52:49-run_all_uicase.py-test_backStage_examine.py-[line:54]-INFO-[日志信息]: 成功进入企业信息审核画面
Thu, 10 Sep 2020 08:52:50-run_all_uicase.py-test_backStage_examine.py-[line:60]-INFO-[日志信息]: 企业认证通过
Thu, 10 Sep 2020 08:52:53-run_all_uicase.py-test_backStage_authentication.py-[line:123]-INFO-[日志信息]: 开始执行脚本test_backStageActCreate:

Thu, 10 Sep 2020 08:53:03-run_all_uicase.py-test_backStage_examine.py-[line:73]-INFO-[日志信息]: 成功登录后台系统
Thu, 10 Sep 2020 08:53:18-run_all_uicase.py-test_backStage_authentication.py-[line:275]-INFO-[日志信息]: 进入担保公司创建页面
Thu, 10 Sep 2020 08:53:20-run_all_uicase.py-test_backStage_authentication.py-[line:273]-INFO-[日志信息]: 进入银行账户创建页面
Thu, 10 Sep 2020 08:53:24-run_all_uicase.py-test_Tripartite_interaction.py-[line:132]-INFO-[日志信息]: 开始执行脚本test_Tripartite_interaction:

Thu, 10 Sep 2020 08:53:34-run_all_uicase.py-test_Tripartite_interaction.py-[line:138]-INFO-[日志信息]: 前端账户登录授信申请
Thu, 10 Sep 2020 08:53:35-run_all_uicase.py-test_Tripartite_interaction.py-[line:182]-INFO-[日志信息]: 进入到前端首页
Thu, 10 Sep 2020 08:53:35-run_all_uicase.py-test_Tripartite_interaction.py-[line:185]-INFO-[日志信息]: 进入到前端进入产品选择首页
Thu, 10 Sep 2020 08:53:35-run_all_uicase.py-test_Tripartite_interaction.py-[line:189]-INFO-[日志信息]: 进入到前端进入产品详情页
Thu, 10 Sep 2020 08:53:36-run_all_uicase.py-test_Tripartite_interaction.py-[line:193]-INFO-[日志信息]: 进入到前端进入产品借款页
Thu, 10 Sep 2020 08:53:38-run_all_uicase.py-test_Tripartite_interaction.py-[line:199]-INFO-[日志信息]: 进入授信采购信息页面
Thu, 10 Sep 2020 08:53:40-run_all_uicase.py-test_backStage_authentication.py-[line:219]-INFO-[日志信息]: 开始执行脚本test_backStage_authentication:

Thu, 10 Sep 2020 08:53:40-run_all_uicase.py-test_backStage_authentication.py-[line:222]-INFO-[日志信息]: 开始执行脚本test_backStage_authentication:

Thu, 10 Sep 2020 09:49:11-run_all_uicase.py-run_all_uicase.py-[line:27]-INFO-[日志信息]: ==================================2020-09-10 09:49:11===================================
Thu, 10 Sep 2020 09:49:11-run_all_uicase.py-test_login.py-[line:53]-INFO-[日志信息]: 开始执行脚本test_companyRegister:

Thu, 10 Sep 2020 09:49:17-run_all_uicase.py-run_all_uicase.py-[line:27]-INFO-[日志信息]: ==================================2020-09-10 09:49:17===================================
Thu, 10 Sep 2020 09:49:17-run_all_uicase.py-test_login.py-[line:53]-INFO-[日志信息]: 开始执行脚本test_companyRegister:

Thu, 10 Sep 2020 09:49:27-run_all_uicase.py-test_login.py-[line:60]-INFO-[日志信息]: 对已注册的账户进行删除操作
Thu, 10 Sep 2020 09:49:31-test_companyRegister-Assert.py-[line:123]-INFO-[日志信息]: except_result = actul_result, except_result is 中小微企业金融服务聚合平台, actul_result is 中小微企业金融服务聚合平台
Thu, 10 Sep 2020 09:49:31-run_all_uicase.py-test_login.py-[line:87]-INFO-[日志信息]: 注册成功，返回到登陆页面
Thu, 10 Sep 2020 09:49:33-run_all_uicase.py-test_personalInfoReg.py-[line:32]-INFO-[日志信息]: 开始执行脚本test_infoReg:

Thu, 10 Sep 2020 09:49:33-run_all_uicase.py-test_personalInfoReg.py-[line:36]-INFO-[日志信息]: 对个人信息企业信息进行删除操作
Thu, 10 Sep 2020 09:49:45-test_infoReg-Assert.py-[line:123]-INFO-[日志信息]: except_result = actul_result, except_result is 首页, actul_result is 首页
Thu, 10 Sep 2020 09:49:45-run_all_uicase.py-test_personalInfoReg.py-[line:50]-INFO-[日志信息]: 进入登陆页面
Thu, 10 Sep 2020 09:49:45-test_infoReg-Assert.py-[line:123]-INFO-[日志信息]: except_result = actul_result, except_result is 实名认证, actul_result is 实名认证
Thu, 10 Sep 2020 09:49:45-run_all_uicase.py-test_personalInfoReg.py-[line:55]-INFO-[日志信息]: 实名认证画面成功显示
Thu, 10 Sep 2020 09:49:50-test_infoReg-Assert.py-[line:123]-INFO-[日志信息]: except_result = actul_result, except_result is 认证中, actul_result is 认证中
Thu, 10 Sep 2020 09:49:50-run_all_uicase.py-test_personalInfoReg.py-[line:91]-INFO-[日志信息]: 实名认证中画面显示
Thu, 10 Sep 2020 09:49:50-test_infoReg-Assert.py-[line:123]-INFO-[日志信息]: except_result = actul_result, except_result is 大佬, actul_result is 大佬
Thu, 10 Sep 2020 09:49:50-test_infoReg-Assert.py-[line:123]-INFO-[日志信息]: except_result = actul_result, except_result is 11010119900307475X, actul_result is 11010119900307475X
Thu, 10 Sep 2020 09:49:50-test_infoReg-Assert.py-[line:123]-INFO-[日志信息]: except_result = actul_result, except_result is 17621198989, actul_result is 17621198989
Thu, 10 Sep 2020 09:49:58-run_all_uicase.py-run_all_uicase.py-[line:27]-INFO-[日志信息]: ==================================2020-09-10 09:49:58===================================
Thu, 10 Sep 2020 09:49:58-run_all_uicase.py-test_login.py-[line:53]-INFO-[日志信息]: 开始执行脚本test_companyRegister:

Thu, 10 Sep 2020 09:50:08-run_all_uicase.py-test_login.py-[line:60]-INFO-[日志信息]: 对已注册的账户进行删除操作
Thu, 10 Sep 2020 09:50:11-test_companyRegister-Assert.py-[line:123]-INFO-[日志信息]: except_result = actul_result, except_result is 中小微企业金融服务聚合平台, actul_result is 中小微企业金融服务聚合平台
Thu, 10 Sep 2020 09:50:11-run_all_uicase.py-test_login.py-[line:87]-INFO-[日志信息]: 注册成功，返回到登陆页面
Thu, 10 Sep 2020 09:50:14-run_all_uicase.py-test_personalInfoReg.py-[line:32]-INFO-[日志信息]: 开始执行脚本test_infoReg:

Thu, 10 Sep 2020 09:50:14-run_all_uicase.py-test_personalInfoReg.py-[line:36]-INFO-[日志信息]: 对个人信息企业信息进行删除操作
Thu, 10 Sep 2020 09:50:25-test_infoReg-Assert.py-[line:123]-INFO-[日志信息]: except_result = actul_result, except_result is 首页, actul_result is 首页
Thu, 10 Sep 2020 09:50:25-run_all_uicase.py-test_personalInfoReg.py-[line:50]-INFO-[日志信息]: 进入登陆页面
Thu, 10 Sep 2020 09:50:25-test_infoReg-Assert.py-[line:123]-INFO-[日志信息]: except_result = actul_result, except_result is 实名认证, actul_result is 实名认证
Thu, 10 Sep 2020 09:50:25-run_all_uicase.py-test_personalInfoReg.py-[line:55]-INFO-[日志信息]: 实名认证画面成功显示
Thu, 10 Sep 2020 09:50:41-run_all_uicase.py-run_all_uicase.py-[line:27]-INFO-[日志信息]: ==================================2020-09-10 09:50:41===================================
Thu, 10 Sep 2020 09:50:42-run_all_uicase.py-test_login.py-[line:53]-INFO-[日志信息]: 开始执行脚本test_companyRegister:

Thu, 10 Sep 2020 09:50:52-run_all_uicase.py-test_login.py-[line:60]-INFO-[日志信息]: 对已注册的账户进行删除操作
Thu, 10 Sep 2020 09:50:56-test_companyRegister-Assert.py-[line:123]-INFO-[日志信息]: except_result = actul_result, except_result is 中小微企业金融服务聚合平台, actul_result is 中小微企业金融服务聚合平台
Thu, 10 Sep 2020 09:50:56-run_all_uicase.py-test_login.py-[line:87]-INFO-[日志信息]: 注册成功，返回到登陆页面
Thu, 10 Sep 2020 09:50:58-run_all_uicase.py-test_personalInfoReg.py-[line:32]-INFO-[日志信息]: 开始执行脚本test_infoReg:

Thu, 10 Sep 2020 09:50:58-run_all_uicase.py-test_personalInfoReg.py-[line:36]-INFO-[日志信息]: 对个人信息企业信息进行删除操作
Thu, 10 Sep 2020 09:51:09-test_infoReg-Assert.py-[line:123]-INFO-[日志信息]: except_result = actul_result, except_result is 首页, actul_result is 首页
Thu, 10 Sep 2020 09:51:09-run_all_uicase.py-test_personalInfoReg.py-[line:50]-INFO-[日志信息]: 进入登陆页面
Thu, 10 Sep 2020 09:51:09-test_infoReg-Assert.py-[line:123]-INFO-[日志信息]: except_result = actul_result, except_result is 实名认证, actul_result is 实名认证
Thu, 10 Sep 2020 09:51:09-run_all_uicase.py-test_personalInfoReg.py-[line:55]-INFO-[日志信息]: 实名认证画面成功显示
Thu, 10 Sep 2020 09:51:12-test_infoReg-Assert.py-[line:123]-INFO-[日志信息]: except_result = actul_result, except_result is 认证中, actul_result is 认证中
Thu, 10 Sep 2020 09:51:12-run_all_uicase.py-test_personalInfoReg.py-[line:91]-INFO-[日志信息]: 实名认证中画面显示
Thu, 10 Sep 2020 09:51:12-test_infoReg-Assert.py-[line:123]-INFO-[日志信息]: except_result = actul_result, except_result is 大佬, actul_result is 大佬
Thu, 10 Sep 2020 09:51:12-test_infoReg-Assert.py-[line:123]-INFO-[日志信息]: except_result = actul_result, except_result is 11010119900307475X, actul_result is 11010119900307475X
Thu, 10 Sep 2020 09:51:12-test_infoReg-Assert.py-[line:123]-INFO-[日志信息]: except_result = actul_result, except_result is 17621198990, actul_result is 17621198990
Thu, 10 Sep 2020 09:51:43-test_infoReg-Assert.py-[line:123]-INFO-[日志信息]: except_result = actul_result, except_result is 认证成功, actul_result is 认证成功
Thu, 10 Sep 2020 09:51:43-run_all_uicase.py-test_personalInfoReg.py-[line:105]-INFO-[日志信息]: 实名认证成功画面显示
Thu, 10 Sep 2020 09:51:43-test_infoReg-Assert.py-[line:123]-INFO-[日志信息]: except_result = actul_result, except_result is 实名认证, actul_result is 实名认证
Thu, 10 Sep 2020 09:51:43-run_all_uicase.py-test_personalInfoReg.py-[line:110]-INFO-[日志信息]: 点击查看认证信息按钮，跳转到实名认证画面
Thu, 10 Sep 2020 09:51:45-run_all_uicase.py-test_businessInfoReg.py-[line:31]-INFO-[日志信息]: 开始执行脚本test_businessInforReg:

Thu, 10 Sep 2020 09:51:56-test_businessInforReg-Assert.py-[line:123]-INFO-[日志信息]: except_result = actul_result, except_result is 企业基本资料, actul_result is 企业基本资料
Thu, 10 Sep 2020 09:51:56-run_all_uicase.py-test_businessInfoReg.py-[line:42]-INFO-[日志信息]: 企业基本资料画面正常显示
Thu, 10 Sep 2020 09:52:07-test_businessInforReg-Assert.py-[line:123]-INFO-[日志信息]: except_result = actul_result, except_result is 请确认协议内容, actul_result is 请确认协议内容
Thu, 10 Sep 2020 09:52:07-run_all_uicase.py-test_businessInfoReg.py-[line:104]-INFO-[日志信息]: 协议确认画面正常显示
Thu, 10 Sep 2020 09:52:09-test_businessInforReg-Assert.py-[line:123]-INFO-[日志信息]: except_result = actul_result, except_result is 认证中, actul_result is 认证中
Thu, 10 Sep 2020 09:52:09-run_all_uicase.py-test_businessInfoReg.py-[line:114]-INFO-[日志信息]: 企业信息认证中画面正常显示
Thu, 10 Sep 2020 09:52:32-test_businessInforReg-Assert.py-[line:123]-INFO-[日志信息]: except_result = actul_result, except_result is 审核中, actul_result is 审核中
Thu, 10 Sep 2020 09:52:32-run_all_uicase.py-test_businessInfoReg.py-[line:125]-INFO-[日志信息]: 企业信息审核中画面正常显示
Thu, 10 Sep 2020 09:52:32-test_businessInforReg-Assert.py-[line:123]-INFO-[日志信息]: except_result = actul_result, except_result is 企业基本资料, actul_result is 企业基本资料
Thu, 10 Sep 2020 09:52:32-run_all_uicase.py-test_businessInfoReg.py-[line:132]-INFO-[日志信息]: 企业基本资料画面正常显示
Thu, 10 Sep 2020 09:52:35-run_all_uicase.py-test_backStage_examine.py-[line:24]-INFO-[日志信息]: 开始执行脚本test_backstage_examine:

Thu, 10 Sep 2020 09:52:45-run_all_uicase.py-test_backStage_examine.py-[line:73]-INFO-[日志信息]: 成功登录后台系统
Thu, 10 Sep 2020 09:52:50-test_backstage_examine-Assert.py-[line:123]-INFO-[日志信息]: except_result = actul_result, except_result is 用户基本信息, actul_result is 用户基本信息
Thu, 10 Sep 2020 09:52:50-run_all_uicase.py-test_backStage_examine.py-[line:54]-INFO-[日志信息]: 成功进入企业信息审核画面
Thu, 10 Sep 2020 09:52:51-run_all_uicase.py-test_backStage_examine.py-[line:60]-INFO-[日志信息]: 企业认证通过
Thu, 10 Sep 2020 09:52:54-run_all_uicase.py-test_backStage_authentication.py-[line:123]-INFO-[日志信息]: 开始执行脚本test_backStageActCreate:

Thu, 10 Sep 2020 09:53:04-run_all_uicase.py-test_backStage_examine.py-[line:73]-INFO-[日志信息]: 成功登录后台系统
Thu, 10 Sep 2020 09:53:18-run_all_uicase.py-test_backStage_authentication.py-[line:275]-INFO-[日志信息]: 进入担保公司创建页面
Thu, 10 Sep 2020 09:53:21-run_all_uicase.py-test_backStage_authentication.py-[line:273]-INFO-[日志信息]: 进入银行账户创建页面
Thu, 10 Sep 2020 09:53:25-run_all_uicase.py-test_Tripartite_interaction.py-[line:132]-INFO-[日志信息]: 开始执行脚本test_Tripartite_interaction:

Thu, 10 Sep 2020 09:53:35-run_all_uicase.py-test_Tripartite_interaction.py-[line:138]-INFO-[日志信息]: 前端账户登录授信申请
Thu, 10 Sep 2020 09:53:36-run_all_uicase.py-test_Tripartite_interaction.py-[line:182]-INFO-[日志信息]: 进入到前端首页
Thu, 10 Sep 2020 09:53:36-run_all_uicase.py-test_Tripartite_interaction.py-[line:185]-INFO-[日志信息]: 进入到前端进入产品选择首页
Thu, 10 Sep 2020 09:53:36-run_all_uicase.py-test_Tripartite_interaction.py-[line:189]-INFO-[日志信息]: 进入到前端进入产品详情页
Thu, 10 Sep 2020 09:53:37-run_all_uicase.py-test_Tripartite_interaction.py-[line:193]-INFO-[日志信息]: 进入到前端进入产品借款页
Thu, 10 Sep 2020 09:53:39-run_all_uicase.py-test_Tripartite_interaction.py-[line:199]-INFO-[日志信息]: 进入授信采购信息页面
Thu, 10 Sep 2020 09:56:30-run_all_uicase.py-run_all_uicase.py-[line:27]-INFO-[日志信息]: ==================================2020-09-10 09:56:30===================================
Thu, 10 Sep 2020 09:56:30-run_all_uicase.py-test_login.py-[line:53]-INFO-[日志信息]: 开始执行脚本test_companyRegister:

Thu, 10 Sep 2020 09:56:41-run_all_uicase.py-test_login.py-[line:60]-INFO-[日志信息]: 对已注册的账户进行删除操作
Thu, 10 Sep 2020 09:56:45-test_companyRegister-Assert.py-[line:123]-INFO-[日志信息]: except_result = actul_result, except_result is 中小微企业金融服务聚合平台, actul_result is 中小微企业金融服务聚合平台
Thu, 10 Sep 2020 09:56:45-run_all_uicase.py-test_login.py-[line:87]-INFO-[日志信息]: 注册成功，返回到登陆页面
Thu, 10 Sep 2020 09:56:47-run_all_uicase.py-test_personalInfoReg.py-[line:32]-INFO-[日志信息]: 开始执行脚本test_infoReg:

Thu, 10 Sep 2020 09:56:47-run_all_uicase.py-test_personalInfoReg.py-[line:36]-INFO-[日志信息]: 对个人信息企业信息进行删除操作
Thu, 10 Sep 2020 09:56:58-test_infoReg-Assert.py-[line:123]-INFO-[日志信息]: except_result = actul_result, except_result is 首页, actul_result is 首页
Thu, 10 Sep 2020 09:56:58-run_all_uicase.py-test_personalInfoReg.py-[line:50]-INFO-[日志信息]: 进入登陆页面
Thu, 10 Sep 2020 09:57:02-test_infoReg-Assert.py-[line:123]-INFO-[日志信息]: except_result = actul_result, except_result is 实名认证, actul_result is 实名认证
Thu, 10 Sep 2020 09:57:02-run_all_uicase.py-test_personalInfoReg.py-[line:55]-INFO-[日志信息]: 实名认证画面成功显示
Thu, 10 Sep 2020 09:57:05-test_infoReg-Assert.py-[line:123]-INFO-[日志信息]: except_result = actul_result, except_result is 认证中, actul_result is 认证中
Thu, 10 Sep 2020 09:57:05-run_all_uicase.py-test_personalInfoReg.py-[line:91]-INFO-[日志信息]: 实名认证中画面显示
Thu, 10 Sep 2020 09:57:05-test_infoReg-Assert.py-[line:123]-INFO-[日志信息]: except_result = actul_result, except_result is 大佬, actul_result is 大佬
Thu, 10 Sep 2020 09:57:05-test_infoReg-Assert.py-[line:123]-INFO-[日志信息]: except_result = actul_result, except_result is 11010119900307475X, actul_result is 11010119900307475X
Thu, 10 Sep 2020 09:57:05-test_infoReg-Assert.py-[line:123]-INFO-[日志信息]: except_result = actul_result, except_result is 17621198991, actul_result is 17621198991
Thu, 10 Sep 2020 09:57:35-test_infoReg-Assert.py-[line:123]-INFO-[日志信息]: except_result = actul_result, except_result is 认证成功, actul_result is 认证成功
Thu, 10 Sep 2020 09:57:35-run_all_uicase.py-test_personalInfoReg.py-[line:105]-INFO-[日志信息]: 实名认证成功画面显示
Thu, 10 Sep 2020 09:57:35-test_infoReg-Assert.py-[line:123]-INFO-[日志信息]: except_result = actul_result, except_result is 实名认证, actul_result is 实名认证
Thu, 10 Sep 2020 09:57:35-run_all_uicase.py-test_personalInfoReg.py-[line:110]-INFO-[日志信息]: 点击查看认证信息按钮，跳转到实名认证画面
Thu, 10 Sep 2020 09:57:37-run_all_uicase.py-test_businessInfoReg.py-[line:31]-INFO-[日志信息]: 开始执行脚本test_businessInforReg:

Thu, 10 Sep 2020 09:57:48-test_businessInforReg-Assert.py-[line:123]-INFO-[日志信息]: except_result = actul_result, except_result is 企业基本资料, actul_result is 企业基本资料
Thu, 10 Sep 2020 09:57:48-run_all_uicase.py-test_businessInfoReg.py-[line:42]-INFO-[日志信息]: 企业基本资料画面正常显示
Thu, 10 Sep 2020 09:57:59-test_businessInforReg-Assert.py-[line:123]-INFO-[日志信息]: except_result = actul_result, except_result is 请确认协议内容, actul_result is 请确认协议内容
Thu, 10 Sep 2020 09:57:59-run_all_uicase.py-test_businessInfoReg.py-[line:104]-INFO-[日志信息]: 协议确认画面正常显示
Thu, 10 Sep 2020 09:58:01-test_businessInforReg-Assert.py-[line:123]-INFO-[日志信息]: except_result = actul_result, except_result is 认证中, actul_result is 认证中
Thu, 10 Sep 2020 09:58:01-run_all_uicase.py-test_businessInfoReg.py-[line:114]-INFO-[日志信息]: 企业信息认证中画面正常显示
Thu, 10 Sep 2020 09:58:34-test_businessInforReg-Assert.py-[line:123]-INFO-[日志信息]: except_result = actul_result, except_result is 审核中, actul_result is 审核中
Thu, 10 Sep 2020 09:58:34-run_all_uicase.py-test_businessInfoReg.py-[line:125]-INFO-[日志信息]: 企业信息审核中画面正常显示
Thu, 10 Sep 2020 09:58:34-test_businessInforReg-Assert.py-[line:123]-INFO-[日志信息]: except_result = actul_result, except_result is 企业基本资料, actul_result is 企业基本资料
Thu, 10 Sep 2020 09:58:34-run_all_uicase.py-test_businessInfoReg.py-[line:132]-INFO-[日志信息]: 企业基本资料画面正常显示
Thu, 10 Sep 2020 09:58:36-run_all_uicase.py-test_backStage_examine.py-[line:24]-INFO-[日志信息]: 开始执行脚本test_backstage_examine:

Thu, 10 Sep 2020 09:58:47-run_all_uicase.py-test_backStage_examine.py-[line:73]-INFO-[日志信息]: 成功登录后台系统
Thu, 10 Sep 2020 09:58:52-test_backstage_examine-Assert.py-[line:123]-INFO-[日志信息]: except_result = actul_result, except_result is 用户基本信息, actul_result is 用户基本信息
Thu, 10 Sep 2020 09:58:52-run_all_uicase.py-test_backStage_examine.py-[line:54]-INFO-[日志信息]: 成功进入企业信息审核画面
Thu, 10 Sep 2020 09:58:53-run_all_uicase.py-test_backStage_examine.py-[line:60]-INFO-[日志信息]: 企业认证通过
Thu, 10 Sep 2020 09:58:55-run_all_uicase.py-test_backStage_authentication.py-[line:123]-INFO-[日志信息]: 开始执行脚本test_backStageActCreate:

Thu, 10 Sep 2020 09:59:06-run_all_uicase.py-test_backStage_examine.py-[line:73]-INFO-[日志信息]: 成功登录后台系统
Thu, 10 Sep 2020 09:59:20-run_all_uicase.py-test_backStage_authentication.py-[line:275]-INFO-[日志信息]: 进入担保公司创建页面
Thu, 10 Sep 2020 09:59:23-run_all_uicase.py-test_backStage_authentication.py-[line:273]-INFO-[日志信息]: 进入银行账户创建页面
Thu, 10 Sep 2020 09:59:26-run_all_uicase.py-test_backStage_authentication.py-[line:219]-INFO-[日志信息]: 开始执行脚本test_backStage_authentication:

Thu, 10 Sep 2020 09:59:26-run_all_uicase.py-test_backStage_authentication.py-[line:222]-INFO-[日志信息]: 开始执行脚本test_backStage_authentication:

Thu, 10 Sep 2020 09:59:40-run_all_uicase.py-test_login.py-[line:123]-INFO-[日志信息]: 成功进入到密码重置页面
Thu, 10 Sep 2020 09:59:43-run_all_uicase.py-test_login.py-[line:130]-INFO-[日志信息]: 成功进入到密码修改完成页面
Thu, 10 Sep 2020 09:59:47-run_all_uicase.py-test_login.py-[line:123]-INFO-[日志信息]: 成功进入到密码重置页面
Thu, 10 Sep 2020 09:59:50-run_all_uicase.py-test_login.py-[line:130]-INFO-[日志信息]: 成功进入到密码修改完成页面
Thu, 10 Sep 2020 09:59:51-run_all_uicase.py-test_backStage_examine.py-[line:73]-INFO-[日志信息]: 成功登录后台系统
Thu, 10 Sep 2020 09:59:55-run_all_uicase.py-test_backStage_authentication.py-[line:182]-INFO-[日志信息]: 企业信息认证
Thu, 10 Sep 2020 09:59:58-run_all_uicase.py-test_backStage_authentication.py-[line:199]-INFO-[日志信息]: 协议内容确认页面
Thu, 10 Sep 2020 10:00:00-run_all_uicase.py-test_backStage_authentication.py-[line:206]-INFO-[日志信息]: 二维码认证页面
Thu, 10 Sep 2020 10:00:44-run_all_uicase.py-test_backStage_examine.py-[line:73]-INFO-[日志信息]: 成功登录后台系统
Thu, 10 Sep 2020 10:00:48-run_all_uicase.py-test_backStage_authentication.py-[line:182]-INFO-[日志信息]: 企业信息认证
Thu, 10 Sep 2020 10:00:51-run_all_uicase.py-test_backStage_authentication.py-[line:199]-INFO-[日志信息]: 协议内容确认页面
Thu, 10 Sep 2020 10:00:53-run_all_uicase.py-test_backStage_authentication.py-[line:206]-INFO-[日志信息]: 二维码认证页面
Thu, 10 Sep 2020 10:01:16-run_all_uicase.py-test_backStage_authentication.py-[line:41]-INFO-[日志信息]: 首页
Thu, 10 Sep 2020 10:04:39-run_all_uicase.py-run_all_uicase.py-[line:27]-INFO-[日志信息]: ==================================2020-09-10 10:04:39===================================
Thu, 10 Sep 2020 10:04:39-run_all_uicase.py-test_backStage_authentication.py-[line:219]-INFO-[日志信息]: 开始执行脚本test_backStage_authentication:

Thu, 10 Sep 2020 10:04:39-run_all_uicase.py-test_backStage_authentication.py-[line:222]-INFO-[日志信息]: 开始执行脚本test_backStage_authentication:

Thu, 10 Sep 2020 10:04:51-run_all_uicase.py-run_all_uicase.py-[line:27]-INFO-[日志信息]: ==================================2020-09-10 10:04:51===================================
Thu, 10 Sep 2020 10:04:52-run_all_uicase.py-test_backStage_authentication.py-[line:219]-INFO-[日志信息]: 开始执行脚本test_backStage_authentication:

Thu, 10 Sep 2020 10:04:52-run_all_uicase.py-test_backStage_authentication.py-[line:222]-INFO-[日志信息]: 开始执行脚本test_backStage_authentication:

Thu, 10 Sep 2020 10:05:02-run_all_uicase.py-test_backStage_examine.py-[line:73]-INFO-[日志信息]: 成功登录后台系统
Thu, 10 Sep 2020 10:05:04-run_all_uicase.py-test_backStage_authentication.py-[line:41]-INFO-[日志信息]: 首页
Thu, 10 Sep 2020 10:06:07-run_all_uicase.py-test_backStage_authentication.py-[line:123]-INFO-[日志信息]: 开始执行脚本test_backStageActCreate:

Thu, 10 Sep 2020 10:06:19-run_all_uicase.py-run_all_uicase.py-[line:27]-INFO-[日志信息]: ==================================2020-09-10 10:06:19===================================
Thu, 10 Sep 2020 10:06:20-run_all_uicase.py-test_backStage_authentication.py-[line:219]-INFO-[日志信息]: 开始执行脚本test_backStage_authentication:

Thu, 10 Sep 2020 10:06:20-run_all_uicase.py-test_backStage_authentication.py-[line:222]-INFO-[日志信息]: 开始执行脚本test_backStage_authentication:

Thu, 10 Sep 2020 10:06:30-run_all_uicase.py-test_backStage_examine.py-[line:73]-INFO-[日志信息]: 成功登录后台系统
Thu, 10 Sep 2020 10:06:32-run_all_uicase.py-test_backStage_authentication.py-[line:41]-INFO-[日志信息]: 首页
Thu, 10 Sep 2020 10:06:37-run_all_uicase.py-test_backStage_authentication.py-[line:123]-INFO-[日志信息]: 开始执行脚本test_backStageActCreate:

Thu, 10 Sep 2020 10:12:54-run_all_uicase.py-run_all_uicase.py-[line:27]-INFO-[日志信息]: ==================================2020-09-10 10:12:54===================================
Thu, 10 Sep 2020 10:12:54-run_all_uicase.py-test_backStage_authentication.py-[line:219]-INFO-[日志信息]: 开始执行脚本test_backStage_authentication:

Thu, 10 Sep 2020 10:12:54-run_all_uicase.py-test_backStage_authentication.py-[line:222]-INFO-[日志信息]: 开始执行脚本test_backStage_authentication:

Thu, 10 Sep 2020 10:13:08-run_all_uicase.py-test_backStage_examine.py-[line:73]-INFO-[日志信息]: 成功登录后台系统
Thu, 10 Sep 2020 10:13:10-run_all_uicase.py-test_backStage_authentication.py-[line:41]-INFO-[日志信息]: 首页
Thu, 10 Sep 2020 10:13:14-run_all_uicase.py-test_backStage_authentication.py-[line:123]-INFO-[日志信息]: 开始执行脚本test_backStageActCreate:

Thu, 10 Sep 2020 10:13:31-run_all_uicase.py-run_all_uicase.py-[line:27]-INFO-[日志信息]: ==================================2020-09-10 10:13:31===================================
Thu, 10 Sep 2020 10:13:32-run_all_uicase.py-test_backStage_authentication.py-[line:219]-INFO-[日志信息]: 开始执行脚本test_backStage_authentication:

Thu, 10 Sep 2020 10:13:32-run_all_uicase.py-test_backStage_authentication.py-[line:222]-INFO-[日志信息]: 开始执行脚本test_backStage_authentication:

Thu, 10 Sep 2020 10:13:43-run_all_uicase.py-test_backStage_examine.py-[line:73]-INFO-[日志信息]: 成功登录后台系统
Thu, 10 Sep 2020 10:13:45-run_all_uicase.py-test_backStage_authentication.py-[line:41]-INFO-[日志信息]: 首页
Thu, 10 Sep 2020 10:13:49-run_all_uicase.py-test_backStage_authentication.py-[line:123]-INFO-[日志信息]: 开始执行脚本test_backStageActCreate:

Thu, 10 Sep 2020 10:14:29-run_all_uicase.py-run_all_uicase.py-[line:27]-INFO-[日志信息]: ==================================2020-09-10 10:14:29===================================
Thu, 10 Sep 2020 10:14:29-run_all_uicase.py-test_backStage_authentication.py-[line:219]-INFO-[日志信息]: 开始执行脚本test_backStage_authentication:

Thu, 10 Sep 2020 10:14:29-run_all_uicase.py-test_backStage_authentication.py-[line:222]-INFO-[日志信息]: 开始执行脚本test_backStage_authentication:

Thu, 10 Sep 2020 10:14:40-run_all_uicase.py-test_backStage_examine.py-[line:73]-INFO-[日志信息]: 成功登录后台系统
Thu, 10 Sep 2020 10:14:42-run_all_uicase.py-test_backStage_authentication.py-[line:41]-INFO-[日志信息]: 首页
Thu, 10 Sep 2020 10:14:46-run_all_uicase.py-test_backStage_authentication.py-[line:123]-INFO-[日志信息]: 开始执行脚本test_backStageActCreate:

Thu, 10 Sep 2020 10:15:25-run_all_uicase.py-run_all_uicase.py-[line:27]-INFO-[日志信息]: ==================================2020-09-10 10:15:25===================================
Thu, 10 Sep 2020 10:15:26-run_all_uicase.py-test_backStage_authentication.py-[line:219]-INFO-[日志信息]: 开始执行脚本test_backStage_authentication:

Thu, 10 Sep 2020 10:15:26-run_all_uicase.py-test_backStage_authentication.py-[line:222]-INFO-[日志信息]: 开始执行脚本test_backStage_authentication:

Thu, 10 Sep 2020 10:15:36-run_all_uicase.py-test_backStage_examine.py-[line:73]-INFO-[日志信息]: 成功登录后台系统
Thu, 10 Sep 2020 10:15:38-run_all_uicase.py-test_backStage_authentication.py-[line:41]-INFO-[日志信息]: 首页
Thu, 10 Sep 2020 10:16:31-run_all_uicase.py-run_all_uicase.py-[line:27]-INFO-[日志信息]: ==================================2020-09-10 10:16:31===================================
Thu, 10 Sep 2020 10:16:32-run_all_uicase.py-test_backStage_authentication.py-[line:219]-INFO-[日志信息]: 开始执行脚本test_backStage_authentication:

Thu, 10 Sep 2020 10:16:32-run_all_uicase.py-test_backStage_authentication.py-[line:222]-INFO-[日志信息]: 开始执行脚本test_backStage_authentication:

Thu, 10 Sep 2020 10:16:42-run_all_uicase.py-test_backStage_examine.py-[line:73]-INFO-[日志信息]: 成功登录后台系统
Thu, 10 Sep 2020 10:16:44-run_all_uicase.py-test_backStage_authentication.py-[line:41]-INFO-[日志信息]: 首页
Thu, 10 Sep 2020 10:17:35-run_all_uicase.py-run_all_uicase.py-[line:27]-INFO-[日志信息]: ==================================2020-09-10 10:17:35===================================
Thu, 10 Sep 2020 10:17:35-run_all_uicase.py-test_backStage_authentication.py-[line:221]-INFO-[日志信息]: 开始执行脚本test_backStage_authentication:

Thu, 10 Sep 2020 10:17:36-run_all_uicase.py-test_backStage_authentication.py-[line:224]-INFO-[日志信息]: 开始执行脚本test_backStage_authentication:

Thu, 10 Sep 2020 10:17:46-run_all_uicase.py-test_backStage_examine.py-[line:73]-INFO-[日志信息]: 成功登录后台系统
Thu, 10 Sep 2020 10:17:48-run_all_uicase.py-test_backStage_authentication.py-[line:41]-INFO-[日志信息]: 首页
Thu, 10 Sep 2020 10:18:51-run_all_uicase.py-run_all_uicase.py-[line:27]-INFO-[日志信息]: ==================================2020-09-10 10:18:51===================================
Thu, 10 Sep 2020 10:18:52-run_all_uicase.py-test_backStage_authentication.py-[line:223]-INFO-[日志信息]: 开始执行脚本test_backStage_authentication:

Thu, 10 Sep 2020 10:18:52-run_all_uicase.py-test_backStage_authentication.py-[line:226]-INFO-[日志信息]: 开始执行脚本test_backStage_authentication:

Thu, 10 Sep 2020 10:19:19-run_all_uicase.py-run_all_uicase.py-[line:27]-INFO-[日志信息]: ==================================2020-09-10 10:19:19===================================
Thu, 10 Sep 2020 10:19:20-run_all_uicase.py-test_backStage_authentication.py-[line:223]-INFO-[日志信息]: 开始执行脚本test_backStage_authentication:

Thu, 10 Sep 2020 10:19:20-run_all_uicase.py-test_backStage_authentication.py-[line:226]-INFO-[日志信息]: 开始执行脚本test_backStage_authentication:

Thu, 10 Sep 2020 10:53:03-run_all_uicase.py-run_all_uicase.py-[line:27]-INFO-[日志信息]: ==================================2020-09-10 10:53:03===================================
Thu, 10 Sep 2020 10:53:03-run_all_uicase.py-test_login.py-[line:53]-INFO-[日志信息]: 开始执行脚本test_companyRegister:

Thu, 10 Sep 2020 10:55:43-run_all_uicase.py-run_all_uicase.py-[line:27]-INFO-[日志信息]: ==================================2020-09-10 10:55:43===================================
Thu, 10 Sep 2020 10:55:43-run_all_uicase.py-test_login.py-[line:53]-INFO-[日志信息]: 开始执行脚本test_companyRegister:

Thu, 10 Sep 2020 10:55:54-run_all_uicase.py-test_login.py-[line:60]-INFO-[日志信息]: 对已注册的账户进行删除操作
Thu, 10 Sep 2020 10:55:57-test_companyRegister-Assert.py-[line:123]-INFO-[日志信息]: except_result = actul_result, except_result is 中小微企业金融服务聚合平台, actul_result is 中小微企业金融服务聚合平台
Thu, 10 Sep 2020 10:55:57-run_all_uicase.py-test_login.py-[line:87]-INFO-[日志信息]: 注册成功，返回到登陆页面
Thu, 10 Sep 2020 10:56:00-run_all_uicase.py-test_personalInfoReg.py-[line:32]-INFO-[日志信息]: 开始执行脚本test_infoReg:

Thu, 10 Sep 2020 10:56:00-run_all_uicase.py-test_personalInfoReg.py-[line:36]-INFO-[日志信息]: 对个人信息企业信息进行删除操作
Thu, 10 Sep 2020 10:56:11-test_infoReg-Assert.py-[line:123]-INFO-[日志信息]: except_result = actul_result, except_result is 首页, actul_result is 首页
Thu, 10 Sep 2020 10:56:11-run_all_uicase.py-test_personalInfoReg.py-[line:50]-INFO-[日志信息]: 进入登陆页面
Thu, 10 Sep 2020 10:56:13-test_infoReg-Assert.py-[line:123]-INFO-[日志信息]: except_result = actul_result, except_result is 实名认证, actul_result is 实名认证
Thu, 10 Sep 2020 10:56:13-run_all_uicase.py-test_personalInfoReg.py-[line:55]-INFO-[日志信息]: 实名认证画面成功显示
Thu, 10 Sep 2020 10:56:16-test_infoReg-Assert.py-[line:123]-INFO-[日志信息]: except_result = actul_result, except_result is 认证中, actul_result is 认证中
Thu, 10 Sep 2020 10:56:16-run_all_uicase.py-test_personalInfoReg.py-[line:91]-INFO-[日志信息]: 实名认证中画面显示
Thu, 10 Sep 2020 10:56:16-test_infoReg-Assert.py-[line:123]-INFO-[日志信息]: except_result = actul_result, except_result is 大佬, actul_result is 大佬
Thu, 10 Sep 2020 10:56:16-test_infoReg-Assert.py-[line:123]-INFO-[日志信息]: except_result = actul_result, except_result is 11010119900307475X, actul_result is 11010119900307475X
Thu, 10 Sep 2020 10:56:16-test_infoReg-Assert.py-[line:123]-INFO-[日志信息]: except_result = actul_result, except_result is 17621198992, actul_result is 17621198992
Thu, 10 Sep 2020 10:56:46-test_infoReg-Assert.py-[line:123]-INFO-[日志信息]: except_result = actul_result, except_result is 认证成功, actul_result is 认证成功
Thu, 10 Sep 2020 10:56:46-run_all_uicase.py-test_personalInfoReg.py-[line:105]-INFO-[日志信息]: 实名认证成功画面显示
Thu, 10 Sep 2020 10:56:46-test_infoReg-Assert.py-[line:123]-INFO-[日志信息]: except_result = actul_result, except_result is 实名认证, actul_result is 实名认证
Thu, 10 Sep 2020 10:56:46-run_all_uicase.py-test_personalInfoReg.py-[line:110]-INFO-[日志信息]: 点击查看认证信息按钮，跳转到实名认证画面
Thu, 10 Sep 2020 10:56:49-run_all_uicase.py-test_businessInfoReg.py-[line:31]-INFO-[日志信息]: 开始执行脚本test_businessInforReg:

Thu, 10 Sep 2020 10:56:59-test_businessInforReg-Assert.py-[line:123]-INFO-[日志信息]: except_result = actul_result, except_result is 企业基本资料, actul_result is 企业基本资料
Thu, 10 Sep 2020 10:56:59-run_all_uicase.py-test_businessInfoReg.py-[line:42]-INFO-[日志信息]: 企业基本资料画面正常显示
Thu, 10 Sep 2020 10:57:10-test_businessInforReg-Assert.py-[line:123]-INFO-[日志信息]: except_result = actul_result, except_result is 请确认协议内容, actul_result is 请确认协议内容
Thu, 10 Sep 2020 10:57:10-run_all_uicase.py-test_businessInfoReg.py-[line:104]-INFO-[日志信息]: 协议确认画面正常显示
Thu, 10 Sep 2020 10:57:13-test_businessInforReg-Assert.py-[line:123]-INFO-[日志信息]: except_result = actul_result, except_result is 认证中, actul_result is 认证中
Thu, 10 Sep 2020 10:57:13-run_all_uicase.py-test_businessInfoReg.py-[line:114]-INFO-[日志信息]: 企业信息认证中画面正常显示
Thu, 10 Sep 2020 10:57:46-test_businessInforReg-Assert.py-[line:123]-INFO-[日志信息]: except_result = actul_result, except_result is 审核中, actul_result is 审核中
Thu, 10 Sep 2020 10:57:46-run_all_uicase.py-test_businessInfoReg.py-[line:125]-INFO-[日志信息]: 企业信息审核中画面正常显示
Thu, 10 Sep 2020 10:57:46-test_businessInforReg-Assert.py-[line:123]-INFO-[日志信息]: except_result = actul_result, except_result is 企业基本资料, actul_result is 企业基本资料
Thu, 10 Sep 2020 10:57:46-run_all_uicase.py-test_businessInfoReg.py-[line:132]-INFO-[日志信息]: 企业基本资料画面正常显示
Thu, 10 Sep 2020 10:57:48-run_all_uicase.py-test_backStage_examine.py-[line:24]-INFO-[日志信息]: 开始执行脚本test_backstage_examine:

Thu, 10 Sep 2020 10:57:59-run_all_uicase.py-test_backStage_examine.py-[line:73]-INFO-[日志信息]: 成功登录后台系统
Thu, 10 Sep 2020 10:58:04-test_backstage_examine-Assert.py-[line:123]-INFO-[日志信息]: except_result = actul_result, except_result is 用户基本信息, actul_result is 用户基本信息
Thu, 10 Sep 2020 10:58:04-run_all_uicase.py-test_backStage_examine.py-[line:54]-INFO-[日志信息]: 成功进入企业信息审核画面
Thu, 10 Sep 2020 10:58:05-run_all_uicase.py-test_backStage_examine.py-[line:60]-INFO-[日志信息]: 企业认证通过
Thu, 10 Sep 2020 10:58:07-run_all_uicase.py-test_backStage_authentication.py-[line:127]-INFO-[日志信息]: 开始执行脚本test_backStageActCreate:

Thu, 10 Sep 2020 10:58:18-run_all_uicase.py-test_backStage_examine.py-[line:73]-INFO-[日志信息]: 成功登录后台系统
Thu, 10 Sep 2020 10:58:32-run_all_uicase.py-test_backStage_authentication.py-[line:279]-INFO-[日志信息]: 进入担保公司创建页面
Thu, 10 Sep 2020 10:58:35-run_all_uicase.py-test_backStage_authentication.py-[line:277]-INFO-[日志信息]: 进入银行账户创建页面
Thu, 10 Sep 2020 10:58:39-run_all_uicase.py-test_backStage_authentication.py-[line:223]-INFO-[日志信息]: 开始执行脚本test_backStage_authentication:

Thu, 10 Sep 2020 10:58:39-run_all_uicase.py-test_backStage_authentication.py-[line:226]-INFO-[日志信息]: 开始执行脚本test_backStage_authentication:

Thu, 10 Sep 2020 10:58:52-run_all_uicase.py-test_login.py-[line:123]-INFO-[日志信息]: 成功进入到密码重置页面
Thu, 10 Sep 2020 10:58:55-run_all_uicase.py-test_login.py-[line:130]-INFO-[日志信息]: 成功进入到密码修改完成页面
Thu, 10 Sep 2020 10:58:59-run_all_uicase.py-test_login.py-[line:123]-INFO-[日志信息]: 成功进入到密码重置页面
Thu, 10 Sep 2020 10:59:02-run_all_uicase.py-test_login.py-[line:130]-INFO-[日志信息]: 成功进入到密码修改完成页面
Thu, 10 Sep 2020 10:59:03-run_all_uicase.py-test_backStage_examine.py-[line:73]-INFO-[日志信息]: 成功登录后台系统
Thu, 10 Sep 2020 10:59:07-run_all_uicase.py-test_backStage_authentication.py-[line:186]-INFO-[日志信息]: 企业信息认证
Thu, 10 Sep 2020 10:59:10-run_all_uicase.py-test_backStage_authentication.py-[line:203]-INFO-[日志信息]: 协议内容确认页面
Thu, 10 Sep 2020 10:59:12-run_all_uicase.py-test_backStage_authentication.py-[line:210]-INFO-[日志信息]: 二维码认证页面
Thu, 10 Sep 2020 10:59:46-run_all_uicase.py-test_backStage_examine.py-[line:73]-INFO-[日志信息]: 成功登录后台系统
Thu, 10 Sep 2020 10:59:50-run_all_uicase.py-test_backStage_authentication.py-[line:186]-INFO-[日志信息]: 企业信息认证
Thu, 10 Sep 2020 10:59:53-run_all_uicase.py-test_backStage_authentication.py-[line:203]-INFO-[日志信息]: 协议内容确认页面
Thu, 10 Sep 2020 10:59:55-run_all_uicase.py-test_backStage_authentication.py-[line:210]-INFO-[日志信息]: 二维码认证页面
Thu, 10 Sep 2020 11:04:04-run_all_uicase.py-run_all_uicase.py-[line:27]-INFO-[日志信息]: ==================================2020-09-10 11:04:04===================================
Thu, 10 Sep 2020 11:04:05-run_all_uicase.py-test_login.py-[line:53]-INFO-[日志信息]: 开始执行脚本test_companyRegister:

Thu, 10 Sep 2020 11:04:14-run_all_uicase.py-test_login.py-[line:60]-INFO-[日志信息]: 对已注册的账户进行删除操作
Thu, 10 Sep 2020 11:04:18-test_companyRegister-Assert.py-[line:123]-INFO-[日志信息]: except_result = actul_result, except_result is 中小微企业金融服务聚合平台, actul_result is 中小微企业金融服务聚合平台
Thu, 10 Sep 2020 11:04:18-run_all_uicase.py-test_login.py-[line:87]-INFO-[日志信息]: 注册成功，返回到登陆页面
Thu, 10 Sep 2020 11:04:20-run_all_uicase.py-test_personalInfoReg.py-[line:32]-INFO-[日志信息]: 开始执行脚本test_infoReg:

Thu, 10 Sep 2020 11:04:20-run_all_uicase.py-test_personalInfoReg.py-[line:36]-INFO-[日志信息]: 对个人信息企业信息进行删除操作
Thu, 10 Sep 2020 11:04:32-test_infoReg-Assert.py-[line:123]-INFO-[日志信息]: except_result = actul_result, except_result is 首页, actul_result is 首页
Thu, 10 Sep 2020 11:04:32-run_all_uicase.py-test_personalInfoReg.py-[line:50]-INFO-[日志信息]: 进入登陆页面
Thu, 10 Sep 2020 11:04:32-test_infoReg-Assert.py-[line:123]-INFO-[日志信息]: except_result = actul_result, except_result is 实名认证, actul_result is 实名认证
Thu, 10 Sep 2020 11:04:32-run_all_uicase.py-test_personalInfoReg.py-[line:55]-INFO-[日志信息]: 实名认证画面成功显示
Thu, 10 Sep 2020 11:04:35-test_infoReg-Assert.py-[line:123]-INFO-[日志信息]: except_result = actul_result, except_result is 认证中, actul_result is 认证中
Thu, 10 Sep 2020 11:04:35-run_all_uicase.py-test_personalInfoReg.py-[line:91]-INFO-[日志信息]: 实名认证中画面显示
Thu, 10 Sep 2020 11:04:35-test_infoReg-Assert.py-[line:123]-INFO-[日志信息]: except_result = actul_result, except_result is 大佬, actul_result is 大佬
Thu, 10 Sep 2020 11:04:35-test_infoReg-Assert.py-[line:123]-INFO-[日志信息]: except_result = actul_result, except_result is 11010119900307475X, actul_result is 11010119900307475X
Thu, 10 Sep 2020 11:04:35-test_infoReg-Assert.py-[line:123]-INFO-[日志信息]: except_result = actul_result, except_result is 17621198993, actul_result is 17621198993
Thu, 10 Sep 2020 11:05:15-test_infoReg-Assert.py-[line:123]-INFO-[日志信息]: except_result = actul_result, except_result is 认证成功, actul_result is 认证成功
Thu, 10 Sep 2020 11:05:15-run_all_uicase.py-test_personalInfoReg.py-[line:105]-INFO-[日志信息]: 实名认证成功画面显示
Thu, 10 Sep 2020 11:05:15-test_infoReg-Assert.py-[line:123]-INFO-[日志信息]: except_result = actul_result, except_result is 实名认证, actul_result is 实名认证
Thu, 10 Sep 2020 11:05:15-run_all_uicase.py-test_personalInfoReg.py-[line:110]-INFO-[日志信息]: 点击查看认证信息按钮，跳转到实名认证画面
Thu, 10 Sep 2020 11:05:17-run_all_uicase.py-test_businessInfoReg.py-[line:31]-INFO-[日志信息]: 开始执行脚本test_businessInforReg:

Thu, 10 Sep 2020 11:05:28-test_businessInforReg-Assert.py-[line:123]-INFO-[日志信息]: except_result = actul_result, except_result is 企业基本资料, actul_result is 企业基本资料
Thu, 10 Sep 2020 11:05:28-run_all_uicase.py-test_businessInfoReg.py-[line:42]-INFO-[日志信息]: 企业基本资料画面正常显示
Thu, 10 Sep 2020 11:06:09-run_all_uicase.py-test_backStage_examine.py-[line:24]-INFO-[日志信息]: 开始执行脚本test_backstage_examine:

Thu, 10 Sep 2020 11:06:25-run_all_uicase.py-run_all_uicase.py-[line:27]-INFO-[日志信息]: ==================================2020-09-10 11:06:25===================================
Thu, 10 Sep 2020 11:06:25-run_all_uicase.py-test_login.py-[line:53]-INFO-[日志信息]: 开始执行脚本test_companyRegister:

Thu, 10 Sep 2020 11:06:35-run_all_uicase.py-test_login.py-[line:60]-INFO-[日志信息]: 对已注册的账户进行删除操作
Thu, 10 Sep 2020 11:06:39-test_companyRegister-Assert.py-[line:123]-INFO-[日志信息]: except_result = actul_result, except_result is 中小微企业金融服务聚合平台, actul_result is 中小微企业金融服务聚合平台
Thu, 10 Sep 2020 11:06:39-run_all_uicase.py-test_login.py-[line:87]-INFO-[日志信息]: 注册成功，返回到登陆页面
Thu, 10 Sep 2020 11:06:41-run_all_uicase.py-test_personalInfoReg.py-[line:32]-INFO-[日志信息]: 开始执行脚本test_infoReg:

Thu, 10 Sep 2020 11:06:41-run_all_uicase.py-test_personalInfoReg.py-[line:36]-INFO-[日志信息]: 对个人信息企业信息进行删除操作
Thu, 10 Sep 2020 11:06:52-test_infoReg-Assert.py-[line:123]-INFO-[日志信息]: except_result = actul_result, except_result is 首页, actul_result is 首页
Thu, 10 Sep 2020 11:06:52-run_all_uicase.py-test_personalInfoReg.py-[line:50]-INFO-[日志信息]: 进入登陆页面
Thu, 10 Sep 2020 11:06:52-test_infoReg-Assert.py-[line:123]-INFO-[日志信息]: except_result = actul_result, except_result is 实名认证, actul_result is 实名认证
Thu, 10 Sep 2020 11:06:52-run_all_uicase.py-test_personalInfoReg.py-[line:55]-INFO-[日志信息]: 实名认证画面成功显示
Thu, 10 Sep 2020 11:06:55-test_infoReg-Assert.py-[line:123]-INFO-[日志信息]: except_result = actul_result, except_result is 认证中, actul_result is 认证中
Thu, 10 Sep 2020 11:06:55-run_all_uicase.py-test_personalInfoReg.py-[line:91]-INFO-[日志信息]: 实名认证中画面显示
Thu, 10 Sep 2020 11:06:55-test_infoReg-Assert.py-[line:123]-INFO-[日志信息]: except_result = actul_result, except_result is 大佬, actul_result is 大佬
Thu, 10 Sep 2020 11:06:55-test_infoReg-Assert.py-[line:123]-INFO-[日志信息]: except_result = actul_result, except_result is 11010119900307475X, actul_result is 11010119900307475X
Thu, 10 Sep 2020 11:06:55-test_infoReg-Assert.py-[line:123]-INFO-[日志信息]: except_result = actul_result, except_result is 17621198993, actul_result is 17621198993
Thu, 10 Sep 2020 11:07:15-test_infoReg-Assert.py-[line:123]-INFO-[日志信息]: except_result = actul_result, except_result is 认证成功, actul_result is 认证成功
Thu, 10 Sep 2020 11:07:15-run_all_uicase.py-test_personalInfoReg.py-[line:105]-INFO-[日志信息]: 实名认证成功画面显示
Thu, 10 Sep 2020 11:07:15-test_infoReg-Assert.py-[line:123]-INFO-[日志信息]: except_result = actul_result, except_result is 实名认证, actul_result is 实名认证
Thu, 10 Sep 2020 11:07:15-run_all_uicase.py-test_personalInfoReg.py-[line:110]-INFO-[日志信息]: 点击查看认证信息按钮，跳转到实名认证画面
Thu, 10 Sep 2020 11:07:17-run_all_uicase.py-test_businessInfoReg.py-[line:31]-INFO-[日志信息]: 开始执行脚本test_businessInforReg:

Thu, 10 Sep 2020 11:07:28-test_businessInforReg-Assert.py-[line:123]-INFO-[日志信息]: except_result = actul_result, except_result is 企业基本资料, actul_result is 企业基本资料
Thu, 10 Sep 2020 11:07:28-run_all_uicase.py-test_businessInfoReg.py-[line:42]-INFO-[日志信息]: 企业基本资料画面正常显示
Thu, 10 Sep 2020 11:08:09-run_all_uicase.py-test_backStage_examine.py-[line:24]-INFO-[日志信息]: 开始执行脚本test_backstage_examine:

Thu, 10 Sep 2020 11:08:18-run_all_uicase.py-run_all_uicase.py-[line:27]-INFO-[日志信息]: ==================================2020-09-10 11:08:18===================================
Thu, 10 Sep 2020 11:08:19-run_all_uicase.py-test_login.py-[line:53]-INFO-[日志信息]: 开始执行脚本test_companyRegister:

Thu, 10 Sep 2020 11:08:29-run_all_uicase.py-test_login.py-[line:60]-INFO-[日志信息]: 对已注册的账户进行删除操作
Thu, 10 Sep 2020 11:08:32-test_companyRegister-Assert.py-[line:123]-INFO-[日志信息]: except_result = actul_result, except_result is 中小微企业金融服务聚合平台, actul_result is 中小微企业金融服务聚合平台
Thu, 10 Sep 2020 11:08:32-run_all_uicase.py-test_login.py-[line:87]-INFO-[日志信息]: 注册成功，返回到登陆页面
Thu, 10 Sep 2020 11:08:34-run_all_uicase.py-test_personalInfoReg.py-[line:32]-INFO-[日志信息]: 开始执行脚本test_infoReg:

Thu, 10 Sep 2020 11:08:35-run_all_uicase.py-test_personalInfoReg.py-[line:36]-INFO-[日志信息]: 对个人信息企业信息进行删除操作
Thu, 10 Sep 2020 11:08:46-test_infoReg-Assert.py-[line:123]-INFO-[日志信息]: except_result = actul_result, except_result is 首页, actul_result is 首页
Thu, 10 Sep 2020 11:08:46-run_all_uicase.py-test_personalInfoReg.py-[line:50]-INFO-[日志信息]: 进入登陆页面
Thu, 10 Sep 2020 11:08:46-test_infoReg-Assert.py-[line:123]-INFO-[日志信息]: except_result = actul_result, except_result is 实名认证, actul_result is 实名认证
Thu, 10 Sep 2020 11:08:46-run_all_uicase.py-test_personalInfoReg.py-[line:55]-INFO-[日志信息]: 实名认证画面成功显示
Thu, 10 Sep 2020 11:08:48-test_infoReg-Assert.py-[line:123]-INFO-[日志信息]: except_result = actul_result, except_result is 认证中, actul_result is 认证中
Thu, 10 Sep 2020 11:08:48-run_all_uicase.py-test_personalInfoReg.py-[line:91]-INFO-[日志信息]: 实名认证中画面显示
Thu, 10 Sep 2020 11:08:48-test_infoReg-Assert.py-[line:123]-INFO-[日志信息]: except_result = actul_result, except_result is 大佬, actul_result is 大佬
Thu, 10 Sep 2020 11:08:48-test_infoReg-Assert.py-[line:123]-INFO-[日志信息]: except_result = actul_result, except_result is 11010119900307475X, actul_result is 11010119900307475X
Thu, 10 Sep 2020 11:08:48-test_infoReg-Assert.py-[line:123]-INFO-[日志信息]: except_result = actul_result, except_result is 17621198993, actul_result is 17621198993
Thu, 10 Sep 2020 11:09:18-test_infoReg-Assert.py-[line:123]-INFO-[日志信息]: except_result = actul_result, except_result is 认证成功, actul_result is 认证成功
Thu, 10 Sep 2020 11:09:18-run_all_uicase.py-test_personalInfoReg.py-[line:105]-INFO-[日志信息]: 实名认证成功画面显示
Thu, 10 Sep 2020 11:09:18-test_infoReg-Assert.py-[line:123]-INFO-[日志信息]: except_result = actul_result, except_result is 实名认证, actul_result is 实名认证
Thu, 10 Sep 2020 11:09:18-run_all_uicase.py-test_personalInfoReg.py-[line:110]-INFO-[日志信息]: 点击查看认证信息按钮，跳转到实名认证画面
Thu, 10 Sep 2020 11:09:20-run_all_uicase.py-test_businessInfoReg.py-[line:31]-INFO-[日志信息]: 开始执行脚本test_businessInforReg:

Thu, 10 Sep 2020 11:09:31-test_businessInforReg-Assert.py-[line:123]-INFO-[日志信息]: except_result = actul_result, except_result is 企业基本资料, actul_result is 企业基本资料
Thu, 10 Sep 2020 11:09:31-run_all_uicase.py-test_businessInfoReg.py-[line:42]-INFO-[日志信息]: 企业基本资料画面正常显示
Thu, 10 Sep 2020 11:09:42-test_businessInforReg-Assert.py-[line:123]-INFO-[日志信息]: except_result = actul_result, except_result is 请确认协议内容, actul_result is 请确认协议内容
Thu, 10 Sep 2020 11:09:42-run_all_uicase.py-test_businessInfoReg.py-[line:104]-INFO-[日志信息]: 协议确认画面正常显示
Thu, 10 Sep 2020 11:09:44-test_businessInforReg-Assert.py-[line:123]-INFO-[日志信息]: except_result = actul_result, except_result is 认证中, actul_result is 认证中
Thu, 10 Sep 2020 11:09:44-run_all_uicase.py-test_businessInfoReg.py-[line:114]-INFO-[日志信息]: 企业信息认证中画面正常显示
Thu, 10 Sep 2020 11:10:18-test_businessInforReg-Assert.py-[line:123]-INFO-[日志信息]: except_result = actul_result, except_result is 审核中, actul_result is 审核中
Thu, 10 Sep 2020 11:10:18-run_all_uicase.py-test_businessInfoReg.py-[line:125]-INFO-[日志信息]: 企业信息审核中画面正常显示
Thu, 10 Sep 2020 11:10:18-test_businessInforReg-Assert.py-[line:123]-INFO-[日志信息]: except_result = actul_result, except_result is 企业基本资料, actul_result is 企业基本资料
Thu, 10 Sep 2020 11:10:18-run_all_uicase.py-test_businessInfoReg.py-[line:132]-INFO-[日志信息]: 企业基本资料画面正常显示
Thu, 10 Sep 2020 11:10:20-run_all_uicase.py-test_backStage_examine.py-[line:24]-INFO-[日志信息]: 开始执行脚本test_backstage_examine:

Thu, 10 Sep 2020 11:10:31-run_all_uicase.py-test_backStage_examine.py-[line:73]-INFO-[日志信息]: 成功登录后台系统
Thu, 10 Sep 2020 11:10:36-test_backstage_examine-Assert.py-[line:123]-INFO-[日志信息]: except_result = actul_result, except_result is 用户基本信息, actul_result is 用户基本信息
Thu, 10 Sep 2020 11:10:36-run_all_uicase.py-test_backStage_examine.py-[line:54]-INFO-[日志信息]: 成功进入企业信息审核画面
Thu, 10 Sep 2020 11:10:37-run_all_uicase.py-test_backStage_examine.py-[line:60]-INFO-[日志信息]: 企业认证通过
Thu, 10 Sep 2020 11:10:39-run_all_uicase.py-test_backStage_authentication.py-[line:127]-INFO-[日志信息]: 开始执行脚本test_backStageActCreate:

Thu, 10 Sep 2020 11:10:50-run_all_uicase.py-test_backStage_examine.py-[line:73]-INFO-[日志信息]: 成功登录后台系统
Thu, 10 Sep 2020 11:11:04-run_all_uicase.py-test_backStage_authentication.py-[line:279]-INFO-[日志信息]: 进入担保公司创建页面
Thu, 10 Sep 2020 11:11:07-run_all_uicase.py-test_backStage_authentication.py-[line:277]-INFO-[日志信息]: 进入银行账户创建页面
Thu, 10 Sep 2020 11:11:10-run_all_uicase.py-test_backStage_authentication.py-[line:223]-INFO-[日志信息]: 开始执行脚本test_backStage_authentication:

Thu, 10 Sep 2020 11:11:10-run_all_uicase.py-test_backStage_authentication.py-[line:226]-INFO-[日志信息]: 开始执行脚本test_backStage_authentication:

Thu, 10 Sep 2020 11:11:24-run_all_uicase.py-test_login.py-[line:123]-INFO-[日志信息]: 成功进入到密码重置页面
Thu, 10 Sep 2020 11:11:27-run_all_uicase.py-test_login.py-[line:130]-INFO-[日志信息]: 成功进入到密码修改完成页面
Thu, 10 Sep 2020 11:11:31-run_all_uicase.py-test_login.py-[line:123]-INFO-[日志信息]: 成功进入到密码重置页面
Thu, 10 Sep 2020 11:11:33-run_all_uicase.py-test_login.py-[line:130]-INFO-[日志信息]: 成功进入到密码修改完成页面
Thu, 10 Sep 2020 11:11:38-run_all_uicase.py-test_backStage_examine.py-[line:73]-INFO-[日志信息]: 成功登录后台系统
Thu, 10 Sep 2020 11:11:42-run_all_uicase.py-test_backStage_authentication.py-[line:186]-INFO-[日志信息]: 企业信息认证
Thu, 10 Sep 2020 11:11:45-run_all_uicase.py-test_backStage_authentication.py-[line:203]-INFO-[日志信息]: 协议内容确认页面
Thu, 10 Sep 2020 11:11:47-run_all_uicase.py-test_backStage_authentication.py-[line:210]-INFO-[日志信息]: 二维码认证页面
Thu, 10 Sep 2020 11:12:26-run_all_uicase.py-test_backStage_examine.py-[line:73]-INFO-[日志信息]: 成功登录后台系统
Thu, 10 Sep 2020 11:12:30-run_all_uicase.py-test_backStage_authentication.py-[line:186]-INFO-[日志信息]: 企业信息认证
Thu, 10 Sep 2020 11:12:33-run_all_uicase.py-test_backStage_authentication.py-[line:203]-INFO-[日志信息]: 协议内容确认页面
Thu, 10 Sep 2020 11:12:35-run_all_uicase.py-test_backStage_authentication.py-[line:210]-INFO-[日志信息]: 二维码认证页面
Thu, 10 Sep 2020 11:12:58-run_all_uicase.py-test_backStage_authentication.py-[line:41]-INFO-[日志信息]: 首页
Thu, 10 Sep 2020 14:55:22-run_all_uicase.py-run_all_uicase.py-[line:27]-INFO-[日志信息]: ==================================2020-09-10 14:55:22===================================
Thu, 10 Sep 2020 14:55:22-run_all_uicase.py-test_login.py-[line:53]-INFO-[日志信息]: 开始执行脚本test_companyRegister:

Thu, 10 Sep 2020 14:55:32-run_all_uicase.py-test_login.py-[line:60]-INFO-[日志信息]: 对已注册的账户进行删除操作
Thu, 10 Sep 2020 14:55:37-test_companyRegister-Assert.py-[line:123]-INFO-[日志信息]: except_result = actul_result, except_result is 中小微企业金融服务聚合平台, actul_result is 中小微企业金融服务聚合平台
Thu, 10 Sep 2020 14:55:37-run_all_uicase.py-test_login.py-[line:87]-INFO-[日志信息]: 注册成功，返回到登陆页面
Thu, 10 Sep 2020 14:55:39-run_all_uicase.py-test_personalInfoReg.py-[line:32]-INFO-[日志信息]: 开始执行脚本test_infoReg:

Thu, 10 Sep 2020 14:55:39-run_all_uicase.py-test_personalInfoReg.py-[line:36]-INFO-[日志信息]: 对个人信息企业信息进行删除操作
Thu, 10 Sep 2020 14:55:50-test_infoReg-Assert.py-[line:123]-INFO-[日志信息]: except_result = actul_result, except_result is 首页, actul_result is 首页
Thu, 10 Sep 2020 14:55:50-run_all_uicase.py-test_personalInfoReg.py-[line:50]-INFO-[日志信息]: 进入登陆页面
Thu, 10 Sep 2020 14:55:50-test_infoReg-Assert.py-[line:123]-INFO-[日志信息]: except_result = actul_result, except_result is 实名认证, actul_result is 实名认证
Thu, 10 Sep 2020 14:55:50-run_all_uicase.py-test_personalInfoReg.py-[line:55]-INFO-[日志信息]: 实名认证画面成功显示
Thu, 10 Sep 2020 14:55:53-test_infoReg-Assert.py-[line:123]-INFO-[日志信息]: except_result = actul_result, except_result is 认证中, actul_result is 认证中
Thu, 10 Sep 2020 14:55:53-run_all_uicase.py-test_personalInfoReg.py-[line:91]-INFO-[日志信息]: 实名认证中画面显示
Thu, 10 Sep 2020 14:55:53-test_infoReg-Assert.py-[line:123]-INFO-[日志信息]: except_result = actul_result, except_result is 大佬, actul_result is 大佬
Thu, 10 Sep 2020 14:55:53-test_infoReg-Assert.py-[line:123]-INFO-[日志信息]: except_result = actul_result, except_result is 11010119900307475X, actul_result is 11010119900307475X
Thu, 10 Sep 2020 14:55:53-test_infoReg-Assert.py-[line:123]-INFO-[日志信息]: except_result = actul_result, except_result is 17621198996, actul_result is 17621198996
Thu, 10 Sep 2020 14:56:23-test_infoReg-Assert.py-[line:123]-INFO-[日志信息]: except_result = actul_result, except_result is 认证成功, actul_result is 认证成功
Thu, 10 Sep 2020 14:56:23-run_all_uicase.py-test_personalInfoReg.py-[line:105]-INFO-[日志信息]: 实名认证成功画面显示
Thu, 10 Sep 2020 14:56:23-test_infoReg-Assert.py-[line:123]-INFO-[日志信息]: except_result = actul_result, except_result is 实名认证, actul_result is 实名认证
Thu, 10 Sep 2020 14:56:23-run_all_uicase.py-test_personalInfoReg.py-[line:110]-INFO-[日志信息]: 点击查看认证信息按钮，跳转到实名认证画面
Thu, 10 Sep 2020 14:56:25-run_all_uicase.py-test_businessInfoReg.py-[line:31]-INFO-[日志信息]: 开始执行脚本test_businessInforReg:

Thu, 10 Sep 2020 14:56:36-test_businessInforReg-Assert.py-[line:123]-INFO-[日志信息]: except_result = actul_result, except_result is 企业基本资料, actul_result is 企业基本资料
Thu, 10 Sep 2020 14:56:36-run_all_uicase.py-test_businessInfoReg.py-[line:42]-INFO-[日志信息]: 企业基本资料画面正常显示
Thu, 10 Sep 2020 14:56:47-test_businessInforReg-Assert.py-[line:123]-INFO-[日志信息]: except_result = actul_result, except_result is 请确认协议内容, actul_result is 请确认协议内容
Thu, 10 Sep 2020 14:56:47-run_all_uicase.py-test_businessInfoReg.py-[line:104]-INFO-[日志信息]: 协议确认画面正常显示
Thu, 10 Sep 2020 14:56:48-test_businessInforReg-Assert.py-[line:123]-INFO-[日志信息]: except_result = actul_result, except_result is 认证中, actul_result is 认证中
Thu, 10 Sep 2020 14:56:48-run_all_uicase.py-test_businessInfoReg.py-[line:114]-INFO-[日志信息]: 企业信息认证中画面正常显示
Thu, 10 Sep 2020 14:57:12-test_businessInforReg-Assert.py-[line:123]-INFO-[日志信息]: except_result = actul_result, except_result is 审核中, actul_result is 审核中
Thu, 10 Sep 2020 14:57:12-run_all_uicase.py-test_businessInfoReg.py-[line:125]-INFO-[日志信息]: 企业信息审核中画面正常显示
Thu, 10 Sep 2020 14:57:12-test_businessInforReg-Assert.py-[line:123]-INFO-[日志信息]: except_result = actul_result, except_result is 企业基本资料, actul_result is 企业基本资料
Thu, 10 Sep 2020 14:57:12-run_all_uicase.py-test_businessInfoReg.py-[line:132]-INFO-[日志信息]: 企业基本资料画面正常显示
Thu, 10 Sep 2020 14:57:14-run_all_uicase.py-test_backStage_examine.py-[line:24]-INFO-[日志信息]: 开始执行脚本test_backstage_examine:

Thu, 10 Sep 2020 15:39:54-run_all_uicase.py-run_all_uicase.py-[line:27]-INFO-[日志信息]: ==================================2020-09-10 15:39:54===================================
Thu, 10 Sep 2020 15:39:55-run_all_uicase.py-test_login.py-[line:53]-INFO-[日志信息]: 开始执行脚本test_companyRegister:

Thu, 10 Sep 2020 15:40:04-run_all_uicase.py-test_login.py-[line:60]-INFO-[日志信息]: 对已注册的账户进行删除操作
Thu, 10 Sep 2020 15:40:09-test_companyRegister-Assert.py-[line:123]-INFO-[日志信息]: except_result = actul_result, except_result is 中小微企业金融服务聚合平台, actul_result is 中小微企业金融服务聚合平台
Thu, 10 Sep 2020 15:40:09-run_all_uicase.py-test_login.py-[line:87]-INFO-[日志信息]: 注册成功，返回到登陆页面
Thu, 10 Sep 2020 15:40:11-run_all_uicase.py-test_personalInfoReg.py-[line:32]-INFO-[日志信息]: 开始执行脚本test_infoReg:

Thu, 10 Sep 2020 15:40:11-run_all_uicase.py-test_personalInfoReg.py-[line:36]-INFO-[日志信息]: 对个人信息企业信息进行删除操作
Thu, 10 Sep 2020 15:40:22-test_infoReg-Assert.py-[line:123]-INFO-[日志信息]: except_result = actul_result, except_result is 首页, actul_result is 首页
Thu, 10 Sep 2020 15:40:22-run_all_uicase.py-test_personalInfoReg.py-[line:50]-INFO-[日志信息]: 进入登陆页面
Thu, 10 Sep 2020 15:40:27-test_infoReg-Assert.py-[line:123]-INFO-[日志信息]: except_result = actul_result, except_result is 实名认证, actul_result is 实名认证
Thu, 10 Sep 2020 15:40:27-run_all_uicase.py-test_personalInfoReg.py-[line:55]-INFO-[日志信息]: 实名认证画面成功显示
Thu, 10 Sep 2020 15:40:31-test_infoReg-Assert.py-[line:123]-INFO-[日志信息]: except_result = actul_result, except_result is 认证中, actul_result is 认证中
Thu, 10 Sep 2020 15:40:31-run_all_uicase.py-test_personalInfoReg.py-[line:91]-INFO-[日志信息]: 实名认证中画面显示
Thu, 10 Sep 2020 15:40:31-test_infoReg-Assert.py-[line:123]-INFO-[日志信息]: except_result = actul_result, except_result is 大佬, actul_result is 大佬
Thu, 10 Sep 2020 15:40:31-test_infoReg-Assert.py-[line:123]-INFO-[日志信息]: except_result = actul_result, except_result is 11010119900307475X, actul_result is 11010119900307475X
Thu, 10 Sep 2020 15:40:31-test_infoReg-Assert.py-[line:123]-INFO-[日志信息]: except_result = actul_result, except_result is 17621198997, actul_result is 17621198997
Thu, 10 Sep 2020 15:41:21-test_infoReg-Assert.py-[line:123]-INFO-[日志信息]: except_result = actul_result, except_result is 认证成功, actul_result is 认证成功
Thu, 10 Sep 2020 15:41:21-run_all_uicase.py-test_personalInfoReg.py-[line:105]-INFO-[日志信息]: 实名认证成功画面显示
Thu, 10 Sep 2020 15:41:21-test_infoReg-Assert.py-[line:123]-INFO-[日志信息]: except_result = actul_result, except_result is 实名认证, actul_result is 实名认证
Thu, 10 Sep 2020 15:41:21-run_all_uicase.py-test_personalInfoReg.py-[line:110]-INFO-[日志信息]: 点击查看认证信息按钮，跳转到实名认证画面
Thu, 10 Sep 2020 15:41:24-run_all_uicase.py-test_businessInfoReg.py-[line:31]-INFO-[日志信息]: 开始执行脚本test_businessInforReg:

Thu, 10 Sep 2020 15:41:34-test_businessInforReg-Assert.py-[line:123]-INFO-[日志信息]: except_result = actul_result, except_result is 企业基本资料, actul_result is 企业基本资料
Thu, 10 Sep 2020 15:41:34-run_all_uicase.py-test_businessInfoReg.py-[line:42]-INFO-[日志信息]: 企业基本资料画面正常显示
Thu, 10 Sep 2020 15:42:07-run_all_uicase.py-run_all_uicase.py-[line:27]-INFO-[日志信息]: ==================================2020-09-10 15:42:07===================================
Thu, 10 Sep 2020 15:42:07-run_all_uicase.py-test_login.py-[line:53]-INFO-[日志信息]: 开始执行脚本test_companyRegister:

Thu, 10 Sep 2020 15:42:17-run_all_uicase.py-test_login.py-[line:60]-INFO-[日志信息]: 对已注册的账户进行删除操作
Thu, 10 Sep 2020 15:42:21-test_companyRegister-Assert.py-[line:123]-INFO-[日志信息]: except_result = actul_result, except_result is 中小微企业金融服务聚合平台, actul_result is 中小微企业金融服务聚合平台
Thu, 10 Sep 2020 15:42:21-run_all_uicase.py-test_login.py-[line:87]-INFO-[日志信息]: 注册成功，返回到登陆页面
Thu, 10 Sep 2020 15:42:23-run_all_uicase.py-test_personalInfoReg.py-[line:32]-INFO-[日志信息]: 开始执行脚本test_infoReg:

Thu, 10 Sep 2020 15:42:23-run_all_uicase.py-test_personalInfoReg.py-[line:36]-INFO-[日志信息]: 对个人信息企业信息进行删除操作
Thu, 10 Sep 2020 15:42:34-test_infoReg-Assert.py-[line:123]-INFO-[日志信息]: except_result = actul_result, except_result is 首页, actul_result is 首页
Thu, 10 Sep 2020 15:42:34-run_all_uicase.py-test_personalInfoReg.py-[line:50]-INFO-[日志信息]: 进入登陆页面
Thu, 10 Sep 2020 15:42:34-test_infoReg-Assert.py-[line:123]-INFO-[日志信息]: except_result = actul_result, except_result is 实名认证, actul_result is 实名认证
Thu, 10 Sep 2020 15:42:34-run_all_uicase.py-test_personalInfoReg.py-[line:55]-INFO-[日志信息]: 实名认证画面成功显示
Thu, 10 Sep 2020 15:42:36-test_infoReg-Assert.py-[line:123]-INFO-[日志信息]: except_result = actul_result, except_result is 认证中, actul_result is 认证中
Thu, 10 Sep 2020 15:42:36-run_all_uicase.py-test_personalInfoReg.py-[line:91]-INFO-[日志信息]: 实名认证中画面显示
Thu, 10 Sep 2020 15:42:36-test_infoReg-Assert.py-[line:123]-INFO-[日志信息]: except_result = actul_result, except_result is 大佬, actul_result is 大佬
Thu, 10 Sep 2020 15:42:36-test_infoReg-Assert.py-[line:123]-INFO-[日志信息]: except_result = actul_result, except_result is 11010119900307475X, actul_result is 11010119900307475X
Thu, 10 Sep 2020 15:42:36-test_infoReg-Assert.py-[line:123]-INFO-[日志信息]: except_result = actul_result, except_result is 17621198997, actul_result is 17621198997
Thu, 10 Sep 2020 15:43:06-test_infoReg-Assert.py-[line:123]-INFO-[日志信息]: except_result = actul_result, except_result is 认证成功, actul_result is 认证成功
Thu, 10 Sep 2020 15:43:06-run_all_uicase.py-test_personalInfoReg.py-[line:105]-INFO-[日志信息]: 实名认证成功画面显示
Thu, 10 Sep 2020 15:43:06-test_infoReg-Assert.py-[line:123]-INFO-[日志信息]: except_result = actul_result, except_result is 实名认证, actul_result is 实名认证
Thu, 10 Sep 2020 15:43:06-run_all_uicase.py-test_personalInfoReg.py-[line:110]-INFO-[日志信息]: 点击查看认证信息按钮，跳转到实名认证画面
Thu, 10 Sep 2020 15:43:09-run_all_uicase.py-test_businessInfoReg.py-[line:31]-INFO-[日志信息]: 开始执行脚本test_businessInforReg:

Thu, 10 Sep 2020 15:43:19-test_businessInforReg-Assert.py-[line:123]-INFO-[日志信息]: except_result = actul_result, except_result is 企业基本资料, actul_result is 企业基本资料
Thu, 10 Sep 2020 15:43:19-run_all_uicase.py-test_businessInfoReg.py-[line:42]-INFO-[日志信息]: 企业基本资料画面正常显示
Thu, 10 Sep 2020 15:43:30-test_businessInforReg-Assert.py-[line:123]-INFO-[日志信息]: except_result = actul_result, except_result is 请确认协议内容, actul_result is 请确认协议内容
Thu, 10 Sep 2020 15:43:30-run_all_uicase.py-test_businessInfoReg.py-[line:104]-INFO-[日志信息]: 协议确认画面正常显示
Thu, 10 Sep 2020 15:43:38-test_businessInforReg-Assert.py-[line:123]-INFO-[日志信息]: except_result = actul_result, except_result is 认证中, actul_result is 认证中
Thu, 10 Sep 2020 15:43:38-run_all_uicase.py-test_businessInfoReg.py-[line:114]-INFO-[日志信息]: 企业信息认证中画面正常显示
Thu, 10 Sep 2020 15:44:29-test_businessInforReg-Assert.py-[line:123]-INFO-[日志信息]: except_result = actul_result, except_result is 审核中, actul_result is 审核中
Thu, 10 Sep 2020 15:44:29-run_all_uicase.py-test_businessInfoReg.py-[line:125]-INFO-[日志信息]: 企业信息审核中画面正常显示
Thu, 10 Sep 2020 15:44:29-test_businessInforReg-Assert.py-[line:123]-INFO-[日志信息]: except_result = actul_result, except_result is 企业基本资料, actul_result is 企业基本资料
Thu, 10 Sep 2020 15:44:29-run_all_uicase.py-test_businessInfoReg.py-[line:132]-INFO-[日志信息]: 企业基本资料画面正常显示
Thu, 10 Sep 2020 15:44:31-run_all_uicase.py-test_backStage_examine.py-[line:24]-INFO-[日志信息]: 开始执行脚本test_backstage_examine:

Thu, 10 Sep 2020 15:44:42-run_all_uicase.py-test_backStage_examine.py-[line:73]-INFO-[日志信息]: 成功登录后台系统
Thu, 10 Sep 2020 15:44:47-test_backstage_examine-Assert.py-[line:123]-INFO-[日志信息]: except_result = actul_result, except_result is 用户基本信息, actul_result is 用户基本信息
Thu, 10 Sep 2020 15:44:47-run_all_uicase.py-test_backStage_examine.py-[line:54]-INFO-[日志信息]: 成功进入企业信息审核画面
Thu, 10 Sep 2020 15:44:48-run_all_uicase.py-test_backStage_examine.py-[line:60]-INFO-[日志信息]: 企业认证通过
Thu, 10 Sep 2020 15:44:50-run_all_uicase.py-test_backStage_authentication.py-[line:127]-INFO-[日志信息]: 开始执行脚本test_backStageActCreate:

Thu, 10 Sep 2020 15:45:01-run_all_uicase.py-test_backStage_examine.py-[line:73]-INFO-[日志信息]: 成功登录后台系统
Thu, 10 Sep 2020 15:45:15-run_all_uicase.py-test_backStage_authentication.py-[line:279]-INFO-[日志信息]: 进入担保公司创建页面
Thu, 10 Sep 2020 15:45:18-run_all_uicase.py-test_backStage_authentication.py-[line:277]-INFO-[日志信息]: 进入银行账户创建页面
Thu, 10 Sep 2020 15:45:22-run_all_uicase.py-test_backStage_authentication.py-[line:223]-INFO-[日志信息]: 开始执行脚本test_backStage_authentication:

Thu, 10 Sep 2020 15:45:22-run_all_uicase.py-test_backStage_authentication.py-[line:226]-INFO-[日志信息]: 开始执行脚本test_backStage_authentication:

Thu, 10 Sep 2020 15:45:36-run_all_uicase.py-test_login.py-[line:123]-INFO-[日志信息]: 成功进入到密码重置页面
Thu, 10 Sep 2020 15:45:38-run_all_uicase.py-test_login.py-[line:130]-INFO-[日志信息]: 成功进入到密码修改完成页面
Thu, 10 Sep 2020 15:45:42-run_all_uicase.py-test_login.py-[line:123]-INFO-[日志信息]: 成功进入到密码重置页面
Thu, 10 Sep 2020 15:45:45-run_all_uicase.py-test_login.py-[line:130]-INFO-[日志信息]: 成功进入到密码修改完成页面
Thu, 10 Sep 2020 15:45:46-run_all_uicase.py-test_backStage_examine.py-[line:73]-INFO-[日志信息]: 成功登录后台系统
Thu, 10 Sep 2020 15:45:50-run_all_uicase.py-test_backStage_authentication.py-[line:186]-INFO-[日志信息]: 企业信息认证
Thu, 10 Sep 2020 15:45:53-run_all_uicase.py-test_backStage_authentication.py-[line:203]-INFO-[日志信息]: 协议内容确认页面
Thu, 10 Sep 2020 15:45:56-run_all_uicase.py-test_backStage_authentication.py-[line:210]-INFO-[日志信息]: 二维码认证页面
Thu, 10 Sep 2020 15:46:30-run_all_uicase.py-test_backStage_examine.py-[line:73]-INFO-[日志信息]: 成功登录后台系统
Thu, 10 Sep 2020 15:46:34-run_all_uicase.py-test_backStage_authentication.py-[line:186]-INFO-[日志信息]: 企业信息认证
Thu, 10 Sep 2020 15:46:37-run_all_uicase.py-test_backStage_authentication.py-[line:203]-INFO-[日志信息]: 协议内容确认页面
Thu, 10 Sep 2020 15:46:39-run_all_uicase.py-test_backStage_authentication.py-[line:210]-INFO-[日志信息]: 二维码认证页面
Thu, 10 Sep 2020 15:47:12-run_all_uicase.py-test_backStage_authentication.py-[line:41]-INFO-[日志信息]: 首页
Thu, 10 Sep 2020 16:09:15-run_all_uicase.py-run_all_uicase.py-[line:27]-INFO-[日志信息]: ==================================2020-09-10 16:09:15===================================
Thu, 10 Sep 2020 16:09:15-run_all_uicase.py-test_login.py-[line:53]-INFO-[日志信息]: 开始执行脚本test_companyRegister:

Thu, 10 Sep 2020 16:09:25-run_all_uicase.py-test_login.py-[line:60]-INFO-[日志信息]: 对已注册的账户进行删除操作
Thu, 10 Sep 2020 16:09:29-test_companyRegister-Assert.py-[line:123]-INFO-[日志信息]: except_result = actul_result, except_result is 中小微企业金融服务聚合平台, actul_result is 中小微企业金融服务聚合平台
Thu, 10 Sep 2020 16:09:29-run_all_uicase.py-test_login.py-[line:87]-INFO-[日志信息]: 注册成功，返回到登陆页面
Thu, 10 Sep 2020 16:09:32-run_all_uicase.py-test_personalInfoReg.py-[line:32]-INFO-[日志信息]: 开始执行脚本test_infoReg:

Thu, 10 Sep 2020 16:09:32-run_all_uicase.py-test_personalInfoReg.py-[line:36]-INFO-[日志信息]: 对个人信息企业信息进行删除操作
Thu, 10 Sep 2020 16:09:43-test_infoReg-Assert.py-[line:123]-INFO-[日志信息]: except_result = actul_result, except_result is 首页, actul_result is 首页
Thu, 10 Sep 2020 16:09:43-run_all_uicase.py-test_personalInfoReg.py-[line:50]-INFO-[日志信息]: 进入登陆页面
Thu, 10 Sep 2020 16:09:43-test_infoReg-Assert.py-[line:123]-INFO-[日志信息]: except_result = actul_result, except_result is 实名认证, actul_result is 实名认证
Thu, 10 Sep 2020 16:09:43-run_all_uicase.py-test_personalInfoReg.py-[line:55]-INFO-[日志信息]: 实名认证画面成功显示
Thu, 10 Sep 2020 16:09:47-test_infoReg-Assert.py-[line:123]-INFO-[日志信息]: except_result = actul_result, except_result is 认证中, actul_result is 认证中
Thu, 10 Sep 2020 16:09:47-run_all_uicase.py-test_personalInfoReg.py-[line:91]-INFO-[日志信息]: 实名认证中画面显示
Thu, 10 Sep 2020 16:09:47-test_infoReg-Assert.py-[line:123]-INFO-[日志信息]: except_result = actul_result, except_result is 大佬, actul_result is 大佬
Thu, 10 Sep 2020 16:09:47-test_infoReg-Assert.py-[line:123]-INFO-[日志信息]: except_result = actul_result, except_result is 11010119900307475X, actul_result is 11010119900307475X
Thu, 10 Sep 2020 16:09:47-test_infoReg-Assert.py-[line:123]-INFO-[日志信息]: except_result = actul_result, except_result is 17621198998, actul_result is 17621198998
Thu, 10 Sep 2020 16:10:37-test_infoReg-Assert.py-[line:123]-INFO-[日志信息]: except_result = actul_result, except_result is 认证成功, actul_result is 认证成功
Thu, 10 Sep 2020 16:10:37-run_all_uicase.py-test_personalInfoReg.py-[line:105]-INFO-[日志信息]: 实名认证成功画面显示
Thu, 10 Sep 2020 16:10:37-test_infoReg-Assert.py-[line:123]-INFO-[日志信息]: except_result = actul_result, except_result is 实名认证, actul_result is 实名认证
Thu, 10 Sep 2020 16:10:37-run_all_uicase.py-test_personalInfoReg.py-[line:110]-INFO-[日志信息]: 点击查看认证信息按钮，跳转到实名认证画面
Thu, 10 Sep 2020 16:10:40-run_all_uicase.py-test_businessInfoReg.py-[line:31]-INFO-[日志信息]: 开始执行脚本test_businessInforReg:

Thu, 10 Sep 2020 16:10:50-test_businessInforReg-Assert.py-[line:123]-INFO-[日志信息]: except_result = actul_result, except_result is 企业基本资料, actul_result is 企业基本资料
Thu, 10 Sep 2020 16:10:50-run_all_uicase.py-test_businessInfoReg.py-[line:42]-INFO-[日志信息]: 企业基本资料画面正常显示
Thu, 10 Sep 2020 16:11:01-test_businessInforReg-Assert.py-[line:123]-INFO-[日志信息]: except_result = actul_result, except_result is 请确认协议内容, actul_result is 请确认协议内容
Thu, 10 Sep 2020 16:11:01-run_all_uicase.py-test_businessInfoReg.py-[line:104]-INFO-[日志信息]: 协议确认画面正常显示
Thu, 10 Sep 2020 16:11:07-test_businessInforReg-Assert.py-[line:123]-INFO-[日志信息]: except_result = actul_result, except_result is 认证中, actul_result is 认证中
Thu, 10 Sep 2020 16:11:07-run_all_uicase.py-test_businessInfoReg.py-[line:114]-INFO-[日志信息]: 企业信息认证中画面正常显示
Thu, 10 Sep 2020 16:11:40-test_businessInforReg-Assert.py-[line:123]-INFO-[日志信息]: except_result = actul_result, except_result is 审核中, actul_result is 审核中
Thu, 10 Sep 2020 16:11:40-run_all_uicase.py-test_businessInfoReg.py-[line:125]-INFO-[日志信息]: 企业信息审核中画面正常显示
Thu, 10 Sep 2020 16:11:41-test_businessInforReg-Assert.py-[line:123]-INFO-[日志信息]: except_result = actul_result, except_result is 企业基本资料, actul_result is 企业基本资料
Thu, 10 Sep 2020 16:11:41-run_all_uicase.py-test_businessInfoReg.py-[line:132]-INFO-[日志信息]: 企业基本资料画面正常显示
Thu, 10 Sep 2020 16:11:43-run_all_uicase.py-test_backStage_examine.py-[line:24]-INFO-[日志信息]: 开始执行脚本test_backstage_examine:

Thu, 10 Sep 2020 16:11:53-run_all_uicase.py-test_backStage_examine.py-[line:73]-INFO-[日志信息]: 成功登录后台系统
Thu, 10 Sep 2020 16:11:58-test_backstage_examine-Assert.py-[line:123]-INFO-[日志信息]: except_result = actul_result, except_result is 用户基本信息, actul_result is 用户基本信息
Thu, 10 Sep 2020 16:11:58-run_all_uicase.py-test_backStage_examine.py-[line:54]-INFO-[日志信息]: 成功进入企业信息审核画面
Thu, 10 Sep 2020 16:11:59-run_all_uicase.py-test_backStage_examine.py-[line:60]-INFO-[日志信息]: 企业认证通过
Thu, 10 Sep 2020 16:12:02-run_all_uicase.py-test_backStage_authentication.py-[line:127]-INFO-[日志信息]: 开始执行脚本test_backStageActCreate:

Thu, 10 Sep 2020 16:12:12-run_all_uicase.py-test_backStage_examine.py-[line:73]-INFO-[日志信息]: 成功登录后台系统
Thu, 10 Sep 2020 16:12:27-run_all_uicase.py-test_backStage_authentication.py-[line:279]-INFO-[日志信息]: 进入担保公司创建页面
Thu, 10 Sep 2020 16:12:29-run_all_uicase.py-test_backStage_authentication.py-[line:277]-INFO-[日志信息]: 进入银行账户创建页面
Thu, 10 Sep 2020 16:12:33-run_all_uicase.py-test_backStage_authentication.py-[line:223]-INFO-[日志信息]: 开始执行脚本test_backStage_authentication:

Thu, 10 Sep 2020 16:12:33-run_all_uicase.py-test_backStage_authentication.py-[line:226]-INFO-[日志信息]: 开始执行脚本test_backStage_authentication:

Thu, 10 Sep 2020 16:12:47-run_all_uicase.py-test_login.py-[line:123]-INFO-[日志信息]: 成功进入到密码重置页面
Thu, 10 Sep 2020 16:12:50-run_all_uicase.py-test_login.py-[line:130]-INFO-[日志信息]: 成功进入到密码修改完成页面
Thu, 10 Sep 2020 16:12:54-run_all_uicase.py-test_login.py-[line:123]-INFO-[日志信息]: 成功进入到密码重置页面
Thu, 10 Sep 2020 16:12:56-run_all_uicase.py-test_login.py-[line:130]-INFO-[日志信息]: 成功进入到密码修改完成页面
Thu, 10 Sep 2020 16:12:57-run_all_uicase.py-test_backStage_examine.py-[line:73]-INFO-[日志信息]: 成功登录后台系统
Thu, 10 Sep 2020 16:13:02-run_all_uicase.py-test_backStage_authentication.py-[line:186]-INFO-[日志信息]: 企业信息认证
Thu, 10 Sep 2020 16:13:05-run_all_uicase.py-test_backStage_authentication.py-[line:203]-INFO-[日志信息]: 协议内容确认页面
Thu, 10 Sep 2020 16:13:07-run_all_uicase.py-test_backStage_authentication.py-[line:210]-INFO-[日志信息]: 二维码认证页面
Thu, 10 Sep 2020 16:13:46-run_all_uicase.py-test_backStage_examine.py-[line:73]-INFO-[日志信息]: 成功登录后台系统
Thu, 10 Sep 2020 16:13:50-run_all_uicase.py-test_backStage_authentication.py-[line:186]-INFO-[日志信息]: 企业信息认证
Thu, 10 Sep 2020 16:13:53-run_all_uicase.py-test_backStage_authentication.py-[line:203]-INFO-[日志信息]: 协议内容确认页面
Thu, 10 Sep 2020 16:13:55-run_all_uicase.py-test_backStage_authentication.py-[line:210]-INFO-[日志信息]: 二维码认证页面
Thu, 10 Sep 2020 16:14:13-run_all_uicase.py-test_backStage_authentication.py-[line:41]-INFO-[日志信息]: 首页
Thu, 10 Sep 2020 16:28:10-run_all_uicase.py-run_all_uicase.py-[line:27]-INFO-[日志信息]: ==================================2020-09-10 16:28:10===================================
Thu, 10 Sep 2020 16:28:11-run_all_uicase.py-test_login.py-[line:53]-INFO-[日志信息]: 开始执行脚本test_companyRegister:

Thu, 10 Sep 2020 16:28:21-run_all_uicase.py-test_login.py-[line:60]-INFO-[日志信息]: 对已注册的账户进行删除操作
Thu, 10 Sep 2020 16:28:25-test_companyRegister-Assert.py-[line:123]-INFO-[日志信息]: except_result = actul_result, except_result is 中小微企业金融服务聚合平台, actul_result is 中小微企业金融服务聚合平台
Thu, 10 Sep 2020 16:28:25-run_all_uicase.py-test_login.py-[line:87]-INFO-[日志信息]: 注册成功，返回到登陆页面
Thu, 10 Sep 2020 16:28:27-run_all_uicase.py-test_personalInfoReg.py-[line:32]-INFO-[日志信息]: 开始执行脚本test_infoReg:

Thu, 10 Sep 2020 16:28:27-run_all_uicase.py-test_personalInfoReg.py-[line:36]-INFO-[日志信息]: 对个人信息企业信息进行删除操作
Thu, 10 Sep 2020 16:28:38-test_infoReg-Assert.py-[line:123]-INFO-[日志信息]: except_result = actul_result, except_result is 首页, actul_result is 首页
Thu, 10 Sep 2020 16:28:38-run_all_uicase.py-test_personalInfoReg.py-[line:50]-INFO-[日志信息]: 进入登陆页面
Thu, 10 Sep 2020 16:28:42-test_infoReg-Assert.py-[line:123]-INFO-[日志信息]: except_result = actul_result, except_result is 实名认证, actul_result is 实名认证
Thu, 10 Sep 2020 16:28:42-run_all_uicase.py-test_personalInfoReg.py-[line:55]-INFO-[日志信息]: 实名认证画面成功显示
Thu, 10 Sep 2020 16:28:46-test_infoReg-Assert.py-[line:123]-INFO-[日志信息]: except_result = actul_result, except_result is 认证中, actul_result is 认证中
Thu, 10 Sep 2020 16:28:46-run_all_uicase.py-test_personalInfoReg.py-[line:91]-INFO-[日志信息]: 实名认证中画面显示
Thu, 10 Sep 2020 16:28:46-test_infoReg-Assert.py-[line:123]-INFO-[日志信息]: except_result = actul_result, except_result is 大佬, actul_result is 大佬
Thu, 10 Sep 2020 16:28:46-test_infoReg-Assert.py-[line:123]-INFO-[日志信息]: except_result = actul_result, except_result is 11010119900307475X, actul_result is 11010119900307475X
Thu, 10 Sep 2020 16:28:46-test_infoReg-Assert.py-[line:123]-INFO-[日志信息]: except_result = actul_result, except_result is 17621198999, actul_result is 17621198999
Thu, 10 Sep 2020 16:29:16-test_infoReg-Assert.py-[line:123]-INFO-[日志信息]: except_result = actul_result, except_result is 认证成功, actul_result is 认证成功
Thu, 10 Sep 2020 16:29:16-run_all_uicase.py-test_personalInfoReg.py-[line:105]-INFO-[日志信息]: 实名认证成功画面显示
Thu, 10 Sep 2020 16:29:16-test_infoReg-Assert.py-[line:123]-INFO-[日志信息]: except_result = actul_result, except_result is 实名认证, actul_result is 实名认证
Thu, 10 Sep 2020 16:29:16-run_all_uicase.py-test_personalInfoReg.py-[line:110]-INFO-[日志信息]: 点击查看认证信息按钮，跳转到实名认证画面
Thu, 10 Sep 2020 16:29:19-run_all_uicase.py-test_businessInfoReg.py-[line:31]-INFO-[日志信息]: 开始执行脚本test_businessInforReg:

Thu, 10 Sep 2020 16:29:29-test_businessInforReg-Assert.py-[line:123]-INFO-[日志信息]: except_result = actul_result, except_result is 企业基本资料, actul_result is 企业基本资料
Thu, 10 Sep 2020 16:29:29-run_all_uicase.py-test_businessInfoReg.py-[line:42]-INFO-[日志信息]: 企业基本资料画面正常显示
Thu, 10 Sep 2020 16:29:40-test_businessInforReg-Assert.py-[line:123]-INFO-[日志信息]: except_result = actul_result, except_result is 请确认协议内容, actul_result is 请确认协议内容
Thu, 10 Sep 2020 16:29:40-run_all_uicase.py-test_businessInfoReg.py-[line:104]-INFO-[日志信息]: 协议确认画面正常显示
Thu, 10 Sep 2020 16:29:45-test_businessInforReg-Assert.py-[line:123]-INFO-[日志信息]: except_result = actul_result, except_result is 认证中, actul_result is 认证中
Thu, 10 Sep 2020 16:29:45-run_all_uicase.py-test_businessInfoReg.py-[line:114]-INFO-[日志信息]: 企业信息认证中画面正常显示
Thu, 10 Sep 2020 16:30:19-test_businessInforReg-Assert.py-[line:123]-INFO-[日志信息]: except_result = actul_result, except_result is 审核中, actul_result is 审核中
Thu, 10 Sep 2020 16:30:19-run_all_uicase.py-test_businessInfoReg.py-[line:125]-INFO-[日志信息]: 企业信息审核中画面正常显示
Thu, 10 Sep 2020 16:30:19-test_businessInforReg-Assert.py-[line:123]-INFO-[日志信息]: except_result = actul_result, except_result is 企业基本资料, actul_result is 企业基本资料
Thu, 10 Sep 2020 16:30:19-run_all_uicase.py-test_businessInfoReg.py-[line:132]-INFO-[日志信息]: 企业基本资料画面正常显示
Thu, 10 Sep 2020 16:30:21-run_all_uicase.py-test_backStage_examine.py-[line:24]-INFO-[日志信息]: 开始执行脚本test_backstage_examine:

Thu, 10 Sep 2020 16:30:32-run_all_uicase.py-test_backStage_examine.py-[line:73]-INFO-[日志信息]: 成功登录后台系统
Thu, 10 Sep 2020 16:30:37-test_backstage_examine-Assert.py-[line:123]-INFO-[日志信息]: except_result = actul_result, except_result is 用户基本信息, actul_result is 用户基本信息
Thu, 10 Sep 2020 16:30:37-run_all_uicase.py-test_backStage_examine.py-[line:54]-INFO-[日志信息]: 成功进入企业信息审核画面
Thu, 10 Sep 2020 16:30:38-run_all_uicase.py-test_backStage_examine.py-[line:60]-INFO-[日志信息]: 企业认证通过
Thu, 10 Sep 2020 16:58:24-run_all_uicase.py-run_all_uicase.py-[line:27]-INFO-[日志信息]: ==================================2020-09-10 16:58:24===================================
Thu, 10 Sep 2020 16:58:24-run_all_uicase.py-test_login.py-[line:53]-INFO-[日志信息]: 开始执行脚本test_companyRegister:

Thu, 10 Sep 2020 16:58:34-run_all_uicase.py-test_login.py-[line:60]-INFO-[日志信息]: 对已注册的账户进行删除操作
Thu, 10 Sep 2020 16:59:46-run_all_uicase.py-run_all_uicase.py-[line:27]-INFO-[日志信息]: ==================================2020-09-10 16:59:46===================================
Thu, 10 Sep 2020 16:59:46-run_all_uicase.py-test_login.py-[line:53]-INFO-[日志信息]: 开始执行脚本test_companyRegister:

Thu, 10 Sep 2020 16:59:56-run_all_uicase.py-test_login.py-[line:60]-INFO-[日志信息]: 对已注册的账户进行删除操作
Thu, 10 Sep 2020 16:59:59-test_companyRegister-Assert.py-[line:123]-INFO-[日志信息]: except_result = actul_result, except_result is 中小微企业金融服务聚合平台, actul_result is 中小微企业金融服务聚合平台
Thu, 10 Sep 2020 16:59:59-run_all_uicase.py-test_login.py-[line:87]-INFO-[日志信息]: 注册成功，返回到登陆页面
Thu, 10 Sep 2020 17:00:02-run_all_uicase.py-test_personalInfoReg.py-[line:32]-INFO-[日志信息]: 开始执行脚本test_infoReg:

Thu, 10 Sep 2020 17:00:02-run_all_uicase.py-test_personalInfoReg.py-[line:36]-INFO-[日志信息]: 对个人信息企业信息进行删除操作
Thu, 10 Sep 2020 17:00:13-test_infoReg-Assert.py-[line:123]-INFO-[日志信息]: except_result = actul_result, except_result is 首页, actul_result is 首页
Thu, 10 Sep 2020 17:00:13-run_all_uicase.py-test_personalInfoReg.py-[line:50]-INFO-[日志信息]: 进入登陆页面
Thu, 10 Sep 2020 17:00:16-test_infoReg-Assert.py-[line:123]-INFO-[日志信息]: except_result = actul_result, except_result is 实名认证, actul_result is 实名认证
Thu, 10 Sep 2020 17:00:16-run_all_uicase.py-test_personalInfoReg.py-[line:55]-INFO-[日志信息]: 实名认证画面成功显示
Thu, 10 Sep 2020 17:00:19-test_infoReg-Assert.py-[line:123]-INFO-[日志信息]: except_result = actul_result, except_result is 认证中, actul_result is 认证中
Thu, 10 Sep 2020 17:00:19-run_all_uicase.py-test_personalInfoReg.py-[line:91]-INFO-[日志信息]: 实名认证中画面显示
Thu, 10 Sep 2020 17:00:19-test_infoReg-Assert.py-[line:123]-INFO-[日志信息]: except_result = actul_result, except_result is 大佬, actul_result is 大佬
Thu, 10 Sep 2020 17:00:19-test_infoReg-Assert.py-[line:123]-INFO-[日志信息]: except_result = actul_result, except_result is 11010119900307475X, actul_result is 11010119900307475X
Thu, 10 Sep 2020 17:00:19-test_infoReg-Assert.py-[line:123]-INFO-[日志信息]: except_result = actul_result, except_result is 17621198910, actul_result is 17621198910
Thu, 10 Sep 2020 17:00:59-test_infoReg-Assert.py-[line:123]-INFO-[日志信息]: except_result = actul_result, except_result is 认证成功, actul_result is 认证成功
Thu, 10 Sep 2020 17:00:59-run_all_uicase.py-test_personalInfoReg.py-[line:105]-INFO-[日志信息]: 实名认证成功画面显示
Thu, 10 Sep 2020 17:00:59-test_infoReg-Assert.py-[line:123]-INFO-[日志信息]: except_result = actul_result, except_result is 实名认证, actul_result is 实名认证
Thu, 10 Sep 2020 17:00:59-run_all_uicase.py-test_personalInfoReg.py-[line:110]-INFO-[日志信息]: 点击查看认证信息按钮，跳转到实名认证画面
Thu, 10 Sep 2020 17:01:01-run_all_uicase.py-test_businessInfoReg.py-[line:31]-INFO-[日志信息]: 开始执行脚本test_businessInforReg:

Thu, 10 Sep 2020 17:01:12-test_businessInforReg-Assert.py-[line:123]-INFO-[日志信息]: except_result = actul_result, except_result is 企业基本资料, actul_result is 企业基本资料
Thu, 10 Sep 2020 17:01:12-run_all_uicase.py-test_businessInfoReg.py-[line:42]-INFO-[日志信息]: 企业基本资料画面正常显示
Thu, 10 Sep 2020 17:01:23-test_businessInforReg-Assert.py-[line:123]-INFO-[日志信息]: except_result = actul_result, except_result is 请确认协议内容, actul_result is 请确认协议内容
Thu, 10 Sep 2020 17:01:23-run_all_uicase.py-test_businessInfoReg.py-[line:104]-INFO-[日志信息]: 协议确认画面正常显示
Thu, 10 Sep 2020 17:01:24-test_businessInforReg-Assert.py-[line:123]-INFO-[日志信息]: except_result = actul_result, except_result is 认证中, actul_result is 认证中
Thu, 10 Sep 2020 17:01:24-run_all_uicase.py-test_businessInfoReg.py-[line:114]-INFO-[日志信息]: 企业信息认证中画面正常显示
Thu, 10 Sep 2020 17:01:48-test_businessInforReg-Assert.py-[line:123]-INFO-[日志信息]: except_result = actul_result, except_result is 审核中, actul_result is 审核中
Thu, 10 Sep 2020 17:01:48-run_all_uicase.py-test_businessInfoReg.py-[line:125]-INFO-[日志信息]: 企业信息审核中画面正常显示
Thu, 10 Sep 2020 17:01:48-test_businessInforReg-Assert.py-[line:123]-INFO-[日志信息]: except_result = actul_result, except_result is 企业基本资料, actul_result is 企业基本资料
Thu, 10 Sep 2020 17:01:48-run_all_uicase.py-test_businessInfoReg.py-[line:132]-INFO-[日志信息]: 企业基本资料画面正常显示
Thu, 10 Sep 2020 17:01:50-run_all_uicase.py-test_backStage_examine.py-[line:24]-INFO-[日志信息]: 开始执行脚本test_backstage_examine:

Thu, 10 Sep 2020 17:02:01-run_all_uicase.py-test_backStage_examine.py-[line:73]-INFO-[日志信息]: 成功登录后台系统
Thu, 10 Sep 2020 17:02:06-test_backstage_examine-Assert.py-[line:123]-INFO-[日志信息]: except_result = actul_result, except_result is 用户基本信息, actul_result is 用户基本信息
Thu, 10 Sep 2020 17:02:06-run_all_uicase.py-test_backStage_examine.py-[line:54]-INFO-[日志信息]: 成功进入企业信息审核画面
Thu, 10 Sep 2020 17:02:07-run_all_uicase.py-test_backStage_examine.py-[line:60]-INFO-[日志信息]: 企业认证通过
Thu, 10 Sep 2020 17:02:09-run_all_uicase.py-test_backStage_authentication.py-[line:127]-INFO-[日志信息]: 开始执行脚本test_backStageActCreate:

Thu, 10 Sep 2020 17:02:20-run_all_uicase.py-test_backStage_examine.py-[line:73]-INFO-[日志信息]: 成功登录后台系统
Thu, 10 Sep 2020 17:02:34-run_all_uicase.py-test_backStage_authentication.py-[line:279]-INFO-[日志信息]: 进入担保公司创建页面
Thu, 10 Sep 2020 17:02:37-run_all_uicase.py-test_backStage_authentication.py-[line:277]-INFO-[日志信息]: 进入银行账户创建页面
Thu, 10 Sep 2020 17:02:40-run_all_uicase.py-test_backStage_authentication.py-[line:223]-INFO-[日志信息]: 开始执行脚本test_backStage_authentication:

Thu, 10 Sep 2020 17:02:40-run_all_uicase.py-test_backStage_authentication.py-[line:226]-INFO-[日志信息]: 开始执行脚本test_backStage_authentication:

Thu, 10 Sep 2020 17:02:54-run_all_uicase.py-test_login.py-[line:123]-INFO-[日志信息]: 成功进入到密码重置页面
Thu, 10 Sep 2020 17:02:57-run_all_uicase.py-test_login.py-[line:130]-INFO-[日志信息]: 成功进入到密码修改完成页面
Thu, 10 Sep 2020 17:03:01-run_all_uicase.py-test_login.py-[line:123]-INFO-[日志信息]: 成功进入到密码重置页面
Thu, 10 Sep 2020 17:03:04-run_all_uicase.py-test_login.py-[line:130]-INFO-[日志信息]: 成功进入到密码修改完成页面
Thu, 10 Sep 2020 17:03:05-run_all_uicase.py-test_backStage_examine.py-[line:73]-INFO-[日志信息]: 成功登录后台系统
Thu, 10 Sep 2020 17:03:09-run_all_uicase.py-test_backStage_authentication.py-[line:186]-INFO-[日志信息]: 企业信息认证
Thu, 10 Sep 2020 17:03:12-run_all_uicase.py-test_backStage_authentication.py-[line:203]-INFO-[日志信息]: 协议内容确认页面
Thu, 10 Sep 2020 17:03:14-run_all_uicase.py-test_backStage_authentication.py-[line:210]-INFO-[日志信息]: 二维码认证页面
Thu, 10 Sep 2020 17:03:48-run_all_uicase.py-test_backStage_examine.py-[line:73]-INFO-[日志信息]: 成功登录后台系统
Thu, 10 Sep 2020 17:03:52-run_all_uicase.py-test_backStage_authentication.py-[line:186]-INFO-[日志信息]: 企业信息认证
Thu, 10 Sep 2020 17:03:55-run_all_uicase.py-test_backStage_authentication.py-[line:203]-INFO-[日志信息]: 协议内容确认页面
