Mon, 28 Dec 2020 10:37:09-run_all_case.py-run_all_case.py-[line:57]-INFO-[日志信息]: ==================================2020-12-28 10:37:09===================================
Mon, 28 Dec 2020 10:37:17-run_all_case.py-test_login.py-[line:54]-INFO-[日志信息]: 开始执行脚本test_companyRegister:

Mon, 28 Dec 2020 10:37:28-run_all_case.py-test_login.py-[line:70]-INFO-[日志信息]: 对已注册的账户进行删除操作
Mon, 28 Dec 2020 10:37:32-test_companyRegister-Assert.py-[line:124]-INFO-[日志信息]: except_result = actul_result, except_result is 中小微企业金融服务聚合平台, actul_result is 中小微企业金融服务聚合平台
Mon, 28 Dec 2020 10:37:32-run_all_case.py-test_login.py-[line:98]-INFO-[日志信息]: 注册成功，返回到登陆页面
Mon, 28 Dec 2020 10:37:35-run_all_case.py-test_personalInfoReg.py-[line:34]-INFO-[日志信息]: 开始执行脚本test_infoReg:

Mon, 28 Dec 2020 10:37:35-run_all_case.py-test_personalInfoReg.py-[line:38]-INFO-[日志信息]: 对个人信息企业信息进行删除操作
Mon, 28 Dec 2020 10:37:47-test_infoReg-Assert.py-[line:124]-INFO-[日志信息]: except_result = actul_result, except_result is 首页, actul_result is 首页
Mon, 28 Dec 2020 10:37:47-run_all_case.py-test_personalInfoReg.py-[line:60]-INFO-[日志信息]: 进入登陆页面
Mon, 28 Dec 2020 10:38:04-test_infoReg-Assert.py-[line:124]-INFO-[日志信息]: except_result = actul_result, except_result is 认证中, actul_result is 认证中
Mon, 28 Dec 2020 10:38:04-run_all_case.py-test_personalInfoReg.py-[line:84]-INFO-[日志信息]: 实名认证中画面显示
Mon, 28 Dec 2020 10:38:04-test_infoReg-Assert.py-[line:124]-INFO-[日志信息]: except_result = actul_result, except_result is 李涛, actul_result is 李涛
Mon, 28 Dec 2020 10:38:04-test_infoReg-Assert.py-[line:124]-INFO-[日志信息]: except_result = actul_result, except_result is 410184198105155611, actul_result is 410184198105155611
Mon, 28 Dec 2020 10:38:04-test_infoReg-Assert.py-[line:124]-INFO-[日志信息]: except_result = actul_result, except_result is 17621100030, actul_result is 17621100030
Mon, 28 Dec 2020 10:38:14-test_infoReg-Assert.py-[line:124]-INFO-[日志信息]: except_result = actul_result, except_result is 认证成功, actul_result is 认证成功
Mon, 28 Dec 2020 10:38:14-run_all_case.py-test_personalInfoReg.py-[line:98]-INFO-[日志信息]: 实名认证成功画面显示
Mon, 28 Dec 2020 10:38:14-test_infoReg-Assert.py-[line:124]-INFO-[日志信息]: except_result = actul_result, except_result is 实名认证, actul_result is 实名认证
Mon, 28 Dec 2020 10:38:14-run_all_case.py-test_personalInfoReg.py-[line:103]-INFO-[日志信息]: 点击查看认证信息按钮，跳转到实名认证画面
Mon, 28 Dec 2020 10:38:16-run_all_case.py-test_businessInfoReg.py-[line:37]-INFO-[日志信息]: 开始执行脚本test_businessInforReg:

Mon, 28 Dec 2020 10:38:27-test_businessInforReg-Assert.py-[line:124]-INFO-[日志信息]: except_result = actul_result, except_result is 企业基本资料, actul_result is 企业基本资料
Mon, 28 Dec 2020 10:38:27-run_all_case.py-test_businessInfoReg.py-[line:56]-INFO-[日志信息]: 企业基本资料画面正常显示
Mon, 28 Dec 2020 10:38:45-test_businessInforReg-Assert.py-[line:124]-INFO-[日志信息]: except_result = actul_result, except_result is 请确认协议内容, actul_result is 请确认协议内容
Mon, 28 Dec 2020 10:38:45-run_all_case.py-test_businessInfoReg.py-[line:160]-INFO-[日志信息]: 协议确认画面正常显示
Mon, 28 Dec 2020 10:38:51-test_businessInforReg-Assert.py-[line:124]-INFO-[日志信息]: except_result = actul_result, except_result is 认证中, actul_result is 认证中
Mon, 28 Dec 2020 10:38:51-run_all_case.py-test_businessInfoReg.py-[line:170]-INFO-[日志信息]: 企业信息认证中画面正常显示
