Thu, 05 Nov 2020 08:44:30-run_all_case.py-run_all_case.py-[line:42]-INFO-[日志信息]: ==================================2020-11-05 08:44:30===================================
Thu, 05 Nov 2020 08:44:30-run_all_case.py-test_login.py-[line:57]-INFO-[日志信息]: 开始执行脚本test_companyRegister:

Thu, 05 Nov 2020 08:44:41-run_all_case.py-test_login.py-[line:64]-INFO-[日志信息]: 对已注册的账户进行删除操作
Thu, 05 Nov 2020 08:44:45-run_all_case.py-test_personalInfoReg.py-[line:34]-INFO-[日志信息]: 开始执行脚本test_infoReg:

Thu, 05 Nov 2020 08:44:45-run_all_case.py-test_personalInfoReg.py-[line:38]-INFO-[日志信息]: 对个人信息企业信息进行删除操作
Thu, 05 Nov 2020 08:45:00-run_all_case.py-run_all_case.py-[line:42]-INFO-[日志信息]: ==================================2020-11-05 08:45:00===================================
Thu, 05 Nov 2020 08:45:00-run_all_case.py-test_login.py-[line:57]-INFO-[日志信息]: 开始执行脚本test_companyRegister:

Thu, 05 Nov 2020 08:45:10-run_all_case.py-test_login.py-[line:64]-INFO-[日志信息]: 对已注册的账户进行删除操作
Thu, 05 Nov 2020 08:45:14-run_all_case.py-test_personalInfoReg.py-[line:34]-INFO-[日志信息]: 开始执行脚本test_infoReg:

Thu, 05 Nov 2020 08:45:14-run_all_case.py-test_personalInfoReg.py-[line:38]-INFO-[日志信息]: 对个人信息企业信息进行删除操作
Thu, 05 Nov 2020 08:45:34-run_all_case.py-run_all_case.py-[line:42]-INFO-[日志信息]: ==================================2020-11-05 08:45:34===================================
Thu, 05 Nov 2020 08:45:34-run_all_case.py-test_login.py-[line:57]-INFO-[日志信息]: 开始执行脚本test_companyRegister:

Thu, 05 Nov 2020 08:45:45-run_all_case.py-test_login.py-[line:64]-INFO-[日志信息]: 对已注册的账户进行删除操作
Thu, 05 Nov 2020 08:45:48-run_all_case.py-test_personalInfoReg.py-[line:34]-INFO-[日志信息]: 开始执行脚本test_infoReg:

Thu, 05 Nov 2020 08:45:48-run_all_case.py-test_personalInfoReg.py-[line:38]-INFO-[日志信息]: 对个人信息企业信息进行删除操作
Thu, 05 Nov 2020 08:50:48-run_all_case.py-run_all_case.py-[line:42]-INFO-[日志信息]: ==================================2020-11-05 08:50:48===================================
Thu, 05 Nov 2020 08:50:48-run_all_case.py-test_login.py-[line:57]-INFO-[日志信息]: 开始执行脚本test_companyRegister:

Thu, 05 Nov 2020 08:50:58-run_all_case.py-test_login.py-[line:64]-INFO-[日志信息]: 对已注册的账户进行删除操作
Thu, 05 Nov 2020 08:51:02-run_all_case.py-test_personalInfoReg.py-[line:34]-INFO-[日志信息]: 开始执行脚本test_infoReg:

Thu, 05 Nov 2020 08:51:02-run_all_case.py-test_personalInfoReg.py-[line:38]-INFO-[日志信息]: 对个人信息企业信息进行删除操作
Thu, 05 Nov 2020 09:02:01-run_all_case.py-run_all_case.py-[line:42]-INFO-[日志信息]: ==================================2020-11-05 09:02:01===================================
Thu, 05 Nov 2020 09:02:01-run_all_case.py-test_login.py-[line:57]-INFO-[日志信息]: 开始执行脚本test_companyRegister:

Thu, 05 Nov 2020 09:02:11-run_all_case.py-test_login.py-[line:64]-INFO-[日志信息]: 对已注册的账户进行删除操作
Thu, 05 Nov 2020 09:02:15-run_all_case.py-test_personalInfoReg.py-[line:34]-INFO-[日志信息]: 开始执行脚本test_infoReg:

Thu, 05 Nov 2020 09:02:15-run_all_case.py-test_personalInfoReg.py-[line:38]-INFO-[日志信息]: 对个人信息企业信息进行删除操作
Thu, 05 Nov 2020 09:02:33-run_all_case.py-test_businessInfoReg.py-[line:38]-INFO-[日志信息]: 开始执行脚本test_businessInforReg:

Thu, 05 Nov 2020 09:02:44-run_all_case.py-run_all_case.py-[line:42]-INFO-[日志信息]: ==================================2020-11-05 09:02:44===================================
Thu, 05 Nov 2020 09:02:44-run_all_case.py-test_login.py-[line:57]-INFO-[日志信息]: 开始执行脚本test_companyRegister:

Thu, 05 Nov 2020 09:02:55-run_all_case.py-test_login.py-[line:64]-INFO-[日志信息]: 对已注册的账户进行删除操作
Thu, 05 Nov 2020 09:02:58-run_all_case.py-test_personalInfoReg.py-[line:34]-INFO-[日志信息]: 开始执行脚本test_infoReg:

Thu, 05 Nov 2020 09:02:58-run_all_case.py-test_personalInfoReg.py-[line:38]-INFO-[日志信息]: 对个人信息企业信息进行删除操作
Thu, 05 Nov 2020 09:03:42-run_all_case.py-test_businessInfoReg.py-[line:38]-INFO-[日志信息]: 开始执行脚本test_businessInforReg:

Thu, 05 Nov 2020 09:12:09-run_all_case.py-run_all_case.py-[line:42]-INFO-[日志信息]: ==================================2020-11-05 09:12:09===================================
Thu, 05 Nov 2020 09:12:10-run_all_case.py-test_login.py-[line:57]-INFO-[日志信息]: 开始执行脚本test_companyRegister:

Thu, 05 Nov 2020 09:12:20-run_all_case.py-test_login.py-[line:64]-INFO-[日志信息]: 对已注册的账户进行删除操作
Thu, 05 Nov 2020 09:12:24-run_all_case.py-test_personalInfoReg.py-[line:34]-INFO-[日志信息]: 开始执行脚本test_infoReg:

Thu, 05 Nov 2020 09:12:24-run_all_case.py-test_personalInfoReg.py-[line:38]-INFO-[日志信息]: 对个人信息企业信息进行删除操作
Thu, 05 Nov 2020 09:12:35-test_infoReg-Assert.py-[line:124]-INFO-[日志信息]: except_result = actul_result, except_result is 首页, actul_result is 首页
Thu, 05 Nov 2020 09:12:35-run_all_case.py-test_personalInfoReg.py-[line:52]-INFO-[日志信息]: 进入登陆页面
Thu, 05 Nov 2020 09:14:24-run_all_case.py-run_all_case.py-[line:42]-INFO-[日志信息]: ==================================2020-11-05 09:14:24===================================
Thu, 05 Nov 2020 09:14:25-run_all_case.py-test_login.py-[line:57]-INFO-[日志信息]: 开始执行脚本test_companyRegister:

Thu, 05 Nov 2020 09:14:35-run_all_case.py-test_login.py-[line:64]-INFO-[日志信息]: 对已注册的账户进行删除操作
Thu, 05 Nov 2020 09:14:39-run_all_case.py-test_personalInfoReg.py-[line:34]-INFO-[日志信息]: 开始执行脚本test_infoReg:

Thu, 05 Nov 2020 09:14:39-run_all_case.py-test_personalInfoReg.py-[line:38]-INFO-[日志信息]: 对个人信息企业信息进行删除操作
Thu, 05 Nov 2020 09:14:50-test_infoReg-Assert.py-[line:124]-INFO-[日志信息]: except_result = actul_result, except_result is 首页, actul_result is 首页
Thu, 05 Nov 2020 09:14:50-run_all_case.py-test_personalInfoReg.py-[line:52]-INFO-[日志信息]: 进入登陆页面
Thu, 05 Nov 2020 09:15:20-run_all_case.py-test_businessInfoReg.py-[line:38]-INFO-[日志信息]: 开始执行脚本test_businessInforReg:

Thu, 05 Nov 2020 09:35:37-run_all_case.py-run_all_case.py-[line:42]-INFO-[日志信息]: ==================================2020-11-05 09:35:37===================================
Thu, 05 Nov 2020 09:35:38-run_all_case.py-test_login.py-[line:57]-INFO-[日志信息]: 开始执行脚本test_companyRegister:

Thu, 05 Nov 2020 09:47:19-run_all_case.py-run_all_case.py-[line:42]-INFO-[日志信息]: ==================================2020-11-05 09:47:19===================================
Thu, 05 Nov 2020 09:47:19-run_all_case.py-test_login.py-[line:57]-INFO-[日志信息]: 开始执行脚本test_companyRegister:

Thu, 05 Nov 2020 09:47:30-run_all_case.py-test_login.py-[line:64]-INFO-[日志信息]: 对已注册的账户进行删除操作
Thu, 05 Nov 2020 09:47:33-run_all_case.py-test_personalInfoReg.py-[line:34]-INFO-[日志信息]: 开始执行脚本test_infoReg:

Thu, 05 Nov 2020 09:47:33-run_all_case.py-test_personalInfoReg.py-[line:38]-INFO-[日志信息]: 对个人信息企业信息进行删除操作
Thu, 05 Nov 2020 09:48:17-run_all_case.py-test_businessInfoReg.py-[line:38]-INFO-[日志信息]: 开始执行脚本test_businessInforReg:

