Wed, 30 Sep 2020 09:50:15-run_all_case.py-run_all_case.py-[line:31]-INFO-[日志信息]: ==================================2020-09-30 09:50:15===================================
Wed, 30 Sep 2020 09:50:30-run_all_case.py-test_login.py-[line:56]-INFO-[日志信息]: 开始执行脚本test_companyRegister:

Wed, 30 Sep 2020 09:50:42-run_all_case.py-test_login.py-[line:63]-INFO-[日志信息]: 对已注册的账户进行删除操作
Wed, 30 Sep 2020 09:50:46-test_companyRegister-Assert.py-[line:124]-INFO-[日志信息]: except_result = actul_result, except_result is 中小微企业金融服务聚合平台, actul_result is 中小微企业金融服务聚合平台
Wed, 30 Sep 2020 09:50:46-run_all_case.py-test_login.py-[line:91]-INFO-[日志信息]: 注册成功，返回到登陆页面
Wed, 30 Sep 2020 09:50:49-run_all_case.py-test_personalInfoReg.py-[line:34]-INFO-[日志信息]: 开始执行脚本test_infoReg:

Wed, 30 Sep 2020 09:50:49-run_all_case.py-test_personalInfoReg.py-[line:38]-INFO-[日志信息]: 对个人信息企业信息进行删除操作
Wed, 30 Sep 2020 09:51:01-test_infoReg-Assert.py-[line:124]-INFO-[日志信息]: except_result = actul_result, except_result is 首页, actul_result is 首页
Wed, 30 Sep 2020 09:51:01-run_all_case.py-test_personalInfoReg.py-[line:52]-INFO-[日志信息]: 进入登陆页面
Wed, 30 Sep 2020 09:51:05-test_infoReg-Assert.py-[line:124]-INFO-[日志信息]: except_result = actul_result, except_result is 实名认证, actul_result is 实名认证
Wed, 30 Sep 2020 09:51:05-run_all_case.py-test_personalInfoReg.py-[line:58]-INFO-[日志信息]: 实名认证画面成功显示
Wed, 30 Sep 2020 09:52:25-run_all_case.py-run_all_case.py-[line:31]-INFO-[日志信息]: ==================================2020-09-30 09:52:25===================================
Wed, 30 Sep 2020 09:52:40-run_all_case.py-test_login.py-[line:56]-INFO-[日志信息]: 开始执行脚本test_companyRegister:

Wed, 30 Sep 2020 09:52:51-run_all_case.py-test_login.py-[line:63]-INFO-[日志信息]: 对已注册的账户进行删除操作
Wed, 30 Sep 2020 09:52:55-test_companyRegister-Assert.py-[line:124]-INFO-[日志信息]: except_result = actul_result, except_result is 中小微企业金融服务聚合平台, actul_result is 中小微企业金融服务聚合平台
Wed, 30 Sep 2020 09:52:55-run_all_case.py-test_login.py-[line:91]-INFO-[日志信息]: 注册成功，返回到登陆页面
Wed, 30 Sep 2020 09:52:58-run_all_case.py-test_personalInfoReg.py-[line:34]-INFO-[日志信息]: 开始执行脚本test_infoReg:

Wed, 30 Sep 2020 09:52:58-run_all_case.py-test_personalInfoReg.py-[line:38]-INFO-[日志信息]: 对个人信息企业信息进行删除操作
Wed, 30 Sep 2020 09:53:10-test_infoReg-Assert.py-[line:124]-INFO-[日志信息]: except_result = actul_result, except_result is 首页, actul_result is 首页
Wed, 30 Sep 2020 09:53:10-run_all_case.py-test_personalInfoReg.py-[line:52]-INFO-[日志信息]: 进入登陆页面
Wed, 30 Sep 2020 09:53:11-test_infoReg-Assert.py-[line:124]-INFO-[日志信息]: except_result = actul_result, except_result is 实名认证, actul_result is 实名认证
Wed, 30 Sep 2020 09:53:11-run_all_case.py-test_personalInfoReg.py-[line:58]-INFO-[日志信息]: 实名认证画面成功显示
Wed, 30 Sep 2020 09:53:18-test_infoReg-Assert.py-[line:124]-INFO-[日志信息]: except_result = actul_result, except_result is 认证中, actul_result is 认证中
Wed, 30 Sep 2020 09:53:18-run_all_case.py-test_personalInfoReg.py-[line:96]-INFO-[日志信息]: 实名认证中画面显示
Wed, 30 Sep 2020 09:53:18-test_infoReg-Assert.py-[line:124]-INFO-[日志信息]: except_result = actul_result, except_result is 马化腾, actul_result is 马化腾
Wed, 30 Sep 2020 09:53:18-test_infoReg-Assert.py-[line:124]-INFO-[日志信息]: except_result = actul_result, except_result is 11010119900307475X, actul_result is 11010119900307475X
Wed, 30 Sep 2020 09:53:18-test_infoReg-Assert.py-[line:124]-INFO-[日志信息]: except_result = actul_result, except_result is 17082238021, actul_result is 17082238021
Wed, 30 Sep 2020 09:54:16-run_all_case.py-run_all_case.py-[line:31]-INFO-[日志信息]: ==================================2020-09-30 09:54:16===================================
Wed, 30 Sep 2020 09:54:32-run_all_case.py-test_login.py-[line:56]-INFO-[日志信息]: 开始执行脚本test_companyRegister:

Wed, 30 Sep 2020 09:54:42-run_all_case.py-test_login.py-[line:63]-INFO-[日志信息]: 对已注册的账户进行删除操作
Wed, 30 Sep 2020 09:54:46-test_companyRegister-Assert.py-[line:124]-INFO-[日志信息]: except_result = actul_result, except_result is 中小微企业金融服务聚合平台, actul_result is 中小微企业金融服务聚合平台
Wed, 30 Sep 2020 09:54:46-run_all_case.py-test_login.py-[line:91]-INFO-[日志信息]: 注册成功，返回到登陆页面
Wed, 30 Sep 2020 09:54:49-run_all_case.py-test_personalInfoReg.py-[line:34]-INFO-[日志信息]: 开始执行脚本test_infoReg:

Wed, 30 Sep 2020 09:54:49-run_all_case.py-test_personalInfoReg.py-[line:38]-INFO-[日志信息]: 对个人信息企业信息进行删除操作
Wed, 30 Sep 2020 09:55:01-test_infoReg-Assert.py-[line:124]-INFO-[日志信息]: except_result = actul_result, except_result is 首页, actul_result is 首页
Wed, 30 Sep 2020 09:55:01-run_all_case.py-test_personalInfoReg.py-[line:52]-INFO-[日志信息]: 进入登陆页面
Wed, 30 Sep 2020 09:55:02-test_infoReg-Assert.py-[line:124]-INFO-[日志信息]: except_result = actul_result, except_result is 实名认证, actul_result is 实名认证
Wed, 30 Sep 2020 09:55:02-run_all_case.py-test_personalInfoReg.py-[line:58]-INFO-[日志信息]: 实名认证画面成功显示
Wed, 30 Sep 2020 09:55:15-test_infoReg-Assert.py-[line:124]-INFO-[日志信息]: except_result = actul_result, except_result is 认证中, actul_result is 认证中
Wed, 30 Sep 2020 09:55:15-run_all_case.py-test_personalInfoReg.py-[line:96]-INFO-[日志信息]: 实名认证中画面显示
Wed, 30 Sep 2020 09:55:15-test_infoReg-Assert.py-[line:124]-INFO-[日志信息]: except_result = actul_result, except_result is 马化腾, actul_result is 马化腾
Wed, 30 Sep 2020 09:55:15-test_infoReg-Assert.py-[line:124]-INFO-[日志信息]: except_result = actul_result, except_result is 11010119900307475X, actul_result is 11010119900307475X
Wed, 30 Sep 2020 09:55:15-test_infoReg-Assert.py-[line:124]-INFO-[日志信息]: except_result = actul_result, except_result is 17082238021, actul_result is 17082238021
Wed, 30 Sep 2020 09:57:38-run_all_case.py-run_all_case.py-[line:31]-INFO-[日志信息]: ==================================2020-09-30 09:57:38===================================
Wed, 30 Sep 2020 09:57:54-run_all_case.py-test_login.py-[line:56]-INFO-[日志信息]: 开始执行脚本test_companyRegister:

Wed, 30 Sep 2020 09:58:04-run_all_case.py-test_login.py-[line:63]-INFO-[日志信息]: 对已注册的账户进行删除操作
Wed, 30 Sep 2020 09:58:08-test_companyRegister-Assert.py-[line:124]-INFO-[日志信息]: except_result = actul_result, except_result is 中小微企业金融服务聚合平台, actul_result is 中小微企业金融服务聚合平台
Wed, 30 Sep 2020 09:58:08-run_all_case.py-test_login.py-[line:91]-INFO-[日志信息]: 注册成功，返回到登陆页面
Wed, 30 Sep 2020 09:58:11-run_all_case.py-test_personalInfoReg.py-[line:34]-INFO-[日志信息]: 开始执行脚本test_infoReg:

Wed, 30 Sep 2020 09:58:11-run_all_case.py-test_personalInfoReg.py-[line:38]-INFO-[日志信息]: 对个人信息企业信息进行删除操作
Wed, 30 Sep 2020 09:58:22-test_infoReg-Assert.py-[line:124]-INFO-[日志信息]: except_result = actul_result, except_result is 首页, actul_result is 首页
Wed, 30 Sep 2020 09:58:22-run_all_case.py-test_personalInfoReg.py-[line:52]-INFO-[日志信息]: 进入登陆页面
Wed, 30 Sep 2020 09:58:23-test_infoReg-Assert.py-[line:124]-INFO-[日志信息]: except_result = actul_result, except_result is 实名认证, actul_result is 实名认证
Wed, 30 Sep 2020 09:58:23-run_all_case.py-test_personalInfoReg.py-[line:58]-INFO-[日志信息]: 实名认证画面成功显示
Wed, 30 Sep 2020 10:01:39-run_all_case.py-run_all_case.py-[line:31]-INFO-[日志信息]: ==================================2020-09-30 10:01:39===================================
Wed, 30 Sep 2020 10:01:55-run_all_case.py-test_login.py-[line:56]-INFO-[日志信息]: 开始执行脚本test_companyRegister:

Wed, 30 Sep 2020 10:02:05-run_all_case.py-test_login.py-[line:63]-INFO-[日志信息]: 对已注册的账户进行删除操作
Wed, 30 Sep 2020 10:02:09-test_companyRegister-Assert.py-[line:124]-INFO-[日志信息]: except_result = actul_result, except_result is 中小微企业金融服务聚合平台, actul_result is 中小微企业金融服务聚合平台
Wed, 30 Sep 2020 10:02:09-run_all_case.py-test_login.py-[line:91]-INFO-[日志信息]: 注册成功，返回到登陆页面
Wed, 30 Sep 2020 10:02:12-run_all_case.py-test_personalInfoReg.py-[line:34]-INFO-[日志信息]: 开始执行脚本test_infoReg:

Wed, 30 Sep 2020 10:02:12-run_all_case.py-test_personalInfoReg.py-[line:38]-INFO-[日志信息]: 对个人信息企业信息进行删除操作
Wed, 30 Sep 2020 10:02:24-test_infoReg-Assert.py-[line:124]-INFO-[日志信息]: except_result = actul_result, except_result is 首页, actul_result is 首页
Wed, 30 Sep 2020 10:02:24-run_all_case.py-test_personalInfoReg.py-[line:52]-INFO-[日志信息]: 进入登陆页面
Wed, 30 Sep 2020 10:02:25-test_infoReg-Assert.py-[line:124]-INFO-[日志信息]: except_result = actul_result, except_result is 实名认证, actul_result is 实名认证
Wed, 30 Sep 2020 10:02:25-run_all_case.py-test_personalInfoReg.py-[line:58]-INFO-[日志信息]: 实名认证画面成功显示
Wed, 30 Sep 2020 10:05:09-run_all_case.py-test_businessInfoReg.py-[line:33]-INFO-[日志信息]: 开始执行脚本test_businessInforReg:

Wed, 30 Sep 2020 10:05:31-run_all_case.py-run_all_case.py-[line:31]-INFO-[日志信息]: ==================================2020-09-30 10:05:31===================================
Wed, 30 Sep 2020 10:05:46-run_all_case.py-test_login.py-[line:56]-INFO-[日志信息]: 开始执行脚本test_companyRegister:

Wed, 30 Sep 2020 10:05:56-run_all_case.py-test_login.py-[line:63]-INFO-[日志信息]: 对已注册的账户进行删除操作
Wed, 30 Sep 2020 10:06:00-test_companyRegister-Assert.py-[line:124]-INFO-[日志信息]: except_result = actul_result, except_result is 中小微企业金融服务聚合平台, actul_result is 中小微企业金融服务聚合平台
Wed, 30 Sep 2020 10:06:00-run_all_case.py-test_login.py-[line:91]-INFO-[日志信息]: 注册成功，返回到登陆页面
Wed, 30 Sep 2020 10:06:04-run_all_case.py-test_personalInfoReg.py-[line:34]-INFO-[日志信息]: 开始执行脚本test_infoReg:

Wed, 30 Sep 2020 10:06:04-run_all_case.py-test_personalInfoReg.py-[line:38]-INFO-[日志信息]: 对个人信息企业信息进行删除操作
Wed, 30 Sep 2020 10:06:15-test_infoReg-Assert.py-[line:124]-INFO-[日志信息]: except_result = actul_result, except_result is 首页, actul_result is 首页
Wed, 30 Sep 2020 10:06:15-run_all_case.py-test_personalInfoReg.py-[line:52]-INFO-[日志信息]: 进入登陆页面
Wed, 30 Sep 2020 10:06:19-test_infoReg-Assert.py-[line:124]-INFO-[日志信息]: except_result = actul_result, except_result is 实名认证, actul_result is 实名认证
Wed, 30 Sep 2020 10:06:19-run_all_case.py-test_personalInfoReg.py-[line:58]-INFO-[日志信息]: 实名认证画面成功显示
Wed, 30 Sep 2020 10:06:32-test_infoReg-Assert.py-[line:124]-INFO-[日志信息]: except_result = actul_result, except_result is 认证中, actul_result is 认证中
Wed, 30 Sep 2020 10:06:32-run_all_case.py-test_personalInfoReg.py-[line:96]-INFO-[日志信息]: 实名认证中画面显示
Wed, 30 Sep 2020 10:06:32-test_infoReg-Assert.py-[line:124]-INFO-[日志信息]: except_result = actul_result, except_result is 马化腾, actul_result is 马化腾
Wed, 30 Sep 2020 10:06:32-test_infoReg-Assert.py-[line:124]-INFO-[日志信息]: except_result = actul_result, except_result is 11010119900307475X, actul_result is 11010119900307475X
Wed, 30 Sep 2020 10:06:32-test_infoReg-Assert.py-[line:124]-INFO-[日志信息]: except_result = actul_result, except_result is 17082238021, actul_result is 17082238021
Wed, 30 Sep 2020 10:08:08-run_all_case.py-run_all_case.py-[line:31]-INFO-[日志信息]: ==================================2020-09-30 10:08:08===================================
Wed, 30 Sep 2020 10:08:23-run_all_case.py-test_login.py-[line:56]-INFO-[日志信息]: 开始执行脚本test_companyRegister:

Wed, 30 Sep 2020 10:08:34-run_all_case.py-test_login.py-[line:63]-INFO-[日志信息]: 对已注册的账户进行删除操作
Wed, 30 Sep 2020 10:08:38-test_companyRegister-Assert.py-[line:124]-INFO-[日志信息]: except_result = actul_result, except_result is 中小微企业金融服务聚合平台, actul_result is 中小微企业金融服务聚合平台
Wed, 30 Sep 2020 10:08:38-run_all_case.py-test_login.py-[line:91]-INFO-[日志信息]: 注册成功，返回到登陆页面
Wed, 30 Sep 2020 10:08:41-run_all_case.py-test_personalInfoReg.py-[line:34]-INFO-[日志信息]: 开始执行脚本test_infoReg:

Wed, 30 Sep 2020 10:08:41-run_all_case.py-test_personalInfoReg.py-[line:38]-INFO-[日志信息]: 对个人信息企业信息进行删除操作
Wed, 30 Sep 2020 10:08:53-test_infoReg-Assert.py-[line:124]-INFO-[日志信息]: except_result = actul_result, except_result is 首页, actul_result is 首页
Wed, 30 Sep 2020 10:08:53-run_all_case.py-test_personalInfoReg.py-[line:52]-INFO-[日志信息]: 进入登陆页面
Wed, 30 Sep 2020 10:08:54-test_infoReg-Assert.py-[line:124]-INFO-[日志信息]: except_result = actul_result, except_result is 实名认证, actul_result is 实名认证
Wed, 30 Sep 2020 10:08:54-run_all_case.py-test_personalInfoReg.py-[line:58]-INFO-[日志信息]: 实名认证画面成功显示
Wed, 30 Sep 2020 10:09:10-test_infoReg-Assert.py-[line:124]-INFO-[日志信息]: except_result = actul_result, except_result is 认证中, actul_result is 认证中
Wed, 30 Sep 2020 10:09:10-run_all_case.py-test_personalInfoReg.py-[line:96]-INFO-[日志信息]: 实名认证中画面显示
Wed, 30 Sep 2020 10:09:10-test_infoReg-Assert.py-[line:124]-INFO-[日志信息]: except_result = actul_result, except_result is 马化腾, actul_result is 马化腾
Wed, 30 Sep 2020 10:09:10-test_infoReg-Assert.py-[line:124]-INFO-[日志信息]: except_result = actul_result, except_result is 11010119900307475X, actul_result is 11010119900307475X
Wed, 30 Sep 2020 10:09:10-test_infoReg-Assert.py-[line:124]-INFO-[日志信息]: except_result = actul_result, except_result is 17082238021, actul_result is 17082238021
Wed, 30 Sep 2020 10:11:39-run_all_case.py-run_all_case.py-[line:31]-INFO-[日志信息]: ==================================2020-09-30 10:11:39===================================
Wed, 30 Sep 2020 10:11:54-run_all_case.py-run_all_case.py-[line:31]-INFO-[日志信息]: ==================================2020-09-30 10:11:54===================================
Wed, 30 Sep 2020 10:12:10-run_all_case.py-test_login.py-[line:56]-INFO-[日志信息]: 开始执行脚本test_companyRegister:

Wed, 30 Sep 2020 10:12:20-run_all_case.py-test_login.py-[line:63]-INFO-[日志信息]: 对已注册的账户进行删除操作
Wed, 30 Sep 2020 10:12:24-test_companyRegister-Assert.py-[line:124]-INFO-[日志信息]: except_result = actul_result, except_result is 中小微企业金融服务聚合平台, actul_result is 中小微企业金融服务聚合平台
Wed, 30 Sep 2020 10:12:24-run_all_case.py-test_login.py-[line:91]-INFO-[日志信息]: 注册成功，返回到登陆页面
Wed, 30 Sep 2020 10:12:27-run_all_case.py-test_personalInfoReg.py-[line:34]-INFO-[日志信息]: 开始执行脚本test_infoReg:

Wed, 30 Sep 2020 10:12:27-run_all_case.py-test_personalInfoReg.py-[line:38]-INFO-[日志信息]: 对个人信息企业信息进行删除操作
Wed, 30 Sep 2020 10:12:39-test_infoReg-Assert.py-[line:124]-INFO-[日志信息]: except_result = actul_result, except_result is 首页, actul_result is 首页
Wed, 30 Sep 2020 10:12:39-run_all_case.py-test_personalInfoReg.py-[line:52]-INFO-[日志信息]: 进入登陆页面
Wed, 30 Sep 2020 10:12:40-test_infoReg-Assert.py-[line:124]-INFO-[日志信息]: except_result = actul_result, except_result is 实名认证, actul_result is 实名认证
Wed, 30 Sep 2020 10:12:40-run_all_case.py-test_personalInfoReg.py-[line:58]-INFO-[日志信息]: 实名认证画面成功显示
Wed, 30 Sep 2020 12:59:01-run_all_case.py-run_all_case.py-[line:31]-INFO-[日志信息]: ==================================2020-09-30 12:59:01===================================
Wed, 30 Sep 2020 12:59:34-run_all_case.py-test_businessInfoReg.py-[line:33]-INFO-[日志信息]: 开始执行脚本test_businessInforReg:

Wed, 30 Sep 2020 12:59:56-run_all_case.py-run_all_case.py-[line:31]-INFO-[日志信息]: ==================================2020-09-30 12:59:56===================================
Wed, 30 Sep 2020 13:00:29-run_all_case.py-test_businessInfoReg.py-[line:33]-INFO-[日志信息]: 开始执行脚本test_businessInforReg:

Wed, 30 Sep 2020 13:02:19-run_all_case.py-run_all_case.py-[line:31]-INFO-[日志信息]: ==================================2020-09-30 13:02:19===================================
Wed, 30 Sep 2020 13:02:52-run_all_case.py-test_businessInfoReg.py-[line:33]-INFO-[日志信息]: 开始执行脚本test_businessInforReg:

Wed, 30 Sep 2020 13:05:19-run_all_case.py-run_all_case.py-[line:31]-INFO-[日志信息]: ==================================2020-09-30 13:05:19===================================
Wed, 30 Sep 2020 13:05:55-run_all_case.py-test_login.py-[line:101]-INFO-[日志信息]: 小程序个人实名认证页面
Wed, 30 Sep 2020 13:06:12-run_all_case.py-test_businessInfoReg.py-[line:33]-INFO-[日志信息]: 开始执行脚本test_businessInforReg:

