Wed, 23 Sep 2020 09:29:39-run_all_case.py-run_all_case.py-[line:27]-INFO-[日志信息]: ==================================2020-09-23 09:29:39===================================
Wed, 23 Sep 2020 09:29:40-run_all_case.py-test_login.py-[line:53]-INFO-[日志信息]: 开始执行脚本test_companyRegister:

Wed, 23 Sep 2020 09:29:51-run_all_case.py-test_login.py-[line:60]-INFO-[日志信息]: 对已注册的账户进行删除操作
Wed, 23 Sep 2020 09:29:55-test_companyRegister-Assert.py-[line:124]-INFO-[日志信息]: except_result = actul_result, except_result is 中小微企业金融服务聚合平台, actul_result is 中小微企业金融服务聚合平台
Wed, 23 Sep 2020 09:29:55-run_all_case.py-test_login.py-[line:88]-INFO-[日志信息]: 注册成功，返回到登陆页面
Wed, 23 Sep 2020 09:29:58-run_all_case.py-test_personalInfoReg.py-[line:33]-INFO-[日志信息]: 开始执行脚本test_infoReg:

Wed, 23 Sep 2020 09:29:58-run_all_case.py-test_personalInfoReg.py-[line:37]-INFO-[日志信息]: 对个人信息企业信息进行删除操作
Wed, 23 Sep 2020 09:30:10-test_infoReg-Assert.py-[line:124]-INFO-[日志信息]: except_result = actul_result, except_result is 首页, actul_result is 首页
Wed, 23 Sep 2020 09:30:10-run_all_case.py-test_personalInfoReg.py-[line:51]-INFO-[日志信息]: 进入登陆页面
Wed, 23 Sep 2020 09:30:40-run_all_case.py-test_businessInfoReg.py-[line:33]-INFO-[日志信息]: 开始执行脚本test_businessInforReg:

Wed, 23 Sep 2020 10:50:48-run_all_case.py-run_all_case.py-[line:27]-INFO-[日志信息]: ==================================2020-09-23 10:50:48===================================
Wed, 23 Sep 2020 10:50:49-run_all_case.py-test_login.py-[line:53]-INFO-[日志信息]: 开始执行脚本test_companyRegister:

Wed, 23 Sep 2020 10:50:59-run_all_case.py-test_login.py-[line:60]-INFO-[日志信息]: 对已注册的账户进行删除操作
Wed, 23 Sep 2020 10:51:03-test_companyRegister-Assert.py-[line:124]-INFO-[日志信息]: except_result = actul_result, except_result is 中小微企业金融服务聚合平台, actul_result is 中小微企业金融服务聚合平台
Wed, 23 Sep 2020 10:51:03-run_all_case.py-test_login.py-[line:88]-INFO-[日志信息]: 注册成功，返回到登陆页面
Wed, 23 Sep 2020 10:51:07-run_all_case.py-test_personalInfoReg.py-[line:33]-INFO-[日志信息]: 开始执行脚本test_infoReg:

Wed, 23 Sep 2020 10:51:07-run_all_case.py-test_personalInfoReg.py-[line:37]-INFO-[日志信息]: 对个人信息企业信息进行删除操作
Wed, 23 Sep 2020 10:51:18-test_infoReg-Assert.py-[line:124]-INFO-[日志信息]: except_result = actul_result, except_result is 首页, actul_result is 首页
Wed, 23 Sep 2020 10:51:18-run_all_case.py-test_personalInfoReg.py-[line:51]-INFO-[日志信息]: 进入登陆页面
Wed, 23 Sep 2020 10:51:48-run_all_case.py-test_businessInfoReg.py-[line:33]-INFO-[日志信息]: 开始执行脚本test_businessInforReg:

Wed, 23 Sep 2020 10:52:28-run_all_case.py-test_backStage_examine.py-[line:24]-INFO-[日志信息]: 开始执行脚本test_backstage_examine:

Wed, 23 Sep 2020 10:52:50-run_all_case.py-test_backStage_authentication.py-[line:169]-INFO-[日志信息]: 开始执行脚本test_backStageActCreate:

Wed, 23 Sep 2020 10:53:01-run_all_case.py-test_backStage_examine.py-[line:73]-INFO-[日志信息]: 成功登录后台系统
Wed, 23 Sep 2020 10:53:02-run_all_case.py-test_backStage_authentication.py-[line:179]-INFO-[日志信息]: 机构信息DB删除
Wed, 23 Sep 2020 10:53:04-run_all_case.py-test_backStage_authentication.py-[line:274]-INFO-[日志信息]: 开始执行脚本test_backStage_authentication:

Wed, 23 Sep 2020 10:53:04-run_all_case.py-test_backStage_authentication.py-[line:277]-INFO-[日志信息]: 开始执行脚本test_backStage_authentication:

Wed, 23 Sep 2020 10:53:18-run_all_case.py-test_login.py-[line:126]-INFO-[日志信息]: 成功进入到密码重置页面
Wed, 23 Sep 2020 10:53:21-run_all_case.py-test_login.py-[line:133]-INFO-[日志信息]: 成功进入到密码修改完成页面
Wed, 23 Sep 2020 10:53:25-run_all_case.py-test_login.py-[line:126]-INFO-[日志信息]: 成功进入到密码重置页面
Wed, 23 Sep 2020 10:53:28-run_all_case.py-test_login.py-[line:133]-INFO-[日志信息]: 成功进入到密码修改完成页面
Wed, 23 Sep 2020 10:53:58-run_all_case.py-test_Tripartite_interaction.py-[line:137]-INFO-[日志信息]: 开始执行脚本test_Tripartite_interaction:

Wed, 23 Sep 2020 10:54:08-run_all_case.py-test_Tripartite_interaction.py-[line:143]-INFO-[日志信息]: 前端账户登录授信申请
Wed, 23 Sep 2020 10:54:09-run_all_case.py-test_Tripartite_interaction.py-[line:186]-INFO-[日志信息]: 进入到前端首页
Wed, 23 Sep 2020 10:54:09-run_all_case.py-test_Tripartite_interaction.py-[line:189]-INFO-[日志信息]: 进入到前端进入产品选择首页
Wed, 23 Sep 2020 10:54:11-run_all_case.py-test_Tripartite_interaction.py-[line:194]-INFO-[日志信息]: 进入到前端进入产品详情页
Wed, 23 Sep 2020 10:54:11-run_all_case.py-test_Tripartite_interaction.py-[line:198]-INFO-[日志信息]: 进入到前端进入产品借款页
Wed, 23 Sep 2020 10:54:14-run_all_case.py-test_Tripartite_interaction.py-[line:204]-INFO-[日志信息]: 进入授信采购信息页面
Wed, 23 Sep 2020 10:54:16-run_all_case.py-test_Tripartite_interaction.py-[line:226]-INFO-[日志信息]: 进入授信基本资料页面
Wed, 23 Sep 2020 11:00:12-run_all_case.py-run_all_case.py-[line:27]-INFO-[日志信息]: ==================================2020-09-23 11:00:12===================================
Wed, 23 Sep 2020 11:00:13-run_all_case.py-test_login.py-[line:53]-INFO-[日志信息]: 开始执行脚本test_companyRegister:

Wed, 23 Sep 2020 11:00:23-run_all_case.py-test_login.py-[line:60]-INFO-[日志信息]: 对已注册的账户进行删除操作
Wed, 23 Sep 2020 11:00:27-test_companyRegister-Assert.py-[line:124]-INFO-[日志信息]: except_result = actul_result, except_result is 中小微企业金融服务聚合平台, actul_result is 中小微企业金融服务聚合平台
Wed, 23 Sep 2020 11:00:27-run_all_case.py-test_login.py-[line:88]-INFO-[日志信息]: 注册成功，返回到登陆页面
Wed, 23 Sep 2020 11:00:30-run_all_case.py-test_personalInfoReg.py-[line:33]-INFO-[日志信息]: 开始执行脚本test_infoReg:

Wed, 23 Sep 2020 11:00:31-run_all_case.py-test_personalInfoReg.py-[line:37]-INFO-[日志信息]: 对个人信息企业信息进行删除操作
Wed, 23 Sep 2020 11:00:42-test_infoReg-Assert.py-[line:124]-INFO-[日志信息]: except_result = actul_result, except_result is 首页, actul_result is 首页
Wed, 23 Sep 2020 11:00:42-run_all_case.py-test_personalInfoReg.py-[line:51]-INFO-[日志信息]: 进入登陆页面
Wed, 23 Sep 2020 11:01:12-run_all_case.py-test_businessInfoReg.py-[line:33]-INFO-[日志信息]: 开始执行脚本test_businessInforReg:

Wed, 23 Sep 2020 11:01:52-run_all_case.py-test_backStage_examine.py-[line:24]-INFO-[日志信息]: 开始执行脚本test_backstage_examine:

Wed, 23 Sep 2020 11:02:03-run_all_case.py-test_backStage_examine.py-[line:73]-INFO-[日志信息]: 成功登录后台系统
Wed, 23 Sep 2020 11:02:09-run_all_case.py-test_backStage_authentication.py-[line:169]-INFO-[日志信息]: 开始执行脚本test_backStageActCreate:

Wed, 23 Sep 2020 11:02:20-run_all_case.py-test_backStage_examine.py-[line:73]-INFO-[日志信息]: 成功登录后台系统
Wed, 23 Sep 2020 11:02:21-run_all_case.py-test_backStage_authentication.py-[line:179]-INFO-[日志信息]: 机构信息DB删除
Wed, 23 Sep 2020 11:02:23-run_all_case.py-test_backStage_authentication.py-[line:274]-INFO-[日志信息]: 开始执行脚本test_backStage_authentication:

Wed, 23 Sep 2020 11:02:23-run_all_case.py-test_backStage_authentication.py-[line:277]-INFO-[日志信息]: 开始执行脚本test_backStage_authentication:

Wed, 23 Sep 2020 11:02:37-run_all_case.py-test_login.py-[line:126]-INFO-[日志信息]: 成功进入到密码重置页面
Wed, 23 Sep 2020 11:02:39-run_all_case.py-test_login.py-[line:133]-INFO-[日志信息]: 成功进入到密码修改完成页面
Wed, 23 Sep 2020 11:02:44-run_all_case.py-test_login.py-[line:126]-INFO-[日志信息]: 成功进入到密码重置页面
Wed, 23 Sep 2020 11:02:46-run_all_case.py-test_login.py-[line:133]-INFO-[日志信息]: 成功进入到密码修改完成页面
Wed, 23 Sep 2020 11:03:17-run_all_case.py-test_Tripartite_interaction.py-[line:137]-INFO-[日志信息]: 开始执行脚本test_Tripartite_interaction:

Wed, 23 Sep 2020 13:10:44-run_all_case.py-run_all_case.py-[line:27]-INFO-[日志信息]: ==================================2020-09-23 13:10:44===================================
Wed, 23 Sep 2020 13:10:45-run_all_case.py-test_login.py-[line:53]-INFO-[日志信息]: 开始执行脚本test_companyRegister:

