Mon, 17 Aug 2020 09:18:53-run_all_uicase.py-run_all_uicase.py-[line:27]-INFO-[日志信息]: ==================================2020-08-17 09:18:53===================================
Mon, 17 Aug 2020 09:18:54-run_all_uicase.py-test_login.py-[line:51]-INFO-[日志信息]: 开始执行脚本test_companyRegister:

Mon, 17 Aug 2020 09:19:04-run_all_uicase.py-test_login.py-[line:58]-INFO-[日志信息]: 对已注册的账户进行删除操作
Mon, 17 Aug 2020 09:19:08-test_companyRegister-Assert.py-[line:123]-INFO-[日志信息]: except_result = actul_result, except_result is 中小微企业金融服务聚合平台, actul_result is 中小微企业金融服务聚合平台
Mon, 17 Aug 2020 09:19:08-run_all_uicase.py-test_login.py-[line:85]-INFO-[日志信息]: 注册成功，返回到登陆页面
Mon, 17 Aug 2020 09:19:10-run_all_uicase.py-test_personalInfoReg.py-[line:32]-INFO-[日志信息]: 开始执行脚本test_infoReg:

Mon, 17 Aug 2020 09:19:11-run_all_uicase.py-test_personalInfoReg.py-[line:36]-INFO-[日志信息]: 对个人信息企业信息进行删除操作
Mon, 17 Aug 2020 09:19:21-test_infoReg-Assert.py-[line:123]-INFO-[日志信息]: except_result = actul_result, except_result is 首页, actul_result is 首页
Mon, 17 Aug 2020 09:19:21-run_all_uicase.py-test_personalInfoReg.py-[line:49]-INFO-[日志信息]: 进入登陆页面
Mon, 17 Aug 2020 09:19:21-test_infoReg-Assert.py-[line:123]-INFO-[日志信息]: except_result = actul_result, except_result is 实名认证, actul_result is 实名认证
Mon, 17 Aug 2020 09:19:21-run_all_uicase.py-test_personalInfoReg.py-[line:54]-INFO-[日志信息]: 实名认证画面成功显示
Mon, 17 Aug 2020 09:19:23-test_infoReg-Assert.py-[line:123]-INFO-[日志信息]: except_result = actul_result, except_result is 认证中, actul_result is 认证中
Mon, 17 Aug 2020 09:19:23-run_all_uicase.py-test_personalInfoReg.py-[line:89]-INFO-[日志信息]: 实名认证中画面显示
Mon, 17 Aug 2020 09:19:23-test_infoReg-Assert.py-[line:123]-INFO-[日志信息]: except_result = actul_result, except_result is 测试用户, actul_result is 测试用户
Mon, 17 Aug 2020 09:19:23-test_infoReg-Assert.py-[line:123]-INFO-[日志信息]: except_result = actul_result, except_result is 11010119900307475X, actul_result is 11010119900307475X
Mon, 17 Aug 2020 09:19:23-test_infoReg-Assert.py-[line:123]-INFO-[日志信息]: except_result = actul_result, except_result is 17621190001, actul_result is 17621190001
Mon, 17 Aug 2020 09:20:34-run_all_uicase.py-test_businessInfoReg.py-[line:29]-INFO-[日志信息]: 开始执行脚本test_businessInforReg:

Mon, 17 Aug 2020 09:31:59-run_all_uicase.py-run_all_uicase.py-[line:27]-INFO-[日志信息]: ==================================2020-08-17 09:31:59===================================
Mon, 17 Aug 2020 09:31:59-run_all_uicase.py-test_login.py-[line:51]-INFO-[日志信息]: 开始执行脚本test_companyRegister:

Mon, 17 Aug 2020 09:32:09-run_all_uicase.py-test_login.py-[line:58]-INFO-[日志信息]: 对已注册的账户进行删除操作
Mon, 17 Aug 2020 09:32:13-test_companyRegister-Assert.py-[line:123]-INFO-[日志信息]: except_result = actul_result, except_result is 中小微企业金融服务聚合平台, actul_result is 中小微企业金融服务聚合平台
Mon, 17 Aug 2020 09:32:13-run_all_uicase.py-test_login.py-[line:85]-INFO-[日志信息]: 注册成功，返回到登陆页面
Mon, 17 Aug 2020 09:32:15-run_all_uicase.py-test_personalInfoReg.py-[line:32]-INFO-[日志信息]: 开始执行脚本test_infoReg:

Mon, 17 Aug 2020 09:32:15-run_all_uicase.py-test_personalInfoReg.py-[line:36]-INFO-[日志信息]: 对个人信息企业信息进行删除操作
Mon, 17 Aug 2020 09:32:26-test_infoReg-Assert.py-[line:123]-INFO-[日志信息]: except_result = actul_result, except_result is 首页, actul_result is 首页
Mon, 17 Aug 2020 09:32:26-run_all_uicase.py-test_personalInfoReg.py-[line:49]-INFO-[日志信息]: 进入登陆页面
Mon, 17 Aug 2020 09:32:26-test_infoReg-Assert.py-[line:123]-INFO-[日志信息]: except_result = actul_result, except_result is 实名认证, actul_result is 实名认证
Mon, 17 Aug 2020 09:32:26-run_all_uicase.py-test_personalInfoReg.py-[line:54]-INFO-[日志信息]: 实名认证画面成功显示
Mon, 17 Aug 2020 09:32:28-test_infoReg-Assert.py-[line:123]-INFO-[日志信息]: except_result = actul_result, except_result is 认证中, actul_result is 认证中
Mon, 17 Aug 2020 09:32:28-run_all_uicase.py-test_personalInfoReg.py-[line:89]-INFO-[日志信息]: 实名认证中画面显示
Mon, 17 Aug 2020 09:32:28-test_infoReg-Assert.py-[line:123]-INFO-[日志信息]: except_result = actul_result, except_result is 测试用户, actul_result is 测试用户
Mon, 17 Aug 2020 09:32:28-test_infoReg-Assert.py-[line:123]-INFO-[日志信息]: except_result = actul_result, except_result is 11010119900307475X, actul_result is 11010119900307475X
Mon, 17 Aug 2020 09:32:28-test_infoReg-Assert.py-[line:123]-INFO-[日志信息]: except_result = actul_result, except_result is 17621190001, actul_result is 17621190001
Mon, 17 Aug 2020 09:34:00-run_all_uicase.py-test_businessInfoReg.py-[line:29]-INFO-[日志信息]: 开始执行脚本test_businessInforReg:

Mon, 17 Aug 2020 10:30:35-run_all_uicase.py-run_all_uicase.py-[line:27]-INFO-[日志信息]: ==================================2020-08-17 10:30:35===================================
Mon, 17 Aug 2020 10:30:35-run_all_uicase.py-test_login.py-[line:51]-INFO-[日志信息]: 开始执行脚本test_companyRegister:

Mon, 17 Aug 2020 10:38:21-run_all_uicase.py-run_all_uicase.py-[line:27]-INFO-[日志信息]: ==================================2020-08-17 10:38:21===================================
Mon, 17 Aug 2020 10:38:21-run_all_uicase.py-test_login.py-[line:51]-INFO-[日志信息]: 开始执行脚本test_companyRegister:

Mon, 17 Aug 2020 11:31:13-run_all_uicase.py-run_all_uicase.py-[line:27]-INFO-[日志信息]: ==================================2020-08-17 11:31:13===================================
Mon, 17 Aug 2020 11:31:13-run_all_uicase.py-test_login.py-[line:51]-INFO-[日志信息]: 开始执行脚本test_companyRegister:

Mon, 17 Aug 2020 11:31:23-run_all_uicase.py-test_login.py-[line:58]-INFO-[日志信息]: 对已注册的账户进行删除操作
Mon, 17 Aug 2020 11:31:27-test_companyRegister-Assert.py-[line:123]-INFO-[日志信息]: except_result = actul_result, except_result is 中小微企业金融服务聚合平台, actul_result is 中小微企业金融服务聚合平台
Mon, 17 Aug 2020 11:31:27-run_all_uicase.py-test_login.py-[line:85]-INFO-[日志信息]: 注册成功，返回到登陆页面
Mon, 17 Aug 2020 11:31:30-run_all_uicase.py-test_personalInfoReg.py-[line:32]-INFO-[日志信息]: 开始执行脚本test_infoReg:

Mon, 17 Aug 2020 11:31:30-run_all_uicase.py-test_personalInfoReg.py-[line:36]-INFO-[日志信息]: 对个人信息企业信息进行删除操作
Mon, 17 Aug 2020 11:31:47-run_all_uicase.py-test_businessInfoReg.py-[line:29]-INFO-[日志信息]: 开始执行脚本test_businessInforReg:

Mon, 17 Aug 2020 14:40:16-run_all_uicase.py-run_all_uicase.py-[line:27]-INFO-[日志信息]: ==================================2020-08-17 14:40:16===================================
Mon, 17 Aug 2020 14:40:17-run_all_uicase.py-test_login.py-[line:51]-INFO-[日志信息]: 开始执行脚本test_companyRegister:

Mon, 17 Aug 2020 14:40:27-run_all_uicase.py-test_login.py-[line:58]-INFO-[日志信息]: 对已注册的账户进行删除操作
Mon, 17 Aug 2020 14:40:31-test_companyRegister-Assert.py-[line:123]-INFO-[日志信息]: except_result = actul_result, except_result is 中小微企业金融服务聚合平台, actul_result is 中小微企业金融服务聚合平台
Mon, 17 Aug 2020 14:40:31-run_all_uicase.py-test_login.py-[line:85]-INFO-[日志信息]: 注册成功，返回到登陆页面
Mon, 17 Aug 2020 14:40:33-run_all_uicase.py-test_personalInfoReg.py-[line:32]-INFO-[日志信息]: 开始执行脚本test_infoReg:

Mon, 17 Aug 2020 14:40:33-run_all_uicase.py-test_personalInfoReg.py-[line:36]-INFO-[日志信息]: 对个人信息企业信息进行删除操作
Mon, 17 Aug 2020 14:40:43-test_infoReg-Assert.py-[line:123]-INFO-[日志信息]: except_result = actul_result, except_result is 首页, actul_result is 首页
Mon, 17 Aug 2020 14:40:43-run_all_uicase.py-test_personalInfoReg.py-[line:49]-INFO-[日志信息]: 进入登陆页面
Mon, 17 Aug 2020 14:40:48-test_infoReg-Assert.py-[line:123]-INFO-[日志信息]: except_result = actul_result, except_result is 实名认证, actul_result is 实名认证
Mon, 17 Aug 2020 14:40:48-run_all_uicase.py-test_personalInfoReg.py-[line:54]-INFO-[日志信息]: 实名认证画面成功显示
Mon, 17 Aug 2020 14:40:50-test_infoReg-Assert.py-[line:123]-INFO-[日志信息]: except_result = actul_result, except_result is 认证中, actul_result is 认证中
Mon, 17 Aug 2020 14:40:50-run_all_uicase.py-test_personalInfoReg.py-[line:89]-INFO-[日志信息]: 实名认证中画面显示
Mon, 17 Aug 2020 14:40:51-test_infoReg-Assert.py-[line:123]-INFO-[日志信息]: except_result = actul_result, except_result is 测试用户, actul_result is 测试用户
Mon, 17 Aug 2020 14:40:51-test_infoReg-Assert.py-[line:123]-INFO-[日志信息]: except_result = actul_result, except_result is 11010119900307475X, actul_result is 11010119900307475X
Mon, 17 Aug 2020 14:40:51-test_infoReg-Assert.py-[line:123]-INFO-[日志信息]: except_result = actul_result, except_result is 17621190001, actul_result is 17621190001
Mon, 17 Aug 2020 14:42:51-run_all_uicase.py-test_businessInfoReg.py-[line:29]-INFO-[日志信息]: 开始执行脚本test_businessInforReg:

Mon, 17 Aug 2020 14:44:02-run_all_uicase.py-run_all_uicase.py-[line:27]-INFO-[日志信息]: ==================================2020-08-17 14:44:02===================================
Mon, 17 Aug 2020 14:44:02-run_all_uicase.py-test_login.py-[line:51]-INFO-[日志信息]: 开始执行脚本test_companyRegister:

Mon, 17 Aug 2020 14:44:12-run_all_uicase.py-test_login.py-[line:58]-INFO-[日志信息]: 对已注册的账户进行删除操作
Mon, 17 Aug 2020 14:44:16-test_companyRegister-Assert.py-[line:123]-INFO-[日志信息]: except_result = actul_result, except_result is 中小微企业金融服务聚合平台, actul_result is 中小微企业金融服务聚合平台
Mon, 17 Aug 2020 14:44:16-run_all_uicase.py-test_login.py-[line:85]-INFO-[日志信息]: 注册成功，返回到登陆页面
Mon, 17 Aug 2020 14:44:19-run_all_uicase.py-test_personalInfoReg.py-[line:32]-INFO-[日志信息]: 开始执行脚本test_infoReg:

Mon, 17 Aug 2020 14:44:19-run_all_uicase.py-test_personalInfoReg.py-[line:36]-INFO-[日志信息]: 对个人信息企业信息进行删除操作
Mon, 17 Aug 2020 14:44:29-test_infoReg-Assert.py-[line:123]-INFO-[日志信息]: except_result = actul_result, except_result is 首页, actul_result is 首页
Mon, 17 Aug 2020 14:44:29-run_all_uicase.py-test_personalInfoReg.py-[line:49]-INFO-[日志信息]: 进入登陆页面
Mon, 17 Aug 2020 14:44:29-test_infoReg-Assert.py-[line:123]-INFO-[日志信息]: except_result = actul_result, except_result is 实名认证, actul_result is 实名认证
Mon, 17 Aug 2020 14:44:29-run_all_uicase.py-test_personalInfoReg.py-[line:54]-INFO-[日志信息]: 实名认证画面成功显示
Mon, 17 Aug 2020 14:44:31-test_infoReg-Assert.py-[line:123]-INFO-[日志信息]: except_result = actul_result, except_result is 认证中, actul_result is 认证中
Mon, 17 Aug 2020 14:44:31-run_all_uicase.py-test_personalInfoReg.py-[line:89]-INFO-[日志信息]: 实名认证中画面显示
Mon, 17 Aug 2020 14:44:31-test_infoReg-Assert.py-[line:123]-INFO-[日志信息]: except_result = actul_result, except_result is 测试用户, actul_result is 测试用户
Mon, 17 Aug 2020 14:44:31-test_infoReg-Assert.py-[line:123]-INFO-[日志信息]: except_result = actul_result, except_result is 11010119900307475X, actul_result is 11010119900307475X
Mon, 17 Aug 2020 14:44:31-test_infoReg-Assert.py-[line:123]-INFO-[日志信息]: except_result = actul_result, except_result is 17621110001, actul_result is 17621110001
Mon, 17 Aug 2020 14:45:01-test_infoReg-Assert.py-[line:123]-INFO-[日志信息]: except_result = actul_result, except_result is 认证成功, actul_result is 认证成功
Mon, 17 Aug 2020 14:45:01-run_all_uicase.py-test_personalInfoReg.py-[line:103]-INFO-[日志信息]: 实名认证成功画面显示
Mon, 17 Aug 2020 14:45:01-test_infoReg-Assert.py-[line:123]-INFO-[日志信息]: except_result = actul_result, except_result is 实名认证, actul_result is 实名认证
Mon, 17 Aug 2020 14:45:01-run_all_uicase.py-test_personalInfoReg.py-[line:108]-INFO-[日志信息]: 点击查看认证信息按钮，跳转到实名认证画面
Mon, 17 Aug 2020 14:45:03-run_all_uicase.py-test_businessInfoReg.py-[line:29]-INFO-[日志信息]: 开始执行脚本test_businessInforReg:

Mon, 17 Aug 2020 14:45:14-test_businessInforReg-Assert.py-[line:123]-INFO-[日志信息]: except_result = actul_result, except_result is 企业基本资料, actul_result is 企业基本资料
Mon, 17 Aug 2020 14:45:14-run_all_uicase.py-test_businessInfoReg.py-[line:40]-INFO-[日志信息]: 企业基本资料画面正常显示
Mon, 17 Aug 2020 14:45:19-test_businessInforReg-Assert.py-[line:123]-INFO-[日志信息]: except_result = actul_result, except_result is 请确认协议内容, actul_result is 请确认协议内容
Mon, 17 Aug 2020 14:45:19-run_all_uicase.py-test_businessInfoReg.py-[line:95]-INFO-[日志信息]: 协议确认画面正常显示
Mon, 17 Aug 2020 14:45:39-run_all_uicase.py-test_backStage_examine.py-[line:24]-INFO-[日志信息]: 开始执行脚本test_backstage_examine:

Mon, 17 Aug 2020 14:45:59-run_all_uicase.py-test_login.py-[line:26]-INFO-[日志信息]: 开始执行脚本test_companyLoginOn:

Mon, 17 Aug 2020 14:46:10-run_all_uicase.py-run_all_uicase.py-[line:27]-INFO-[日志信息]: ==================================2020-08-17 14:46:10===================================
Mon, 17 Aug 2020 14:46:11-run_all_uicase.py-test_login.py-[line:51]-INFO-[日志信息]: 开始执行脚本test_companyRegister:

Mon, 17 Aug 2020 14:46:21-run_all_uicase.py-test_login.py-[line:58]-INFO-[日志信息]: 对已注册的账户进行删除操作
Mon, 17 Aug 2020 14:46:24-test_companyRegister-Assert.py-[line:123]-INFO-[日志信息]: except_result = actul_result, except_result is 中小微企业金融服务聚合平台, actul_result is 中小微企业金融服务聚合平台
Mon, 17 Aug 2020 14:46:24-run_all_uicase.py-test_login.py-[line:85]-INFO-[日志信息]: 注册成功，返回到登陆页面
Mon, 17 Aug 2020 14:46:26-run_all_uicase.py-test_personalInfoReg.py-[line:32]-INFO-[日志信息]: 开始执行脚本test_infoReg:

Mon, 17 Aug 2020 14:46:26-run_all_uicase.py-test_personalInfoReg.py-[line:36]-INFO-[日志信息]: 对个人信息企业信息进行删除操作
Mon, 17 Aug 2020 14:46:37-test_infoReg-Assert.py-[line:123]-INFO-[日志信息]: except_result = actul_result, except_result is 首页, actul_result is 首页
Mon, 17 Aug 2020 14:46:37-run_all_uicase.py-test_personalInfoReg.py-[line:49]-INFO-[日志信息]: 进入登陆页面
Mon, 17 Aug 2020 14:46:37-test_infoReg-Assert.py-[line:123]-INFO-[日志信息]: except_result = actul_result, except_result is 实名认证, actul_result is 实名认证
Mon, 17 Aug 2020 14:46:37-run_all_uicase.py-test_personalInfoReg.py-[line:54]-INFO-[日志信息]: 实名认证画面成功显示
Mon, 17 Aug 2020 14:46:39-test_infoReg-Assert.py-[line:123]-INFO-[日志信息]: except_result = actul_result, except_result is 认证中, actul_result is 认证中
Mon, 17 Aug 2020 14:46:39-run_all_uicase.py-test_personalInfoReg.py-[line:89]-INFO-[日志信息]: 实名认证中画面显示
Mon, 17 Aug 2020 14:46:39-test_infoReg-Assert.py-[line:123]-INFO-[日志信息]: except_result = actul_result, except_result is 测试用户, actul_result is 测试用户
Mon, 17 Aug 2020 14:46:39-test_infoReg-Assert.py-[line:123]-INFO-[日志信息]: except_result = actul_result, except_result is 11010119900307475X, actul_result is 11010119900307475X
Mon, 17 Aug 2020 14:46:39-test_infoReg-Assert.py-[line:123]-INFO-[日志信息]: except_result = actul_result, except_result is 17621110001, actul_result is 17621110001
Mon, 17 Aug 2020 14:47:59-test_infoReg-Assert.py-[line:123]-INFO-[日志信息]: except_result = actul_result, except_result is 认证成功, actul_result is 认证成功
Mon, 17 Aug 2020 14:47:59-run_all_uicase.py-test_personalInfoReg.py-[line:103]-INFO-[日志信息]: 实名认证成功画面显示
Mon, 17 Aug 2020 14:47:59-test_infoReg-Assert.py-[line:123]-INFO-[日志信息]: except_result = actul_result, except_result is 实名认证, actul_result is 实名认证
Mon, 17 Aug 2020 14:47:59-run_all_uicase.py-test_personalInfoReg.py-[line:108]-INFO-[日志信息]: 点击查看认证信息按钮，跳转到实名认证画面
Mon, 17 Aug 2020 14:48:01-run_all_uicase.py-test_businessInfoReg.py-[line:29]-INFO-[日志信息]: 开始执行脚本test_businessInforReg:

Mon, 17 Aug 2020 14:48:12-test_businessInforReg-Assert.py-[line:123]-INFO-[日志信息]: except_result = actul_result, except_result is 企业基本资料, actul_result is 企业基本资料
Mon, 17 Aug 2020 14:48:12-run_all_uicase.py-test_businessInfoReg.py-[line:40]-INFO-[日志信息]: 企业基本资料画面正常显示
Mon, 17 Aug 2020 14:48:31-test_businessInforReg-Assert.py-[line:123]-INFO-[日志信息]: except_result = actul_result, except_result is 请确认协议内容, actul_result is 请确认协议内容
Mon, 17 Aug 2020 14:48:31-run_all_uicase.py-test_businessInfoReg.py-[line:95]-INFO-[日志信息]: 协议确认画面正常显示
Mon, 17 Aug 2020 14:49:04-run_all_uicase.py-test_backStage_examine.py-[line:24]-INFO-[日志信息]: 开始执行脚本test_backstage_examine:

