Thu, 29 Oct 2020 10:05:13-run_all_case.py-run_all_case.py-[line:42]-INFO-[日志信息]: ==================================2020-10-29 10:05:13===================================
Thu, 29 Oct 2020 10:05:14-run_all_case.py-test_login.py-[line:97]-INFO-[日志信息]: 小程序自动化测试开始
Thu, 29 Oct 2020 10:07:15-run_all_case.py-run_all_case.py-[line:42]-INFO-[日志信息]: ==================================2020-10-29 10:07:15===================================
Thu, 29 Oct 2020 10:07:15-run_all_case.py-test_login.py-[line:97]-INFO-[日志信息]: 小程序自动化测试开始
Thu, 29 Oct 2020 10:07:23-run_all_case.py-test_businessInfoReg.py-[line:158]-INFO-[日志信息]: 企业认证画面
Thu, 29 Oct 2020 10:08:01-run_all_case.py-run_all_case.py-[line:42]-INFO-[日志信息]: ==================================2020-10-29 10:08:01===================================
Thu, 29 Oct 2020 10:08:01-run_all_case.py-test_login.py-[line:97]-INFO-[日志信息]: 小程序自动化测试开始
Thu, 29 Oct 2020 10:08:24-run_all_case.py-test_login.py-[line:108]-INFO-[日志信息]: 小程序个人实名认证页面
Thu, 29 Oct 2020 10:10:18-run_all_case.py-run_all_case.py-[line:42]-INFO-[日志信息]: ==================================2020-10-29 10:10:18===================================
Thu, 29 Oct 2020 10:10:19-run_all_case.py-test_login.py-[line:97]-INFO-[日志信息]: 小程序自动化测试开始
Thu, 29 Oct 2020 10:10:42-run_all_case.py-test_login.py-[line:108]-INFO-[日志信息]: 小程序个人实名认证页面
Thu, 29 Oct 2020 10:12:53-run_all_case.py-run_all_case.py-[line:42]-INFO-[日志信息]: ==================================2020-10-29 10:12:53===================================
Thu, 29 Oct 2020 10:12:54-run_all_case.py-test_login.py-[line:97]-INFO-[日志信息]: 小程序自动化测试开始
Thu, 29 Oct 2020 10:13:18-run_all_case.py-test_login.py-[line:108]-INFO-[日志信息]: 小程序个人实名认证页面
Thu, 29 Oct 2020 10:16:48-run_all_case.py-run_all_case.py-[line:42]-INFO-[日志信息]: ==================================2020-10-29 10:16:48===================================
Thu, 29 Oct 2020 10:16:49-run_all_case.py-test_login.py-[line:97]-INFO-[日志信息]: 小程序自动化测试开始
Thu, 29 Oct 2020 10:17:13-run_all_case.py-test_login.py-[line:108]-INFO-[日志信息]: 小程序个人实名认证页面
Thu, 29 Oct 2020 10:17:56-run_all_case.py-test_businessInfoReg.py-[line:158]-INFO-[日志信息]: 企业认证画面
Thu, 29 Oct 2020 10:19:24-run_all_case.py-test_businessInfoReg.py-[line:197]-INFO-[日志信息]: 平台服务协议画面
Thu, 29 Oct 2020 10:19:43-run_all_case.py-test_backStage_examine.py-[line:25]-INFO-[日志信息]: 开始执行脚本test_backstage_examine:

Thu, 29 Oct 2020 10:19:58-run_all_case.py-test_backStage_examine.py-[line:77]-INFO-[日志信息]: 成功登录后台系统
Thu, 29 Oct 2020 10:20:03-test_backstage_examine-Assert.py-[line:124]-INFO-[日志信息]: except_result = actul_result, except_result is 用户基本信息, actul_result is 用户基本信息
Thu, 29 Oct 2020 10:20:03-run_all_case.py-test_backStage_examine.py-[line:57]-INFO-[日志信息]: 成功进入企业信息审核画面
Thu, 29 Oct 2020 10:20:04-run_all_case.py-test_backStage_examine.py-[line:64]-INFO-[日志信息]: 企业认证通过
Thu, 29 Oct 2020 10:20:06-run_all_case.py-test_backStage_authentication.py-[line:173]-INFO-[日志信息]: 开始执行脚本test_backStageActCreate:

Thu, 29 Oct 2020 10:20:17-run_all_case.py-test_backStage_examine.py-[line:77]-INFO-[日志信息]: 成功登录后台系统
Thu, 29 Oct 2020 10:20:17-run_all_case.py-test_backStage_authentication.py-[line:183]-INFO-[日志信息]: 机构信息DB删除
Thu, 29 Oct 2020 10:20:35-run_all_case.py-test_backStage_authentication.py-[line:341]-INFO-[日志信息]: 进入担保公司创建页面
Thu, 29 Oct 2020 10:20:39-run_all_case.py-test_backStage_authentication.py-[line:339]-INFO-[日志信息]: 进入银行账户创建页面
Thu, 29 Oct 2020 10:20:43-run_all_case.py-test_backStage_authentication.py-[line:278]-INFO-[日志信息]: 开始执行脚本test_backStage_authentication:

Thu, 29 Oct 2020 10:20:43-run_all_case.py-test_backStage_authentication.py-[line:281]-INFO-[日志信息]: 开始执行脚本test_backStage_authentication:

Thu, 29 Oct 2020 10:20:57-run_all_case.py-test_login.py-[line:173]-INFO-[日志信息]: 成功进入到密码重置页面
Thu, 29 Oct 2020 10:21:00-run_all_case.py-test_login.py-[line:180]-INFO-[日志信息]: 成功进入到密码修改完成页面
Thu, 29 Oct 2020 10:21:04-run_all_case.py-test_login.py-[line:173]-INFO-[日志信息]: 成功进入到密码重置页面
Thu, 29 Oct 2020 10:21:06-run_all_case.py-test_login.py-[line:180]-INFO-[日志信息]: 成功进入到密码修改完成页面
Thu, 29 Oct 2020 10:21:07-run_all_case.py-test_backStage_examine.py-[line:77]-INFO-[日志信息]: 成功登录后台系统
Thu, 29 Oct 2020 10:21:11-run_all_case.py-test_backStage_authentication.py-[line:236]-INFO-[日志信息]: 企业信息认证
Thu, 29 Oct 2020 10:21:14-run_all_case.py-test_backStage_authentication.py-[line:253]-INFO-[日志信息]: 协议内容确认页面
Thu, 29 Oct 2020 10:21:29-run_all_case.py-test_backStage_authentication.py-[line:265]-INFO-[日志信息]: 二维码认证页面
Thu, 29 Oct 2020 10:21:45-run_all_case.py-test_backStage_examine.py-[line:77]-INFO-[日志信息]: 成功登录后台系统
Thu, 29 Oct 2020 10:21:49-run_all_case.py-test_backStage_authentication.py-[line:236]-INFO-[日志信息]: 企业信息认证
Thu, 29 Oct 2020 10:21:52-run_all_case.py-test_backStage_authentication.py-[line:253]-INFO-[日志信息]: 协议内容确认页面
Thu, 29 Oct 2020 10:22:04-run_all_case.py-test_backStage_authentication.py-[line:265]-INFO-[日志信息]: 二维码认证页面
Thu, 29 Oct 2020 10:22:07-run_all_case.py-test_backStage_authentication.py-[line:44]-INFO-[日志信息]: 首页
Thu, 29 Oct 2020 10:22:09-run_all_case.py-test_backStage_authentication.py-[line:48]-INFO-[日志信息]: 产品基本信息
Thu, 29 Oct 2020 10:22:16-run_all_case.py-test_backStage_authentication.py-[line:139]-INFO-[日志信息]: 产品特性
Thu, 29 Oct 2020 10:22:18-run_all_case.py-test_backStage_authentication.py-[line:154]-INFO-[日志信息]: 计分卡
Thu, 29 Oct 2020 10:22:20-run_all_case.py-test_backStage_authentication.py-[line:161]-INFO-[日志信息]: 进件信息
Thu, 29 Oct 2020 10:22:23-run_all_case.py-test_Tripartite_interaction.py-[line:144]-INFO-[日志信息]: 开始执行脚本test_Tripartite_interaction:

Thu, 29 Oct 2020 10:22:33-run_all_case.py-test_Tripartite_interaction.py-[line:162]-INFO-[日志信息]: 授信采购信息画面
