Mon, 12 Oct 2020 08:43:07-run_all_case.py-run_all_case.py-[line:31]-INFO-[日志信息]: ==================================2020-10-12 08:43:07===================================
Mon, 12 Oct 2020 08:43:27-run_all_case.py-test_businessInfoReg.py-[line:33]-INFO-[日志信息]: 开始执行脚本test_businessInforReg:

Mon, 12 Oct 2020 08:45:09-run_all_case.py-run_all_case.py-[line:31]-INFO-[日志信息]: ==================================2020-10-12 08:45:09===================================
Mon, 12 Oct 2020 08:45:30-run_all_case.py-test_login.py-[line:101]-INFO-[日志信息]: 小程序个人实名认证页面
Mon, 12 Oct 2020 08:45:39-run_all_case.py-test_businessInfoReg.py-[line:33]-INFO-[日志信息]: 开始执行脚本test_businessInforReg:

Mon, 12 Oct 2020 08:59:30-run_all_case.py-run_all_case.py-[line:31]-INFO-[日志信息]: ==================================2020-10-12 08:59:30===================================
Mon, 12 Oct 2020 08:59:49-run_all_case.py-test_businessInfoReg.py-[line:33]-INFO-[日志信息]: 开始执行脚本test_businessInforReg:

Mon, 12 Oct 2020 09:01:30-run_all_case.py-run_all_case.py-[line:31]-INFO-[日志信息]: ==================================2020-10-12 09:01:30===================================
Mon, 12 Oct 2020 09:02:00-run_all_case.py-test_businessInfoReg.py-[line:33]-INFO-[日志信息]: 开始执行脚本test_businessInforReg:

Mon, 12 Oct 2020 09:03:09-run_all_case.py-run_all_case.py-[line:31]-INFO-[日志信息]: ==================================2020-10-12 09:03:09===================================
Mon, 12 Oct 2020 09:03:31-run_all_case.py-test_businessInfoReg.py-[line:33]-INFO-[日志信息]: 开始执行脚本test_businessInforReg:

Mon, 12 Oct 2020 09:03:55-run_all_case.py-run_all_case.py-[line:31]-INFO-[日志信息]: ==================================2020-10-12 09:03:55===================================
Mon, 12 Oct 2020 09:04:05-run_all_case.py-test_businessInfoReg.py-[line:33]-INFO-[日志信息]: 开始执行脚本test_businessInforReg:

Mon, 12 Oct 2020 09:04:25-run_all_case.py-run_all_case.py-[line:31]-INFO-[日志信息]: ==================================2020-10-12 09:04:25===================================
Mon, 12 Oct 2020 09:04:57-run_all_case.py-test_businessInfoReg.py-[line:33]-INFO-[日志信息]: 开始执行脚本test_businessInforReg:

Mon, 12 Oct 2020 09:06:52-run_all_case.py-run_all_case.py-[line:31]-INFO-[日志信息]: ==================================2020-10-12 09:06:52===================================
Mon, 12 Oct 2020 09:07:10-run_all_case.py-test_businessInfoReg.py-[line:33]-INFO-[日志信息]: 开始执行脚本test_businessInforReg:

Mon, 12 Oct 2020 09:08:37-run_all_case.py-run_all_case.py-[line:31]-INFO-[日志信息]: ==================================2020-10-12 09:08:37===================================
Mon, 12 Oct 2020 09:08:55-run_all_case.py-test_businessInfoReg.py-[line:33]-INFO-[日志信息]: 开始执行脚本test_businessInforReg:

Mon, 12 Oct 2020 09:09:28-run_all_case.py-run_all_case.py-[line:31]-INFO-[日志信息]: ==================================2020-10-12 09:09:28===================================
Mon, 12 Oct 2020 09:09:52-run_all_case.py-test_businessInfoReg.py-[line:33]-INFO-[日志信息]: 开始执行脚本test_businessInforReg:

Mon, 12 Oct 2020 09:18:31-run_all_case.py-run_all_case.py-[line:31]-INFO-[日志信息]: ==================================2020-10-12 09:18:31===================================
Mon, 12 Oct 2020 09:18:52-run_all_case.py-test_businessInfoReg.py-[line:33]-INFO-[日志信息]: 开始执行脚本test_businessInforReg:

Mon, 12 Oct 2020 09:19:04-run_all_case.py-test_backStage_examine.py-[line:24]-INFO-[日志信息]: 开始执行脚本test_backstage_examine:

Mon, 12 Oct 2020 09:19:46-run_all_case.py-run_all_case.py-[line:31]-INFO-[日志信息]: ==================================2020-10-12 09:19:46===================================
Mon, 12 Oct 2020 09:21:33-run_all_case.py-run_all_case.py-[line:31]-INFO-[日志信息]: ==================================2020-10-12 09:21:33===================================
Mon, 12 Oct 2020 09:30:10-run_all_case.py-run_all_case.py-[line:31]-INFO-[日志信息]: ==================================2020-10-12 09:30:10===================================
Mon, 12 Oct 2020 09:34:20-run_all_case.py-run_all_case.py-[line:31]-INFO-[日志信息]: ==================================2020-10-12 09:34:20===================================
Mon, 12 Oct 2020 09:40:09-run_all_case.py-run_all_case.py-[line:31]-INFO-[日志信息]: ==================================2020-10-12 09:40:09===================================
Mon, 12 Oct 2020 10:01:23-run_all_case.py-run_all_case.py-[line:31]-INFO-[日志信息]: ==================================2020-10-12 10:01:23===================================
Mon, 12 Oct 2020 10:07:50-run_all_case.py-run_all_case.py-[line:31]-INFO-[日志信息]: ==================================2020-10-12 10:07:50===================================
Mon, 12 Oct 2020 10:09:50-run_all_case.py-run_all_case.py-[line:31]-INFO-[日志信息]: ==================================2020-10-12 10:09:50===================================
Mon, 12 Oct 2020 10:11:18-run_all_case.py-run_all_case.py-[line:31]-INFO-[日志信息]: ==================================2020-10-12 10:11:18===================================
Mon, 12 Oct 2020 10:15:18-run_all_case.py-run_all_case.py-[line:31]-INFO-[日志信息]: ==================================2020-10-12 10:15:18===================================
Mon, 12 Oct 2020 10:17:21-run_all_case.py-run_all_case.py-[line:31]-INFO-[日志信息]: ==================================2020-10-12 10:17:21===================================
Mon, 12 Oct 2020 10:18:28-run_all_case.py-run_all_case.py-[line:31]-INFO-[日志信息]: ==================================2020-10-12 10:18:28===================================
Mon, 12 Oct 2020 13:11:53-run_all_case.py-run_all_case.py-[line:38]-INFO-[日志信息]: ==================================2020-10-12 13:11:53===================================
Mon, 12 Oct 2020 13:11:53-run_all_case.py-test_login.py-[line:57]-INFO-[日志信息]: 开始执行脚本test_companyRegister:

Mon, 12 Oct 2020 13:12:08-run_all_case.py-test_login.py-[line:64]-INFO-[日志信息]: 对已注册的账户进行删除操作
Mon, 12 Oct 2020 13:12:12-test_companyRegister-Assert.py-[line:124]-INFO-[日志信息]: except_result = actul_result, except_result is 中小微企业金融服务聚合平台, actul_result is 中小微企业金融服务聚合平台
Mon, 12 Oct 2020 13:12:12-run_all_case.py-test_login.py-[line:92]-INFO-[日志信息]: 注册成功，返回到登陆页面
Mon, 12 Oct 2020 13:27:35-run_all_case.py-run_all_case.py-[line:38]-INFO-[日志信息]: ==================================2020-10-12 13:27:35===================================
Mon, 12 Oct 2020 13:27:35-run_all_case.py-test_login.py-[line:55]-INFO-[日志信息]: 开始执行脚本test_companyRegister:

Mon, 12 Oct 2020 13:30:18-run_all_case.py-run_all_case.py-[line:38]-INFO-[日志信息]: ==================================2020-10-12 13:30:18===================================
Mon, 12 Oct 2020 13:30:19-run_all_case.py-test_login.py-[line:55]-INFO-[日志信息]: 开始执行脚本test_companyRegister:

Mon, 12 Oct 2020 13:30:29-run_all_case.py-test_login.py-[line:62]-INFO-[日志信息]: 对已注册的账户进行删除操作
Mon, 12 Oct 2020 13:31:23-run_all_case.py-run_all_case.py-[line:38]-INFO-[日志信息]: ==================================2020-10-12 13:31:23===================================
Mon, 12 Oct 2020 13:31:23-run_all_case.py-test_login.py-[line:55]-INFO-[日志信息]: 开始执行脚本test_companyRegister:

Mon, 12 Oct 2020 13:31:33-run_all_case.py-test_login.py-[line:62]-INFO-[日志信息]: 对已注册的账户进行删除操作
Mon, 12 Oct 2020 13:34:56-run_all_case.py-run_all_case.py-[line:38]-INFO-[日志信息]: ==================================2020-10-12 13:34:56===================================
Mon, 12 Oct 2020 13:34:57-run_all_case.py-test_login.py-[line:55]-INFO-[日志信息]: 开始执行脚本test_companyRegister:

Mon, 12 Oct 2020 13:35:07-run_all_case.py-test_login.py-[line:62]-INFO-[日志信息]: 对已注册的账户进行删除操作
Mon, 12 Oct 2020 13:35:35-run_all_case.py-run_all_case.py-[line:38]-INFO-[日志信息]: ==================================2020-10-12 13:35:35===================================
Mon, 12 Oct 2020 13:35:35-run_all_case.py-test_login.py-[line:55]-INFO-[日志信息]: 开始执行脚本test_companyRegister:

Mon, 12 Oct 2020 13:35:46-run_all_case.py-test_login.py-[line:62]-INFO-[日志信息]: 对已注册的账户进行删除操作
Mon, 12 Oct 2020 14:06:44-run_all_case.py-run_all_case.py-[line:41]-INFO-[日志信息]: ==================================2020-10-12 14:06:44===================================
Mon, 12 Oct 2020 14:06:44-run_all_case.py-test_login.py-[line:55]-INFO-[日志信息]: 开始执行脚本test_companyRegister:

Mon, 12 Oct 2020 14:06:54-run_all_case.py-test_login.py-[line:62]-INFO-[日志信息]: 对已注册的账户进行删除操作
Mon, 12 Oct 2020 14:10:54-run_all_case.py-run_all_case.py-[line:41]-INFO-[日志信息]: ==================================2020-10-12 14:10:54===================================
Mon, 12 Oct 2020 14:10:54-run_all_case.py-test_login.py-[line:55]-INFO-[日志信息]: 开始执行脚本test_companyRegister:

Mon, 12 Oct 2020 14:11:05-run_all_case.py-test_login.py-[line:62]-INFO-[日志信息]: 对已注册的账户进行删除操作
Mon, 12 Oct 2020 14:12:13-run_all_case.py-run_all_case.py-[line:41]-INFO-[日志信息]: ==================================2020-10-12 14:12:13===================================
Mon, 12 Oct 2020 14:12:13-run_all_case.py-test_login.py-[line:55]-INFO-[日志信息]: 开始执行脚本test_companyRegister:

Mon, 12 Oct 2020 14:12:23-run_all_case.py-test_login.py-[line:62]-INFO-[日志信息]: 对已注册的账户进行删除操作
Mon, 12 Oct 2020 14:12:27-test_companyRegister-Assert.py-[line:124]-INFO-[日志信息]: except_result = actul_result, except_result is 中小微企业金融服务聚合平台, actul_result is 中小微企业金融服务聚合平台
Mon, 12 Oct 2020 14:12:27-run_all_case.py-test_login.py-[line:90]-INFO-[日志信息]: 注册成功，返回到登陆页面
Mon, 12 Oct 2020 14:26:59-run_all_case.py-run_all_case.py-[line:41]-INFO-[日志信息]: ==================================2020-10-12 14:26:59===================================
Mon, 12 Oct 2020 14:26:59-run_all_case.py-test_login.py-[line:55]-INFO-[日志信息]: 开始执行脚本test_companyRegister:

Mon, 12 Oct 2020 14:27:09-run_all_case.py-test_login.py-[line:62]-INFO-[日志信息]: 对已注册的账户进行删除操作
Mon, 12 Oct 2020 14:27:13-test_companyRegister-Assert.py-[line:124]-INFO-[日志信息]: except_result = actul_result, except_result is 中小微企业金融服务聚合平台, actul_result is 中小微企业金融服务聚合平台
Mon, 12 Oct 2020 14:27:13-run_all_case.py-test_login.py-[line:90]-INFO-[日志信息]: 注册成功，返回到登陆页面
Mon, 12 Oct 2020 14:30:06-run_all_case.py-run_all_case.py-[line:41]-INFO-[日志信息]: ==================================2020-10-12 14:30:06===================================
Mon, 12 Oct 2020 14:30:06-run_all_case.py-test_login.py-[line:55]-INFO-[日志信息]: 开始执行脚本test_companyRegister:

Mon, 12 Oct 2020 14:30:16-run_all_case.py-test_login.py-[line:62]-INFO-[日志信息]: 对已注册的账户进行删除操作
Mon, 12 Oct 2020 14:30:21-test_companyRegister-Assert.py-[line:124]-INFO-[日志信息]: except_result = actul_result, except_result is 中小微企业金融服务聚合平台, actul_result is 中小微企业金融服务聚合平台
Mon, 12 Oct 2020 14:30:21-run_all_case.py-test_login.py-[line:90]-INFO-[日志信息]: 注册成功，返回到登陆页面
Mon, 12 Oct 2020 14:36:28-run_all_case.py-run_all_case.py-[line:41]-INFO-[日志信息]: ==================================2020-10-12 14:36:28===================================
Mon, 12 Oct 2020 14:36:28-run_all_case.py-test_login.py-[line:55]-INFO-[日志信息]: 开始执行脚本test_companyRegister:

Mon, 12 Oct 2020 14:36:38-run_all_case.py-test_login.py-[line:62]-INFO-[日志信息]: 对已注册的账户进行删除操作
Mon, 12 Oct 2020 14:36:42-test_companyRegister-Assert.py-[line:124]-INFO-[日志信息]: except_result = actul_result, except_result is 中小微企业金融服务聚合平台, actul_result is 中小微企业金融服务聚合平台
Mon, 12 Oct 2020 14:36:42-run_all_case.py-test_login.py-[line:90]-INFO-[日志信息]: 注册成功，返回到登陆页面
Mon, 12 Oct 2020 14:36:46-run_all_case.py-test_personalInfoReg.py-[line:34]-INFO-[日志信息]: 开始执行脚本test_infoReg:

Mon, 12 Oct 2020 14:36:46-run_all_case.py-test_personalInfoReg.py-[line:38]-INFO-[日志信息]: 对个人信息企业信息进行删除操作
Mon, 12 Oct 2020 14:36:57-test_infoReg-Assert.py-[line:124]-INFO-[日志信息]: except_result = actul_result, except_result is 首页, actul_result is 首页
Mon, 12 Oct 2020 14:36:57-run_all_case.py-test_personalInfoReg.py-[line:52]-INFO-[日志信息]: 进入登陆页面
Mon, 12 Oct 2020 14:36:58-test_infoReg-Assert.py-[line:124]-INFO-[日志信息]: except_result = actul_result, except_result is 实名认证, actul_result is 实名认证
Mon, 12 Oct 2020 14:36:58-run_all_case.py-test_personalInfoReg.py-[line:58]-INFO-[日志信息]: 实名认证画面成功显示
Mon, 12 Oct 2020 14:40:36-run_all_case.py-run_all_case.py-[line:41]-INFO-[日志信息]: ==================================2020-10-12 14:40:36===================================
Mon, 12 Oct 2020 14:40:36-run_all_case.py-test_login.py-[line:55]-INFO-[日志信息]: 开始执行脚本test_companyRegister:

Mon, 12 Oct 2020 14:40:46-run_all_case.py-test_login.py-[line:62]-INFO-[日志信息]: 对已注册的账户进行删除操作
Mon, 12 Oct 2020 14:40:50-test_companyRegister-Assert.py-[line:124]-INFO-[日志信息]: except_result = actul_result, except_result is 中小微企业金融服务聚合平台, actul_result is 中小微企业金融服务聚合平台
Mon, 12 Oct 2020 14:40:50-run_all_case.py-test_login.py-[line:90]-INFO-[日志信息]: 注册成功，返回到登陆页面
Mon, 12 Oct 2020 14:40:54-run_all_case.py-test_personalInfoReg.py-[line:34]-INFO-[日志信息]: 开始执行脚本test_infoReg:

Mon, 12 Oct 2020 14:40:54-run_all_case.py-test_personalInfoReg.py-[line:38]-INFO-[日志信息]: 对个人信息企业信息进行删除操作
Mon, 12 Oct 2020 14:41:05-test_infoReg-Assert.py-[line:124]-INFO-[日志信息]: except_result = actul_result, except_result is 首页, actul_result is 首页
Mon, 12 Oct 2020 14:41:05-run_all_case.py-test_personalInfoReg.py-[line:52]-INFO-[日志信息]: 进入登陆页面
Mon, 12 Oct 2020 14:41:06-test_infoReg-Assert.py-[line:124]-INFO-[日志信息]: except_result = actul_result, except_result is 实名认证, actul_result is 实名认证
Mon, 12 Oct 2020 14:41:06-run_all_case.py-test_personalInfoReg.py-[line:58]-INFO-[日志信息]: 实名认证画面成功显示
Mon, 12 Oct 2020 14:44:39-run_all_case.py-run_all_case.py-[line:41]-INFO-[日志信息]: ==================================2020-10-12 14:44:40===================================
Mon, 12 Oct 2020 14:44:40-run_all_case.py-test_login.py-[line:55]-INFO-[日志信息]: 开始执行脚本test_companyRegister:

Mon, 12 Oct 2020 14:44:50-run_all_case.py-test_login.py-[line:62]-INFO-[日志信息]: 对已注册的账户进行删除操作
Mon, 12 Oct 2020 14:44:54-test_companyRegister-Assert.py-[line:124]-INFO-[日志信息]: except_result = actul_result, except_result is 中小微企业金融服务聚合平台, actul_result is 中小微企业金融服务聚合平台
Mon, 12 Oct 2020 14:44:54-run_all_case.py-test_login.py-[line:90]-INFO-[日志信息]: 注册成功，返回到登陆页面
Mon, 12 Oct 2020 14:44:58-run_all_case.py-test_personalInfoReg.py-[line:34]-INFO-[日志信息]: 开始执行脚本test_infoReg:

Mon, 12 Oct 2020 14:44:58-run_all_case.py-test_personalInfoReg.py-[line:38]-INFO-[日志信息]: 对个人信息企业信息进行删除操作
Mon, 12 Oct 2020 14:45:09-test_infoReg-Assert.py-[line:124]-INFO-[日志信息]: except_result = actul_result, except_result is 首页, actul_result is 首页
Mon, 12 Oct 2020 14:45:09-run_all_case.py-test_personalInfoReg.py-[line:52]-INFO-[日志信息]: 进入登陆页面
Mon, 12 Oct 2020 14:45:10-test_infoReg-Assert.py-[line:124]-INFO-[日志信息]: except_result = actul_result, except_result is 实名认证, actul_result is 实名认证
Mon, 12 Oct 2020 14:45:10-run_all_case.py-test_personalInfoReg.py-[line:58]-INFO-[日志信息]: 实名认证画面成功显示
Mon, 12 Oct 2020 14:45:32-run_all_case.py-run_all_case.py-[line:41]-INFO-[日志信息]: ==================================2020-10-12 14:45:33===================================
Mon, 12 Oct 2020 14:45:33-run_all_case.py-test_login.py-[line:55]-INFO-[日志信息]: 开始执行脚本test_companyRegister:

Mon, 12 Oct 2020 14:45:43-run_all_case.py-test_login.py-[line:62]-INFO-[日志信息]: 对已注册的账户进行删除操作
Mon, 12 Oct 2020 14:45:47-test_companyRegister-Assert.py-[line:124]-INFO-[日志信息]: except_result = actul_result, except_result is 中小微企业金融服务聚合平台, actul_result is 中小微企业金融服务聚合平台
Mon, 12 Oct 2020 14:45:47-run_all_case.py-test_login.py-[line:90]-INFO-[日志信息]: 注册成功，返回到登陆页面
Mon, 12 Oct 2020 14:45:51-run_all_case.py-test_personalInfoReg.py-[line:34]-INFO-[日志信息]: 开始执行脚本test_infoReg:

Mon, 12 Oct 2020 14:45:51-run_all_case.py-test_personalInfoReg.py-[line:38]-INFO-[日志信息]: 对个人信息企业信息进行删除操作
Mon, 12 Oct 2020 14:46:02-test_infoReg-Assert.py-[line:124]-INFO-[日志信息]: except_result = actul_result, except_result is 首页, actul_result is 首页
Mon, 12 Oct 2020 14:46:02-run_all_case.py-test_personalInfoReg.py-[line:52]-INFO-[日志信息]: 进入登陆页面
Mon, 12 Oct 2020 14:46:03-test_infoReg-Assert.py-[line:124]-INFO-[日志信息]: except_result = actul_result, except_result is 实名认证, actul_result is 实名认证
Mon, 12 Oct 2020 14:46:03-run_all_case.py-test_personalInfoReg.py-[line:58]-INFO-[日志信息]: 实名认证画面成功显示
Mon, 12 Oct 2020 14:46:41-run_all_case.py-run_all_case.py-[line:41]-INFO-[日志信息]: ==================================2020-10-12 14:46:41===================================
Mon, 12 Oct 2020 14:46:42-run_all_case.py-test_login.py-[line:55]-INFO-[日志信息]: 开始执行脚本test_companyRegister:

Mon, 12 Oct 2020 14:46:52-run_all_case.py-test_login.py-[line:62]-INFO-[日志信息]: 对已注册的账户进行删除操作
Mon, 12 Oct 2020 14:46:56-test_companyRegister-Assert.py-[line:124]-INFO-[日志信息]: except_result = actul_result, except_result is 中小微企业金融服务聚合平台, actul_result is 中小微企业金融服务聚合平台
Mon, 12 Oct 2020 14:46:56-run_all_case.py-test_login.py-[line:90]-INFO-[日志信息]: 注册成功，返回到登陆页面
Mon, 12 Oct 2020 14:46:59-run_all_case.py-test_personalInfoReg.py-[line:34]-INFO-[日志信息]: 开始执行脚本test_infoReg:

Mon, 12 Oct 2020 14:46:59-run_all_case.py-test_personalInfoReg.py-[line:38]-INFO-[日志信息]: 对个人信息企业信息进行删除操作
Mon, 12 Oct 2020 14:47:11-test_infoReg-Assert.py-[line:124]-INFO-[日志信息]: except_result = actul_result, except_result is 首页, actul_result is 首页
Mon, 12 Oct 2020 14:47:11-run_all_case.py-test_personalInfoReg.py-[line:52]-INFO-[日志信息]: 进入登陆页面
Mon, 12 Oct 2020 14:47:12-test_infoReg-Assert.py-[line:124]-INFO-[日志信息]: except_result = actul_result, except_result is 实名认证, actul_result is 实名认证
Mon, 12 Oct 2020 14:47:12-run_all_case.py-test_personalInfoReg.py-[line:58]-INFO-[日志信息]: 实名认证画面成功显示
Mon, 12 Oct 2020 14:47:26-test_infoReg-Assert.py-[line:124]-INFO-[日志信息]: except_result = actul_result, except_result is 认证中, actul_result is 认证中
Mon, 12 Oct 2020 14:47:26-run_all_case.py-test_personalInfoReg.py-[line:96]-INFO-[日志信息]: 实名认证中画面显示
Mon, 12 Oct 2020 14:47:26-test_infoReg-Assert.py-[line:124]-INFO-[日志信息]: except_result = actul_result, except_result is 李涛, actul_result is 李涛
Mon, 12 Oct 2020 14:47:26-test_infoReg-Assert.py-[line:124]-INFO-[日志信息]: except_result = actul_result, except_result is 410184198105155611, actul_result is 410184198105155611
Mon, 12 Oct 2020 14:47:26-test_infoReg-Assert.py-[line:124]-INFO-[日志信息]: except_result = actul_result, except_result is 17082238021, actul_result is 17082238021
Mon, 12 Oct 2020 14:49:51-run_all_case.py-run_all_case.py-[line:41]-INFO-[日志信息]: ==================================2020-10-12 14:49:51===================================
Mon, 12 Oct 2020 14:49:51-run_all_case.py-test_login.py-[line:55]-INFO-[日志信息]: 开始执行脚本test_companyRegister:

Mon, 12 Oct 2020 14:50:02-run_all_case.py-test_login.py-[line:62]-INFO-[日志信息]: 对已注册的账户进行删除操作
Mon, 12 Oct 2020 14:50:06-test_companyRegister-Assert.py-[line:124]-INFO-[日志信息]: except_result = actul_result, except_result is 中小微企业金融服务聚合平台, actul_result is 中小微企业金融服务聚合平台
Mon, 12 Oct 2020 14:50:06-run_all_case.py-test_login.py-[line:90]-INFO-[日志信息]: 注册成功，返回到登陆页面
Mon, 12 Oct 2020 14:50:09-run_all_case.py-test_personalInfoReg.py-[line:34]-INFO-[日志信息]: 开始执行脚本test_infoReg:

Mon, 12 Oct 2020 14:50:09-run_all_case.py-test_personalInfoReg.py-[line:38]-INFO-[日志信息]: 对个人信息企业信息进行删除操作
Mon, 12 Oct 2020 14:50:21-test_infoReg-Assert.py-[line:124]-INFO-[日志信息]: except_result = actul_result, except_result is 首页, actul_result is 首页
Mon, 12 Oct 2020 14:50:21-run_all_case.py-test_personalInfoReg.py-[line:52]-INFO-[日志信息]: 进入登陆页面
Mon, 12 Oct 2020 14:50:25-test_infoReg-Assert.py-[line:124]-INFO-[日志信息]: except_result = actul_result, except_result is 实名认证, actul_result is 实名认证
Mon, 12 Oct 2020 14:50:25-run_all_case.py-test_personalInfoReg.py-[line:58]-INFO-[日志信息]: 实名认证画面成功显示
Mon, 12 Oct 2020 14:52:54-run_all_case.py-run_all_case.py-[line:41]-INFO-[日志信息]: ==================================2020-10-12 14:52:54===================================
Mon, 12 Oct 2020 14:52:54-run_all_case.py-test_login.py-[line:55]-INFO-[日志信息]: 开始执行脚本test_companyRegister:

Mon, 12 Oct 2020 14:53:05-run_all_case.py-test_login.py-[line:62]-INFO-[日志信息]: 对已注册的账户进行删除操作
Mon, 12 Oct 2020 14:53:09-test_companyRegister-Assert.py-[line:124]-INFO-[日志信息]: except_result = actul_result, except_result is 中小微企业金融服务聚合平台, actul_result is 中小微企业金融服务聚合平台
Mon, 12 Oct 2020 14:53:09-run_all_case.py-test_login.py-[line:90]-INFO-[日志信息]: 注册成功，返回到登陆页面
Mon, 12 Oct 2020 14:53:12-run_all_case.py-test_personalInfoReg.py-[line:34]-INFO-[日志信息]: 开始执行脚本test_infoReg:

Mon, 12 Oct 2020 14:53:12-run_all_case.py-test_personalInfoReg.py-[line:38]-INFO-[日志信息]: 对个人信息企业信息进行删除操作
Mon, 12 Oct 2020 14:53:24-test_infoReg-Assert.py-[line:124]-INFO-[日志信息]: except_result = actul_result, except_result is 首页, actul_result is 首页
Mon, 12 Oct 2020 14:53:24-run_all_case.py-test_personalInfoReg.py-[line:52]-INFO-[日志信息]: 进入登陆页面
Mon, 12 Oct 2020 14:53:25-test_infoReg-Assert.py-[line:124]-INFO-[日志信息]: except_result = actul_result, except_result is 实名认证, actul_result is 实名认证
Mon, 12 Oct 2020 14:53:25-run_all_case.py-test_personalInfoReg.py-[line:58]-INFO-[日志信息]: 实名认证画面成功显示
Mon, 12 Oct 2020 14:55:42-run_all_case.py-run_all_case.py-[line:41]-INFO-[日志信息]: ==================================2020-10-12 14:55:42===================================
Mon, 12 Oct 2020 14:55:42-run_all_case.py-test_login.py-[line:55]-INFO-[日志信息]: 开始执行脚本test_companyRegister:

Mon, 12 Oct 2020 14:55:52-run_all_case.py-test_login.py-[line:62]-INFO-[日志信息]: 对已注册的账户进行删除操作
Mon, 12 Oct 2020 14:55:57-test_companyRegister-Assert.py-[line:124]-INFO-[日志信息]: except_result = actul_result, except_result is 中小微企业金融服务聚合平台, actul_result is 中小微企业金融服务聚合平台
Mon, 12 Oct 2020 14:55:57-run_all_case.py-test_login.py-[line:90]-INFO-[日志信息]: 注册成功，返回到登陆页面
Mon, 12 Oct 2020 14:56:00-run_all_case.py-test_personalInfoReg.py-[line:34]-INFO-[日志信息]: 开始执行脚本test_infoReg:

Mon, 12 Oct 2020 14:56:00-run_all_case.py-test_personalInfoReg.py-[line:38]-INFO-[日志信息]: 对个人信息企业信息进行删除操作
Mon, 12 Oct 2020 14:56:11-test_infoReg-Assert.py-[line:124]-INFO-[日志信息]: except_result = actul_result, except_result is 首页, actul_result is 首页
Mon, 12 Oct 2020 14:56:11-run_all_case.py-test_personalInfoReg.py-[line:52]-INFO-[日志信息]: 进入登陆页面
Mon, 12 Oct 2020 14:56:12-test_infoReg-Assert.py-[line:124]-INFO-[日志信息]: except_result = actul_result, except_result is 实名认证, actul_result is 实名认证
Mon, 12 Oct 2020 14:56:12-run_all_case.py-test_personalInfoReg.py-[line:58]-INFO-[日志信息]: 实名认证画面成功显示
Mon, 12 Oct 2020 14:56:26-test_infoReg-Assert.py-[line:124]-INFO-[日志信息]: except_result = actul_result, except_result is 认证中, actul_result is 认证中
Mon, 12 Oct 2020 14:56:26-run_all_case.py-test_personalInfoReg.py-[line:96]-INFO-[日志信息]: 实名认证中画面显示
Mon, 12 Oct 2020 14:56:26-test_infoReg-Assert.py-[line:124]-INFO-[日志信息]: except_result = actul_result, except_result is 李涛, actul_result is 李涛
Mon, 12 Oct 2020 14:56:26-test_infoReg-Assert.py-[line:124]-INFO-[日志信息]: except_result = actul_result, except_result is 410184198105155611, actul_result is 410184198105155611
Mon, 12 Oct 2020 14:56:26-test_infoReg-Assert.py-[line:124]-INFO-[日志信息]: except_result = actul_result, except_result is 17082238021, actul_result is 17082238021
Mon, 12 Oct 2020 14:56:36-test_infoReg-Assert.py-[line:124]-INFO-[日志信息]: except_result = actul_result, except_result is 认证成功, actul_result is 认证成功
Mon, 12 Oct 2020 14:56:36-run_all_case.py-test_personalInfoReg.py-[line:110]-INFO-[日志信息]: 实名认证成功画面显示
Mon, 12 Oct 2020 14:56:36-test_infoReg-Assert.py-[line:124]-INFO-[日志信息]: except_result = actul_result, except_result is 实名认证, actul_result is 实名认证
Mon, 12 Oct 2020 14:56:36-run_all_case.py-test_personalInfoReg.py-[line:115]-INFO-[日志信息]: 点击查看认证信息按钮，跳转到实名认证画面
Mon, 12 Oct 2020 14:56:38-run_all_case.py-test_businessInfoReg.py-[line:33]-INFO-[日志信息]: 开始执行脚本test_businessInforReg:

Mon, 12 Oct 2020 14:56:49-test_businessInforReg-Assert.py-[line:124]-INFO-[日志信息]: except_result = actul_result, except_result is 企业基本资料, actul_result is 企业基本资料
Mon, 12 Oct 2020 14:56:49-run_all_case.py-test_businessInfoReg.py-[line:44]-INFO-[日志信息]: 企业基本资料画面正常显示
Mon, 12 Oct 2020 15:40:31-run_all_case.py-run_all_case.py-[line:41]-INFO-[日志信息]: ==================================2020-10-12 15:40:31===================================
Mon, 12 Oct 2020 15:56:03-run_all_case.py-run_all_case.py-[line:41]-INFO-[日志信息]: ==================================2020-10-12 15:56:03===================================
Mon, 12 Oct 2020 15:56:26-run_all_case.py-test_login.py-[line:101]-INFO-[日志信息]: 小程序个人实名认证页面
Mon, 12 Oct 2020 15:56:43-run_all_case.py-test_businessInfoReg.py-[line:33]-INFO-[日志信息]: 开始执行脚本test_businessInforReg:

Mon, 12 Oct 2020 16:01:35-run_all_case.py-run_all_case.py-[line:41]-INFO-[日志信息]: ==================================2020-10-12 16:01:35===================================
Mon, 12 Oct 2020 16:05:42-run_all_case.py-run_all_case.py-[line:41]-INFO-[日志信息]: ==================================2020-10-12 16:05:42===================================
Mon, 12 Oct 2020 16:06:05-run_all_case.py-test_login.py-[line:101]-INFO-[日志信息]: 小程序个人实名认证页面
Mon, 12 Oct 2020 16:09:27-run_all_case.py-run_all_case.py-[line:41]-INFO-[日志信息]: ==================================2020-10-12 16:09:27===================================
Mon, 12 Oct 2020 16:09:50-run_all_case.py-test_login.py-[line:101]-INFO-[日志信息]: 小程序个人实名认证页面
Mon, 12 Oct 2020 16:14:45-run_all_case.py-run_all_case.py-[line:41]-INFO-[日志信息]: ==================================2020-10-12 16:14:45===================================
Mon, 12 Oct 2020 16:15:09-run_all_case.py-test_login.py-[line:101]-INFO-[日志信息]: 小程序个人实名认证页面
Mon, 12 Oct 2020 16:23:57-run_all_case.py-run_all_case.py-[line:41]-INFO-[日志信息]: ==================================2020-10-12 16:23:57===================================
Mon, 12 Oct 2020 16:24:22-run_all_case.py-test_login.py-[line:101]-INFO-[日志信息]: 小程序个人实名认证页面
Mon, 12 Oct 2020 16:27:17-run_all_case.py-run_all_case.py-[line:41]-INFO-[日志信息]: ==================================2020-10-12 16:27:17===================================
Mon, 12 Oct 2020 16:27:41-run_all_case.py-test_login.py-[line:101]-INFO-[日志信息]: 小程序个人实名认证页面
Mon, 12 Oct 2020 16:29:28-run_all_case.py-run_all_case.py-[line:41]-INFO-[日志信息]: ==================================2020-10-12 16:29:28===================================
Mon, 12 Oct 2020 16:29:51-run_all_case.py-test_login.py-[line:101]-INFO-[日志信息]: 小程序个人实名认证页面
Mon, 12 Oct 2020 16:32:22-run_all_case.py-run_all_case.py-[line:41]-INFO-[日志信息]: ==================================2020-10-12 16:32:22===================================
Mon, 12 Oct 2020 16:32:45-run_all_case.py-test_login.py-[line:101]-INFO-[日志信息]: 小程序个人实名认证页面
Mon, 12 Oct 2020 16:34:25-run_all_case.py-run_all_case.py-[line:41]-INFO-[日志信息]: ==================================2020-10-12 16:34:25===================================
Mon, 12 Oct 2020 16:34:48-run_all_case.py-test_login.py-[line:101]-INFO-[日志信息]: 小程序个人实名认证页面
Mon, 12 Oct 2020 16:36:18-run_all_case.py-run_all_case.py-[line:41]-INFO-[日志信息]: ==================================2020-10-12 16:36:18===================================
Mon, 12 Oct 2020 16:36:41-run_all_case.py-test_login.py-[line:101]-INFO-[日志信息]: 小程序个人实名认证页面
Mon, 12 Oct 2020 16:40:42-run_all_case.py-run_all_case.py-[line:41]-INFO-[日志信息]: ==================================2020-10-12 16:40:42===================================
Mon, 12 Oct 2020 16:41:05-run_all_case.py-test_login.py-[line:101]-INFO-[日志信息]: 小程序个人实名认证页面
Mon, 12 Oct 2020 16:43:27-run_all_case.py-run_all_case.py-[line:41]-INFO-[日志信息]: ==================================2020-10-12 16:43:27===================================
Mon, 12 Oct 2020 16:43:50-run_all_case.py-test_login.py-[line:101]-INFO-[日志信息]: 小程序个人实名认证页面
Mon, 12 Oct 2020 16:46:10-run_all_case.py-run_all_case.py-[line:41]-INFO-[日志信息]: ==================================2020-10-12 16:46:10===================================
Mon, 12 Oct 2020 16:46:33-run_all_case.py-test_login.py-[line:101]-INFO-[日志信息]: 小程序个人实名认证页面
Mon, 12 Oct 2020 16:53:02-run_all_case.py-run_all_case.py-[line:41]-INFO-[日志信息]: ==================================2020-10-12 16:53:02===================================
Mon, 12 Oct 2020 16:53:23-run_all_case.py-test_login.py-[line:101]-INFO-[日志信息]: 小程序个人实名认证页面
Mon, 12 Oct 2020 16:55:27-run_all_case.py-run_all_case.py-[line:41]-INFO-[日志信息]: ==================================2020-10-12 16:55:27===================================
Mon, 12 Oct 2020 16:55:47-run_all_case.py-test_login.py-[line:101]-INFO-[日志信息]: 小程序个人实名认证页面
Mon, 12 Oct 2020 17:27:06-run_all_case.py-run_all_case.py-[line:41]-INFO-[日志信息]: ==================================2020-10-12 17:27:06===================================
Mon, 12 Oct 2020 17:27:26-run_all_case.py-test_login.py-[line:102]-INFO-[日志信息]: PC 端进行密码修改
Mon, 12 Oct 2020 17:27:36-run_all_case.py-test_login.py-[line:184]-INFO-[日志信息]: 登录页面
Mon, 12 Oct 2020 17:30:36-run_all_case.py-run_all_case.py-[line:41]-INFO-[日志信息]: ==================================2020-10-12 17:30:36===================================
Mon, 12 Oct 2020 17:30:55-run_all_case.py-test_login.py-[line:102]-INFO-[日志信息]: PC 端进行密码修改
Mon, 12 Oct 2020 17:31:06-run_all_case.py-test_login.py-[line:184]-INFO-[日志信息]: 登录页面
Mon, 12 Oct 2020 17:34:59-run_all_case.py-run_all_case.py-[line:41]-INFO-[日志信息]: ==================================2020-10-12 17:34:59===================================
Mon, 12 Oct 2020 17:35:09-run_all_case.py-test_login.py-[line:185]-INFO-[日志信息]: 登录页面
Mon, 12 Oct 2020 17:37:07-run_all_case.py-run_all_case.py-[line:41]-INFO-[日志信息]: ==================================2020-10-12 17:37:07===================================
Mon, 12 Oct 2020 17:37:18-run_all_case.py-test_login.py-[line:185]-INFO-[日志信息]: 登录页面
Mon, 12 Oct 2020 17:37:19-run_all_case.py-test_login.py-[line:190]-INFO-[日志信息]: 安全验证页面
Mon, 12 Oct 2020 17:38:34-run_all_case.py-run_all_case.py-[line:41]-INFO-[日志信息]: ==================================2020-10-12 17:38:34===================================
Mon, 12 Oct 2020 17:38:44-run_all_case.py-test_login.py-[line:185]-INFO-[日志信息]: 登录页面
Mon, 12 Oct 2020 17:38:45-run_all_case.py-test_login.py-[line:190]-INFO-[日志信息]: 安全验证页面
Mon, 12 Oct 2020 17:39:54-run_all_case.py-run_all_case.py-[line:41]-INFO-[日志信息]: ==================================2020-10-12 17:39:54===================================
Mon, 12 Oct 2020 17:40:04-run_all_case.py-test_login.py-[line:185]-INFO-[日志信息]: 登录页面
Mon, 12 Oct 2020 17:40:05-run_all_case.py-test_login.py-[line:190]-INFO-[日志信息]: 安全验证页面
