Wed, 25 Nov 2020 10:56:50-run_all_case.py-run_all_case.py-[line:58]-INFO-[日志信息]: ==================================2020-11-25 10:56:50===================================
Wed, 25 Nov 2020 10:56:51-run_all_case.py-test_login.py-[line:54]-INFO-[日志信息]: 开始执行脚本test_companyRegister:

Wed, 25 Nov 2020 10:57:02-run_all_case.py-test_login.py-[line:71]-INFO-[日志信息]: 对已注册的账户进行删除操作
Wed, 25 Nov 2020 10:57:06-test_companyRegister-Assert.py-[line:124]-INFO-[日志信息]: except_result = actul_result, except_result is 中小微企业金融服务聚合平台, actul_result is 中小微企业金融服务聚合平台
Wed, 25 Nov 2020 10:57:06-run_all_case.py-test_login.py-[line:99]-INFO-[日志信息]: 注册成功，返回到登陆页面
Wed, 25 Nov 2020 10:57:10-run_all_case.py-test_personalInfoReg.py-[line:34]-INFO-[日志信息]: 开始执行脚本test_infoReg:

Wed, 25 Nov 2020 10:57:10-run_all_case.py-test_personalInfoReg.py-[line:38]-INFO-[日志信息]: 对个人信息企业信息进行删除操作
Wed, 25 Nov 2020 10:57:21-test_infoReg-Assert.py-[line:124]-INFO-[日志信息]: except_result = actul_result, except_result is 首页, actul_result is 首页
Wed, 25 Nov 2020 10:57:21-run_all_case.py-test_personalInfoReg.py-[line:52]-INFO-[日志信息]: 进入登陆页面
Wed, 25 Nov 2020 11:10:53-run_all_case.py-run_all_case.py-[line:58]-INFO-[日志信息]: ==================================2020-11-25 11:10:53===================================
Wed, 25 Nov 2020 11:10:54-run_all_case.py-test_login.py-[line:54]-INFO-[日志信息]: 开始执行脚本test_companyRegister:

Wed, 25 Nov 2020 11:11:04-run_all_case.py-test_login.py-[line:71]-INFO-[日志信息]: 对已注册的账户进行删除操作
Wed, 25 Nov 2020 12:52:03-run_all_case.py-run_all_case.py-[line:58]-INFO-[日志信息]: ==================================2020-11-25 12:52:03===================================
Wed, 25 Nov 2020 12:52:04-run_all_case.py-test_login.py-[line:54]-INFO-[日志信息]: 开始执行脚本test_companyRegister:

Wed, 25 Nov 2020 12:52:12-run_all_case.py-run_all_case.py-[line:58]-INFO-[日志信息]: ==================================2020-11-25 12:52:12===================================
Wed, 25 Nov 2020 12:52:13-run_all_case.py-test_login.py-[line:54]-INFO-[日志信息]: 开始执行脚本test_companyRegister:

Wed, 25 Nov 2020 12:52:23-run_all_case.py-test_login.py-[line:71]-INFO-[日志信息]: 对已注册的账户进行删除操作
Wed, 25 Nov 2020 12:52:27-test_companyRegister-Assert.py-[line:124]-INFO-[日志信息]: except_result = actul_result, except_result is 中小微企业金融服务聚合平台, actul_result is 中小微企业金融服务聚合平台
Wed, 25 Nov 2020 12:52:27-run_all_case.py-test_login.py-[line:99]-INFO-[日志信息]: 注册成功，返回到登陆页面
Wed, 25 Nov 2020 12:52:31-run_all_case.py-test_personalInfoReg.py-[line:34]-INFO-[日志信息]: 开始执行脚本test_infoReg:

Wed, 25 Nov 2020 12:52:31-run_all_case.py-test_personalInfoReg.py-[line:38]-INFO-[日志信息]: 对个人信息企业信息进行删除操作
Wed, 25 Nov 2020 12:52:39-run_all_case.py-run_all_case.py-[line:58]-INFO-[日志信息]: ==================================2020-11-25 12:52:39===================================
Wed, 25 Nov 2020 12:52:40-run_all_case.py-test_login.py-[line:54]-INFO-[日志信息]: 开始执行脚本test_companyRegister:

Wed, 25 Nov 2020 12:52:50-run_all_case.py-test_login.py-[line:71]-INFO-[日志信息]: 对已注册的账户进行删除操作
Wed, 25 Nov 2020 12:52:54-test_companyRegister-Assert.py-[line:124]-INFO-[日志信息]: except_result = actul_result, except_result is 中小微企业金融服务聚合平台, actul_result is 中小微企业金融服务聚合平台
Wed, 25 Nov 2020 12:52:54-run_all_case.py-test_login.py-[line:99]-INFO-[日志信息]: 注册成功，返回到登陆页面
Wed, 25 Nov 2020 12:52:57-run_all_case.py-test_personalInfoReg.py-[line:34]-INFO-[日志信息]: 开始执行脚本test_infoReg:

Wed, 25 Nov 2020 12:52:58-run_all_case.py-test_personalInfoReg.py-[line:38]-INFO-[日志信息]: 对个人信息企业信息进行删除操作
Wed, 25 Nov 2020 12:53:15-run_all_case.py-run_all_case.py-[line:58]-INFO-[日志信息]: ==================================2020-11-25 12:53:15===================================
Wed, 25 Nov 2020 12:53:16-run_all_case.py-test_login.py-[line:54]-INFO-[日志信息]: 开始执行脚本test_companyRegister:

Wed, 25 Nov 2020 12:53:26-run_all_case.py-test_login.py-[line:76]-INFO-[日志信息]: 对已注册的账户进行删除操作
Wed, 25 Nov 2020 12:53:37-run_all_case.py-run_all_case.py-[line:58]-INFO-[日志信息]: ==================================2020-11-25 12:53:37===================================
Wed, 25 Nov 2020 12:53:38-run_all_case.py-test_login.py-[line:54]-INFO-[日志信息]: 开始执行脚本test_companyRegister:

Wed, 25 Nov 2020 12:53:50-run_all_case.py-test_login.py-[line:76]-INFO-[日志信息]: 对已注册的账户进行删除操作
Wed, 25 Nov 2020 12:53:54-test_companyRegister-Assert.py-[line:124]-INFO-[日志信息]: except_result = actul_result, except_result is 中小微企业金融服务聚合平台, actul_result is 中小微企业金融服务聚合平台
Wed, 25 Nov 2020 12:53:54-run_all_case.py-test_login.py-[line:104]-INFO-[日志信息]: 注册成功，返回到登陆页面
Wed, 25 Nov 2020 12:53:57-run_all_case.py-test_personalInfoReg.py-[line:34]-INFO-[日志信息]: 开始执行脚本test_infoReg:

Wed, 25 Nov 2020 12:53:57-run_all_case.py-test_personalInfoReg.py-[line:38]-INFO-[日志信息]: 对个人信息企业信息进行删除操作
Wed, 25 Nov 2020 12:54:09-test_infoReg-Assert.py-[line:124]-INFO-[日志信息]: except_result = actul_result, except_result is 首页, actul_result is 首页
Wed, 25 Nov 2020 12:54:09-run_all_case.py-test_personalInfoReg.py-[line:52]-INFO-[日志信息]: 进入登陆页面
Wed, 25 Nov 2020 12:54:42-run_all_case.py-test_businessInfoReg.py-[line:38]-INFO-[日志信息]: 开始执行脚本test_businessInforReg:

Wed, 25 Nov 2020 12:55:23-run_all_case.py-test_backStage_examine.py-[line:25]-INFO-[日志信息]: 开始执行脚本test_backstage_examine:

Wed, 25 Nov 2020 12:55:33-run_all_case.py-test_backStage_examine.py-[line:77]-INFO-[日志信息]: 成功登录后台系统
Wed, 25 Nov 2020 12:55:38-test_backstage_examine-Assert.py-[line:124]-INFO-[日志信息]: except_result = actul_result, except_result is 用户基本信息, actul_result is 用户基本信息
Wed, 25 Nov 2020 12:55:38-run_all_case.py-test_backStage_examine.py-[line:57]-INFO-[日志信息]: 成功进入企业信息审核画面
Wed, 25 Nov 2020 12:55:40-run_all_case.py-test_backStage_examine.py-[line:64]-INFO-[日志信息]: 企业认证通过
Wed, 25 Nov 2020 12:55:42-run_all_case.py-test_backStage_authentication.py-[line:173]-INFO-[日志信息]: 开始执行脚本test_backStageActCreate:

Wed, 25 Nov 2020 12:55:53-run_all_case.py-test_backStage_examine.py-[line:77]-INFO-[日志信息]: 成功登录后台系统
Wed, 25 Nov 2020 12:55:53-run_all_case.py-test_backStage_authentication.py-[line:183]-INFO-[日志信息]: 机构信息DB删除
Wed, 25 Nov 2020 12:56:11-run_all_case.py-test_backStage_authentication.py-[line:341]-INFO-[日志信息]: 进入担保公司创建页面
Wed, 25 Nov 2020 12:56:18-run_all_case.py-test_backStage_authentication.py-[line:278]-INFO-[日志信息]: 开始执行脚本test_backStage_authentication:

Wed, 25 Nov 2020 12:56:18-run_all_case.py-test_backStage_authentication.py-[line:281]-INFO-[日志信息]: 开始执行脚本test_backStage_authentication:

Wed, 25 Nov 2020 12:56:32-run_all_case.py-test_login.py-[line:185]-INFO-[日志信息]: 成功进入到密码重置页面
Wed, 25 Nov 2020 12:56:34-run_all_case.py-test_login.py-[line:192]-INFO-[日志信息]: 成功进入到密码修改完成页面
Wed, 25 Nov 2020 12:57:05-run_all_case.py-test_Tripartite_interaction.py-[line:144]-INFO-[日志信息]: 开始执行脚本test_Tripartite_interaction:

Wed, 25 Nov 2020 12:57:15-run_all_case.py-test_Tripartite_interaction.py-[line:151]-INFO-[日志信息]: 前端账户登录授信申请
Wed, 25 Nov 2020 12:57:21-run_all_case.py-test_Tripartite_interaction.py-[line:351]-INFO-[日志信息]: 进入到前端首页
Wed, 25 Nov 2020 12:57:21-run_all_case.py-test_Tripartite_interaction.py-[line:354]-INFO-[日志信息]: 进入到前端进入产品选择首页
Wed, 25 Nov 2020 12:57:23-run_all_case.py-test_Tripartite_interaction.py-[line:359]-INFO-[日志信息]: 进入到前端进入产品详情页
