Fri, 14 Aug 2020 15:01:30-run_all_uicase.py-run_all_uicase.py-[line:27]-INFO-[日志信息]: ==================================2020-08-14 15:01:30===================================
Fri, 14 Aug 2020 15:01:31-run_all_uicase.py-test_login.py-[line:51]-INFO-[日志信息]: 开始执行脚本test_companyRegister:

Fri, 14 Aug 2020 15:01:42-run_all_uicase.py-test_login.py-[line:58]-INFO-[日志信息]: 对已注册的账户进行删除操作
Fri, 14 Aug 2020 15:01:45-test_companyRegister-Assert.py-[line:123]-INFO-[日志信息]: except_result = actul_result, except_result is 中小微企业金融服务聚合平台, actul_result is 中小微企业金融服务聚合平台
Fri, 14 Aug 2020 15:01:45-run_all_uicase.py-test_login.py-[line:85]-INFO-[日志信息]: 注册成功，返回到登陆页面
Fri, 14 Aug 2020 15:01:48-run_all_uicase.py-test_personalInfoReg.py-[line:32]-INFO-[日志信息]: 开始执行脚本test_infoReg:

Fri, 14 Aug 2020 15:01:48-run_all_uicase.py-test_personalInfoReg.py-[line:36]-INFO-[日志信息]: 对个人信息企业信息进行删除操作
Fri, 14 Aug 2020 15:01:58-test_infoReg-Assert.py-[line:123]-INFO-[日志信息]: except_result = actul_result, except_result is 首页, actul_result is 首页
Fri, 14 Aug 2020 15:01:58-run_all_uicase.py-test_personalInfoReg.py-[line:49]-INFO-[日志信息]: 进入登陆页面
Fri, 14 Aug 2020 15:01:58-test_infoReg-Assert.py-[line:123]-INFO-[日志信息]: except_result = actul_result, except_result is 实名认证, actul_result is 实名认证
Fri, 14 Aug 2020 15:01:58-run_all_uicase.py-test_personalInfoReg.py-[line:54]-INFO-[日志信息]: 实名认证画面成功显示
Fri, 14 Aug 2020 15:02:00-test_infoReg-Assert.py-[line:123]-INFO-[日志信息]: except_result = actul_result, except_result is 认证中, actul_result is 认证中
Fri, 14 Aug 2020 15:02:00-run_all_uicase.py-test_personalInfoReg.py-[line:89]-INFO-[日志信息]: 实名认证中画面显示
Fri, 14 Aug 2020 15:02:00-test_infoReg-Assert.py-[line:123]-INFO-[日志信息]: except_result = actul_result, except_result is 测试用户, actul_result is 测试用户
Fri, 14 Aug 2020 15:02:00-test_infoReg-Assert.py-[line:123]-INFO-[日志信息]: except_result = actul_result, except_result is 11010119900307475X, actul_result is 11010119900307475X
Fri, 14 Aug 2020 15:02:00-test_infoReg-Assert.py-[line:123]-INFO-[日志信息]: except_result = actul_result, except_result is 17621198966, actul_result is 17621198966
Fri, 14 Aug 2020 15:02:30-test_infoReg-Assert.py-[line:123]-INFO-[日志信息]: except_result = actul_result, except_result is 认证成功, actul_result is 认证成功
Fri, 14 Aug 2020 15:02:30-run_all_uicase.py-test_personalInfoReg.py-[line:103]-INFO-[日志信息]: 实名认证成功画面显示
Fri, 14 Aug 2020 15:02:30-test_infoReg-Assert.py-[line:123]-INFO-[日志信息]: except_result = actul_result, except_result is 实名认证, actul_result is 实名认证
Fri, 14 Aug 2020 15:02:30-run_all_uicase.py-test_personalInfoReg.py-[line:108]-INFO-[日志信息]: 点击查看认证信息按钮，跳转到实名认证画面
Fri, 14 Aug 2020 15:02:32-run_all_uicase.py-test_businessInfoReg.py-[line:29]-INFO-[日志信息]: 开始执行脚本test_businessInforReg:

Fri, 14 Aug 2020 15:02:43-test_businessInforReg-Assert.py-[line:123]-INFO-[日志信息]: except_result = actul_result, except_result is 企业基本资料, actul_result is 企业基本资料
Fri, 14 Aug 2020 15:02:43-run_all_uicase.py-test_businessInfoReg.py-[line:40]-INFO-[日志信息]: 企业基本资料画面正常显示
Fri, 14 Aug 2020 15:02:48-test_businessInforReg-Assert.py-[line:123]-INFO-[日志信息]: except_result = actul_result, except_result is 请确认协议内容, actul_result is 请确认协议内容
Fri, 14 Aug 2020 15:02:48-run_all_uicase.py-test_businessInfoReg.py-[line:95]-INFO-[日志信息]: 协议确认画面正常显示
Fri, 14 Aug 2020 15:53:47-run_all_uicase.py-run_all_uicase.py-[line:27]-INFO-[日志信息]: ==================================2020-08-14 15:53:47===================================
Fri, 14 Aug 2020 15:53:48-run_all_uicase.py-test_login.py-[line:51]-INFO-[日志信息]: 开始执行脚本test_companyRegister:

Fri, 14 Aug 2020 15:54:23-run_all_uicase.py-run_all_uicase.py-[line:27]-INFO-[日志信息]: ==================================2020-08-14 15:54:23===================================
Fri, 14 Aug 2020 15:54:24-run_all_uicase.py-test_login.py-[line:51]-INFO-[日志信息]: 开始执行脚本test_companyRegister:

Fri, 14 Aug 2020 15:54:34-run_all_uicase.py-test_login.py-[line:58]-INFO-[日志信息]: 对已注册的账户进行删除操作
Fri, 14 Aug 2020 15:54:37-test_companyRegister-Assert.py-[line:123]-INFO-[日志信息]: except_result = actul_result, except_result is 中小微企业金融服务聚合平台, actul_result is 中小微企业金融服务聚合平台
Fri, 14 Aug 2020 15:54:37-run_all_uicase.py-test_login.py-[line:85]-INFO-[日志信息]: 注册成功，返回到登陆页面
Fri, 14 Aug 2020 15:54:40-run_all_uicase.py-test_personalInfoReg.py-[line:32]-INFO-[日志信息]: 开始执行脚本test_infoReg:

Fri, 14 Aug 2020 15:54:40-run_all_uicase.py-test_personalInfoReg.py-[line:36]-INFO-[日志信息]: 对个人信息企业信息进行删除操作
Fri, 14 Aug 2020 15:54:50-test_infoReg-Assert.py-[line:123]-INFO-[日志信息]: except_result = actul_result, except_result is 首页, actul_result is 首页
Fri, 14 Aug 2020 15:54:50-run_all_uicase.py-test_personalInfoReg.py-[line:49]-INFO-[日志信息]: 进入登陆页面
Fri, 14 Aug 2020 15:54:51-test_infoReg-Assert.py-[line:123]-INFO-[日志信息]: except_result = actul_result, except_result is 实名认证, actul_result is 实名认证
Fri, 14 Aug 2020 15:54:51-run_all_uicase.py-test_personalInfoReg.py-[line:54]-INFO-[日志信息]: 实名认证画面成功显示
Fri, 14 Aug 2020 15:54:54-test_infoReg-Assert.py-[line:123]-INFO-[日志信息]: except_result = actul_result, except_result is 认证中, actul_result is 认证中
Fri, 14 Aug 2020 15:54:54-run_all_uicase.py-test_personalInfoReg.py-[line:89]-INFO-[日志信息]: 实名认证中画面显示
Fri, 14 Aug 2020 15:54:54-test_infoReg-Assert.py-[line:123]-INFO-[日志信息]: except_result = actul_result, except_result is 测试用户, actul_result is 测试用户
Fri, 14 Aug 2020 15:54:54-test_infoReg-Assert.py-[line:123]-INFO-[日志信息]: except_result = actul_result, except_result is 11010119900307475X, actul_result is 11010119900307475X
Fri, 14 Aug 2020 15:54:54-test_infoReg-Assert.py-[line:123]-INFO-[日志信息]: except_result = actul_result, except_result is 17621198968, actul_result is 17621198968
Fri, 14 Aug 2020 15:56:13-test_infoReg-Assert.py-[line:123]-INFO-[日志信息]: except_result = actul_result, except_result is 认证成功, actul_result is 认证成功
Fri, 14 Aug 2020 15:56:13-run_all_uicase.py-test_personalInfoReg.py-[line:103]-INFO-[日志信息]: 实名认证成功画面显示
Fri, 14 Aug 2020 15:56:13-test_infoReg-Assert.py-[line:123]-INFO-[日志信息]: except_result = actul_result, except_result is 实名认证, actul_result is 实名认证
Fri, 14 Aug 2020 15:56:13-run_all_uicase.py-test_personalInfoReg.py-[line:108]-INFO-[日志信息]: 点击查看认证信息按钮，跳转到实名认证画面
Fri, 14 Aug 2020 15:56:16-run_all_uicase.py-test_businessInfoReg.py-[line:29]-INFO-[日志信息]: 开始执行脚本test_businessInforReg:

Fri, 14 Aug 2020 15:56:26-test_businessInforReg-Assert.py-[line:123]-INFO-[日志信息]: except_result = actul_result, except_result is 企业基本资料, actul_result is 企业基本资料
Fri, 14 Aug 2020 15:56:26-run_all_uicase.py-test_businessInfoReg.py-[line:40]-INFO-[日志信息]: 企业基本资料画面正常显示
Fri, 14 Aug 2020 15:56:31-test_businessInforReg-Assert.py-[line:123]-INFO-[日志信息]: except_result = actul_result, except_result is 请确认协议内容, actul_result is 请确认协议内容
Fri, 14 Aug 2020 15:56:31-run_all_uicase.py-test_businessInfoReg.py-[line:95]-INFO-[日志信息]: 协议确认画面正常显示
Fri, 14 Aug 2020 15:56:52-run_all_uicase.py-test_backStage_examine.py-[line:24]-INFO-[日志信息]: 开始执行脚本test_backstage_examine:

Fri, 14 Aug 2020 15:57:02-run_all_uicase.py-test_login.py-[line:26]-INFO-[日志信息]: 开始执行脚本test_companyLoginOn:

Fri, 14 Aug 2020 15:57:12-test_companyLoginOn-Assert.py-[line:123]-INFO-[日志信息]: except_result = actul_result, except_result is 首页, actul_result is 首页
Fri, 14 Aug 2020 15:57:12-run_all_uicase.py-test_login.py-[line:40]-INFO-[日志信息]: 中小微企业金融服务聚合平台登录成功！
Fri, 14 Aug 2020 15:57:14-run_all_uicase.py-test_login.py-[line:96]-INFO-[日志信息]: 开始执行脚本test_companyPassForget:

Fri, 14 Aug 2020 15:57:27-test_companyPassForget-Assert.py-[line:123]-INFO-[日志信息]: except_result = actul_result, except_result is 重置密码, actul_result is 重置密码
Fri, 14 Aug 2020 15:57:27-run_all_uicase.py-test_login.py-[line:122]-INFO-[日志信息]: 成功进入到密码重置页面
Fri, 14 Aug 2020 15:57:30-test_companyPassForget-Assert.py-[line:123]-INFO-[日志信息]: except_result = actul_result, except_result is 完成修改, actul_result is 完成修改
Fri, 14 Aug 2020 15:57:30-run_all_uicase.py-test_login.py-[line:133]-INFO-[日志信息]: 成功进入到密码修改完成页面
Fri, 14 Aug 2020 15:58:21-run_all_uicase.py-run_all_uicase.py-[line:27]-INFO-[日志信息]: ==================================2020-08-14 15:58:21===================================
Fri, 14 Aug 2020 15:58:21-run_all_uicase.py-test_login.py-[line:51]-INFO-[日志信息]: 开始执行脚本test_companyRegister:

Fri, 14 Aug 2020 15:58:31-run_all_uicase.py-test_login.py-[line:58]-INFO-[日志信息]: 对已注册的账户进行删除操作
Fri, 14 Aug 2020 15:58:34-test_companyRegister-Assert.py-[line:123]-INFO-[日志信息]: except_result = actul_result, except_result is 中小微企业金融服务聚合平台, actul_result is 中小微企业金融服务聚合平台
Fri, 14 Aug 2020 15:58:34-run_all_uicase.py-test_login.py-[line:85]-INFO-[日志信息]: 注册成功，返回到登陆页面
Fri, 14 Aug 2020 15:58:37-run_all_uicase.py-test_personalInfoReg.py-[line:32]-INFO-[日志信息]: 开始执行脚本test_infoReg:

Fri, 14 Aug 2020 15:58:37-run_all_uicase.py-test_personalInfoReg.py-[line:36]-INFO-[日志信息]: 对个人信息企业信息进行删除操作
Fri, 14 Aug 2020 15:58:47-test_infoReg-Assert.py-[line:123]-INFO-[日志信息]: except_result = actul_result, except_result is 首页, actul_result is 首页
Fri, 14 Aug 2020 15:58:47-run_all_uicase.py-test_personalInfoReg.py-[line:49]-INFO-[日志信息]: 进入登陆页面
Fri, 14 Aug 2020 15:58:47-test_infoReg-Assert.py-[line:123]-INFO-[日志信息]: except_result = actul_result, except_result is 实名认证, actul_result is 实名认证
Fri, 14 Aug 2020 15:58:47-run_all_uicase.py-test_personalInfoReg.py-[line:54]-INFO-[日志信息]: 实名认证画面成功显示
Fri, 14 Aug 2020 15:58:49-test_infoReg-Assert.py-[line:123]-INFO-[日志信息]: except_result = actul_result, except_result is 认证中, actul_result is 认证中
Fri, 14 Aug 2020 15:58:49-run_all_uicase.py-test_personalInfoReg.py-[line:89]-INFO-[日志信息]: 实名认证中画面显示
Fri, 14 Aug 2020 15:58:49-test_infoReg-Assert.py-[line:123]-INFO-[日志信息]: except_result = actul_result, except_result is 测试用户, actul_result is 测试用户
Fri, 14 Aug 2020 15:58:49-test_infoReg-Assert.py-[line:123]-INFO-[日志信息]: except_result = actul_result, except_result is 11010119900307475X, actul_result is 11010119900307475X
Fri, 14 Aug 2020 15:58:49-test_infoReg-Assert.py-[line:123]-INFO-[日志信息]: except_result = actul_result, except_result is 17621198968, actul_result is 17621198968
Fri, 14 Aug 2020 15:59:29-test_infoReg-Assert.py-[line:123]-INFO-[日志信息]: except_result = actul_result, except_result is 认证成功, actul_result is 认证成功
Fri, 14 Aug 2020 15:59:29-run_all_uicase.py-test_personalInfoReg.py-[line:103]-INFO-[日志信息]: 实名认证成功画面显示
Fri, 14 Aug 2020 15:59:29-test_infoReg-Assert.py-[line:123]-INFO-[日志信息]: except_result = actul_result, except_result is 实名认证, actul_result is 实名认证
Fri, 14 Aug 2020 15:59:29-run_all_uicase.py-test_personalInfoReg.py-[line:108]-INFO-[日志信息]: 点击查看认证信息按钮，跳转到实名认证画面
Fri, 14 Aug 2020 15:59:31-run_all_uicase.py-test_businessInfoReg.py-[line:29]-INFO-[日志信息]: 开始执行脚本test_businessInforReg:

Fri, 14 Aug 2020 15:59:42-test_businessInforReg-Assert.py-[line:123]-INFO-[日志信息]: except_result = actul_result, except_result is 企业基本资料, actul_result is 企业基本资料
Fri, 14 Aug 2020 15:59:42-run_all_uicase.py-test_businessInfoReg.py-[line:40]-INFO-[日志信息]: 企业基本资料画面正常显示
Fri, 14 Aug 2020 15:59:47-test_businessInforReg-Assert.py-[line:123]-INFO-[日志信息]: except_result = actul_result, except_result is 请确认协议内容, actul_result is 请确认协议内容
Fri, 14 Aug 2020 15:59:47-run_all_uicase.py-test_businessInfoReg.py-[line:95]-INFO-[日志信息]: 协议确认画面正常显示
Fri, 14 Aug 2020 16:01:26-run_all_uicase.py-run_all_uicase.py-[line:27]-INFO-[日志信息]: ==================================2020-08-14 16:01:26===================================
Fri, 14 Aug 2020 16:01:27-run_all_uicase.py-test_login.py-[line:51]-INFO-[日志信息]: 开始执行脚本test_companyRegister:

Fri, 14 Aug 2020 16:01:37-run_all_uicase.py-test_login.py-[line:58]-INFO-[日志信息]: 对已注册的账户进行删除操作
Fri, 14 Aug 2020 16:01:40-test_companyRegister-Assert.py-[line:123]-INFO-[日志信息]: except_result = actul_result, except_result is 中小微企业金融服务聚合平台, actul_result is 中小微企业金融服务聚合平台
Fri, 14 Aug 2020 16:01:40-run_all_uicase.py-test_login.py-[line:85]-INFO-[日志信息]: 注册成功，返回到登陆页面
Fri, 14 Aug 2020 16:01:42-run_all_uicase.py-test_personalInfoReg.py-[line:32]-INFO-[日志信息]: 开始执行脚本test_infoReg:

Fri, 14 Aug 2020 16:01:42-run_all_uicase.py-test_personalInfoReg.py-[line:36]-INFO-[日志信息]: 对个人信息企业信息进行删除操作
Fri, 14 Aug 2020 16:01:53-test_infoReg-Assert.py-[line:123]-INFO-[日志信息]: except_result = actul_result, except_result is 首页, actul_result is 首页
Fri, 14 Aug 2020 16:01:53-run_all_uicase.py-test_personalInfoReg.py-[line:49]-INFO-[日志信息]: 进入登陆页面
Fri, 14 Aug 2020 16:01:57-test_infoReg-Assert.py-[line:123]-INFO-[日志信息]: except_result = actul_result, except_result is 实名认证, actul_result is 实名认证
Fri, 14 Aug 2020 16:01:57-run_all_uicase.py-test_personalInfoReg.py-[line:54]-INFO-[日志信息]: 实名认证画面成功显示
Fri, 14 Aug 2020 16:01:58-test_infoReg-Assert.py-[line:123]-INFO-[日志信息]: except_result = actul_result, except_result is 认证中, actul_result is 认证中
Fri, 14 Aug 2020 16:01:58-run_all_uicase.py-test_personalInfoReg.py-[line:89]-INFO-[日志信息]: 实名认证中画面显示
Fri, 14 Aug 2020 16:01:58-test_infoReg-Assert.py-[line:123]-INFO-[日志信息]: except_result = actul_result, except_result is 测试用户, actul_result is 测试用户
Fri, 14 Aug 2020 16:01:58-test_infoReg-Assert.py-[line:123]-INFO-[日志信息]: except_result = actul_result, except_result is 11010119900307475X, actul_result is 11010119900307475X
Fri, 14 Aug 2020 16:01:58-test_infoReg-Assert.py-[line:123]-INFO-[日志信息]: except_result = actul_result, except_result is 17621192222, actul_result is 17621192222
Fri, 14 Aug 2020 16:02:28-test_infoReg-Assert.py-[line:123]-INFO-[日志信息]: except_result = actul_result, except_result is 认证成功, actul_result is 认证成功
Fri, 14 Aug 2020 16:02:28-run_all_uicase.py-test_personalInfoReg.py-[line:103]-INFO-[日志信息]: 实名认证成功画面显示
Fri, 14 Aug 2020 16:02:29-test_infoReg-Assert.py-[line:123]-INFO-[日志信息]: except_result = actul_result, except_result is 实名认证, actul_result is 实名认证
Fri, 14 Aug 2020 16:02:29-run_all_uicase.py-test_personalInfoReg.py-[line:108]-INFO-[日志信息]: 点击查看认证信息按钮，跳转到实名认证画面
Fri, 14 Aug 2020 16:02:31-run_all_uicase.py-test_businessInfoReg.py-[line:29]-INFO-[日志信息]: 开始执行脚本test_businessInforReg:

Fri, 14 Aug 2020 16:02:42-test_businessInforReg-Assert.py-[line:123]-INFO-[日志信息]: except_result = actul_result, except_result is 企业基本资料, actul_result is 企业基本资料
Fri, 14 Aug 2020 16:02:42-run_all_uicase.py-test_businessInfoReg.py-[line:40]-INFO-[日志信息]: 企业基本资料画面正常显示
Fri, 14 Aug 2020 16:02:47-test_businessInforReg-Assert.py-[line:123]-INFO-[日志信息]: except_result = actul_result, except_result is 请确认协议内容, actul_result is 请确认协议内容
Fri, 14 Aug 2020 16:02:47-run_all_uicase.py-test_businessInfoReg.py-[line:95]-INFO-[日志信息]: 协议确认画面正常显示
Fri, 14 Aug 2020 16:03:41-run_all_uicase.py-test_backStage_examine.py-[line:24]-INFO-[日志信息]: 开始执行脚本test_backstage_examine:

Fri, 14 Aug 2020 16:04:25-run_all_uicase.py-run_all_uicase.py-[line:27]-INFO-[日志信息]: ==================================2020-08-14 16:04:25===================================
Fri, 14 Aug 2020 16:04:25-run_all_uicase.py-test_login.py-[line:51]-INFO-[日志信息]: 开始执行脚本test_companyRegister:

Fri, 14 Aug 2020 16:04:35-run_all_uicase.py-test_login.py-[line:58]-INFO-[日志信息]: 对已注册的账户进行删除操作
Fri, 14 Aug 2020 16:04:39-test_companyRegister-Assert.py-[line:123]-INFO-[日志信息]: except_result = actul_result, except_result is 中小微企业金融服务聚合平台, actul_result is 中小微企业金融服务聚合平台
Fri, 14 Aug 2020 16:04:39-run_all_uicase.py-test_login.py-[line:85]-INFO-[日志信息]: 注册成功，返回到登陆页面
Fri, 14 Aug 2020 16:04:41-run_all_uicase.py-test_personalInfoReg.py-[line:32]-INFO-[日志信息]: 开始执行脚本test_infoReg:

Fri, 14 Aug 2020 16:04:41-run_all_uicase.py-test_personalInfoReg.py-[line:36]-INFO-[日志信息]: 对个人信息企业信息进行删除操作
Fri, 14 Aug 2020 16:04:51-test_infoReg-Assert.py-[line:123]-INFO-[日志信息]: except_result = actul_result, except_result is 首页, actul_result is 首页
Fri, 14 Aug 2020 16:04:51-run_all_uicase.py-test_personalInfoReg.py-[line:49]-INFO-[日志信息]: 进入登陆页面
Fri, 14 Aug 2020 16:04:52-test_infoReg-Assert.py-[line:123]-INFO-[日志信息]: except_result = actul_result, except_result is 实名认证, actul_result is 实名认证
Fri, 14 Aug 2020 16:04:52-run_all_uicase.py-test_personalInfoReg.py-[line:54]-INFO-[日志信息]: 实名认证画面成功显示
Fri, 14 Aug 2020 16:04:53-test_infoReg-Assert.py-[line:123]-INFO-[日志信息]: except_result = actul_result, except_result is 认证中, actul_result is 认证中
Fri, 14 Aug 2020 16:04:53-run_all_uicase.py-test_personalInfoReg.py-[line:89]-INFO-[日志信息]: 实名认证中画面显示
Fri, 14 Aug 2020 16:04:53-test_infoReg-Assert.py-[line:123]-INFO-[日志信息]: except_result = actul_result, except_result is 测试用户, actul_result is 测试用户
Fri, 14 Aug 2020 16:04:53-test_infoReg-Assert.py-[line:123]-INFO-[日志信息]: except_result = actul_result, except_result is 11010119900307475X, actul_result is 11010119900307475X
Fri, 14 Aug 2020 16:04:53-test_infoReg-Assert.py-[line:123]-INFO-[日志信息]: except_result = actul_result, except_result is 17621193456, actul_result is 17621193456
Fri, 14 Aug 2020 16:05:14-test_infoReg-Assert.py-[line:123]-INFO-[日志信息]: except_result = actul_result, except_result is 认证成功, actul_result is 认证成功
Fri, 14 Aug 2020 16:05:14-run_all_uicase.py-test_personalInfoReg.py-[line:103]-INFO-[日志信息]: 实名认证成功画面显示
Fri, 14 Aug 2020 16:05:14-test_infoReg-Assert.py-[line:123]-INFO-[日志信息]: except_result = actul_result, except_result is 实名认证, actul_result is 实名认证
Fri, 14 Aug 2020 16:05:14-run_all_uicase.py-test_personalInfoReg.py-[line:108]-INFO-[日志信息]: 点击查看认证信息按钮，跳转到实名认证画面
Fri, 14 Aug 2020 16:05:16-run_all_uicase.py-test_businessInfoReg.py-[line:29]-INFO-[日志信息]: 开始执行脚本test_businessInforReg:

Fri, 14 Aug 2020 16:05:27-test_businessInforReg-Assert.py-[line:123]-INFO-[日志信息]: except_result = actul_result, except_result is 企业基本资料, actul_result is 企业基本资料
Fri, 14 Aug 2020 16:05:27-run_all_uicase.py-test_businessInfoReg.py-[line:40]-INFO-[日志信息]: 企业基本资料画面正常显示
Fri, 14 Aug 2020 16:05:32-test_businessInforReg-Assert.py-[line:123]-INFO-[日志信息]: except_result = actul_result, except_result is 请确认协议内容, actul_result is 请确认协议内容
Fri, 14 Aug 2020 16:05:32-run_all_uicase.py-test_businessInfoReg.py-[line:95]-INFO-[日志信息]: 协议确认画面正常显示
Fri, 14 Aug 2020 16:08:05-run_all_uicase.py-run_all_uicase.py-[line:27]-INFO-[日志信息]: ==================================2020-08-14 16:08:05===================================
Fri, 14 Aug 2020 16:08:05-run_all_uicase.py-test_login.py-[line:51]-INFO-[日志信息]: 开始执行脚本test_companyRegister:

Fri, 14 Aug 2020 16:08:15-run_all_uicase.py-test_login.py-[line:58]-INFO-[日志信息]: 对已注册的账户进行删除操作
Fri, 14 Aug 2020 16:08:19-test_companyRegister-Assert.py-[line:123]-INFO-[日志信息]: except_result = actul_result, except_result is 中小微企业金融服务聚合平台, actul_result is 中小微企业金融服务聚合平台
Fri, 14 Aug 2020 16:08:19-run_all_uicase.py-test_login.py-[line:85]-INFO-[日志信息]: 注册成功，返回到登陆页面
Fri, 14 Aug 2020 16:08:21-run_all_uicase.py-test_personalInfoReg.py-[line:32]-INFO-[日志信息]: 开始执行脚本test_infoReg:

Fri, 14 Aug 2020 16:08:21-run_all_uicase.py-test_personalInfoReg.py-[line:36]-INFO-[日志信息]: 对个人信息企业信息进行删除操作
Fri, 14 Aug 2020 16:08:30-test_infoReg-Assert.py-[line:123]-INFO-[日志信息]: except_result = actul_result, except_result is 首页, actul_result is 首页
Fri, 14 Aug 2020 16:08:30-run_all_uicase.py-test_personalInfoReg.py-[line:49]-INFO-[日志信息]: 进入登陆页面
Fri, 14 Aug 2020 16:08:30-test_infoReg-Assert.py-[line:123]-INFO-[日志信息]: except_result = actul_result, except_result is 实名认证, actul_result is 实名认证
Fri, 14 Aug 2020 16:08:30-run_all_uicase.py-test_personalInfoReg.py-[line:54]-INFO-[日志信息]: 实名认证画面成功显示
Fri, 14 Aug 2020 16:08:32-test_infoReg-Assert.py-[line:123]-INFO-[日志信息]: except_result = actul_result, except_result is 认证中, actul_result is 认证中
Fri, 14 Aug 2020 16:08:32-run_all_uicase.py-test_personalInfoReg.py-[line:89]-INFO-[日志信息]: 实名认证中画面显示
Fri, 14 Aug 2020 16:08:32-test_infoReg-Assert.py-[line:123]-INFO-[日志信息]: except_result = actul_result, except_result is 测试用户, actul_result is 测试用户
Fri, 14 Aug 2020 16:08:32-test_infoReg-Assert.py-[line:123]-INFO-[日志信息]: except_result = actul_result, except_result is 11010119900307475X, actul_result is 11010119900307475X
Fri, 14 Aug 2020 16:08:32-test_infoReg-Assert.py-[line:123]-INFO-[日志信息]: except_result = actul_result, except_result is 17621193477, actul_result is 17621193477
Fri, 14 Aug 2020 16:09:02-test_infoReg-Assert.py-[line:123]-INFO-[日志信息]: except_result = actul_result, except_result is 认证成功, actul_result is 认证成功
Fri, 14 Aug 2020 16:09:02-run_all_uicase.py-test_personalInfoReg.py-[line:103]-INFO-[日志信息]: 实名认证成功画面显示
Fri, 14 Aug 2020 16:09:02-test_infoReg-Assert.py-[line:123]-INFO-[日志信息]: except_result = actul_result, except_result is 实名认证, actul_result is 实名认证
Fri, 14 Aug 2020 16:09:02-run_all_uicase.py-test_personalInfoReg.py-[line:108]-INFO-[日志信息]: 点击查看认证信息按钮，跳转到实名认证画面
Fri, 14 Aug 2020 16:09:04-run_all_uicase.py-test_businessInfoReg.py-[line:29]-INFO-[日志信息]: 开始执行脚本test_businessInforReg:

Fri, 14 Aug 2020 16:09:15-test_businessInforReg-Assert.py-[line:123]-INFO-[日志信息]: except_result = actul_result, except_result is 企业基本资料, actul_result is 企业基本资料
Fri, 14 Aug 2020 16:09:15-run_all_uicase.py-test_businessInfoReg.py-[line:40]-INFO-[日志信息]: 企业基本资料画面正常显示
Fri, 14 Aug 2020 16:09:20-test_businessInforReg-Assert.py-[line:123]-INFO-[日志信息]: except_result = actul_result, except_result is 请确认协议内容, actul_result is 请确认协议内容
Fri, 14 Aug 2020 16:09:20-run_all_uicase.py-test_businessInfoReg.py-[line:95]-INFO-[日志信息]: 协议确认画面正常显示
Fri, 14 Aug 2020 16:10:42-run_all_uicase.py-run_all_uicase.py-[line:27]-INFO-[日志信息]: ==================================2020-08-14 16:10:42===================================
Fri, 14 Aug 2020 16:10:43-run_all_uicase.py-test_login.py-[line:51]-INFO-[日志信息]: 开始执行脚本test_companyRegister:

Fri, 14 Aug 2020 16:10:45-run_all_uicase.py-run_all_uicase.py-[line:27]-INFO-[日志信息]: ==================================2020-08-14 16:10:45===================================
Fri, 14 Aug 2020 16:10:45-run_all_uicase.py-test_login.py-[line:51]-INFO-[日志信息]: 开始执行脚本test_companyRegister:

Fri, 14 Aug 2020 16:10:55-run_all_uicase.py-test_login.py-[line:58]-INFO-[日志信息]: 对已注册的账户进行删除操作
Fri, 14 Aug 2020 16:11:23-run_all_uicase.py-run_all_uicase.py-[line:27]-INFO-[日志信息]: ==================================2020-08-14 16:11:23===================================
Fri, 14 Aug 2020 16:11:23-run_all_uicase.py-test_login.py-[line:51]-INFO-[日志信息]: 开始执行脚本test_companyRegister:

Fri, 14 Aug 2020 16:11:33-run_all_uicase.py-test_login.py-[line:58]-INFO-[日志信息]: 对已注册的账户进行删除操作
Fri, 14 Aug 2020 16:11:37-test_companyRegister-Assert.py-[line:123]-INFO-[日志信息]: except_result = actul_result, except_result is 中小微企业金融服务聚合平台, actul_result is 中小微企业金融服务聚合平台
Fri, 14 Aug 2020 16:11:37-run_all_uicase.py-test_login.py-[line:85]-INFO-[日志信息]: 注册成功，返回到登陆页面
Fri, 14 Aug 2020 16:11:39-run_all_uicase.py-test_personalInfoReg.py-[line:32]-INFO-[日志信息]: 开始执行脚本test_infoReg:

Fri, 14 Aug 2020 16:11:39-run_all_uicase.py-test_personalInfoReg.py-[line:36]-INFO-[日志信息]: 对个人信息企业信息进行删除操作
Fri, 14 Aug 2020 16:11:49-test_infoReg-Assert.py-[line:123]-INFO-[日志信息]: except_result = actul_result, except_result is 首页, actul_result is 首页
Fri, 14 Aug 2020 16:11:49-run_all_uicase.py-test_personalInfoReg.py-[line:49]-INFO-[日志信息]: 进入登陆页面
Fri, 14 Aug 2020 16:11:50-test_infoReg-Assert.py-[line:123]-INFO-[日志信息]: except_result = actul_result, except_result is 实名认证, actul_result is 实名认证
Fri, 14 Aug 2020 16:11:50-run_all_uicase.py-test_personalInfoReg.py-[line:54]-INFO-[日志信息]: 实名认证画面成功显示
Fri, 14 Aug 2020 16:11:51-test_infoReg-Assert.py-[line:123]-INFO-[日志信息]: except_result = actul_result, except_result is 认证中, actul_result is 认证中
Fri, 14 Aug 2020 16:11:51-run_all_uicase.py-test_personalInfoReg.py-[line:89]-INFO-[日志信息]: 实名认证中画面显示
Fri, 14 Aug 2020 16:11:51-test_infoReg-Assert.py-[line:123]-INFO-[日志信息]: except_result = actul_result, except_result is 测试用户, actul_result is 测试用户
Fri, 14 Aug 2020 16:11:51-test_infoReg-Assert.py-[line:123]-INFO-[日志信息]: except_result = actul_result, except_result is 11010119900307475X, actul_result is 11010119900307475X
Fri, 14 Aug 2020 16:11:51-test_infoReg-Assert.py-[line:123]-INFO-[日志信息]: except_result = actul_result, except_result is 17621193474, actul_result is 17621193474
Fri, 14 Aug 2020 16:12:21-test_infoReg-Assert.py-[line:123]-INFO-[日志信息]: except_result = actul_result, except_result is 认证成功, actul_result is 认证成功
Fri, 14 Aug 2020 16:12:21-run_all_uicase.py-test_personalInfoReg.py-[line:103]-INFO-[日志信息]: 实名认证成功画面显示
Fri, 14 Aug 2020 16:12:21-test_infoReg-Assert.py-[line:123]-INFO-[日志信息]: except_result = actul_result, except_result is 实名认证, actul_result is 实名认证
Fri, 14 Aug 2020 16:12:21-run_all_uicase.py-test_personalInfoReg.py-[line:108]-INFO-[日志信息]: 点击查看认证信息按钮，跳转到实名认证画面
Fri, 14 Aug 2020 16:12:24-run_all_uicase.py-test_businessInfoReg.py-[line:29]-INFO-[日志信息]: 开始执行脚本test_businessInforReg:

Fri, 14 Aug 2020 16:12:34-test_businessInforReg-Assert.py-[line:123]-INFO-[日志信息]: except_result = actul_result, except_result is 企业基本资料, actul_result is 企业基本资料
Fri, 14 Aug 2020 16:12:34-run_all_uicase.py-test_businessInfoReg.py-[line:40]-INFO-[日志信息]: 企业基本资料画面正常显示
Fri, 14 Aug 2020 16:12:39-test_businessInforReg-Assert.py-[line:123]-INFO-[日志信息]: except_result = actul_result, except_result is 请确认协议内容, actul_result is 请确认协议内容
Fri, 14 Aug 2020 16:12:39-run_all_uicase.py-test_businessInfoReg.py-[line:95]-INFO-[日志信息]: 协议确认画面正常显示
Fri, 14 Aug 2020 16:12:43-test_businessInforReg-Assert.py-[line:123]-INFO-[日志信息]: except_result = actul_result, except_result is 认证中, actul_result is 认证中
Fri, 14 Aug 2020 16:12:43-run_all_uicase.py-test_businessInfoReg.py-[line:105]-INFO-[日志信息]: 企业信息认证中画面正常显示
Fri, 14 Aug 2020 16:13:22-test_businessInforReg-Assert.py-[line:123]-INFO-[日志信息]: except_result = actul_result, except_result is 审核中, actul_result is 审核中
Fri, 14 Aug 2020 16:13:22-run_all_uicase.py-test_businessInfoReg.py-[line:116]-INFO-[日志信息]: 企业信息审核中画面正常显示
Fri, 14 Aug 2020 16:13:22-test_businessInforReg-Assert.py-[line:123]-INFO-[日志信息]: except_result = actul_result, except_result is 企业基本资料, actul_result is 企业基本资料
Fri, 14 Aug 2020 16:13:22-run_all_uicase.py-test_businessInfoReg.py-[line:123]-INFO-[日志信息]: 企业基本资料画面正常显示
Fri, 14 Aug 2020 16:54:06-run_all_uicase.py-run_all_uicase.py-[line:27]-INFO-[日志信息]: ==================================2020-08-14 16:54:06===================================
Fri, 14 Aug 2020 16:54:06-run_all_uicase.py-test_login.py-[line:51]-INFO-[日志信息]: 开始执行脚本test_companyRegister:

Fri, 14 Aug 2020 16:54:16-run_all_uicase.py-test_login.py-[line:58]-INFO-[日志信息]: 对已注册的账户进行删除操作
Fri, 14 Aug 2020 16:54:19-test_companyRegister-Assert.py-[line:123]-INFO-[日志信息]: except_result = actul_result, except_result is 中小微企业金融服务聚合平台, actul_result is 中小微企业金融服务聚合平台
Fri, 14 Aug 2020 16:54:19-run_all_uicase.py-test_login.py-[line:85]-INFO-[日志信息]: 注册成功，返回到登陆页面
Fri, 14 Aug 2020 16:54:22-run_all_uicase.py-test_personalInfoReg.py-[line:32]-INFO-[日志信息]: 开始执行脚本test_infoReg:

Fri, 14 Aug 2020 16:54:22-run_all_uicase.py-test_personalInfoReg.py-[line:36]-INFO-[日志信息]: 对个人信息企业信息进行删除操作
Fri, 14 Aug 2020 16:54:32-test_infoReg-Assert.py-[line:123]-INFO-[日志信息]: except_result = actul_result, except_result is 首页, actul_result is 首页
Fri, 14 Aug 2020 16:54:32-run_all_uicase.py-test_personalInfoReg.py-[line:49]-INFO-[日志信息]: 进入登陆页面
Fri, 14 Aug 2020 16:54:38-test_infoReg-Assert.py-[line:123]-INFO-[日志信息]: except_result = actul_result, except_result is 实名认证, actul_result is 实名认证
Fri, 14 Aug 2020 16:54:38-run_all_uicase.py-test_personalInfoReg.py-[line:54]-INFO-[日志信息]: 实名认证画面成功显示
Fri, 14 Aug 2020 16:54:40-test_infoReg-Assert.py-[line:123]-INFO-[日志信息]: except_result = actul_result, except_result is 认证中, actul_result is 认证中
Fri, 14 Aug 2020 16:54:40-run_all_uicase.py-test_personalInfoReg.py-[line:89]-INFO-[日志信息]: 实名认证中画面显示
Fri, 14 Aug 2020 16:54:40-test_infoReg-Assert.py-[line:123]-INFO-[日志信息]: except_result = actul_result, except_result is 测试用户, actul_result is 测试用户
Fri, 14 Aug 2020 16:54:40-test_infoReg-Assert.py-[line:123]-INFO-[日志信息]: except_result = actul_result, except_result is 11010119900307475X, actul_result is 11010119900307475X
Fri, 14 Aug 2020 16:54:40-test_infoReg-Assert.py-[line:123]-INFO-[日志信息]: except_result = actul_result, except_result is 17621191234, actul_result is 17621191234
Fri, 14 Aug 2020 16:55:10-test_infoReg-Assert.py-[line:123]-INFO-[日志信息]: except_result = actul_result, except_result is 认证成功, actul_result is 认证成功
Fri, 14 Aug 2020 16:55:10-run_all_uicase.py-test_personalInfoReg.py-[line:103]-INFO-[日志信息]: 实名认证成功画面显示
Fri, 14 Aug 2020 16:55:10-test_infoReg-Assert.py-[line:123]-INFO-[日志信息]: except_result = actul_result, except_result is 实名认证, actul_result is 实名认证
Fri, 14 Aug 2020 16:55:10-run_all_uicase.py-test_personalInfoReg.py-[line:108]-INFO-[日志信息]: 点击查看认证信息按钮，跳转到实名认证画面
Fri, 14 Aug 2020 16:55:13-run_all_uicase.py-test_businessInfoReg.py-[line:29]-INFO-[日志信息]: 开始执行脚本test_businessInforReg:

Fri, 14 Aug 2020 16:55:23-test_businessInforReg-Assert.py-[line:123]-INFO-[日志信息]: except_result = actul_result, except_result is 企业基本资料, actul_result is 企业基本资料
Fri, 14 Aug 2020 16:55:23-run_all_uicase.py-test_businessInfoReg.py-[line:40]-INFO-[日志信息]: 企业基本资料画面正常显示
Fri, 14 Aug 2020 16:55:28-test_businessInforReg-Assert.py-[line:123]-INFO-[日志信息]: except_result = actul_result, except_result is 请确认协议内容, actul_result is 请确认协议内容
Fri, 14 Aug 2020 16:55:28-run_all_uicase.py-test_businessInfoReg.py-[line:95]-INFO-[日志信息]: 协议确认画面正常显示
Fri, 14 Aug 2020 16:55:34-test_businessInforReg-Assert.py-[line:123]-INFO-[日志信息]: except_result = actul_result, except_result is 认证中, actul_result is 认证中
Fri, 14 Aug 2020 16:55:34-run_all_uicase.py-test_businessInfoReg.py-[line:105]-INFO-[日志信息]: 企业信息认证中画面正常显示
Fri, 14 Aug 2020 16:56:07-test_businessInforReg-Assert.py-[line:123]-INFO-[日志信息]: except_result = actul_result, except_result is 审核中, actul_result is 审核中
Fri, 14 Aug 2020 16:56:07-run_all_uicase.py-test_businessInfoReg.py-[line:116]-INFO-[日志信息]: 企业信息审核中画面正常显示
Fri, 14 Aug 2020 16:56:07-test_businessInforReg-Assert.py-[line:123]-INFO-[日志信息]: except_result = actul_result, except_result is 企业基本资料, actul_result is 企业基本资料
Fri, 14 Aug 2020 16:56:07-run_all_uicase.py-test_businessInfoReg.py-[line:123]-INFO-[日志信息]: 企业基本资料画面正常显示
Fri, 14 Aug 2020 17:11:18-run_all_uicase.py-run_all_uicase.py-[line:27]-INFO-[日志信息]: ==================================2020-08-14 17:11:18===================================
Fri, 14 Aug 2020 17:11:18-run_all_uicase.py-test_login.py-[line:51]-INFO-[日志信息]: 开始执行脚本test_companyRegister:

Fri, 14 Aug 2020 17:11:28-run_all_uicase.py-test_login.py-[line:58]-INFO-[日志信息]: 对已注册的账户进行删除操作
Fri, 14 Aug 2020 17:11:32-test_companyRegister-Assert.py-[line:123]-INFO-[日志信息]: except_result = actul_result, except_result is 中小微企业金融服务聚合平台, actul_result is 中小微企业金融服务聚合平台
Fri, 14 Aug 2020 17:11:32-run_all_uicase.py-test_login.py-[line:85]-INFO-[日志信息]: 注册成功，返回到登陆页面
Fri, 14 Aug 2020 17:11:34-run_all_uicase.py-test_personalInfoReg.py-[line:32]-INFO-[日志信息]: 开始执行脚本test_infoReg:

Fri, 14 Aug 2020 17:11:34-run_all_uicase.py-test_personalInfoReg.py-[line:36]-INFO-[日志信息]: 对个人信息企业信息进行删除操作
Fri, 14 Aug 2020 17:11:44-test_infoReg-Assert.py-[line:123]-INFO-[日志信息]: except_result = actul_result, except_result is 首页, actul_result is 首页
Fri, 14 Aug 2020 17:11:44-run_all_uicase.py-test_personalInfoReg.py-[line:49]-INFO-[日志信息]: 进入登陆页面
Fri, 14 Aug 2020 17:11:48-test_infoReg-Assert.py-[line:123]-INFO-[日志信息]: except_result = actul_result, except_result is 实名认证, actul_result is 实名认证
Fri, 14 Aug 2020 17:11:48-run_all_uicase.py-test_personalInfoReg.py-[line:54]-INFO-[日志信息]: 实名认证画面成功显示
Fri, 14 Aug 2020 17:11:49-test_infoReg-Assert.py-[line:123]-INFO-[日志信息]: except_result = actul_result, except_result is 认证中, actul_result is 认证中
Fri, 14 Aug 2020 17:11:49-run_all_uicase.py-test_personalInfoReg.py-[line:89]-INFO-[日志信息]: 实名认证中画面显示
Fri, 14 Aug 2020 17:11:50-test_infoReg-Assert.py-[line:123]-INFO-[日志信息]: except_result = actul_result, except_result is 测试用户, actul_result is 测试用户
Fri, 14 Aug 2020 17:11:50-test_infoReg-Assert.py-[line:123]-INFO-[日志信息]: except_result = actul_result, except_result is 11010119900307475X, actul_result is 11010119900307475X
Fri, 14 Aug 2020 17:11:50-test_infoReg-Assert.py-[line:123]-INFO-[日志信息]: except_result = actul_result, except_result is 17621191234, actul_result is 17621191234
Fri, 14 Aug 2020 17:12:20-test_infoReg-Assert.py-[line:123]-INFO-[日志信息]: except_result = actul_result, except_result is 认证成功, actul_result is 认证成功
Fri, 14 Aug 2020 17:12:20-run_all_uicase.py-test_personalInfoReg.py-[line:103]-INFO-[日志信息]: 实名认证成功画面显示
Fri, 14 Aug 2020 17:12:20-test_infoReg-Assert.py-[line:123]-INFO-[日志信息]: except_result = actul_result, except_result is 实名认证, actul_result is 实名认证
Fri, 14 Aug 2020 17:12:20-run_all_uicase.py-test_personalInfoReg.py-[line:108]-INFO-[日志信息]: 点击查看认证信息按钮，跳转到实名认证画面
Fri, 14 Aug 2020 17:12:22-run_all_uicase.py-test_businessInfoReg.py-[line:29]-INFO-[日志信息]: 开始执行脚本test_businessInforReg:

Fri, 14 Aug 2020 17:12:33-test_businessInforReg-Assert.py-[line:123]-INFO-[日志信息]: except_result = actul_result, except_result is 企业基本资料, actul_result is 企业基本资料
Fri, 14 Aug 2020 17:12:33-run_all_uicase.py-test_businessInfoReg.py-[line:40]-INFO-[日志信息]: 企业基本资料画面正常显示
Fri, 14 Aug 2020 17:12:38-test_businessInforReg-Assert.py-[line:123]-INFO-[日志信息]: except_result = actul_result, except_result is 请确认协议内容, actul_result is 请确认协议内容
Fri, 14 Aug 2020 17:12:38-run_all_uicase.py-test_businessInfoReg.py-[line:95]-INFO-[日志信息]: 协议确认画面正常显示
Fri, 14 Aug 2020 17:16:13-run_all_uicase.py-run_all_uicase.py-[line:27]-INFO-[日志信息]: ==================================2020-08-14 17:16:13===================================
Fri, 14 Aug 2020 17:16:13-run_all_uicase.py-test_login.py-[line:51]-INFO-[日志信息]: 开始执行脚本test_companyRegister:

Fri, 14 Aug 2020 17:16:45-run_all_uicase.py-run_all_uicase.py-[line:27]-INFO-[日志信息]: ==================================2020-08-14 17:16:45===================================
Fri, 14 Aug 2020 17:16:45-run_all_uicase.py-test_login.py-[line:51]-INFO-[日志信息]: 开始执行脚本test_companyRegister:

Fri, 14 Aug 2020 17:16:55-run_all_uicase.py-test_login.py-[line:58]-INFO-[日志信息]: 对已注册的账户进行删除操作
Fri, 14 Aug 2020 17:16:58-test_companyRegister-Assert.py-[line:123]-INFO-[日志信息]: except_result = actul_result, except_result is 中小微企业金融服务聚合平台, actul_result is 中小微企业金融服务聚合平台
Fri, 14 Aug 2020 17:16:58-run_all_uicase.py-test_login.py-[line:85]-INFO-[日志信息]: 注册成功，返回到登陆页面
Fri, 14 Aug 2020 17:17:01-run_all_uicase.py-test_personalInfoReg.py-[line:32]-INFO-[日志信息]: 开始执行脚本test_infoReg:

Fri, 14 Aug 2020 17:17:01-run_all_uicase.py-test_personalInfoReg.py-[line:36]-INFO-[日志信息]: 对个人信息企业信息进行删除操作
Fri, 14 Aug 2020 17:17:11-test_infoReg-Assert.py-[line:123]-INFO-[日志信息]: except_result = actul_result, except_result is 首页, actul_result is 首页
Fri, 14 Aug 2020 17:17:11-run_all_uicase.py-test_personalInfoReg.py-[line:49]-INFO-[日志信息]: 进入登陆页面
Fri, 14 Aug 2020 17:17:12-test_infoReg-Assert.py-[line:123]-INFO-[日志信息]: except_result = actul_result, except_result is 实名认证, actul_result is 实名认证
Fri, 14 Aug 2020 17:17:12-run_all_uicase.py-test_personalInfoReg.py-[line:54]-INFO-[日志信息]: 实名认证画面成功显示
Fri, 14 Aug 2020 17:17:13-test_infoReg-Assert.py-[line:123]-INFO-[日志信息]: except_result = actul_result, except_result is 认证中, actul_result is 认证中
Fri, 14 Aug 2020 17:17:13-run_all_uicase.py-test_personalInfoReg.py-[line:89]-INFO-[日志信息]: 实名认证中画面显示
Fri, 14 Aug 2020 17:17:13-test_infoReg-Assert.py-[line:123]-INFO-[日志信息]: except_result = actul_result, except_result is 测试用户, actul_result is 测试用户
Fri, 14 Aug 2020 17:17:13-test_infoReg-Assert.py-[line:123]-INFO-[日志信息]: except_result = actul_result, except_result is 11010119900307475X, actul_result is 11010119900307475X
Fri, 14 Aug 2020 17:17:13-test_infoReg-Assert.py-[line:123]-INFO-[日志信息]: except_result = actul_result, except_result is 17621191253, actul_result is 17621191253
Fri, 14 Aug 2020 17:17:43-test_infoReg-Assert.py-[line:123]-INFO-[日志信息]: except_result = actul_result, except_result is 认证成功, actul_result is 认证成功
Fri, 14 Aug 2020 17:17:43-run_all_uicase.py-test_personalInfoReg.py-[line:103]-INFO-[日志信息]: 实名认证成功画面显示
Fri, 14 Aug 2020 17:17:43-test_infoReg-Assert.py-[line:123]-INFO-[日志信息]: except_result = actul_result, except_result is 实名认证, actul_result is 实名认证
Fri, 14 Aug 2020 17:17:43-run_all_uicase.py-test_personalInfoReg.py-[line:108]-INFO-[日志信息]: 点击查看认证信息按钮，跳转到实名认证画面
Fri, 14 Aug 2020 17:17:45-run_all_uicase.py-test_businessInfoReg.py-[line:29]-INFO-[日志信息]: 开始执行脚本test_businessInforReg:

Fri, 14 Aug 2020 17:17:56-test_businessInforReg-Assert.py-[line:123]-INFO-[日志信息]: except_result = actul_result, except_result is 企业基本资料, actul_result is 企业基本资料
Fri, 14 Aug 2020 17:17:56-run_all_uicase.py-test_businessInfoReg.py-[line:40]-INFO-[日志信息]: 企业基本资料画面正常显示
Fri, 14 Aug 2020 17:18:01-test_businessInforReg-Assert.py-[line:123]-INFO-[日志信息]: except_result = actul_result, except_result is 请确认协议内容, actul_result is 请确认协议内容
Fri, 14 Aug 2020 17:18:01-run_all_uicase.py-test_businessInfoReg.py-[line:95]-INFO-[日志信息]: 协议确认画面正常显示
Fri, 14 Aug 2020 17:18:04-test_businessInforReg-Assert.py-[line:123]-INFO-[日志信息]: except_result = actul_result, except_result is 认证中, actul_result is 认证中
Fri, 14 Aug 2020 17:18:04-run_all_uicase.py-test_businessInfoReg.py-[line:105]-INFO-[日志信息]: 企业信息认证中画面正常显示
Fri, 14 Aug 2020 17:18:36-test_businessInforReg-Assert.py-[line:123]-INFO-[日志信息]: except_result = actul_result, except_result is 审核中, actul_result is 审核中
Fri, 14 Aug 2020 17:18:36-run_all_uicase.py-test_businessInfoReg.py-[line:116]-INFO-[日志信息]: 企业信息审核中画面正常显示
Fri, 14 Aug 2020 17:18:36-test_businessInforReg-Assert.py-[line:123]-INFO-[日志信息]: except_result = actul_result, except_result is 企业基本资料, actul_result is 企业基本资料
Fri, 14 Aug 2020 17:18:36-run_all_uicase.py-test_businessInfoReg.py-[line:123]-INFO-[日志信息]: 企业基本资料画面正常显示
Fri, 14 Aug 2020 17:18:38-run_all_uicase.py-test_backStage_examine.py-[line:24]-INFO-[日志信息]: 开始执行脚本test_backstage_examine:

Fri, 14 Aug 2020 17:18:48-run_all_uicase.py-test_login.py-[line:26]-INFO-[日志信息]: 开始执行脚本test_companyLoginOn:

Fri, 14 Aug 2020 17:18:58-test_companyLoginOn-Assert.py-[line:123]-INFO-[日志信息]: except_result = actul_result, except_result is 首页, actul_result is 首页
Fri, 14 Aug 2020 17:18:58-run_all_uicase.py-test_login.py-[line:40]-INFO-[日志信息]: 中小微企业金融服务聚合平台登录成功！
Fri, 14 Aug 2020 17:19:01-run_all_uicase.py-test_login.py-[line:96]-INFO-[日志信息]: 开始执行脚本test_companyPassForget:

