Tue, 05 Jan 2021 18:02:57-run_all_case.py-run_all_case.py-[line:57]-INFO-[日志信息]: ==================================2021-01-05 18:02:57===================================
Tue, 05 Jan 2021 18:03:05-run_all_case.py-test_backStage_authentication.py-[line:176]-INFO-[日志信息]: 开始执行脚本test_backStageActCreate:

Tue, 05 Jan 2021 18:03:29-run_all_case.py-run_all_case.py-[line:57]-INFO-[日志信息]: ==================================2021-01-05 18:03:29===================================
Tue, 05 Jan 2021 18:03:30-run_all_case.py-test_login.py-[line:54]-INFO-[日志信息]: 开始执行脚本test_companyRegister:

Tue, 05 Jan 2021 18:03:41-run_all_case.py-test_login.py-[line:70]-INFO-[日志信息]: 对已注册的账户进行删除操作
Tue, 05 Jan 2021 18:03:45-run_all_case.py-test_personalInfoReg.py-[line:34]-INFO-[日志信息]: 开始执行脚本test_infoReg:

Tue, 05 Jan 2021 18:03:45-run_all_case.py-test_personalInfoReg.py-[line:38]-INFO-[日志信息]: 对个人信息企业信息进行删除操作
Tue, 05 Jan 2021 18:03:56-test_infoReg-Assert.py-[line:124]-INFO-[日志信息]: except_result = actul_result, except_result is 首页, actul_result is 首页
Tue, 05 Jan 2021 18:03:56-run_all_case.py-test_personalInfoReg.py-[line:60]-INFO-[日志信息]: 进入登陆页面
Tue, 05 Jan 2021 18:04:22-run_all_case.py-run_all_case.py-[line:57]-INFO-[日志信息]: ==================================2021-01-05 18:04:22===================================
Tue, 05 Jan 2021 18:04:23-run_all_case.py-test_login.py-[line:54]-INFO-[日志信息]: 开始执行脚本test_companyRegister:

Tue, 05 Jan 2021 18:04:34-run_all_case.py-test_login.py-[line:70]-INFO-[日志信息]: 对已注册的账户进行删除操作
Tue, 05 Jan 2021 18:04:37-run_all_case.py-test_personalInfoReg.py-[line:34]-INFO-[日志信息]: 开始执行脚本test_infoReg:

Tue, 05 Jan 2021 18:04:38-run_all_case.py-test_personalInfoReg.py-[line:38]-INFO-[日志信息]: 对个人信息企业信息进行删除操作
Tue, 05 Jan 2021 18:04:49-test_infoReg-Assert.py-[line:124]-INFO-[日志信息]: except_result = actul_result, except_result is 首页, actul_result is 首页
Tue, 05 Jan 2021 18:04:49-run_all_case.py-test_personalInfoReg.py-[line:60]-INFO-[日志信息]: 进入登陆页面
Tue, 05 Jan 2021 18:05:07-run_all_case.py-test_businessInfoReg.py-[line:37]-INFO-[日志信息]: 开始执行脚本test_businessInforReg:

Tue, 05 Jan 2021 18:05:19-run_all_case.py-run_all_case.py-[line:57]-INFO-[日志信息]: ==================================2021-01-05 18:05:19===================================
Tue, 05 Jan 2021 18:05:20-run_all_case.py-test_login.py-[line:54]-INFO-[日志信息]: 开始执行脚本test_companyRegister:

Tue, 05 Jan 2021 18:05:31-run_all_case.py-test_login.py-[line:70]-INFO-[日志信息]: 对已注册的账户进行删除操作
Tue, 05 Jan 2021 18:05:34-run_all_case.py-test_personalInfoReg.py-[line:34]-INFO-[日志信息]: 开始执行脚本test_infoReg:

Tue, 05 Jan 2021 18:05:34-run_all_case.py-test_personalInfoReg.py-[line:38]-INFO-[日志信息]: 对个人信息企业信息进行删除操作
Tue, 05 Jan 2021 18:05:46-test_infoReg-Assert.py-[line:124]-INFO-[日志信息]: except_result = actul_result, except_result is 首页, actul_result is 首页
Tue, 05 Jan 2021 18:05:46-run_all_case.py-test_personalInfoReg.py-[line:60]-INFO-[日志信息]: 进入登陆页面
Tue, 05 Jan 2021 18:06:16-run_all_case.py-test_businessInfoReg.py-[line:37]-INFO-[日志信息]: 开始执行脚本test_businessInforReg:

Tue, 05 Jan 2021 18:07:01-run_all_case.py-test_backStage_examine.py-[line:25]-INFO-[日志信息]: 开始执行脚本test_backstage_examine:

